Enter choice:
1. train DCNN new layers
2. train DCNN complete
3. train SDL layers
4. train SDL + DCNN
5. predict
2
using device cuda
epoch 0
/content/soft_computing_project/models.py:42: UserWarning: Implicit dimension choice for softmax has been deprecated. Change the call to include dim=X as an argument.
  x = F.softmax(self.fc(x))
[1,     1] loss: 0.460
[1,     2] loss: 0.458
[1,     3] loss: 0.472
[1,     4] loss: 0.431
[1,     5] loss: 0.480
[1,     6] loss: 0.476
[1,     7] loss: 0.494
[1,     8] loss: 0.502
[1,     9] loss: 0.504
[1,    10] loss: 0.469
[1,    11] loss: 0.491
[1,    12] loss: 0.472
[1,    13] loss: 0.476
[1,    14] loss: 0.504
[1,    15] loss: 0.510
[1,    16] loss: 0.480
[1,    17] loss: 0.495
[1,    18] loss: 0.494
[1,    19] loss: 0.452
[1,    20] loss: 0.469
[1,    21] loss: 0.462
[1,    22] loss: 0.470
[1,    23] loss: 0.450
[1,    24] loss: 0.516
[1,    25] loss: 0.521
[1,    26] loss: 0.424
[1,    27] loss: 0.436
Accuracy of the network: 87 %
epoch 1
[2,     1] loss: 0.460
[2,     2] loss: 0.435
[2,     3] loss: 0.477
[2,     4] loss: 0.381
[2,     5] loss: 0.451
[2,     6] loss: 0.430
[2,     7] loss: 0.427
[2,     8] loss: 0.406
[2,     9] loss: 0.468
[2,    10] loss: 0.404
[2,    11] loss: 0.401
[2,    12] loss: 0.428
[2,    13] loss: 0.448
[2,    14] loss: 0.446
[2,    15] loss: 0.445
[2,    16] loss: 0.437
[2,    17] loss: 0.417
[2,    18] loss: 0.415
[2,    19] loss: 0.464
[2,    20] loss: 0.442
[2,    21] loss: 0.456
[2,    22] loss: 0.412
[2,    23] loss: 0.434
[2,    24] loss: 0.419
[2,    25] loss: 0.442
[2,    26] loss: 0.470
[2,    27] loss: 0.359
Accuracy of the network: 89 %
epoch 2
[3,     1] loss: 0.410
[3,     2] loss: 0.402
[3,     3] loss: 0.450
[3,     4] loss: 0.378
[3,     5] loss: 0.401
[3,     6] loss: 0.376
[3,     7] loss: 0.377
[3,     8] loss: 0.404
[3,     9] loss: 0.403
[3,    10] loss: 0.403
[3,    11] loss: 0.442
[3,    12] loss: 0.378
[3,    13] loss: 0.364
[3,    14] loss: 0.445
[3,    15] loss: 0.431
[3,    16] loss: 0.384
[3,    17] loss: 0.402
[3,    18] loss: 0.391
[3,    19] loss: 0.426
[3,    20] loss: 0.379
[3,    21] loss: 0.449
[3,    22] loss: 0.464
[3,    23] loss: 0.445
[3,    24] loss: 0.408
[3,    25] loss: 0.431
[3,    26] loss: 0.414
[3,    27] loss: 0.469
Accuracy of the network: 88 %
epoch 3
[4,     1] loss: 0.398
[4,     2] loss: 0.450
[4,     3] loss: 0.370
[4,     4] loss: 0.393
[4,     5] loss: 0.444
[4,     6] loss: 0.400
[4,     7] loss: 0.392
[4,     8] loss: 0.403
[4,     9] loss: 0.427
[4,    10] loss: 0.371
[4,    11] loss: 0.355
[4,    12] loss: 0.388
[4,    13] loss: 0.350
[4,    14] loss: 0.393
[4,    15] loss: 0.388
[4,    16] loss: 0.406
[4,    17] loss: 0.376
[4,    18] loss: 0.389
[4,    19] loss: 0.393
[4,    20] loss: 0.402
[4,    21] loss: 0.404
[4,    22] loss: 0.384
[4,    23] loss: 0.372
[4,    24] loss: 0.348
[4,    25] loss: 0.375
[4,    26] loss: 0.376
[4,    27] loss: 0.380
Accuracy of the network: 88 %
epoch 4
[5,     1] loss: 0.360
[5,     2] loss: 0.397
[5,     3] loss: 0.349
[5,     4] loss: 0.437
[5,     5] loss: 0.349
[5,     6] loss: 0.367
[5,     7] loss: 0.405
[5,     8] loss: 0.377
[5,     9] loss: 0.442
[5,    10] loss: 0.388
[5,    11] loss: 0.399
[5,    12] loss: 0.376
[5,    13] loss: 0.384
[5,    14] loss: 0.365
[5,    15] loss: 0.429
[5,    16] loss: 0.353
[5,    17] loss: 0.389
[5,    18] loss: 0.374
[5,    19] loss: 0.362
[5,    20] loss: 0.375
[5,    21] loss: 0.384
[5,    22] loss: 0.370
[5,    23] loss: 0.401
[5,    24] loss: 0.379
[5,    25] loss: 0.390
[5,    26] loss: 0.386
[5,    27] loss: 0.371
Accuracy of the network: 89 %
epoch 5
[6,     1] loss: 0.408
[6,     2] loss: 0.367
[6,     3] loss: 0.354
[6,     4] loss: 0.363
[6,     5] loss: 0.365
[6,     6] loss: 0.374
[6,     7] loss: 0.353
[6,     8] loss: 0.345
[6,     9] loss: 0.368
[6,    10] loss: 0.391
[6,    11] loss: 0.355
[6,    12] loss: 0.383
[6,    13] loss: 0.378
[6,    14] loss: 0.375
[6,    15] loss: 0.359
[6,    16] loss: 0.397
[6,    17] loss: 0.401
[6,    18] loss: 0.352
[6,    19] loss: 0.348
[6,    20] loss: 0.386
[6,    21] loss: 0.348
[6,    22] loss: 0.417
[6,    23] loss: 0.399
[6,    24] loss: 0.353
[6,    25] loss: 0.395
[6,    26] loss: 0.380
[6,    27] loss: 0.362
Accuracy of the network: 90 %
epoch 6
[7,     1] loss: 0.382
[7,     2] loss: 0.344
[7,     3] loss: 0.379
[7,     4] loss: 0.369
[7,     5] loss: 0.346
[7,     6] loss: 0.394
[7,     7] loss: 0.363
[7,     8] loss: 0.346
[7,     9] loss: 0.370
[7,    10] loss: 0.348
[7,    11] loss: 0.399
[7,    12] loss: 0.351
[7,    13] loss: 0.323
[7,    14] loss: 0.340
[7,    15] loss: 0.338
[7,    16] loss: 0.334
[7,    17] loss: 0.377
[7,    18] loss: 0.354
[7,    19] loss: 0.333
[7,    20] loss: 0.332
[7,    21] loss: 0.420
[7,    22] loss: 0.345
[7,    23] loss: 0.369
[7,    24] loss: 0.349
[7,    25] loss: 0.334
[7,    26] loss: 0.352
[7,    27] loss: 0.418
Accuracy of the network: 89 %
epoch 7
[8,     1] loss: 0.373
[8,     2] loss: 0.345
[8,     3] loss: 0.327
[8,     4] loss: 0.348
[8,     5] loss: 0.334
[8,     6] loss: 0.397
[8,     7] loss: 0.383
[8,     8] loss: 0.355
[8,     9] loss: 0.385
[8,    10] loss: 0.352
[8,    11] loss: 0.368
[8,    12] loss: 0.346
[8,    13] loss: 0.330
[8,    14] loss: 0.338
[8,    15] loss: 0.336
[8,    16] loss: 0.347
[8,    17] loss: 0.351
[8,    18] loss: 0.339
[8,    19] loss: 0.355
[8,    20] loss: 0.368
[8,    21] loss: 0.353
[8,    22] loss: 0.358
[8,    23] loss: 0.381
[8,    24] loss: 0.353
[8,    25] loss: 0.337
[8,    26] loss: 0.341
[8,    27] loss: 0.326
Accuracy of the network: 88 %
epoch 8
[9,     1] loss: 0.329
[9,     2] loss: 0.338
[9,     3] loss: 0.355
[9,     4] loss: 0.337
[9,     5] loss: 0.356
[9,     6] loss: 0.349
[9,     7] loss: 0.368
[9,     8] loss: 0.347
[9,     9] loss: 0.395
[9,    10] loss: 0.342
[9,    11] loss: 0.334
[9,    12] loss: 0.379
[9,    13] loss: 0.352
[9,    14] loss: 0.352
[9,    15] loss: 0.342
[9,    16] loss: 0.356
[9,    17] loss: 0.362
[9,    18] loss: 0.331
[9,    19] loss: 0.341
[9,    20] loss: 0.327
[9,    21] loss: 0.326
[9,    22] loss: 0.342
[9,    23] loss: 0.368
[9,    24] loss: 0.340
[9,    25] loss: 0.338
[9,    26] loss: 0.320
[9,    27] loss: 0.342
Accuracy of the network: 89 %
epoch 9
[10,     1] loss: 0.360
[10,     2] loss: 0.353
[10,     3] loss: 0.338
[10,     4] loss: 0.327
[10,     5] loss: 0.341
[10,     6] loss: 0.341
[10,     7] loss: 0.327
[10,     8] loss: 0.367
[10,     9] loss: 0.324
[10,    10] loss: 0.355
[10,    11] loss: 0.330
[10,    12] loss: 0.351
[10,    13] loss: 0.340
[10,    14] loss: 0.364
[10,    15] loss: 0.360
[10,    16] loss: 0.336
[10,    17] loss: 0.323
[10,    18] loss: 0.357
[10,    19] loss: 0.332
[10,    20] loss: 0.359
[10,    21] loss: 0.355
[10,    22] loss: 0.350
[10,    23] loss: 0.344
[10,    24] loss: 0.355
[10,    25] loss: 0.327
[10,    26] loss: 0.329
[10,    27] loss: 0.341
Accuracy of the network: 91 %
epoch 10
[11,     1] loss: 0.350
[11,     2] loss: 0.320
[11,     3] loss: 0.342
[11,     4] loss: 0.352
[11,     5] loss: 0.341
[11,     6] loss: 0.366
[11,     7] loss: 0.382
[11,     8] loss: 0.324
[11,     9] loss: 0.320
[11,    10] loss: 0.351
[11,    11] loss: 0.344
[11,    12] loss: 0.323
[11,    13] loss: 0.338
[11,    14] loss: 0.345
[11,    15] loss: 0.350
[11,    16] loss: 0.336
[11,    17] loss: 0.327
[11,    18] loss: 0.353
[11,    19] loss: 0.325
[11,    20] loss: 0.341
[11,    21] loss: 0.335
[11,    22] loss: 0.328
[11,    23] loss: 0.321
[11,    24] loss: 0.335
[11,    25] loss: 0.345
[11,    26] loss: 0.333
[11,    27] loss: 0.341
Accuracy of the network: 88 %
epoch 11
[12,     1] loss: 0.338
[12,     2] loss: 0.320
[12,     3] loss: 0.351
[12,     4] loss: 0.368
[12,     5] loss: 0.335
[12,     6] loss: 0.338
[12,     7] loss: 0.319
[12,     8] loss: 0.332
[12,     9] loss: 0.327
[12,    10] loss: 0.320
[12,    11] loss: 0.319
[12,    12] loss: 0.334
[12,    13] loss: 0.322
[12,    14] loss: 0.321
[12,    15] loss: 0.341
[12,    16] loss: 0.317
[12,    17] loss: 0.366
[12,    18] loss: 0.318
[12,    19] loss: 0.359
[12,    20] loss: 0.338
[12,    21] loss: 0.358
[12,    22] loss: 0.335
[12,    23] loss: 0.320
[12,    24] loss: 0.346
[12,    25] loss: 0.349
[12,    26] loss: 0.333
[12,    27] loss: 0.376
Accuracy of the network: 89 %
epoch 12
[13,     1] loss: 0.324
[13,     2] loss: 0.320
[13,     3] loss: 0.347
[13,     4] loss: 0.338
[13,     5] loss: 0.335
[13,     6] loss: 0.334
[13,     7] loss: 0.333
[13,     8] loss: 0.335
[13,     9] loss: 0.366
[13,    10] loss: 0.342
[13,    11] loss: 0.333
[13,    12] loss: 0.336
[13,    13] loss: 0.338
[13,    14] loss: 0.318
[13,    15] loss: 0.320
[13,    16] loss: 0.348
[13,    17] loss: 0.339
[13,    18] loss: 0.334
[13,    19] loss: 0.318
[13,    20] loss: 0.352
[13,    21] loss: 0.344
[13,    22] loss: 0.349
[13,    23] loss: 0.334
[13,    24] loss: 0.327
[13,    25] loss: 0.320
[13,    26] loss: 0.318
[13,    27] loss: 0.318
Accuracy of the network: 90 %
epoch 13
[14,     1] loss: 0.322
[14,     2] loss: 0.318
[14,     3] loss: 0.339
[14,     4] loss: 0.334
[14,     5] loss: 0.333
[14,     6] loss: 0.319
[14,     7] loss: 0.335
[14,     8] loss: 0.350
[14,     9] loss: 0.320
[14,    10] loss: 0.327
[14,    11] loss: 0.366
[14,    12] loss: 0.331
[14,    13] loss: 0.345
[14,    14] loss: 0.334
[14,    15] loss: 0.345
[14,    16] loss: 0.333
[14,    17] loss: 0.322
[14,    18] loss: 0.333
[14,    19] loss: 0.342
[14,    20] loss: 0.318
[14,    21] loss: 0.368
[14,    22] loss: 0.337
[14,    23] loss: 0.320
[14,    24] loss: 0.322
[14,    25] loss: 0.336
[14,    26] loss: 0.334
[14,    27] loss: 0.322
Accuracy of the network: 90 %
epoch 14
[15,     1] loss: 0.335
[15,     2] loss: 0.337
[15,     3] loss: 0.322
[15,     4] loss: 0.330
[15,     5] loss: 0.352
[15,     6] loss: 0.334
[15,     7] loss: 0.334
[15,     8] loss: 0.338
[15,     9] loss: 0.332
[15,    10] loss: 0.317
[15,    11] loss: 0.324
[15,    12] loss: 0.338
[15,    13] loss: 0.316
[15,    14] loss: 0.336
[15,    15] loss: 0.350
[15,    16] loss: 0.317
[15,    17] loss: 0.367
[15,    18] loss: 0.327
[15,    19] loss: 0.333
[15,    20] loss: 0.321
[15,    21] loss: 0.323
[15,    22] loss: 0.353
[15,    23] loss: 0.355
[15,    24] loss: 0.333
[15,    25] loss: 0.318
[15,    26] loss: 0.317
[15,    27] loss: 0.319
Accuracy of the network: 91 %
epoch 15
[16,     1] loss: 0.334
[16,     2] loss: 0.318
[16,     3] loss: 0.317
[16,     4] loss: 0.332
[16,     5] loss: 0.317
[16,     6] loss: 0.340
[16,     7] loss: 0.329
[16,     8] loss: 0.317
[16,     9] loss: 0.318
[16,    10] loss: 0.316
[16,    11] loss: 0.336
[16,    12] loss: 0.331
[16,    13] loss: 0.339
[16,    14] loss: 0.364
[16,    15] loss: 0.318
[16,    16] loss: 0.319
[16,    17] loss: 0.346
[16,    18] loss: 0.316
[16,    19] loss: 0.333
[16,    20] loss: 0.333
[16,    21] loss: 0.367
[16,    22] loss: 0.339
[16,    23] loss: 0.319
[16,    24] loss: 0.335
[16,    25] loss: 0.331
[16,    26] loss: 0.325
[16,    27] loss: 0.346
Accuracy of the network: 90 %
epoch 16
[17,     1] loss: 0.333
[17,     2] loss: 0.332
[17,     3] loss: 0.331
[17,     4] loss: 0.335
[17,     5] loss: 0.363
[17,     6] loss: 0.341
[17,     7] loss: 0.332
[17,     8] loss: 0.320
[17,     9] loss: 0.333
[17,    10] loss: 0.323
[17,    11] loss: 0.325
[17,    12] loss: 0.365
[17,    13] loss: 0.320
[17,    14] loss: 0.315
[17,    15] loss: 0.317
[17,    16] loss: 0.316
[17,    17] loss: 0.316
[17,    18] loss: 0.332
[17,    19] loss: 0.316
[17,    20] loss: 0.316
[17,    21] loss: 0.331
[17,    22] loss: 0.352
[17,    23] loss: 0.329
[17,    24] loss: 0.396
[17,    25] loss: 0.333
[17,    26] loss: 0.316
[17,    27] loss: 0.318
Accuracy of the network: 89 %
epoch 17
[18,     1] loss: 0.318
[18,     2] loss: 0.317
[18,     3] loss: 0.315
[18,     4] loss: 0.344
[18,     5] loss: 0.340
[18,     6] loss: 0.317
[18,     7] loss: 0.333
[18,     8] loss: 0.332
[18,     9] loss: 0.332
[18,    10] loss: 0.331
[18,    11] loss: 0.318
[18,    12] loss: 0.331
[18,    13] loss: 0.348
[18,    14] loss: 0.332
[18,    15] loss: 0.342
[18,    16] loss: 0.315
[18,    17] loss: 0.316
[18,    18] loss: 0.350
[18,    19] loss: 0.329
[18,    20] loss: 0.316
[18,    21] loss: 0.332
[18,    22] loss: 0.319
[18,    23] loss: 0.331
[18,    24] loss: 0.315
[18,    25] loss: 0.317
[18,    26] loss: 0.316
[18,    27] loss: 0.390
Accuracy of the network: 91 %
epoch 18
[19,     1] loss: 0.323
[19,     2] loss: 0.331
[19,     3] loss: 0.316
[19,     4] loss: 0.317
[19,     5] loss: 0.331
[19,     6] loss: 0.316
[19,     7] loss: 0.335
[19,     8] loss: 0.315
[19,     9] loss: 0.318
[19,    10] loss: 0.318
[19,    11] loss: 0.316
[19,    12] loss: 0.332
[19,    13] loss: 0.335
[19,    14] loss: 0.321
[19,    15] loss: 0.363
[19,    16] loss: 0.316
[19,    17] loss: 0.335
[19,    18] loss: 0.316
[19,    19] loss: 0.347
[19,    20] loss: 0.332
[19,    21] loss: 0.317
[19,    22] loss: 0.376
[19,    23] loss: 0.334
[19,    24] loss: 0.319
[19,    25] loss: 0.316
[19,    26] loss: 0.328
[19,    27] loss: 0.344
Accuracy of the network: 91 %
epoch 19
[20,     1] loss: 0.316
[20,     2] loss: 0.332
[20,     3] loss: 0.347
[20,     4] loss: 0.350
[20,     5] loss: 0.315
[20,     6] loss: 0.336
[20,     7] loss: 0.316
[20,     8] loss: 0.332
[20,     9] loss: 0.316
[20,    10] loss: 0.317
[20,    11] loss: 0.315
[20,    12] loss: 0.323
[20,    13] loss: 0.316
[20,    14] loss: 0.331
[20,    15] loss: 0.316
[20,    16] loss: 0.316
[20,    17] loss: 0.316
[20,    18] loss: 0.317
[20,    19] loss: 0.346
[20,    20] loss: 0.316
[20,    21] loss: 0.336
[20,    22] loss: 0.331
[20,    23] loss: 0.317
[20,    24] loss: 0.346
[20,    25] loss: 0.331
[20,    26] loss: 0.331
[20,    27] loss: 0.343
Accuracy of the network: 90 %
epoch 20
[21,     1] loss: 0.316
[21,     2] loss: 0.331
[21,     3] loss: 0.315
[21,     4] loss: 0.348
[21,     5] loss: 0.348
[21,     6] loss: 0.315
[21,     7] loss: 0.332
[21,     8] loss: 0.315
[21,     9] loss: 0.332
[21,    10] loss: 0.333
[21,    11] loss: 0.316
[21,    12] loss: 0.331
[21,    13] loss: 0.329
[21,    14] loss: 0.363
[21,    15] loss: 0.364
[21,    16] loss: 0.315
[21,    17] loss: 0.315
[21,    18] loss: 0.316
[21,    19] loss: 0.315
[21,    20] loss: 0.317
[21,    21] loss: 0.318
[21,    22] loss: 0.315
[21,    23] loss: 0.330
[21,    24] loss: 0.317
[21,    25] loss: 0.318
[21,    26] loss: 0.317
[21,    27] loss: 0.320
Accuracy of the network: 90 %
epoch 21
[22,     1] loss: 0.316
[22,     2] loss: 0.320
[22,     3] loss: 0.347
[22,     4] loss: 0.315
[22,     5] loss: 0.315
[22,     6] loss: 0.331
[22,     7] loss: 0.345
[22,     8] loss: 0.331
[22,     9] loss: 0.332
[22,    10] loss: 0.316
[22,    11] loss: 0.331
[22,    12] loss: 0.315
[22,    13] loss: 0.315
[22,    14] loss: 0.331
[22,    15] loss: 0.316
[22,    16] loss: 0.331
[22,    17] loss: 0.318
[22,    18] loss: 0.330
[22,    19] loss: 0.320
[22,    20] loss: 0.316
[22,    21] loss: 0.328
[22,    22] loss: 0.331
[22,    23] loss: 0.316
[22,    24] loss: 0.351
[22,    25] loss: 0.346
[22,    26] loss: 0.319
[22,    27] loss: 0.315
Accuracy of the network: 91 %
epoch 22
[23,     1] loss: 0.336
[23,     2] loss: 0.331
[23,     3] loss: 0.321
[23,     4] loss: 0.315
[23,     5] loss: 0.331
[23,     6] loss: 0.346
[23,     7] loss: 0.315
[23,     8] loss: 0.331
[23,     9] loss: 0.346
[23,    10] loss: 0.318
[23,    11] loss: 0.319
[23,    12] loss: 0.332
[23,    13] loss: 0.331
[23,    14] loss: 0.315
[23,    15] loss: 0.345
[23,    16] loss: 0.315
[23,    17] loss: 0.319
[23,    18] loss: 0.346
[23,    19] loss: 0.320
[23,    20] loss: 0.315
[23,    21] loss: 0.330
[23,    22] loss: 0.317
[23,    23] loss: 0.330
[23,    24] loss: 0.317
[23,    25] loss: 0.315
[23,    26] loss: 0.315
[23,    27] loss: 0.323
Accuracy of the network: 89 %
epoch 23
[24,     1] loss: 0.347
[24,     2] loss: 0.330
[24,     3] loss: 0.316
[24,     4] loss: 0.331
[24,     5] loss: 0.333
[24,     6] loss: 0.316
[24,     7] loss: 0.315
[24,     8] loss: 0.315
[24,     9] loss: 0.330
[24,    10] loss: 0.315
[24,    11] loss: 0.346
[24,    12] loss: 0.316
[24,    13] loss: 0.316
[24,    14] loss: 0.331
[24,    15] loss: 0.314
[24,    16] loss: 0.334
[24,    17] loss: 0.331
[24,    18] loss: 0.315
[24,    19] loss: 0.315
[24,    20] loss: 0.330
[24,    21] loss: 0.346
[24,    22] loss: 0.330
[24,    23] loss: 0.316
[24,    24] loss: 0.331
[24,    25] loss: 0.315
[24,    26] loss: 0.315
[24,    27] loss: 0.315
Accuracy of the network: 89 %
epoch 24
[25,     1] loss: 0.330
[25,     2] loss: 0.316
[25,     3] loss: 0.362
[25,     4] loss: 0.335
[25,     5] loss: 0.331
[25,     6] loss: 0.330
[25,     7] loss: 0.315
[25,     8] loss: 0.315
[25,     9] loss: 0.316
[25,    10] loss: 0.332
[25,    11] loss: 0.315
[25,    12] loss: 0.315
[25,    13] loss: 0.314
[25,    14] loss: 0.317
[25,    15] loss: 0.331
[25,    16] loss: 0.315
[25,    17] loss: 0.315
[25,    18] loss: 0.316
[25,    19] loss: 0.348
[25,    20] loss: 0.315
[25,    21] loss: 0.315
[25,    22] loss: 0.314
[25,    23] loss: 0.318
[25,    24] loss: 0.331
[25,    25] loss: 0.329
[25,    26] loss: 0.360
[25,    27] loss: 0.319
Accuracy of the network: 90 %
epoch 25
[26,     1] loss: 0.315
[26,     2] loss: 0.332
[26,     3] loss: 0.315
[26,     4] loss: 0.330
[26,     5] loss: 0.341
[26,     6] loss: 0.331
[26,     7] loss: 0.331
[26,     8] loss: 0.332
[26,     9] loss: 0.330
[26,    10] loss: 0.329
[26,    11] loss: 0.347
[26,    12] loss: 0.315
[26,    13] loss: 0.346
[26,    14] loss: 0.317
[26,    15] loss: 0.332
[26,    16] loss: 0.315
[26,    17] loss: 0.319
[26,    18] loss: 0.316
[26,    19] loss: 0.319
[26,    20] loss: 0.315
[26,    21] loss: 0.318
[26,    22] loss: 0.347
[26,    23] loss: 0.315
[26,    24] loss: 0.315
[26,    25] loss: 0.317
[26,    26] loss: 0.347
[26,    27] loss: 0.315
Accuracy of the network: 90 %
epoch 26
[27,     1] loss: 0.315
[27,     2] loss: 0.315
[27,     3] loss: 0.330
[27,     4] loss: 0.315
[27,     5] loss: 0.330
[27,     6] loss: 0.346
[27,     7] loss: 0.315
[27,     8] loss: 0.330
[27,     9] loss: 0.314
[27,    10] loss: 0.315
[27,    11] loss: 0.314
[27,    12] loss: 0.315
[27,    13] loss: 0.315
[27,    14] loss: 0.330
[27,    15] loss: 0.345
[27,    16] loss: 0.317
[27,    17] loss: 0.330
[27,    18] loss: 0.330
[27,    19] loss: 0.315
[27,    20] loss: 0.346
[27,    21] loss: 0.330
[27,    22] loss: 0.332
[27,    23] loss: 0.314
[27,    24] loss: 0.315
[27,    25] loss: 0.315
[27,    26] loss: 0.331
[27,    27] loss: 0.317
Accuracy of the network: 90 %
epoch 27
[28,     1] loss: 0.315
[28,     2] loss: 0.314
[28,     3] loss: 0.314
[28,     4] loss: 0.330
[28,     5] loss: 0.344
[28,     6] loss: 0.315
[28,     7] loss: 0.314
[28,     8] loss: 0.315
[28,     9] loss: 0.331
[28,    10] loss: 0.346
[28,    11] loss: 0.315
[28,    12] loss: 0.346
[28,    13] loss: 0.330
[28,    14] loss: 0.315
[28,    15] loss: 0.334
[28,    16] loss: 0.314
[28,    17] loss: 0.330
[28,    18] loss: 0.315
[28,    19] loss: 0.315
[28,    20] loss: 0.330
[28,    21] loss: 0.315
[28,    22] loss: 0.330
[28,    23] loss: 0.334
[28,    24] loss: 0.315
[28,    25] loss: 0.314
[28,    26] loss: 0.314
[28,    27] loss: 0.343
Accuracy of the network: 91 %
epoch 28
[29,     1] loss: 0.330
[29,     2] loss: 0.315
[29,     3] loss: 0.314
[29,     4] loss: 0.346
[29,     5] loss: 0.315
[29,     6] loss: 0.359
[29,     7] loss: 0.330
[29,     8] loss: 0.315
[29,     9] loss: 0.342
[29,    10] loss: 0.315
[29,    11] loss: 0.314
[29,    12] loss: 0.330
[29,    13] loss: 0.315
[29,    14] loss: 0.330
[29,    15] loss: 0.314
[29,    16] loss: 0.314
[29,    17] loss: 0.316
[29,    18] loss: 0.332
[29,    19] loss: 0.315
[29,    20] loss: 0.346
[29,    21] loss: 0.314
[29,    22] loss: 0.315
[29,    23] loss: 0.330
[29,    24] loss: 0.314
[29,    25] loss: 0.316
[29,    26] loss: 0.315
[29,    27] loss: 0.315
Accuracy of the network: 90 %
epoch 29
[30,     1] loss: 0.316
[30,     2] loss: 0.346
[30,     3] loss: 0.314
[30,     4] loss: 0.316
[30,     5] loss: 0.314
[30,     6] loss: 0.315
[30,     7] loss: 0.314
[30,     8] loss: 0.314
[30,     9] loss: 0.335
[30,    10] loss: 0.315
[30,    11] loss: 0.318
[30,    12] loss: 0.347
[30,    13] loss: 0.315
[30,    14] loss: 0.330
[30,    15] loss: 0.345
[30,    16] loss: 0.315
[30,    17] loss: 0.330
[30,    18] loss: 0.315
[30,    19] loss: 0.315
[30,    20] loss: 0.334
[30,    21] loss: 0.316
[30,    22] loss: 0.330
[30,    23] loss: 0.314
[30,    24] loss: 0.316
[30,    25] loss: 0.332
[30,    26] loss: 0.330
[30,    27] loss: 0.314
Accuracy of the network: 90 %
epoch 30
[31,     1] loss: 0.314
[31,     2] loss: 0.318
[31,     3] loss: 0.347
[31,     4] loss: 0.314
[31,     5] loss: 0.315
[31,     6] loss: 0.315
[31,     7] loss: 0.315
[31,     8] loss: 0.315
[31,     9] loss: 0.314
[31,    10] loss: 0.315
[31,    11] loss: 0.330
[31,    12] loss: 0.314
[31,    13] loss: 0.330
[31,    14] loss: 0.331
[31,    15] loss: 0.337
[31,    16] loss: 0.314
[31,    17] loss: 0.315
[31,    18] loss: 0.317
[31,    19] loss: 0.316
[31,    20] loss: 0.362
[31,    21] loss: 0.314
[31,    22] loss: 0.338
[31,    23] loss: 0.330
[31,    24] loss: 0.332
[31,    25] loss: 0.314
[31,    26] loss: 0.330
[31,    27] loss: 0.315
Accuracy of the network: 88 %
epoch 31
[32,     1] loss: 0.333
[32,     2] loss: 0.315
[32,     3] loss: 0.314
[32,     4] loss: 0.314
[32,     5] loss: 0.353
[32,     6] loss: 0.330
[32,     7] loss: 0.318
[32,     8] loss: 0.353
[32,     9] loss: 0.315
[32,    10] loss: 0.315
[32,    11] loss: 0.314
[32,    12] loss: 0.314
[32,    13] loss: 0.314
[32,    14] loss: 0.314
[32,    15] loss: 0.315
[32,    16] loss: 0.316
[32,    17] loss: 0.364
[32,    18] loss: 0.314
[32,    19] loss: 0.315
[32,    20] loss: 0.330
[32,    21] loss: 0.314
[32,    22] loss: 0.314
[32,    23] loss: 0.314
[32,    24] loss: 0.314
[32,    25] loss: 0.315
[32,    26] loss: 0.361
[32,    27] loss: 0.318
Accuracy of the network: 89 %
epoch 32
[33,     1] loss: 0.314
[33,     2] loss: 0.315
[33,     3] loss: 0.314
[33,     4] loss: 0.330
[33,     5] loss: 0.330
[33,     6] loss: 0.331
[33,     7] loss: 0.317
[33,     8] loss: 0.315
[33,     9] loss: 0.314
[33,    10] loss: 0.330
[33,    11] loss: 0.316
[33,    12] loss: 0.330
[33,    13] loss: 0.330
[33,    14] loss: 0.330
[33,    15] loss: 0.314
[33,    16] loss: 0.346
[33,    17] loss: 0.314
[33,    18] loss: 0.314
[33,    19] loss: 0.330
[33,    20] loss: 0.345
[33,    21] loss: 0.314
[33,    22] loss: 0.315
[33,    23] loss: 0.314
[33,    24] loss: 0.314
[33,    25] loss: 0.314
[33,    26] loss: 0.314
[33,    27] loss: 0.385
Accuracy of the network: 90 %
epoch 33
[34,     1] loss: 0.314
[34,     2] loss: 0.315
[34,     3] loss: 0.345
[34,     4] loss: 0.330
[34,     5] loss: 0.314
[34,     6] loss: 0.318
[34,     7] loss: 0.315
[34,     8] loss: 0.330
[34,     9] loss: 0.332
[34,    10] loss: 0.316
[34,    11] loss: 0.314
[34,    12] loss: 0.330
[34,    13] loss: 0.314
[34,    14] loss: 0.317
[34,    15] loss: 0.314
[34,    16] loss: 0.314
[34,    17] loss: 0.330
[34,    18] loss: 0.351
[34,    19] loss: 0.314
[34,    20] loss: 0.345
[34,    21] loss: 0.315
[34,    22] loss: 0.330
[34,    23] loss: 0.320
[34,    24] loss: 0.314
[34,    25] loss: 0.330
[34,    26] loss: 0.316
[34,    27] loss: 0.318
Accuracy of the network: 90 %
epoch 34
[35,     1] loss: 0.330
[35,     2] loss: 0.314
[35,     3] loss: 0.314
[35,     4] loss: 0.316
[35,     5] loss: 0.316
[35,     6] loss: 0.366
[35,     7] loss: 0.345
[35,     8] loss: 0.330
[35,     9] loss: 0.321
[35,    10] loss: 0.315
[35,    11] loss: 0.314
[35,    12] loss: 0.314
[35,    13] loss: 0.314
[35,    14] loss: 0.315
[35,    15] loss: 0.331
[35,    16] loss: 0.314
[35,    17] loss: 0.330
[35,    18] loss: 0.346
[35,    19] loss: 0.315
[35,    20] loss: 0.348
[35,    21] loss: 0.314
[35,    22] loss: 0.314
[35,    23] loss: 0.314
[35,    24] loss: 0.315
[35,    25] loss: 0.315
[35,    26] loss: 0.314
[35,    27] loss: 0.314
Accuracy of the network: 90 %
epoch 35
[36,     1] loss: 0.314
[36,     2] loss: 0.346
[36,     3] loss: 0.314
[36,     4] loss: 0.315
[36,     5] loss: 0.315
[36,     6] loss: 0.330
[36,     7] loss: 0.345
[36,     8] loss: 0.314
[36,     9] loss: 0.314
[36,    10] loss: 0.330
[36,    11] loss: 0.330
[36,    12] loss: 0.314
[36,    13] loss: 0.330
[36,    14] loss: 0.314
[36,    15] loss: 0.314
[36,    16] loss: 0.331
[36,    17] loss: 0.315
[36,    18] loss: 0.337
[36,    19] loss: 0.315
[36,    20] loss: 0.314
[36,    21] loss: 0.314
[36,    22] loss: 0.330
[36,    23] loss: 0.314
[36,    24] loss: 0.330
[36,    25] loss: 0.315
[36,    26] loss: 0.330
[36,    27] loss: 0.319
Accuracy of the network: 89 %
epoch 36
[37,     1] loss: 0.330
[37,     2] loss: 0.315
[37,     3] loss: 0.315
[37,     4] loss: 0.315
[37,     5] loss: 0.345
[37,     6] loss: 0.330
[37,     7] loss: 0.314
[37,     8] loss: 0.315
[37,     9] loss: 0.315
[37,    10] loss: 0.330
[37,    11] loss: 0.315
[37,    12] loss: 0.314
[37,    13] loss: 0.330
[37,    14] loss: 0.328
[37,    15] loss: 0.315
[37,    16] loss: 0.314
[37,    17] loss: 0.314
[37,    18] loss: 0.314
[37,    19] loss: 0.345
[37,    20] loss: 0.330
[37,    21] loss: 0.330
[37,    22] loss: 0.345
[37,    23] loss: 0.314
[37,    24] loss: 0.314
[37,    25] loss: 0.319
[37,    26] loss: 0.314
[37,    27] loss: 0.315
Accuracy of the network: 89 %
epoch 37
[38,     1] loss: 0.314
[38,     2] loss: 0.314
[38,     3] loss: 0.314
[38,     4] loss: 0.345
[38,     5] loss: 0.345
[38,     6] loss: 0.332
[38,     7] loss: 0.315
[38,     8] loss: 0.314
[38,     9] loss: 0.315
[38,    10] loss: 0.330
[38,    11] loss: 0.331
[38,    12] loss: 0.314
[38,    13] loss: 0.314
[38,    14] loss: 0.314
[38,    15] loss: 0.330
[38,    16] loss: 0.345
[38,    17] loss: 0.317
[38,    18] loss: 0.314
[38,    19] loss: 0.314
[38,    20] loss: 0.314
[38,    21] loss: 0.330
[38,    22] loss: 0.320
[38,    23] loss: 0.330
[38,    24] loss: 0.314
[38,    25] loss: 0.314
[38,    26] loss: 0.328
[38,    27] loss: 0.320
Accuracy of the network: 91 %
epoch 38
[39,     1] loss: 0.330
[39,     2] loss: 0.316
[39,     3] loss: 0.314
[39,     4] loss: 0.330
[39,     5] loss: 0.330
[39,     6] loss: 0.316
[39,     7] loss: 0.330
[39,     8] loss: 0.314
[39,     9] loss: 0.329
[39,    10] loss: 0.314
[39,    11] loss: 0.314
[39,    12] loss: 0.330
[39,    13] loss: 0.314
[39,    14] loss: 0.314
[39,    15] loss: 0.314
[39,    16] loss: 0.314
[39,    17] loss: 0.314
[39,    18] loss: 0.330
[39,    19] loss: 0.314
[39,    20] loss: 0.314
[39,    21] loss: 0.324
[39,    22] loss: 0.330
[39,    23] loss: 0.330
[39,    24] loss: 0.346
[39,    25] loss: 0.314
[39,    26] loss: 0.329
[39,    27] loss: 0.314
Accuracy of the network: 90 %
epoch 39
[40,     1] loss: 0.314
[40,     2] loss: 0.314
[40,     3] loss: 0.330
[40,     4] loss: 0.315
[40,     5] loss: 0.315
[40,     6] loss: 0.314
[40,     7] loss: 0.314
[40,     8] loss: 0.331
[40,     9] loss: 0.330
[40,    10] loss: 0.315
[40,    11] loss: 0.330
[40,    12] loss: 0.345
[40,    13] loss: 0.314
[40,    14] loss: 0.346
[40,    15] loss: 0.314
[40,    16] loss: 0.315
[40,    17] loss: 0.314
[40,    18] loss: 0.314
[40,    19] loss: 0.314
[40,    20] loss: 0.329
[40,    21] loss: 0.314
[40,    22] loss: 0.314
[40,    23] loss: 0.316
[40,    24] loss: 0.316
[40,    25] loss: 0.361
[40,    26] loss: 0.316
[40,    27] loss: 0.317
Accuracy of the network: 91 %
epoch 40
[41,     1] loss: 0.314
[41,     2] loss: 0.329
[41,     3] loss: 0.314
[41,     4] loss: 0.314
[41,     5] loss: 0.330
[41,     6] loss: 0.314
[41,     7] loss: 0.315
[41,     8] loss: 0.330
[41,     9] loss: 0.314
[41,    10] loss: 0.314
[41,    11] loss: 0.314
[41,    12] loss: 0.314
[41,    13] loss: 0.330
[41,    14] loss: 0.314
[41,    15] loss: 0.315
[41,    16] loss: 0.314
[41,    17] loss: 0.314
[41,    18] loss: 0.330
[41,    19] loss: 0.345
[41,    20] loss: 0.345
[41,    21] loss: 0.314
[41,    22] loss: 0.316
[41,    23] loss: 0.314
[41,    24] loss: 0.330
[41,    25] loss: 0.314
[41,    26] loss: 0.330
[41,    27] loss: 0.343
Accuracy of the network: 89 %
epoch 41
[42,     1] loss: 0.345
[42,     2] loss: 0.330
[42,     3] loss: 0.315
[42,     4] loss: 0.314
[42,     5] loss: 0.314
[42,     6] loss: 0.314
[42,     7] loss: 0.314
[42,     8] loss: 0.314
[42,     9] loss: 0.314
[42,    10] loss: 0.330
[42,    11] loss: 0.314
[42,    12] loss: 0.314
[42,    13] loss: 0.314
[42,    14] loss: 0.314
[42,    15] loss: 0.314
[42,    16] loss: 0.314
[42,    17] loss: 0.330
[42,    18] loss: 0.314
[42,    19] loss: 0.329
[42,    20] loss: 0.330
[42,    21] loss: 0.314
[42,    22] loss: 0.347
[42,    23] loss: 0.330
[42,    24] loss: 0.314
[42,    25] loss: 0.314
[42,    26] loss: 0.314
[42,    27] loss: 0.376
Accuracy of the network: 89 %
epoch 42
[43,     1] loss: 0.314
[43,     2] loss: 0.315
[43,     3] loss: 0.314
[43,     4] loss: 0.330
[43,     5] loss: 0.314
[43,     6] loss: 0.314
[43,     7] loss: 0.330
[43,     8] loss: 0.315
[43,     9] loss: 0.318
[43,    10] loss: 0.330
[43,    11] loss: 0.314
[43,    12] loss: 0.330
[43,    13] loss: 0.314
[43,    14] loss: 0.314
[43,    15] loss: 0.314
[43,    16] loss: 0.331
[43,    17] loss: 0.330
[43,    18] loss: 0.314
[43,    19] loss: 0.316
[43,    20] loss: 0.330
[43,    21] loss: 0.314
[43,    22] loss: 0.330
[43,    23] loss: 0.314
[43,    24] loss: 0.330
[43,    25] loss: 0.324
[43,    26] loss: 0.329
[43,    27] loss: 0.352
Accuracy of the network: 90 %
epoch 43
[44,     1] loss: 0.314
[44,     2] loss: 0.314
[44,     3] loss: 0.314
[44,     4] loss: 0.314
[44,     5] loss: 0.314
[44,     6] loss: 0.330
[44,     7] loss: 0.330
[44,     8] loss: 0.314
[44,     9] loss: 0.314
[44,    10] loss: 0.330
[44,    11] loss: 0.340
[44,    12] loss: 0.315
[44,    13] loss: 0.330
[44,    14] loss: 0.330
[44,    15] loss: 0.314
[44,    16] loss: 0.329
[44,    17] loss: 0.330
[44,    18] loss: 0.314
[44,    19] loss: 0.345
[44,    20] loss: 0.314
[44,    21] loss: 0.314
[44,    22] loss: 0.314
[44,    23] loss: 0.314
[44,    24] loss: 0.314
[44,    25] loss: 0.329
[44,    26] loss: 0.314
[44,    27] loss: 0.314
Accuracy of the network: 90 %
epoch 44
[45,     1] loss: 0.314
[45,     2] loss: 0.330
[45,     3] loss: 0.315
[45,     4] loss: 0.330
[45,     5] loss: 0.347
[45,     6] loss: 0.315
[45,     7] loss: 0.314
[45,     8] loss: 0.314
[45,     9] loss: 0.315
[45,    10] loss: 0.329
[45,    11] loss: 0.314
[45,    12] loss: 0.314
[45,    13] loss: 0.314
[45,    14] loss: 0.336
[45,    15] loss: 0.330
[45,    16] loss: 0.330
[45,    17] loss: 0.314
[45,    18] loss: 0.361
[45,    19] loss: 0.315
[45,    20] loss: 0.314
[45,    21] loss: 0.314
[45,    22] loss: 0.314
[45,    23] loss: 0.314
[45,    24] loss: 0.314
[45,    25] loss: 0.314
[45,    26] loss: 0.314
[45,    27] loss: 0.314
Accuracy of the network: 89 %
epoch 45
[46,     1] loss: 0.316
[46,     2] loss: 0.314
[46,     3] loss: 0.314
[46,     4] loss: 0.314
[46,     5] loss: 0.314
[46,     6] loss: 0.314
[46,     7] loss: 0.330
[46,     8] loss: 0.314
[46,     9] loss: 0.345
[46,    10] loss: 0.314
[46,    11] loss: 0.314
[46,    12] loss: 0.314
[46,    13] loss: 0.346
[46,    14] loss: 0.330
[46,    15] loss: 0.345
[46,    16] loss: 0.314
[46,    17] loss: 0.314
[46,    18] loss: 0.314
[46,    19] loss: 0.314
[46,    20] loss: 0.314
[46,    21] loss: 0.345
[46,    22] loss: 0.317
[46,    23] loss: 0.314
[46,    24] loss: 0.314
[46,    25] loss: 0.330
[46,    26] loss: 0.314
[46,    27] loss: 0.314
Accuracy of the network: 91 %
epoch 46
[47,     1] loss: 0.329
[47,     2] loss: 0.331
[47,     3] loss: 0.314
[47,     4] loss: 0.314
[47,     5] loss: 0.314
[47,     6] loss: 0.314
[47,     7] loss: 0.330
[47,     8] loss: 0.330
[47,     9] loss: 0.346
[47,    10] loss: 0.314
[47,    11] loss: 0.314
[47,    12] loss: 0.314
[47,    13] loss: 0.329
[47,    14] loss: 0.314
[47,    15] loss: 0.315
[47,    16] loss: 0.314
[47,    17] loss: 0.314
[47,    18] loss: 0.323
[47,    19] loss: 0.314
[47,    20] loss: 0.314
[47,    21] loss: 0.314
[47,    22] loss: 0.330
[47,    23] loss: 0.345
[47,    24] loss: 0.314
[47,    25] loss: 0.315
[47,    26] loss: 0.330
[47,    27] loss: 0.314
Accuracy of the network: 89 %
epoch 47
[48,     1] loss: 0.314
[48,     2] loss: 0.346
[48,     3] loss: 0.315
[48,     4] loss: 0.314
[48,     5] loss: 0.314
[48,     6] loss: 0.329
[48,     7] loss: 0.314
[48,     8] loss: 0.345
[48,     9] loss: 0.330
[48,    10] loss: 0.314
[48,    11] loss: 0.334
[48,    12] loss: 0.314
[48,    13] loss: 0.314
[48,    14] loss: 0.314
[48,    15] loss: 0.318
[48,    16] loss: 0.314
[48,    17] loss: 0.330
[48,    18] loss: 0.330
[48,    19] loss: 0.314
[48,    20] loss: 0.314
[48,    21] loss: 0.329
[48,    22] loss: 0.314
[48,    23] loss: 0.314
[48,    24] loss: 0.330
[48,    25] loss: 0.314
[48,    26] loss: 0.314
[48,    27] loss: 0.314
Accuracy of the network: 90 %
epoch 48
[49,     1] loss: 0.345
[49,     2] loss: 0.316
[49,     3] loss: 0.329
[49,     4] loss: 0.314
[49,     5] loss: 0.314
[49,     6] loss: 0.315
[49,     7] loss: 0.331
[49,     8] loss: 0.316
[49,     9] loss: 0.330
[49,    10] loss: 0.330
[49,    11] loss: 0.314
[49,    12] loss: 0.329
[49,    13] loss: 0.329
[49,    14] loss: 0.314
[49,    15] loss: 0.314
[49,    16] loss: 0.314
[49,    17] loss: 0.314
[49,    18] loss: 0.330
[49,    19] loss: 0.314
[49,    20] loss: 0.314
[49,    21] loss: 0.330
[49,    22] loss: 0.314
[49,    23] loss: 0.329
[49,    24] loss: 0.314
[49,    25] loss: 0.314
[49,    26] loss: 0.317
[49,    27] loss: 0.314
Accuracy of the network: 90 %
epoch 49
[50,     1] loss: 0.314
[50,     2] loss: 0.314
[50,     3] loss: 0.314
[50,     4] loss: 0.314
[50,     5] loss: 0.345
[50,     6] loss: 0.314
[50,     7] loss: 0.315
[50,     8] loss: 0.346
[50,     9] loss: 0.314
[50,    10] loss: 0.314
[50,    11] loss: 0.314
[50,    12] loss: 0.329
[50,    13] loss: 0.329
[50,    14] loss: 0.314
[50,    15] loss: 0.314
[50,    16] loss: 0.314
[50,    17] loss: 0.330
[50,    18] loss: 0.314
[50,    19] loss: 0.317
[50,    20] loss: 0.314
[50,    21] loss: 0.330
[50,    22] loss: 0.314
[50,    23] loss: 0.314
[50,    24] loss: 0.345
[50,    25] loss: 0.329
[50,    26] loss: 0.314
[50,    27] loss: 0.314
Accuracy of the network: 92 %
epoch 50
[51,     1] loss: 0.314
[51,     2] loss: 0.314
[51,     3] loss: 0.329
[51,     4] loss: 0.329
[51,     5] loss: 0.330
[51,     6] loss: 0.314
[51,     7] loss: 0.314
[51,     8] loss: 0.314
[51,     9] loss: 0.316
[51,    10] loss: 0.314
[51,    11] loss: 0.329
[51,    12] loss: 0.330
[51,    13] loss: 0.314
[51,    14] loss: 0.329
[51,    15] loss: 0.332
[51,    16] loss: 0.314
[51,    17] loss: 0.329
[51,    18] loss: 0.330
[51,    19] loss: 0.315
[51,    20] loss: 0.314
[51,    21] loss: 0.329
[51,    22] loss: 0.314
[51,    23] loss: 0.315
[51,    24] loss: 0.315
[51,    25] loss: 0.314
[51,    26] loss: 0.331
[51,    27] loss: 0.316
Accuracy of the network: 89 %
epoch 51
[52,     1] loss: 0.329
[52,     2] loss: 0.330
[52,     3] loss: 0.329
[52,     4] loss: 0.314
[52,     5] loss: 0.317
[52,     6] loss: 0.314
[52,     7] loss: 0.314
[52,     8] loss: 0.330
[52,     9] loss: 0.314
[52,    10] loss: 0.331
[52,    11] loss: 0.329
[52,    12] loss: 0.329
[52,    13] loss: 0.329
[52,    14] loss: 0.329
[52,    15] loss: 0.330
[52,    16] loss: 0.314
[52,    17] loss: 0.314
[52,    18] loss: 0.314
[52,    19] loss: 0.314
[52,    20] loss: 0.314
[52,    21] loss: 0.314
[52,    22] loss: 0.314
[52,    23] loss: 0.314
[52,    24] loss: 0.314
[52,    25] loss: 0.330
[52,    26] loss: 0.314
[52,    27] loss: 0.314
Accuracy of the network: 90 %
epoch 52
[53,     1] loss: 0.345
[53,     2] loss: 0.314
[53,     3] loss: 0.314
[53,     4] loss: 0.314
[53,     5] loss: 0.314
[53,     6] loss: 0.314
[53,     7] loss: 0.314
[53,     8] loss: 0.314
[53,     9] loss: 0.345
[53,    10] loss: 0.314
[53,    11] loss: 0.314
[53,    12] loss: 0.329
[53,    13] loss: 0.330
[53,    14] loss: 0.329
[53,    15] loss: 0.314
[53,    16] loss: 0.329
[53,    17] loss: 0.314
[53,    18] loss: 0.314
[53,    19] loss: 0.314
[53,    20] loss: 0.314
[53,    21] loss: 0.329
[53,    22] loss: 0.330
[53,    23] loss: 0.314
[53,    24] loss: 0.315
[53,    25] loss: 0.314
[53,    26] loss: 0.329
[53,    27] loss: 0.314
Accuracy of the network: 91 %
epoch 53
[54,     1] loss: 0.345
[54,     2] loss: 0.314
[54,     3] loss: 0.314
[54,     4] loss: 0.314
[54,     5] loss: 0.314
[54,     6] loss: 0.329
[54,     7] loss: 0.314
[54,     8] loss: 0.314
[54,     9] loss: 0.314
[54,    10] loss: 0.329
[54,    11] loss: 0.314
[54,    12] loss: 0.329
[54,    13] loss: 0.315
[54,    14] loss: 0.314
[54,    15] loss: 0.314
[54,    16] loss: 0.314
[54,    17] loss: 0.314
[54,    18] loss: 0.314
[54,    19] loss: 0.330
[54,    20] loss: 0.329
[54,    21] loss: 0.314
[54,    22] loss: 0.329
[54,    23] loss: 0.345
[54,    24] loss: 0.332
[54,    25] loss: 0.314
[54,    26] loss: 0.314
[54,    27] loss: 0.315
Accuracy of the network: 91 %
epoch 54
[55,     1] loss: 0.314
[55,     2] loss: 0.349
[55,     3] loss: 0.345
[55,     4] loss: 0.314
[55,     5] loss: 0.314
[55,     6] loss: 0.329
[55,     7] loss: 0.315
[55,     8] loss: 0.314
[55,     9] loss: 0.314
[55,    10] loss: 0.314
[55,    11] loss: 0.314
[55,    12] loss: 0.314
[55,    13] loss: 0.314
[55,    14] loss: 0.314
[55,    15] loss: 0.314
[55,    16] loss: 0.329
[55,    17] loss: 0.314
[55,    18] loss: 0.314
[55,    19] loss: 0.329
[55,    20] loss: 0.329
[55,    21] loss: 0.314
[55,    22] loss: 0.314
[55,    23] loss: 0.314
[55,    24] loss: 0.329
[55,    25] loss: 0.329
[55,    26] loss: 0.314
[55,    27] loss: 0.343
Accuracy of the network: 91 %
epoch 55
[56,     1] loss: 0.333
[56,     2] loss: 0.314
[56,     3] loss: 0.314
[56,     4] loss: 0.329
[56,     5] loss: 0.314
[56,     6] loss: 0.329
[56,     7] loss: 0.330
[56,     8] loss: 0.314
[56,     9] loss: 0.329
[56,    10] loss: 0.314
[56,    11] loss: 0.314
[56,    12] loss: 0.330
[56,    13] loss: 0.314
[56,    14] loss: 0.314
[56,    15] loss: 0.316
[56,    16] loss: 0.314
[56,    17] loss: 0.314
[56,    18] loss: 0.361
[56,    19] loss: 0.314
[56,    20] loss: 0.314
[56,    21] loss: 0.314
[56,    22] loss: 0.329
[56,    23] loss: 0.314
[56,    24] loss: 0.329
[56,    25] loss: 0.316
[56,    26] loss: 0.314
[56,    27] loss: 0.314
Accuracy of the network: 89 %
epoch 56
[57,     1] loss: 0.314
[57,     2] loss: 0.329
[57,     3] loss: 0.314
[57,     4] loss: 0.314
[57,     5] loss: 0.314
[57,     6] loss: 0.329
[57,     7] loss: 0.345
[57,     8] loss: 0.329
[57,     9] loss: 0.314
[57,    10] loss: 0.314
[57,    11] loss: 0.329
[57,    12] loss: 0.314
[57,    13] loss: 0.329
[57,    14] loss: 0.314
[57,    15] loss: 0.314
[57,    16] loss: 0.330
[57,    17] loss: 0.314
[57,    18] loss: 0.314
[57,    19] loss: 0.314
[57,    20] loss: 0.314
[57,    21] loss: 0.314
[57,    22] loss: 0.314
[57,    23] loss: 0.314
[57,    24] loss: 0.329
[57,    25] loss: 0.329
[57,    26] loss: 0.314
[57,    27] loss: 0.342
Accuracy of the network: 92 %
epoch 57
[58,     1] loss: 0.329
[58,     2] loss: 0.314
[58,     3] loss: 0.314
[58,     4] loss: 0.330
[58,     5] loss: 0.314
[58,     6] loss: 0.321
[58,     7] loss: 0.314
[58,     8] loss: 0.329
[58,     9] loss: 0.345
[58,    10] loss: 0.314
[58,    11] loss: 0.314
[58,    12] loss: 0.329
[58,    13] loss: 0.314
[58,    14] loss: 0.331
[58,    15] loss: 0.314
[58,    16] loss: 0.314
[58,    17] loss: 0.314
[58,    18] loss: 0.314
[58,    19] loss: 0.314
[58,    20] loss: 0.314
[58,    21] loss: 0.314
[58,    22] loss: 0.314
[58,    23] loss: 0.330
[58,    24] loss: 0.314
[58,    25] loss: 0.329
[58,    26] loss: 0.345
[58,    27] loss: 0.315
Accuracy of the network: 91 %
epoch 58
[59,     1] loss: 0.329
[59,     2] loss: 0.314
[59,     3] loss: 0.314
[59,     4] loss: 0.314
[59,     5] loss: 0.314
[59,     6] loss: 0.314
[59,     7] loss: 0.314
[59,     8] loss: 0.314
[59,     9] loss: 0.329
[59,    10] loss: 0.314
[59,    11] loss: 0.331
[59,    12] loss: 0.314
[59,    13] loss: 0.314
[59,    14] loss: 0.329
[59,    15] loss: 0.314
[59,    16] loss: 0.314
[59,    17] loss: 0.345
[59,    18] loss: 0.314
[59,    19] loss: 0.314
[59,    20] loss: 0.345
[59,    21] loss: 0.314
[59,    22] loss: 0.329
[59,    23] loss: 0.329
[59,    24] loss: 0.314
[59,    25] loss: 0.314
[59,    26] loss: 0.329
[59,    27] loss: 0.314
Accuracy of the network: 92 %
epoch 59
[60,     1] loss: 0.314
[60,     2] loss: 0.330
[60,     3] loss: 0.330
[60,     4] loss: 0.329
[60,     5] loss: 0.314
[60,     6] loss: 0.329
[60,     7] loss: 0.329
[60,     8] loss: 0.314
[60,     9] loss: 0.314
[60,    10] loss: 0.314
[60,    11] loss: 0.314
[60,    12] loss: 0.314
[60,    13] loss: 0.314
[60,    14] loss: 0.329
[60,    15] loss: 0.314
[60,    16] loss: 0.314
[60,    17] loss: 0.314
[60,    18] loss: 0.314
[60,    19] loss: 0.314
[60,    20] loss: 0.329
[60,    21] loss: 0.329
[60,    22] loss: 0.314
[60,    23] loss: 0.314
[60,    24] loss: 0.314
[60,    25] loss: 0.360
[60,    26] loss: 0.314
[60,    27] loss: 0.314
Accuracy of the network: 91 %
epoch 60
[61,     1] loss: 0.314
[61,     2] loss: 0.329
[61,     3] loss: 0.314
[61,     4] loss: 0.314
[61,     5] loss: 0.314
[61,     6] loss: 0.329
[61,     7] loss: 0.345
[61,     8] loss: 0.314
[61,     9] loss: 0.329
[61,    10] loss: 0.314
[61,    11] loss: 0.316
[61,    12] loss: 0.314
[61,    13] loss: 0.329
[61,    14] loss: 0.335
[61,    15] loss: 0.329
[61,    16] loss: 0.329
[61,    17] loss: 0.314
[61,    18] loss: 0.314
[61,    19] loss: 0.314
[61,    20] loss: 0.314
[61,    21] loss: 0.330
[61,    22] loss: 0.314
[61,    23] loss: 0.314
[61,    24] loss: 0.314
[61,    25] loss: 0.330
[61,    26] loss: 0.329
[61,    27] loss: 0.314
Accuracy of the network: 91 %
epoch 61
[62,     1] loss: 0.314
[62,     2] loss: 0.329
[62,     3] loss: 0.329
[62,     4] loss: 0.316
[62,     5] loss: 0.314
[62,     6] loss: 0.314
[62,     7] loss: 0.329
[62,     8] loss: 0.315
[62,     9] loss: 0.314
[62,    10] loss: 0.329
[62,    11] loss: 0.314
[62,    12] loss: 0.318
[62,    13] loss: 0.314
[62,    14] loss: 0.330
[62,    15] loss: 0.314
[62,    16] loss: 0.314
[62,    17] loss: 0.314
[62,    18] loss: 0.345
[62,    19] loss: 0.314
[62,    20] loss: 0.314
[62,    21] loss: 0.313
[62,    22] loss: 0.314
[62,    23] loss: 0.314
[62,    24] loss: 0.345
[62,    25] loss: 0.314
[62,    26] loss: 0.345
[62,    27] loss: 0.314
Accuracy of the network: 90 %
epoch 62
[63,     1] loss: 0.314
[63,     2] loss: 0.314
[63,     3] loss: 0.314
[63,     4] loss: 0.314
[63,     5] loss: 0.314
[63,     6] loss: 0.314
[63,     7] loss: 0.314
[63,     8] loss: 0.314
[63,     9] loss: 0.316
[63,    10] loss: 0.314
[63,    11] loss: 0.329
[63,    12] loss: 0.329
[63,    13] loss: 0.329
[63,    14] loss: 0.329
[63,    15] loss: 0.314
[63,    16] loss: 0.345
[63,    17] loss: 0.345
[63,    18] loss: 0.345
[63,    19] loss: 0.314
[63,    20] loss: 0.314
[63,    21] loss: 0.313
[63,    22] loss: 0.314
[63,    23] loss: 0.329
[63,    24] loss: 0.314
[63,    25] loss: 0.314
[63,    26] loss: 0.314
[63,    27] loss: 0.314
Accuracy of the network: 90 %
epoch 63
[64,     1] loss: 0.314
[64,     2] loss: 0.314
[64,     3] loss: 0.329
[64,     4] loss: 0.329
[64,     5] loss: 0.329
[64,     6] loss: 0.314
[64,     7] loss: 0.314
[64,     8] loss: 0.329
[64,     9] loss: 0.314
[64,    10] loss: 0.314
[64,    11] loss: 0.315
[64,    12] loss: 0.314
[64,    13] loss: 0.329
[64,    14] loss: 0.314
[64,    15] loss: 0.314
[64,    16] loss: 0.314
[64,    17] loss: 0.314
[64,    18] loss: 0.314
[64,    19] loss: 0.345
[64,    20] loss: 0.314
[64,    21] loss: 0.329
[64,    22] loss: 0.314
[64,    23] loss: 0.314
[64,    24] loss: 0.329
[64,    25] loss: 0.329
[64,    26] loss: 0.329
[64,    27] loss: 0.314
Accuracy of the network: 90 %
epoch 64
[65,     1] loss: 0.329
[65,     2] loss: 0.314
[65,     3] loss: 0.314
[65,     4] loss: 0.329
[65,     5] loss: 0.314
[65,     6] loss: 0.329
[65,     7] loss: 0.314
[65,     8] loss: 0.345
[65,     9] loss: 0.314
[65,    10] loss: 0.314
[65,    11] loss: 0.314
[65,    12] loss: 0.314
[65,    13] loss: 0.329
[65,    14] loss: 0.329
[65,    15] loss: 0.315
[65,    16] loss: 0.329
[65,    17] loss: 0.314
[65,    18] loss: 0.314
[65,    19] loss: 0.315
[65,    20] loss: 0.329
[65,    21] loss: 0.329
[65,    22] loss: 0.314
[65,    23] loss: 0.314
[65,    24] loss: 0.314
[65,    25] loss: 0.329
[65,    26] loss: 0.315
[65,    27] loss: 0.322
Accuracy of the network: 89 %
epoch 65
[66,     1] loss: 0.314
[66,     2] loss: 0.329
[66,     3] loss: 0.314
[66,     4] loss: 0.314
[66,     5] loss: 0.329
[66,     6] loss: 0.314
[66,     7] loss: 0.329
[66,     8] loss: 0.314
[66,     9] loss: 0.314
[66,    10] loss: 0.314
[66,    11] loss: 0.314
[66,    12] loss: 0.346
[66,    13] loss: 0.314
[66,    14] loss: 0.345
[66,    15] loss: 0.314
[66,    16] loss: 0.314
[66,    17] loss: 0.329
[66,    18] loss: 0.314
[66,    19] loss: 0.314
[66,    20] loss: 0.314
[66,    21] loss: 0.314
[66,    22] loss: 0.314
[66,    23] loss: 0.315
[66,    24] loss: 0.329
[66,    25] loss: 0.314
[66,    26] loss: 0.345
[66,    27] loss: 0.314
Accuracy of the network: 89 %
epoch 66
[67,     1] loss: 0.329
[67,     2] loss: 0.314
[67,     3] loss: 0.329
[67,     4] loss: 0.314
[67,     5] loss: 0.314
[67,     6] loss: 0.314
[67,     7] loss: 0.330
[67,     8] loss: 0.314
[67,     9] loss: 0.331
[67,    10] loss: 0.314
[67,    11] loss: 0.329
[67,    12] loss: 0.330
[67,    13] loss: 0.314
[67,    14] loss: 0.314
[67,    15] loss: 0.314
[67,    16] loss: 0.329
[67,    17] loss: 0.314
[67,    18] loss: 0.314
[67,    19] loss: 0.345
[67,    20] loss: 0.314
[67,    21] loss: 0.314
[67,    22] loss: 0.314
[67,    23] loss: 0.329
[67,    24] loss: 0.314
[67,    25] loss: 0.329
[67,    26] loss: 0.314
[67,    27] loss: 0.314
Accuracy of the network: 91 %
epoch 67
[68,     1] loss: 0.329
[68,     2] loss: 0.314
[68,     3] loss: 0.329
[68,     4] loss: 0.314
[68,     5] loss: 0.314
[68,     6] loss: 0.329
[68,     7] loss: 0.329
[68,     8] loss: 0.314
[68,     9] loss: 0.314
[68,    10] loss: 0.329
[68,    11] loss: 0.314
[68,    12] loss: 0.314
[68,    13] loss: 0.329
[68,    14] loss: 0.314
[68,    15] loss: 0.345
[68,    16] loss: 0.345
[68,    17] loss: 0.314
[68,    18] loss: 0.329
[68,    19] loss: 0.314
[68,    20] loss: 0.315
[68,    21] loss: 0.313
[68,    22] loss: 0.314
[68,    23] loss: 0.314
[68,    24] loss: 0.314
[68,    25] loss: 0.314
[68,    26] loss: 0.314
[68,    27] loss: 0.314
Accuracy of the network: 92 %
epoch 68
[69,     1] loss: 0.314
[69,     2] loss: 0.314
[69,     3] loss: 0.329
[69,     4] loss: 0.329
[69,     5] loss: 0.314
[69,     6] loss: 0.329
[69,     7] loss: 0.345
[69,     8] loss: 0.330
[69,     9] loss: 0.314
[69,    10] loss: 0.314
[69,    11] loss: 0.345
[69,    12] loss: 0.321
[69,    13] loss: 0.313
[69,    14] loss: 0.314
[69,    15] loss: 0.314
[69,    16] loss: 0.329
[69,    17] loss: 0.314
[69,    18] loss: 0.314
[69,    19] loss: 0.314
[69,    20] loss: 0.314
[69,    21] loss: 0.329
[69,    22] loss: 0.314
[69,    23] loss: 0.314
[69,    24] loss: 0.314
[69,    25] loss: 0.329
[69,    26] loss: 0.314
[69,    27] loss: 0.314
Accuracy of the network: 90 %
epoch 69
[70,     1] loss: 0.314
[70,     2] loss: 0.314
[70,     3] loss: 0.329
[70,     4] loss: 0.329
[70,     5] loss: 0.314
[70,     6] loss: 0.360
[70,     7] loss: 0.329
[70,     8] loss: 0.331
[70,     9] loss: 0.329
[70,    10] loss: 0.314
[70,    11] loss: 0.329
[70,    12] loss: 0.314
[70,    13] loss: 0.314
[70,    14] loss: 0.314
[70,    15] loss: 0.313
[70,    16] loss: 0.314
[70,    17] loss: 0.314
[70,    18] loss: 0.314
[70,    19] loss: 0.314
[70,    20] loss: 0.314
[70,    21] loss: 0.329
[70,    22] loss: 0.329
[70,    23] loss: 0.314
[70,    24] loss: 0.314
[70,    25] loss: 0.314
[70,    26] loss: 0.314
[70,    27] loss: 0.314
Accuracy of the network: 88 %
epoch 70
[71,     1] loss: 0.329
[71,     2] loss: 0.313
[71,     3] loss: 0.314
[71,     4] loss: 0.314
[71,     5] loss: 0.329
[71,     6] loss: 0.314
[71,     7] loss: 0.329
[71,     8] loss: 0.314
[71,     9] loss: 0.329
[71,    10] loss: 0.314
[71,    11] loss: 0.314
[71,    12] loss: 0.314
[71,    13] loss: 0.314
[71,    14] loss: 0.314
[71,    15] loss: 0.314
[71,    16] loss: 0.329
[71,    17] loss: 0.335
[71,    18] loss: 0.329
[71,    19] loss: 0.329
[71,    20] loss: 0.314
[71,    21] loss: 0.329
[71,    22] loss: 0.315
[71,    23] loss: 0.314
[71,    24] loss: 0.315
[71,    25] loss: 0.330
[71,    26] loss: 0.329
[71,    27] loss: 0.313
Accuracy of the network: 90 %
epoch 71
[72,     1] loss: 0.314
[72,     2] loss: 0.329
[72,     3] loss: 0.329
[72,     4] loss: 0.314
[72,     5] loss: 0.345
[72,     6] loss: 0.314
[72,     7] loss: 0.314
[72,     8] loss: 0.313
[72,     9] loss: 0.329
[72,    10] loss: 0.329
[72,    11] loss: 0.329
[72,    12] loss: 0.313
[72,    13] loss: 0.314
[72,    14] loss: 0.314
[72,    15] loss: 0.329
[72,    16] loss: 0.329
[72,    17] loss: 0.314
[72,    18] loss: 0.329
[72,    19] loss: 0.314
[72,    20] loss: 0.314
[72,    21] loss: 0.313
[72,    22] loss: 0.314
[72,    23] loss: 0.314
[72,    24] loss: 0.314
[72,    25] loss: 0.329
[72,    26] loss: 0.314
[72,    27] loss: 0.337
Accuracy of the network: 92 %
epoch 72
[73,     1] loss: 0.313
[73,     2] loss: 0.314
[73,     3] loss: 0.314
[73,     4] loss: 0.314
[73,     5] loss: 0.314
[73,     6] loss: 0.313
[73,     7] loss: 0.314
[73,     8] loss: 0.314
[73,     9] loss: 0.314
[73,    10] loss: 0.340
[73,    11] loss: 0.314
[73,    12] loss: 0.345
[73,    13] loss: 0.329
[73,    14] loss: 0.329
[73,    15] loss: 0.314
[73,    16] loss: 0.345
[73,    17] loss: 0.314
[73,    18] loss: 0.314
[73,    19] loss: 0.315
[73,    20] loss: 0.314
[73,    21] loss: 0.314
[73,    22] loss: 0.329
[73,    23] loss: 0.313
[73,    24] loss: 0.314
[73,    25] loss: 0.316
[73,    26] loss: 0.345
[73,    27] loss: 0.348
Accuracy of the network: 91 %
epoch 73
[74,     1] loss: 0.314
[74,     2] loss: 0.314
[74,     3] loss: 0.314
[74,     4] loss: 0.314
[74,     5] loss: 0.314
[74,     6] loss: 0.314
[74,     7] loss: 0.314
[74,     8] loss: 0.314
[74,     9] loss: 0.330
[74,    10] loss: 0.314
[74,    11] loss: 0.314
[74,    12] loss: 0.329
[74,    13] loss: 0.314
[74,    14] loss: 0.329
[74,    15] loss: 0.314
[74,    16] loss: 0.329
[74,    17] loss: 0.314
[74,    18] loss: 0.313
[74,    19] loss: 0.329
[74,    20] loss: 0.313
[74,    21] loss: 0.314
[74,    22] loss: 0.330
[74,    23] loss: 0.329
[74,    24] loss: 0.329
[74,    25] loss: 0.329
[74,    26] loss: 0.330
[74,    27] loss: 0.341
Accuracy of the network: 90 %
epoch 74
[75,     1] loss: 0.314
[75,     2] loss: 0.314
[75,     3] loss: 0.329
[75,     4] loss: 0.329
[75,     5] loss: 0.329
[75,     6] loss: 0.329
[75,     7] loss: 0.329
[75,     8] loss: 0.314
[75,     9] loss: 0.313
[75,    10] loss: 0.345
[75,    11] loss: 0.329
[75,    12] loss: 0.314
[75,    13] loss: 0.313
[75,    14] loss: 0.314
[75,    15] loss: 0.314
[75,    16] loss: 0.314
[75,    17] loss: 0.329
[75,    18] loss: 0.314
[75,    19] loss: 0.314
[75,    20] loss: 0.329
[75,    21] loss: 0.313
[75,    22] loss: 0.313
[75,    23] loss: 0.314
[75,    24] loss: 0.314
[75,    25] loss: 0.314
[75,    26] loss: 0.329
[75,    27] loss: 0.314
Accuracy of the network: 92 %
epoch 75
[76,     1] loss: 0.329
[76,     2] loss: 0.314
[76,     3] loss: 0.345
[76,     4] loss: 0.329
[76,     5] loss: 0.345
[76,     6] loss: 0.314
[76,     7] loss: 0.314
[76,     8] loss: 0.329
[76,     9] loss: 0.314
[76,    10] loss: 0.314
[76,    11] loss: 0.314
[76,    12] loss: 0.314
[76,    13] loss: 0.314
[76,    14] loss: 0.314
[76,    15] loss: 0.314
[76,    16] loss: 0.314
[76,    17] loss: 0.346
[76,    18] loss: 0.314
[76,    19] loss: 0.314
[76,    20] loss: 0.313
[76,    21] loss: 0.314
[76,    22] loss: 0.329
[76,    23] loss: 0.329
[76,    24] loss: 0.315
[76,    25] loss: 0.314
[76,    26] loss: 0.314
[76,    27] loss: 0.315
Accuracy of the network: 91 %
epoch 76
[77,     1] loss: 0.330
[77,     2] loss: 0.345
[77,     3] loss: 0.313
[77,     4] loss: 0.314
[77,     5] loss: 0.314
[77,     6] loss: 0.314
[77,     7] loss: 0.345
[77,     8] loss: 0.314
[77,     9] loss: 0.313
[77,    10] loss: 0.313
[77,    11] loss: 0.314
[77,    12] loss: 0.314
[77,    13] loss: 0.318
[77,    14] loss: 0.330
[77,    15] loss: 0.346
[77,    16] loss: 0.313
[77,    17] loss: 0.314
[77,    18] loss: 0.313
[77,    19] loss: 0.314
[77,    20] loss: 0.331
[77,    21] loss: 0.314
[77,    22] loss: 0.314
[77,    23] loss: 0.314
[77,    24] loss: 0.329
[77,    25] loss: 0.314
[77,    26] loss: 0.313
[77,    27] loss: 0.341
Accuracy of the network: 91 %
epoch 77
[78,     1] loss: 0.314
[78,     2] loss: 0.329
[78,     3] loss: 0.329
[78,     4] loss: 0.314
[78,     5] loss: 0.314
[78,     6] loss: 0.314
[78,     7] loss: 0.314
[78,     8] loss: 0.314
[78,     9] loss: 0.314
[78,    10] loss: 0.329
[78,    11] loss: 0.329
[78,    12] loss: 0.313
[78,    13] loss: 0.313
[78,    14] loss: 0.313
[78,    15] loss: 0.314
[78,    16] loss: 0.313
[78,    17] loss: 0.315
[78,    18] loss: 0.347
[78,    19] loss: 0.313
[78,    20] loss: 0.314
[78,    21] loss: 0.336
[78,    22] loss: 0.329
[78,    23] loss: 0.329
[78,    24] loss: 0.329
[78,    25] loss: 0.314
[78,    26] loss: 0.330
[78,    27] loss: 0.319
Accuracy of the network: 92 %
epoch 78
[79,     1] loss: 0.314
[79,     2] loss: 0.329
[79,     3] loss: 0.345
[79,     4] loss: 0.329
[79,     5] loss: 0.313
[79,     6] loss: 0.329
[79,     7] loss: 0.314
[79,     8] loss: 0.314
[79,     9] loss: 0.314
[79,    10] loss: 0.313
[79,    11] loss: 0.345
[79,    12] loss: 0.314
[79,    13] loss: 0.329
[79,    14] loss: 0.313
[79,    15] loss: 0.314
[79,    16] loss: 0.314
[79,    17] loss: 0.313
[79,    18] loss: 0.313
[79,    19] loss: 0.313
[79,    20] loss: 0.329
[79,    21] loss: 0.313
[79,    22] loss: 0.314
[79,    23] loss: 0.329
[79,    24] loss: 0.313
[79,    25] loss: 0.329
[79,    26] loss: 0.314
[79,    27] loss: 0.314
Accuracy of the network: 91 %
epoch 79
[80,     1] loss: 0.314
[80,     2] loss: 0.329
[80,     3] loss: 0.313
[80,     4] loss: 0.329
[80,     5] loss: 0.314
[80,     6] loss: 0.314
[80,     7] loss: 0.313
[80,     8] loss: 0.314
[80,     9] loss: 0.329
[80,    10] loss: 0.313
[80,    11] loss: 0.314
[80,    12] loss: 0.361
[80,    13] loss: 0.314
[80,    14] loss: 0.314
[80,    15] loss: 0.329
[80,    16] loss: 0.314
[80,    17] loss: 0.345
[80,    18] loss: 0.315
[80,    19] loss: 0.314
[80,    20] loss: 0.313
[80,    21] loss: 0.314
[80,    22] loss: 0.329
[80,    23] loss: 0.314
[80,    24] loss: 0.316
[80,    25] loss: 0.330
[80,    26] loss: 0.314
[80,    27] loss: 0.314
Accuracy of the network: 89 %
epoch 80
[81,     1] loss: 0.329
[81,     2] loss: 0.345
[81,     3] loss: 0.313
[81,     4] loss: 0.330
[81,     5] loss: 0.345
[81,     6] loss: 0.329
[81,     7] loss: 0.313
[81,     8] loss: 0.314
[81,     9] loss: 0.329
[81,    10] loss: 0.329
[81,    11] loss: 0.314
[81,    12] loss: 0.314
[81,    13] loss: 0.314
[81,    14] loss: 0.313
[81,    15] loss: 0.314
[81,    16] loss: 0.313
[81,    17] loss: 0.345
[81,    18] loss: 0.313
[81,    19] loss: 0.313
[81,    20] loss: 0.314
[81,    21] loss: 0.313
[81,    22] loss: 0.314
[81,    23] loss: 0.314
[81,    24] loss: 0.314
[81,    25] loss: 0.314
[81,    26] loss: 0.313
[81,    27] loss: 0.314
Accuracy of the network: 91 %
epoch 81
[82,     1] loss: 0.329
[82,     2] loss: 0.313
[82,     3] loss: 0.313
[82,     4] loss: 0.314
[82,     5] loss: 0.329
[82,     6] loss: 0.345
[82,     7] loss: 0.329
[82,     8] loss: 0.329
[82,     9] loss: 0.329
[82,    10] loss: 0.314
[82,    11] loss: 0.314
[82,    12] loss: 0.314
[82,    13] loss: 0.329
[82,    14] loss: 0.313
[82,    15] loss: 0.314
[82,    16] loss: 0.313
[82,    17] loss: 0.313
[82,    18] loss: 0.314
[82,    19] loss: 0.314
[82,    20] loss: 0.313
[82,    21] loss: 0.314
[82,    22] loss: 0.314
[82,    23] loss: 0.329
[82,    24] loss: 0.313
[82,    25] loss: 0.329
[82,    26] loss: 0.330
[82,    27] loss: 0.313
Accuracy of the network: 91 %
epoch 82
[83,     1] loss: 0.329
[83,     2] loss: 0.329
[83,     3] loss: 0.313
[83,     4] loss: 0.314
[83,     5] loss: 0.314
[83,     6] loss: 0.313
[83,     7] loss: 0.314
[83,     8] loss: 0.314
[83,     9] loss: 0.313
[83,    10] loss: 0.345
[83,    11] loss: 0.314
[83,    12] loss: 0.313
[83,    13] loss: 0.329
[83,    14] loss: 0.313
[83,    15] loss: 0.314
[83,    16] loss: 0.315
[83,    17] loss: 0.314
[83,    18] loss: 0.313
[83,    19] loss: 0.330
[83,    20] loss: 0.313
[83,    21] loss: 0.314
[83,    22] loss: 0.329
[83,    23] loss: 0.330
[83,    24] loss: 0.313
[83,    25] loss: 0.314
[83,    26] loss: 0.345
[83,    27] loss: 0.341
Accuracy of the network: 89 %
epoch 83
[84,     1] loss: 0.314
[84,     2] loss: 0.345
[84,     3] loss: 0.329
[84,     4] loss: 0.314
[84,     5] loss: 0.314
[84,     6] loss: 0.329
[84,     7] loss: 0.329
[84,     8] loss: 0.313
[84,     9] loss: 0.329
[84,    10] loss: 0.314
[84,    11] loss: 0.314
[84,    12] loss: 0.314
[84,    13] loss: 0.313
[84,    14] loss: 0.314
[84,    15] loss: 0.313
[84,    16] loss: 0.313
[84,    17] loss: 0.329
[84,    18] loss: 0.314
[84,    19] loss: 0.329
[84,    20] loss: 0.313
[84,    21] loss: 0.329
[84,    22] loss: 0.313
[84,    23] loss: 0.331
[84,    24] loss: 0.313
[84,    25] loss: 0.314
[84,    26] loss: 0.314
[84,    27] loss: 0.341
Accuracy of the network: 90 %
epoch 84
[85,     1] loss: 0.330
[85,     2] loss: 0.329
[85,     3] loss: 0.314
[85,     4] loss: 0.329
[85,     5] loss: 0.313
[85,     6] loss: 0.313
[85,     7] loss: 0.329
[85,     8] loss: 0.330
[85,     9] loss: 0.313
[85,    10] loss: 0.313
[85,    11] loss: 0.329
[85,    12] loss: 0.314
[85,    13] loss: 0.313
[85,    14] loss: 0.314
[85,    15] loss: 0.329
[85,    16] loss: 0.313
[85,    17] loss: 0.314
[85,    18] loss: 0.345
[85,    19] loss: 0.313
[85,    20] loss: 0.314
[85,    21] loss: 0.313
[85,    22] loss: 0.329
[85,    23] loss: 0.313
[85,    24] loss: 0.329
[85,    25] loss: 0.314
[85,    26] loss: 0.313
[85,    27] loss: 0.314
Accuracy of the network: 91 %
epoch 85
[86,     1] loss: 0.313
[86,     2] loss: 0.314
[86,     3] loss: 0.314
[86,     4] loss: 0.329
[86,     5] loss: 0.314
[86,     6] loss: 0.314
[86,     7] loss: 0.329
[86,     8] loss: 0.314
[86,     9] loss: 0.314
[86,    10] loss: 0.329
[86,    11] loss: 0.329
[86,    12] loss: 0.314
[86,    13] loss: 0.314
[86,    14] loss: 0.329
[86,    15] loss: 0.329
[86,    16] loss: 0.313
[86,    17] loss: 0.314
[86,    18] loss: 0.314
[86,    19] loss: 0.313
[86,    20] loss: 0.313
[86,    21] loss: 0.313
[86,    22] loss: 0.313
[86,    23] loss: 0.329
[86,    24] loss: 0.314
[86,    25] loss: 0.314
[86,    26] loss: 0.345
[86,    27] loss: 0.369
Accuracy of the network: 91 %
epoch 86
[87,     1] loss: 0.313
[87,     2] loss: 0.313
[87,     3] loss: 0.361
[87,     4] loss: 0.313
[87,     5] loss: 0.313
[87,     6] loss: 0.329
[87,     7] loss: 0.313
[87,     8] loss: 0.314
[87,     9] loss: 0.314
[87,    10] loss: 0.314
[87,    11] loss: 0.314
[87,    12] loss: 0.313
[87,    13] loss: 0.346
[87,    14] loss: 0.329
[87,    15] loss: 0.313
[87,    16] loss: 0.313
[87,    17] loss: 0.313
[87,    18] loss: 0.313
[87,    19] loss: 0.313
[87,    20] loss: 0.314
[87,    21] loss: 0.314
[87,    22] loss: 0.313
[87,    23] loss: 0.314
[87,    24] loss: 0.329
[87,    25] loss: 0.360
[87,    26] loss: 0.313
[87,    27] loss: 0.314
Accuracy of the network: 90 %
epoch 87
[88,     1] loss: 0.314
[88,     2] loss: 0.313
[88,     3] loss: 0.313
[88,     4] loss: 0.314
[88,     5] loss: 0.313
[88,     6] loss: 0.313
[88,     7] loss: 0.330
[88,     8] loss: 0.332
[88,     9] loss: 0.313
[88,    10] loss: 0.345
[88,    11] loss: 0.313
[88,    12] loss: 0.314
[88,    13] loss: 0.314
[88,    14] loss: 0.313
[88,    15] loss: 0.329
[88,    16] loss: 0.313
[88,    17] loss: 0.329
[88,    18] loss: 0.313
[88,    19] loss: 0.329
[88,    20] loss: 0.313
[88,    21] loss: 0.345
[88,    22] loss: 0.329
[88,    23] loss: 0.314
[88,    24] loss: 0.329
[88,    25] loss: 0.313
[88,    26] loss: 0.313
[88,    27] loss: 0.313
Accuracy of the network: 89 %
epoch 88
[89,     1] loss: 0.313
[89,     2] loss: 0.329
[89,     3] loss: 0.329
[89,     4] loss: 0.313
[89,     5] loss: 0.314
[89,     6] loss: 0.313
[89,     7] loss: 0.314
[89,     8] loss: 0.329
[89,     9] loss: 0.313
[89,    10] loss: 0.314
[89,    11] loss: 0.313
[89,    12] loss: 0.329
[89,    13] loss: 0.314
[89,    14] loss: 0.313
[89,    15] loss: 0.314
[89,    16] loss: 0.314
[89,    17] loss: 0.329
[89,    18] loss: 0.329
[89,    19] loss: 0.314
[89,    20] loss: 0.329
[89,    21] loss: 0.329
[89,    22] loss: 0.313
[89,    23] loss: 0.329
[89,    24] loss: 0.313
[89,    25] loss: 0.329
[89,    26] loss: 0.329
[89,    27] loss: 0.314
Accuracy of the network: 90 %
epoch 89
[90,     1] loss: 0.314
[90,     2] loss: 0.313
[90,     3] loss: 0.314
[90,     4] loss: 0.313
[90,     5] loss: 0.329
[90,     6] loss: 0.313
[90,     7] loss: 0.329
[90,     8] loss: 0.313
[90,     9] loss: 0.313
[90,    10] loss: 0.330
[90,    11] loss: 0.345
[90,    12] loss: 0.313
[90,    13] loss: 0.313
[90,    14] loss: 0.313
[90,    15] loss: 0.314
[90,    16] loss: 0.345
[90,    17] loss: 0.329
[90,    18] loss: 0.329
[90,    19] loss: 0.314
[90,    20] loss: 0.314
[90,    21] loss: 0.313
[90,    22] loss: 0.329
[90,    23] loss: 0.313
[90,    24] loss: 0.313
[90,    25] loss: 0.329
[90,    26] loss: 0.313
[90,    27] loss: 0.318
Accuracy of the network: 90 %
epoch 90
[91,     1] loss: 0.329
[91,     2] loss: 0.314
[91,     3] loss: 0.314
[91,     4] loss: 0.313
[91,     5] loss: 0.313
[91,     6] loss: 0.345
[91,     7] loss: 0.314
[91,     8] loss: 0.314
[91,     9] loss: 0.314
[91,    10] loss: 0.314
[91,    11] loss: 0.360
[91,    12] loss: 0.314
[91,    13] loss: 0.315
[91,    14] loss: 0.314
[91,    15] loss: 0.313
[91,    16] loss: 0.314
[91,    17] loss: 0.315
[91,    18] loss: 0.313
[91,    19] loss: 0.313
[91,    20] loss: 0.329
[91,    21] loss: 0.313
[91,    22] loss: 0.330
[91,    23] loss: 0.329
[91,    24] loss: 0.314
[91,    25] loss: 0.329
[91,    26] loss: 0.329
[91,    27] loss: 0.317
Accuracy of the network: 92 %
epoch 91
[92,     1] loss: 0.331
[92,     2] loss: 0.314
[92,     3] loss: 0.329
[92,     4] loss: 0.345
[92,     5] loss: 0.345
[92,     6] loss: 0.314
[92,     7] loss: 0.313
[92,     8] loss: 0.314
[92,     9] loss: 0.313
[92,    10] loss: 0.314
[92,    11] loss: 0.329
[92,    12] loss: 0.314
[92,    13] loss: 0.314
[92,    14] loss: 0.314
[92,    15] loss: 0.329
[92,    16] loss: 0.313
[92,    17] loss: 0.329
[92,    18] loss: 0.313
[92,    19] loss: 0.314
[92,    20] loss: 0.313
[92,    21] loss: 0.329
[92,    22] loss: 0.314
[92,    23] loss: 0.329
[92,    24] loss: 0.314
[92,    25] loss: 0.329
[92,    26] loss: 0.313
[92,    27] loss: 0.314
Accuracy of the network: 89 %
epoch 92
[93,     1] loss: 0.314
[93,     2] loss: 0.313
[93,     3] loss: 0.313
[93,     4] loss: 0.313
[93,     5] loss: 0.313
[93,     6] loss: 0.329
[93,     7] loss: 0.329
[93,     8] loss: 0.313
[93,     9] loss: 0.329
[93,    10] loss: 0.330
[93,    11] loss: 0.345
[93,    12] loss: 0.313
[93,    13] loss: 0.314
[93,    14] loss: 0.329
[93,    15] loss: 0.329
[93,    16] loss: 0.313
[93,    17] loss: 0.313
[93,    18] loss: 0.314
[93,    19] loss: 0.314
[93,    20] loss: 0.313
[93,    21] loss: 0.313
[93,    22] loss: 0.345
[93,    23] loss: 0.329
[93,    24] loss: 0.314
[93,    25] loss: 0.313
[93,    26] loss: 0.313
[93,    27] loss: 0.313
Accuracy of the network: 90 %
epoch 93
[94,     1] loss: 0.345
[94,     2] loss: 0.314
[94,     3] loss: 0.329
[94,     4] loss: 0.345
[94,     5] loss: 0.313
[94,     6] loss: 0.314
[94,     7] loss: 0.313
[94,     8] loss: 0.330
[94,     9] loss: 0.329
[94,    10] loss: 0.313
[94,    11] loss: 0.314
[94,    12] loss: 0.313
[94,    13] loss: 0.320
[94,    14] loss: 0.313
[94,    15] loss: 0.313
[94,    16] loss: 0.313
[94,    17] loss: 0.329
[94,    18] loss: 0.313
[94,    19] loss: 0.329
[94,    20] loss: 0.329
[94,    21] loss: 0.313
[94,    22] loss: 0.329
[94,    23] loss: 0.313
[94,    24] loss: 0.313
[94,    25] loss: 0.314
[94,    26] loss: 0.314
[94,    27] loss: 0.313
Accuracy of the network: 90 %
epoch 94
[95,     1] loss: 0.314
[95,     2] loss: 0.313
[95,     3] loss: 0.329
[95,     4] loss: 0.313
[95,     5] loss: 0.313
[95,     6] loss: 0.313
[95,     7] loss: 0.313
[95,     8] loss: 0.313
[95,     9] loss: 0.329
[95,    10] loss: 0.313
[95,    11] loss: 0.329
[95,    12] loss: 0.329
[95,    13] loss: 0.329
[95,    14] loss: 0.329
[95,    15] loss: 0.329
[95,    16] loss: 0.313
[95,    17] loss: 0.314
[95,    18] loss: 0.313
[95,    19] loss: 0.313
[95,    20] loss: 0.329
[95,    21] loss: 0.329
[95,    22] loss: 0.329
[95,    23] loss: 0.329
[95,    24] loss: 0.313
[95,    25] loss: 0.314
[95,    26] loss: 0.313
[95,    27] loss: 0.314
Accuracy of the network: 91 %
epoch 95
[96,     1] loss: 0.345
[96,     2] loss: 0.329
[96,     3] loss: 0.313
[96,     4] loss: 0.313
[96,     5] loss: 0.314
[96,     6] loss: 0.329
[96,     7] loss: 0.313
[96,     8] loss: 0.314
[96,     9] loss: 0.345
[96,    10] loss: 0.313
[96,    11] loss: 0.329
[96,    12] loss: 0.313
[96,    13] loss: 0.313
[96,    14] loss: 0.314
[96,    15] loss: 0.329
[96,    16] loss: 0.314
[96,    17] loss: 0.313
[96,    18] loss: 0.313
[96,    19] loss: 0.329
[96,    20] loss: 0.345
[96,    21] loss: 0.313
[96,    22] loss: 0.313
[96,    23] loss: 0.313
[96,    24] loss: 0.313
[96,    25] loss: 0.313
[96,    26] loss: 0.314
[96,    27] loss: 0.314
Accuracy of the network: 90 %
epoch 96
[97,     1] loss: 0.314
[97,     2] loss: 0.314
[97,     3] loss: 0.329
[97,     4] loss: 0.313
[97,     5] loss: 0.345
[97,     6] loss: 0.329
[97,     7] loss: 0.313
[97,     8] loss: 0.313
[97,     9] loss: 0.313
[97,    10] loss: 0.314
[97,    11] loss: 0.314
[97,    12] loss: 0.313
[97,    13] loss: 0.313
[97,    14] loss: 0.313
[97,    15] loss: 0.314
[97,    16] loss: 0.314
[97,    17] loss: 0.313
[97,    18] loss: 0.329
[97,    19] loss: 0.345
[97,    20] loss: 0.313
[97,    21] loss: 0.329
[97,    22] loss: 0.313
[97,    23] loss: 0.329
[97,    24] loss: 0.329
[97,    25] loss: 0.314
[97,    26] loss: 0.314
[97,    27] loss: 0.341
Accuracy of the network: 89 %
epoch 97
[98,     1] loss: 0.329
[98,     2] loss: 0.313
[98,     3] loss: 0.314
[98,     4] loss: 0.329
[98,     5] loss: 0.329
[98,     6] loss: 0.313
[98,     7] loss: 0.329
[98,     8] loss: 0.314
[98,     9] loss: 0.329
[98,    10] loss: 0.314
[98,    11] loss: 0.313
[98,    12] loss: 0.329
[98,    13] loss: 0.314
[98,    14] loss: 0.314
[98,    15] loss: 0.313
[98,    16] loss: 0.329
[98,    17] loss: 0.329
[98,    18] loss: 0.313
[98,    19] loss: 0.314
[98,    20] loss: 0.329
[98,    21] loss: 0.313
[98,    22] loss: 0.314
[98,    23] loss: 0.314
[98,    24] loss: 0.330
[98,    25] loss: 0.313
[98,    26] loss: 0.329
[98,    27] loss: 0.314
Accuracy of the network: 90 %
epoch 98
[99,     1] loss: 0.314
[99,     2] loss: 0.330
[99,     3] loss: 0.314
[99,     4] loss: 0.329
[99,     5] loss: 0.313
[99,     6] loss: 0.345
[99,     7] loss: 0.345
[99,     8] loss: 0.313
[99,     9] loss: 0.313
[99,    10] loss: 0.314
[99,    11] loss: 0.314
[99,    12] loss: 0.313
[99,    13] loss: 0.314
[99,    14] loss: 0.313
[99,    15] loss: 0.329
[99,    16] loss: 0.345
[99,    17] loss: 0.313
[99,    18] loss: 0.313
[99,    19] loss: 0.329
[99,    20] loss: 0.313
[99,    21] loss: 0.314
[99,    22] loss: 0.313
[99,    23] loss: 0.313
[99,    24] loss: 0.329
[99,    25] loss: 0.313
[99,    26] loss: 0.313
[99,    27] loss: 0.315
Accuracy of the network: 90 %
epoch 99
[100,     1] loss: 0.329
[100,     2] loss: 0.314
[100,     3] loss: 0.313
[100,     4] loss: 0.313
[100,     5] loss: 0.314
[100,     6] loss: 0.314
[100,     7] loss: 0.313
[100,     8] loss: 0.313
[100,     9] loss: 0.314
[100,    10] loss: 0.329
[100,    11] loss: 0.313
[100,    12] loss: 0.313
[100,    13] loss: 0.329
[100,    14] loss: 0.314
[100,    15] loss: 0.314
[100,    16] loss: 0.329
[100,    17] loss: 0.345
[100,    18] loss: 0.313
[100,    19] loss: 0.313
[100,    20] loss: 0.329
[100,    21] loss: 0.313
[100,    22] loss: 0.315
[100,    23] loss: 0.345
[100,    24] loss: 0.329
[100,    25] loss: 0.329
[100,    26] loss: 0.314
[100,    27] loss: 0.314
Accuracy of the network: 90 %
training complete