

Enter choice:
1. train DCNN new layers
2. train DCNN complete
3. train SDL layers
4. train SDL + DCNN
5. predict
1
using device cuda
/content/soft_computing_project/models.py:42: UserWarning: Implicit dimension choice for softmax has been deprecated. Change the call to include dim=X as an argument.
  x = F.softmax(self.fc(x))
[1,     1] loss: 0.714
[1,     2] loss: 0.686
[1,     3] loss: 0.692
[1,     4] loss: 0.701
[1,     5] loss: 0.683
[1,     6] loss: 0.680
[1,     7] loss: 0.689
[1,     8] loss: 0.688
[1,     9] loss: 0.714
[1,    10] loss: 0.707
[1,    11] loss: 0.704
[1,    12] loss: 0.701
[1,    13] loss: 0.698
[1,    14] loss: 0.722
[1,    15] loss: 0.704
[1,    16] loss: 0.707
[1,    17] loss: 0.682
[1,    18] loss: 0.685
[1,    19] loss: 0.707
[1,    20] loss: 0.707
[1,    21] loss: 0.682
[1,    22] loss: 0.691
[1,    23] loss: 0.713
[1,    24] loss: 0.700
[1,    25] loss: 0.694
[1,    26] loss: 0.707
[1,    27] loss: 0.671
Accuracy of the network: 50 %
[2,     1] loss: 0.701
[2,     2] loss: 0.706
[2,     3] loss: 0.667
[2,     4] loss: 0.692
[2,     5] loss: 0.691
[2,     6] loss: 0.679
[2,     7] loss: 0.692
[2,     8] loss: 0.715
[2,     9] loss: 0.694
[2,    10] loss: 0.700
[2,    11] loss: 0.713
[2,    12] loss: 0.701
[2,    13] loss: 0.728
[2,    14] loss: 0.691
[2,    15] loss: 0.679
[2,    16] loss: 0.688
[2,    17] loss: 0.713
[2,    18] loss: 0.682
[2,    19] loss: 0.713
[2,    20] loss: 0.694
[2,    21] loss: 0.706
[2,    22] loss: 0.714
[2,    23] loss: 0.686
[2,    24] loss: 0.691
[2,    25] loss: 0.697
[2,    26] loss: 0.697
[2,    27] loss: 0.697
Accuracy of the network: 50 %
[3,     1] loss: 0.680
[3,     2] loss: 0.697
[3,     3] loss: 0.708
[3,     4] loss: 0.703
[3,     5] loss: 0.703
[3,     6] loss: 0.671
[3,     7] loss: 0.697
[3,     8] loss: 0.677
[3,     9] loss: 0.703
[3,    10] loss: 0.691
[3,    11] loss: 0.708
[3,    12] loss: 0.694
[3,    13] loss: 0.716
[3,    14] loss: 0.705
[3,    15] loss: 0.711
[3,    16] loss: 0.707
[3,    17] loss: 0.671
[3,    18] loss: 0.703
[3,    19] loss: 0.681
[3,    20] loss: 0.685
[3,    21] loss: 0.702
[3,    22] loss: 0.688
[3,    23] loss: 0.724
[3,    24] loss: 0.694
[3,    25] loss: 0.691
[3,    26] loss: 0.703
[3,    27] loss: 0.702
Accuracy of the network: 50 %
[4,     1] loss: 0.705
[4,     2] loss: 0.688
[4,     3] loss: 0.707
[4,     4] loss: 0.691
[4,     5] loss: 0.704
[4,     6] loss: 0.691
[4,     7] loss: 0.715
[4,     8] loss: 0.696
[4,     9] loss: 0.715
[4,    10] loss: 0.694
[4,    11] loss: 0.688
[4,    12] loss: 0.702
[4,    13] loss: 0.691
[4,    14] loss: 0.696
[4,    15] loss: 0.694
[4,    16] loss: 0.678
[4,    17] loss: 0.686
[4,    18] loss: 0.681
[4,    19] loss: 0.693
[4,    20] loss: 0.712
[4,    21] loss: 0.688
[4,    22] loss: 0.704
[4,    23] loss: 0.704
[4,    24] loss: 0.701
[4,    25] loss: 0.690
[4,    26] loss: 0.688
[4,    27] loss: 0.696
Accuracy of the network: 50 %
[5,     1] loss: 0.717
[5,     2] loss: 0.688
[5,     3] loss: 0.693
[5,     4] loss: 0.715
[5,     5] loss: 0.691
[5,     6] loss: 0.701
[5,     7] loss: 0.711
[5,     8] loss: 0.708
[5,     9] loss: 0.694
[5,    10] loss: 0.701
[5,    11] loss: 0.704
[5,    12] loss: 0.703
[5,    13] loss: 0.703
[5,    14] loss: 0.703
[5,    15] loss: 0.698
[5,    16] loss: 0.708
[5,    17] loss: 0.701
[5,    18] loss: 0.681
[5,    19] loss: 0.698
[5,    20] loss: 0.683
[5,    21] loss: 0.698
[5,    22] loss: 0.686
[5,    23] loss: 0.688
[5,    24] loss: 0.675
[5,    25] loss: 0.679
[5,    26] loss: 0.669
[5,    27] loss: 0.691
Accuracy of the network: 50 %
[6,     1] loss: 0.691
[6,     2] loss: 0.693
[6,     3] loss: 0.705
[6,     4] loss: 0.686
[6,     5] loss: 0.686
[6,     6] loss: 0.691
[6,     7] loss: 0.691
[6,     8] loss: 0.706
[6,     9] loss: 0.678
[6,    10] loss: 0.690
[6,    11] loss: 0.691
[6,    12] loss: 0.710
[6,    13] loss: 0.703
[6,    14] loss: 0.698
[6,    15] loss: 0.688
[6,    16] loss: 0.707
[6,    17] loss: 0.691
[6,    18] loss: 0.690
[6,    19] loss: 0.695
[6,    20] loss: 0.698
[6,    21] loss: 0.707
[6,    22] loss: 0.700
[6,    23] loss: 0.697
[6,    24] loss: 0.691
[6,    25] loss: 0.700
[6,    26] loss: 0.707
[6,    27] loss: 0.679
Accuracy of the network: 50 %
[7,     1] loss: 0.717
[7,     2] loss: 0.702
[7,     3] loss: 0.695
[7,     4] loss: 0.687
[7,     5] loss: 0.695
[7,     6] loss: 0.690
[7,     7] loss: 0.694
[7,     8] loss: 0.704
[7,     9] loss: 0.686
[7,    10] loss: 0.690
[7,    11] loss: 0.704
[7,    12] loss: 0.695
[7,    13] loss: 0.695
[7,    14] loss: 0.690
[7,    15] loss: 0.714
[7,    16] loss: 0.706
[7,    17] loss: 0.669
[7,    18] loss: 0.688
[7,    19] loss: 0.688
[7,    20] loss: 0.684
[7,    21] loss: 0.698
[7,    22] loss: 0.683
[7,    23] loss: 0.681
[7,    24] loss: 0.711
[7,    25] loss: 0.702
[7,    26] loss: 0.704
[7,    27] loss: 0.686
Accuracy of the network: 50 %
[8,     1] loss: 0.694
[8,     2] loss: 0.685
[8,     3] loss: 0.695
[8,     4] loss: 0.679
[8,     5] loss: 0.677
[8,     6] loss: 0.696
[8,     7] loss: 0.706
[8,     8] loss: 0.698
[8,     9] loss: 0.706
[8,    10] loss: 0.690
[8,    11] loss: 0.692
[8,    12] loss: 0.677
[8,    13] loss: 0.693
[8,    14] loss: 0.690
[8,    15] loss: 0.703
[8,    16] loss: 0.703
[8,    17] loss: 0.705
[8,    18] loss: 0.681
[8,    19] loss: 0.690
[8,    20] loss: 0.698
[8,    21] loss: 0.697
[8,    22] loss: 0.705
[8,    23] loss: 0.692
[8,    24] loss: 0.703
[8,    25] loss: 0.694
[8,    26] loss: 0.705
[8,    27] loss: 0.698
Accuracy of the network: 50 %
[9,     1] loss: 0.712
[9,     2] loss: 0.692
[9,     3] loss: 0.686
[9,     4] loss: 0.682
[9,     5] loss: 0.692
[9,     6] loss: 0.698
[9,     7] loss: 0.694
[9,     8] loss: 0.690
[9,     9] loss: 0.702
[9,    10] loss: 0.704
[9,    11] loss: 0.691
[9,    12] loss: 0.696
[9,    13] loss: 0.690
[9,    14] loss: 0.699
[9,    15] loss: 0.696
[9,    16] loss: 0.694
[9,    17] loss: 0.705
[9,    18] loss: 0.692
[9,    19] loss: 0.706
[9,    20] loss: 0.688
[9,    21] loss: 0.675
[9,    22] loss: 0.688
[9,    23] loss: 0.688
[9,    24] loss: 0.698
[9,    25] loss: 0.679
[9,    26] loss: 0.704
[9,    27] loss: 0.701
Accuracy of the network: 50 %
[10,     1] loss: 0.710
[10,     2] loss: 0.691
[10,     3] loss: 0.694
[10,     4] loss: 0.700
[10,     5] loss: 0.698
[10,     6] loss: 0.678
[10,     7] loss: 0.708
[10,     8] loss: 0.694
[10,     9] loss: 0.690
[10,    10] loss: 0.684
[10,    11] loss: 0.680
[10,    12] loss: 0.686
[10,    13] loss: 0.699
[10,    14] loss: 0.682
[10,    15] loss: 0.684
[10,    16] loss: 0.687
[10,    17] loss: 0.702
[10,    18] loss: 0.697
[10,    19] loss: 0.694
[10,    20] loss: 0.691
[10,    21] loss: 0.699
[10,    22] loss: 0.690
[10,    23] loss: 0.693
[10,    24] loss: 0.703
[10,    25] loss: 0.703
[10,    26] loss: 0.694
[10,    27] loss: 0.703
Accuracy of the network: 50 %
[11,     1] loss: 0.699
[11,     2] loss: 0.684
[11,     3] loss: 0.697
[11,     4] loss: 0.699
[11,     5] loss: 0.684
[11,     6] loss: 0.699
[11,     7] loss: 0.707
[11,     8] loss: 0.671
[11,     9] loss: 0.691
[11,    10] loss: 0.694
[11,    11] loss: 0.691
[11,    12] loss: 0.676
[11,    13] loss: 0.703
[11,    14] loss: 0.687
[11,    15] loss: 0.703
[11,    16] loss: 0.690
[11,    17] loss: 0.699
[11,    18] loss: 0.694
[11,    19] loss: 0.697
[11,    20] loss: 0.691
[11,    21] loss: 0.713
[11,    22] loss: 0.702
[11,    23] loss: 0.691
[11,    24] loss: 0.695
[11,    25] loss: 0.687
[11,    26] loss: 0.682
[11,    27] loss: 0.692
Accuracy of the network: 50 %
[12,     1] loss: 0.701
[12,     2] loss: 0.697
[12,     3] loss: 0.697
[12,     4] loss: 0.688
[12,     5] loss: 0.700
[12,     6] loss: 0.695
[12,     7] loss: 0.688
[12,     8] loss: 0.701
[12,     9] loss: 0.693
[12,    10] loss: 0.695
[12,    11] loss: 0.680
[12,    12] loss: 0.694
[12,    13] loss: 0.703
[12,    14] loss: 0.689
[12,    15] loss: 0.682
[12,    16] loss: 0.694
[12,    17] loss: 0.692
[12,    18] loss: 0.689
[12,    19] loss: 0.684
[12,    20] loss: 0.691
[12,    21] loss: 0.696
[12,    22] loss: 0.684
[12,    23] loss: 0.685
[12,    24] loss: 0.701
[12,    25] loss: 0.697
[12,    26] loss: 0.696
[12,    27] loss: 0.696
Accuracy of the network: 50 %
[13,     1] loss: 0.698
[13,     2] loss: 0.709
[13,     3] loss: 0.700
[13,     4] loss: 0.699
[13,     5] loss: 0.686
[13,     6] loss: 0.700
[13,     7] loss: 0.691
[13,     8] loss: 0.699
[13,     9] loss: 0.694
[13,    10] loss: 0.696
[13,    11] loss: 0.683
[13,    12] loss: 0.694
[13,    13] loss: 0.706
[13,    14] loss: 0.686
[13,    15] loss: 0.686
[13,    16] loss: 0.693
[13,    17] loss: 0.685
[13,    18] loss: 0.687
[13,    19] loss: 0.687
[13,    20] loss: 0.684
[13,    21] loss: 0.688
[13,    22] loss: 0.685
[13,    23] loss: 0.701
[13,    24] loss: 0.699
[13,    25] loss: 0.689
[13,    26] loss: 0.692
[13,    27] loss: 0.673
Accuracy of the network: 50 %
[14,     1] loss: 0.689
[14,     2] loss: 0.692
[14,     3] loss: 0.694
[14,     4] loss: 0.699
[14,     5] loss: 0.694
[14,     6] loss: 0.698
[14,     7] loss: 0.698
[14,     8] loss: 0.690
[14,     9] loss: 0.689
[14,    10] loss: 0.685
[14,    11] loss: 0.687
[14,    12] loss: 0.696
[14,    13] loss: 0.688
[14,    14] loss: 0.691
[14,    15] loss: 0.699
[14,    16] loss: 0.693
[14,    17] loss: 0.687
[14,    18] loss: 0.706
[14,    19] loss: 0.675
[14,    20] loss: 0.692
[14,    21] loss: 0.679
[14,    22] loss: 0.683
[14,    23] loss: 0.696
[14,    24] loss: 0.688
[14,    25] loss: 0.694
[14,    26] loss: 0.705
[14,    27] loss: 0.701
Accuracy of the network: 50 %
[15,     1] loss: 0.688
[15,     2] loss: 0.688
[15,     3] loss: 0.690
[15,     4] loss: 0.687
[15,     5] loss: 0.683
[15,     6] loss: 0.696
[15,     7] loss: 0.688
[15,     8] loss: 0.691
[15,     9] loss: 0.694
[15,    10] loss: 0.698
[15,    11] loss: 0.702
[15,    12] loss: 0.684
[15,    13] loss: 0.683
[15,    14] loss: 0.694
[15,    15] loss: 0.685
[15,    16] loss: 0.690
[15,    17] loss: 0.696
[15,    18] loss: 0.692
[15,    19] loss: 0.695
[15,    20] loss: 0.692
[15,    21] loss: 0.694
[15,    22] loss: 0.681
[15,    23] loss: 0.695
[15,    24] loss: 0.700
[15,    25] loss: 0.706
[15,    26] loss: 0.691
[15,    27] loss: 0.688
Accuracy of the network: 50 %
[16,     1] loss: 0.702
[16,     2] loss: 0.689
[16,     3] loss: 0.682
[16,     4] loss: 0.691
[16,     5] loss: 0.686
[16,     6] loss: 0.689
[16,     7] loss: 0.691
[16,     8] loss: 0.694
[16,     9] loss: 0.696
[16,    10] loss: 0.681
[16,    11] loss: 0.694
[16,    12] loss: 0.701
[16,    13] loss: 0.691
[16,    14] loss: 0.692
[16,    15] loss: 0.697
[16,    16] loss: 0.702
[16,    17] loss: 0.688
[16,    18] loss: 0.685
[16,    19] loss: 0.692
[16,    20] loss: 0.695
[16,    21] loss: 0.693
[16,    22] loss: 0.694
[16,    23] loss: 0.691
[16,    24] loss: 0.683
[16,    25] loss: 0.690
[16,    26] loss: 0.686
[16,    27] loss: 0.691
Accuracy of the network: 50 %
[17,     1] loss: 0.688
[17,     2] loss: 0.683
[17,     3] loss: 0.689
[17,     4] loss: 0.686
[17,     5] loss: 0.693
[17,     6] loss: 0.692
[17,     7] loss: 0.688
[17,     8] loss: 0.689
[17,     9] loss: 0.688
[17,    10] loss: 0.697
[17,    11] loss: 0.695
[17,    12] loss: 0.701
[17,    13] loss: 0.697
[17,    14] loss: 0.690
[17,    15] loss: 0.687
[17,    16] loss: 0.682
[17,    17] loss: 0.694
[17,    18] loss: 0.683
[17,    19] loss: 0.699
[17,    20] loss: 0.698
[17,    21] loss: 0.685
[17,    22] loss: 0.696
[17,    23] loss: 0.692
[17,    24] loss: 0.693
[17,    25] loss: 0.691
[17,    26] loss: 0.692
[17,    27] loss: 0.689
Accuracy of the network: 50 %
[18,     1] loss: 0.691
[18,     2] loss: 0.697
[18,     3] loss: 0.685
[18,     4] loss: 0.690
[18,     5] loss: 0.700
[18,     6] loss: 0.693
[18,     7] loss: 0.691
[18,     8] loss: 0.686
[18,     9] loss: 0.693
[18,    10] loss: 0.701
[18,    11] loss: 0.696
[18,    12] loss: 0.686
[18,    13] loss: 0.699
[18,    14] loss: 0.690
[18,    15] loss: 0.690
[18,    16] loss: 0.692
[18,    17] loss: 0.689
[18,    18] loss: 0.697
[18,    19] loss: 0.692
[18,    20] loss: 0.681
[18,    21] loss: 0.686
[18,    22] loss: 0.686
[18,    23] loss: 0.697
[18,    24] loss: 0.684
[18,    25] loss: 0.689
[18,    26] loss: 0.681
[18,    27] loss: 0.678
Accuracy of the network: 50 %
[19,     1] loss: 0.684
[19,     2] loss: 0.694
[19,     3] loss: 0.688
[19,     4] loss: 0.689
[19,     5] loss: 0.686
[19,     6] loss: 0.689
[19,     7] loss: 0.694
[19,     8] loss: 0.689
[19,     9] loss: 0.687
[19,    10] loss: 0.691
[19,    11] loss: 0.690
[19,    12] loss: 0.691
[19,    13] loss: 0.694
[19,    14] loss: 0.693
[19,    15] loss: 0.693
[19,    16] loss: 0.694
[19,    17] loss: 0.693
[19,    18] loss: 0.686
[19,    19] loss: 0.690
[19,    20] loss: 0.696
[19,    21] loss: 0.685
[19,    22] loss: 0.679
[19,    23] loss: 0.689
[19,    24] loss: 0.689
[19,    25] loss: 0.699
[19,    26] loss: 0.691
[19,    27] loss: 0.694
Accuracy of the network: 50 %
[20,     1] loss: 0.688
[20,     2] loss: 0.688
[20,     3] loss: 0.690
[20,     4] loss: 0.695
[20,     5] loss: 0.692
[20,     6] loss: 0.684
[20,     7] loss: 0.690
[20,     8] loss: 0.683
[20,     9] loss: 0.702
[20,    10] loss: 0.690
[20,    11] loss: 0.698
[20,    12] loss: 0.689
[20,    13] loss: 0.691
[20,    14] loss: 0.695
[20,    15] loss: 0.694
[20,    16] loss: 0.685
[20,    17] loss: 0.700
[20,    18] loss: 0.690
[20,    19] loss: 0.689
[20,    20] loss: 0.688
[20,    21] loss: 0.691
[20,    22] loss: 0.684
[20,    23] loss: 0.680
[20,    24] loss: 0.680
[20,    25] loss: 0.685
[20,    26] loss: 0.687
[20,    27] loss: 0.701
Accuracy of the network: 50 %
[21,     1] loss: 0.688
[21,     2] loss: 0.685
[21,     3] loss: 0.684
[21,     4] loss: 0.696
[21,     5] loss: 0.700
[21,     6] loss: 0.695
[21,     7] loss: 0.687
[21,     8] loss: 0.688
[21,     9] loss: 0.692
[21,    10] loss: 0.694
[21,    11] loss: 0.681
[21,    12] loss: 0.691
[21,    13] loss: 0.690
[21,    14] loss: 0.684
[21,    15] loss: 0.691
[21,    16] loss: 0.687
[21,    17] loss: 0.688
[21,    18] loss: 0.694
[21,    19] loss: 0.692
[21,    20] loss: 0.690
[21,    21] loss: 0.684
[21,    22] loss: 0.694
[21,    23] loss: 0.686
[21,    24] loss: 0.684
[21,    25] loss: 0.690
[21,    26] loss: 0.685
[21,    27] loss: 0.696
Accuracy of the network: 50 %
[22,     1] loss: 0.691
[22,     2] loss: 0.697
[22,     3] loss: 0.690
[22,     4] loss: 0.694
[22,     5] loss: 0.684
[22,     6] loss: 0.689
[22,     7] loss: 0.689
[22,     8] loss: 0.692
[22,     9] loss: 0.683
[22,    10] loss: 0.691
[22,    11] loss: 0.694
[22,    12] loss: 0.691
[22,    13] loss: 0.686
[22,    14] loss: 0.687
[22,    15] loss: 0.685
[22,    16] loss: 0.683
[22,    17] loss: 0.687
[22,    18] loss: 0.688
[22,    19] loss: 0.685
[22,    20] loss: 0.691
[22,    21] loss: 0.686
[22,    22] loss: 0.695
[22,    23] loss: 0.688
[22,    24] loss: 0.689
[22,    25] loss: 0.684
[22,    26] loss: 0.692
[22,    27] loss: 0.685
Accuracy of the network: 50 %
[23,     1] loss: 0.691
[23,     2] loss: 0.685
[23,     3] loss: 0.689
[23,     4] loss: 0.684
[23,     5] loss: 0.690
[23,     6] loss: 0.692
[23,     7] loss: 0.690
[23,     8] loss: 0.685
[23,     9] loss: 0.689
[23,    10] loss: 0.686
[23,    11] loss: 0.689
[23,    12] loss: 0.686
[23,    13] loss: 0.686
[23,    14] loss: 0.690
[23,    15] loss: 0.686
[23,    16] loss: 0.699
[23,    17] loss: 0.686
[23,    18] loss: 0.691
[23,    19] loss: 0.691
[23,    20] loss: 0.691
[23,    21] loss: 0.686
[23,    22] loss: 0.685
[23,    23] loss: 0.688
[23,    24] loss: 0.689
[23,    25] loss: 0.688
[23,    26] loss: 0.682
[23,    27] loss: 0.691
Accuracy of the network: 50 %
[24,     1] loss: 0.684
[24,     2] loss: 0.691
[24,     3] loss: 0.689
[24,     4] loss: 0.686
[24,     5] loss: 0.694
[24,     6] loss: 0.689
[24,     7] loss: 0.688
[24,     8] loss: 0.691
[24,     9] loss: 0.685
[24,    10] loss: 0.688
[24,    11] loss: 0.688
[24,    12] loss: 0.688
[24,    13] loss: 0.689
[24,    14] loss: 0.686
[24,    15] loss: 0.692
[24,    16] loss: 0.697
[24,    17] loss: 0.678
[24,    18] loss: 0.692
[24,    19] loss: 0.695
[24,    20] loss: 0.685
[24,    21] loss: 0.689
[24,    22] loss: 0.683
[24,    23] loss: 0.694
[24,    24] loss: 0.680
[24,    25] loss: 0.684
[24,    26] loss: 0.686
[24,    27] loss: 0.683
Accuracy of the network: 50 %
[25,     1] loss: 0.689
[25,     2] loss: 0.685
[25,     3] loss: 0.687
[25,     4] loss: 0.683
[25,     5] loss: 0.684
[25,     6] loss: 0.688
[25,     7] loss: 0.686
[25,     8] loss: 0.687
[25,     9] loss: 0.686
[25,    10] loss: 0.690
[25,    11] loss: 0.685
[25,    12] loss: 0.688
[25,    13] loss: 0.687
[25,    14] loss: 0.691
[25,    15] loss: 0.689
[25,    16] loss: 0.684
[25,    17] loss: 0.687
[25,    18] loss: 0.692
[25,    19] loss: 0.691
[25,    20] loss: 0.683
[25,    21] loss: 0.682
[25,    22] loss: 0.691
[25,    23] loss: 0.688
[25,    24] loss: 0.686
[25,    25] loss: 0.687
[25,    26] loss: 0.693
[25,    27] loss: 0.688
Accuracy of the network: 50 %
[26,     1] loss: 0.686
[26,     2] loss: 0.689
[26,     3] loss: 0.686
[26,     4] loss: 0.685
[26,     5] loss: 0.691
[26,     6] loss: 0.687
[26,     7] loss: 0.685
[26,     8] loss: 0.690
[26,     9] loss: 0.684
[26,    10] loss: 0.691
[26,    11] loss: 0.691
[26,    12] loss: 0.686
[26,    13] loss: 0.684
[26,    14] loss: 0.685
[26,    15] loss: 0.689
[26,    16] loss: 0.685
[26,    17] loss: 0.679
[26,    18] loss: 0.691
[26,    19] loss: 0.692
[26,    20] loss: 0.686
[26,    21] loss: 0.685
[26,    22] loss: 0.687
[26,    23] loss: 0.687
[26,    24] loss: 0.683
[26,    25] loss: 0.686
[26,    26] loss: 0.687
[26,    27] loss: 0.686
Accuracy of the network: 50 %
[27,     1] loss: 0.682
[27,     2] loss: 0.689
[27,     3] loss: 0.687
[27,     4] loss: 0.692
[27,     5] loss: 0.685
[27,     6] loss: 0.688
[27,     7] loss: 0.688
[27,     8] loss: 0.690
[27,     9] loss: 0.682
[27,    10] loss: 0.686
[27,    11] loss: 0.686
[27,    12] loss: 0.686
[27,    13] loss: 0.684
[27,    14] loss: 0.694
[27,    15] loss: 0.688
[27,    16] loss: 0.686
[27,    17] loss: 0.681
[27,    18] loss: 0.686
[27,    19] loss: 0.689
[27,    20] loss: 0.683
[27,    21] loss: 0.682
[27,    22] loss: 0.682
[27,    23] loss: 0.688
[27,    24] loss: 0.688
[27,    25] loss: 0.689
[27,    26] loss: 0.683
[27,    27] loss: 0.685
Accuracy of the network: 51 %
[28,     1] loss: 0.691
[28,     2] loss: 0.692
[28,     3] loss: 0.687
[28,     4] loss: 0.688
[28,     5] loss: 0.687
[28,     6] loss: 0.684
[28,     7] loss: 0.687
[28,     8] loss: 0.681
[28,     9] loss: 0.685
[28,    10] loss: 0.686
[28,    11] loss: 0.687
[28,    12] loss: 0.681
[28,    13] loss: 0.689
[28,    14] loss: 0.688
[28,    15] loss: 0.680
[28,    16] loss: 0.687
[28,    17] loss: 0.683
[28,    18] loss: 0.688
[28,    19] loss: 0.678
[28,    20] loss: 0.686
[28,    21] loss: 0.683
[28,    22] loss: 0.683
[28,    23] loss: 0.686
[28,    24] loss: 0.686
[28,    25] loss: 0.683
[28,    26] loss: 0.686
[28,    27] loss: 0.686
Accuracy of the network: 53 %
[29,     1] loss: 0.685
[29,     2] loss: 0.689
[29,     3] loss: 0.688
[29,     4] loss: 0.683
[29,     5] loss: 0.687
[29,     6] loss: 0.685
[29,     7] loss: 0.689
[29,     8] loss: 0.687
[29,     9] loss: 0.682
[29,    10] loss: 0.685
[29,    11] loss: 0.683
[29,    12] loss: 0.685
[29,    13] loss: 0.686
[29,    14] loss: 0.685
[29,    15] loss: 0.685
[29,    16] loss: 0.686
[29,    17] loss: 0.683
[29,    18] loss: 0.680
[29,    19] loss: 0.682
[29,    20] loss: 0.682
[29,    21] loss: 0.683
[29,    22] loss: 0.685
[29,    23] loss: 0.684
[29,    24] loss: 0.688
[29,    25] loss: 0.684
[29,    26] loss: 0.684
[29,    27] loss: 0.686
Accuracy of the network: 56 %
[30,     1] loss: 0.685
[30,     2] loss: 0.687
[30,     3] loss: 0.685
[30,     4] loss: 0.685
[30,     5] loss: 0.679
[30,     6] loss: 0.690
[30,     7] loss: 0.683
[30,     8] loss: 0.680
[30,     9] loss: 0.687
[30,    10] loss: 0.680
[30,    11] loss: 0.684
[30,    12] loss: 0.684
[30,    13] loss: 0.683
[30,    14] loss: 0.686
[30,    15] loss: 0.690
[30,    16] loss: 0.681
[30,    17] loss: 0.682
[30,    18] loss: 0.683
[30,    19] loss: 0.683
[30,    20] loss: 0.684
[30,    21] loss: 0.685
[30,    22] loss: 0.685
[30,    23] loss: 0.682
[30,    24] loss: 0.686
[30,    25] loss: 0.684
[30,    26] loss: 0.685
[30,    27] loss: 0.681
Accuracy of the network: 57 %
[31,     1] loss: 0.685
[31,     2] loss: 0.683
[31,     3] loss: 0.683
[31,     4] loss: 0.681
[31,     5] loss: 0.685
[31,     6] loss: 0.683
[31,     7] loss: 0.685
[31,     8] loss: 0.684
[31,     9] loss: 0.685
[31,    10] loss: 0.682
[31,    11] loss: 0.681
[31,    12] loss: 0.683
[31,    13] loss: 0.685
[31,    14] loss: 0.682
[31,    15] loss: 0.685
[31,    16] loss: 0.683
[31,    17] loss: 0.681
[31,    18] loss: 0.683
[31,    19] loss: 0.682
[31,    20] loss: 0.682
[31,    21] loss: 0.683
[31,    22] loss: 0.681
[31,    23] loss: 0.684
[31,    24] loss: 0.680
[31,    25] loss: 0.681
[31,    26] loss: 0.683
[31,    27] loss: 0.691
Accuracy of the network: 66 %
[32,     1] loss: 0.686
[32,     2] loss: 0.682
[32,     3] loss: 0.683
[32,     4] loss: 0.681
[32,     5] loss: 0.682
[32,     6] loss: 0.682
[32,     7] loss: 0.681
[32,     8] loss: 0.683
[32,     9] loss: 0.685
[32,    10] loss: 0.684
[32,    11] loss: 0.681
[32,    12] loss: 0.679
[32,    13] loss: 0.686
[32,    14] loss: 0.685
[32,    15] loss: 0.681
[32,    16] loss: 0.681
[32,    17] loss: 0.682
[32,    18] loss: 0.679
[32,    19] loss: 0.679
[32,    20] loss: 0.682
[32,    21] loss: 0.681
[32,    22] loss: 0.681
[32,    23] loss: 0.683
[32,    24] loss: 0.679
[32,    25] loss: 0.684
[32,    26] loss: 0.681
[32,    27] loss: 0.687
Accuracy of the network: 70 %
[33,     1] loss: 0.682
[33,     2] loss: 0.684
[33,     3] loss: 0.685
[33,     4] loss: 0.683
[33,     5] loss: 0.681
[33,     6] loss: 0.680
[33,     7] loss: 0.685
[33,     8] loss: 0.683
[33,     9] loss: 0.681
[33,    10] loss: 0.682
[33,    11] loss: 0.679
[33,    12] loss: 0.679
[33,    13] loss: 0.679
[33,    14] loss: 0.682
[33,    15] loss: 0.683
[33,    16] loss: 0.684
[33,    17] loss: 0.678
[33,    18] loss: 0.681
[33,    19] loss: 0.679
[33,    20] loss: 0.680
[33,    21] loss: 0.679
[33,    22] loss: 0.679
[33,    23] loss: 0.680
[33,    24] loss: 0.681
[33,    25] loss: 0.682
[33,    26] loss: 0.680
[33,    27] loss: 0.680
Accuracy of the network: 75 %
[34,     1] loss: 0.678
[34,     2] loss: 0.680
[34,     3] loss: 0.681
[34,     4] loss: 0.681
[34,     5] loss: 0.681
[34,     6] loss: 0.678
[34,     7] loss: 0.682
[34,     8] loss: 0.678
[34,     9] loss: 0.680
[34,    10] loss: 0.680
[34,    11] loss: 0.680
[34,    12] loss: 0.683
[34,    13] loss: 0.683
[34,    14] loss: 0.680
[34,    15] loss: 0.679
[34,    16] loss: 0.680
[34,    17] loss: 0.681
[34,    18] loss: 0.680
[34,    19] loss: 0.681
[34,    20] loss: 0.680
[34,    21] loss: 0.681
[34,    22] loss: 0.680
[34,    23] loss: 0.679
[34,    24] loss: 0.676
[34,    25] loss: 0.679
[34,    26] loss: 0.681
[34,    27] loss: 0.678
Accuracy of the network: 77 %
[35,     1] loss: 0.676
[35,     2] loss: 0.682
[35,     3] loss: 0.679
[35,     4] loss: 0.677
[35,     5] loss: 0.680
[35,     6] loss: 0.676
[35,     7] loss: 0.681
[35,     8] loss: 0.678
[35,     9] loss: 0.679
[35,    10] loss: 0.679
[35,    11] loss: 0.677
[35,    12] loss: 0.682
[35,    13] loss: 0.680
[35,    14] loss: 0.680
[35,    15] loss: 0.676
[35,    16] loss: 0.681
[35,    17] loss: 0.680
[35,    18] loss: 0.675
[35,    19] loss: 0.678
[35,    20] loss: 0.678
[35,    21] loss: 0.681
[35,    22] loss: 0.679
[35,    23] loss: 0.677
[35,    24] loss: 0.681
[35,    25] loss: 0.677
[35,    26] loss: 0.682
[35,    27] loss: 0.680
Accuracy of the network: 77 %
[36,     1] loss: 0.683
[36,     2] loss: 0.675
[36,     3] loss: 0.678
[36,     4] loss: 0.677
[36,     5] loss: 0.677
[36,     6] loss: 0.676
[36,     7] loss: 0.682
[36,     8] loss: 0.674
[36,     9] loss: 0.679
[36,    10] loss: 0.676
[36,    11] loss: 0.680
[36,    12] loss: 0.676
[36,    13] loss: 0.677
[36,    14] loss: 0.678
[36,    15] loss: 0.677
[36,    16] loss: 0.679
[36,    17] loss: 0.681
[36,    18] loss: 0.679
[36,    19] loss: 0.677
[36,    20] loss: 0.674
[36,    21] loss: 0.678
[36,    22] loss: 0.681
[36,    23] loss: 0.680
[36,    24] loss: 0.678
[36,    25] loss: 0.678
[36,    26] loss: 0.679
[36,    27] loss: 0.676
Accuracy of the network: 81 %
[37,     1] loss: 0.677
[37,     2] loss: 0.680
[37,     3] loss: 0.674
[37,     4] loss: 0.676
[37,     5] loss: 0.681
[37,     6] loss: 0.675
[37,     7] loss: 0.676
[37,     8] loss: 0.677
[37,     9] loss: 0.675
[37,    10] loss: 0.676
[37,    11] loss: 0.674
[37,    12] loss: 0.676
[37,    13] loss: 0.682
[37,    14] loss: 0.678
[37,    15] loss: 0.674
[37,    16] loss: 0.674
[37,    17] loss: 0.672
[37,    18] loss: 0.677
[37,    19] loss: 0.681
[37,    20] loss: 0.676
[37,    21] loss: 0.676
[37,    22] loss: 0.676
[37,    23] loss: 0.676
[37,    24] loss: 0.675
[37,    25] loss: 0.678
[37,    26] loss: 0.675
[37,    27] loss: 0.671
Accuracy of the network: 81 %
[38,     1] loss: 0.675
[38,     2] loss: 0.677
[38,     3] loss: 0.675
[38,     4] loss: 0.673
[38,     5] loss: 0.676
[38,     6] loss: 0.674
[38,     7] loss: 0.677
[38,     8] loss: 0.675
[38,     9] loss: 0.676
[38,    10] loss: 0.676
[38,    11] loss: 0.678
[38,    12] loss: 0.674
[38,    13] loss: 0.675
[38,    14] loss: 0.673
[38,    15] loss: 0.677
[38,    16] loss: 0.672
[38,    17] loss: 0.674
[38,    18] loss: 0.673
[38,    19] loss: 0.675
[38,    20] loss: 0.675
[38,    21] loss: 0.679
[38,    22] loss: 0.675
[38,    23] loss: 0.671
[38,    24] loss: 0.672
[38,    25] loss: 0.674
[38,    26] loss: 0.676
[38,    27] loss: 0.679
Accuracy of the network: 82 %
[39,     1] loss: 0.674
[39,     2] loss: 0.678
[39,     3] loss: 0.676
[39,     4] loss: 0.674
[39,     5] loss: 0.676
[39,     6] loss: 0.681
[39,     7] loss: 0.670
[39,     8] loss: 0.676
[39,     9] loss: 0.672
[39,    10] loss: 0.674
[39,    11] loss: 0.672
[39,    12] loss: 0.671
[39,    13] loss: 0.674
[39,    14] loss: 0.675
[39,    15] loss: 0.671
[39,    16] loss: 0.672
[39,    17] loss: 0.673
[39,    18] loss: 0.674
[39,    19] loss: 0.672
[39,    20] loss: 0.678
[39,    21] loss: 0.674
[39,    22] loss: 0.673
[39,    23] loss: 0.673
[39,    24] loss: 0.672
[39,    25] loss: 0.670
[39,    26] loss: 0.673
[39,    27] loss: 0.663
Accuracy of the network: 84 %
[40,     1] loss: 0.669
[40,     2] loss: 0.668
[40,     3] loss: 0.671
[40,     4] loss: 0.677
[40,     5] loss: 0.671
[40,     6] loss: 0.672
[40,     7] loss: 0.669
[40,     8] loss: 0.677
[40,     9] loss: 0.668
[40,    10] loss: 0.675
[40,    11] loss: 0.676
[40,    12] loss: 0.672
[40,    13] loss: 0.673
[40,    14] loss: 0.672
[40,    15] loss: 0.669
[40,    16] loss: 0.675
[40,    17] loss: 0.667
[40,    18] loss: 0.669
[40,    19] loss: 0.671
[40,    20] loss: 0.672
[40,    21] loss: 0.675
[40,    22] loss: 0.678
[40,    23] loss: 0.671
[40,    24] loss: 0.673
[40,    25] loss: 0.670
[40,    26] loss: 0.668
[40,    27] loss: 0.669
Accuracy of the network: 83 %
[41,     1] loss: 0.669
[41,     2] loss: 0.674
[41,     3] loss: 0.670
[41,     4] loss: 0.666
[41,     5] loss: 0.663
[41,     6] loss: 0.672
[41,     7] loss: 0.671
[41,     8] loss: 0.666
[41,     9] loss: 0.670
[41,    10] loss: 0.672
[41,    11] loss: 0.675
[41,    12] loss: 0.667
[41,    13] loss: 0.667
[41,    14] loss: 0.670
[41,    15] loss: 0.673
[41,    16] loss: 0.673
[41,    17] loss: 0.667
[41,    18] loss: 0.668
[41,    19] loss: 0.677
[41,    20] loss: 0.674
[41,    21] loss: 0.672
[41,    22] loss: 0.667
[41,    23] loss: 0.671
[41,    24] loss: 0.671
[41,    25] loss: 0.666
[41,    26] loss: 0.668
[41,    27] loss: 0.668
Accuracy of the network: 81 %
[42,     1] loss: 0.668
[42,     2] loss: 0.670
[42,     3] loss: 0.674
[42,     4] loss: 0.670
[42,     5] loss: 0.670
[42,     6] loss: 0.668
[42,     7] loss: 0.670
[42,     8] loss: 0.668
[42,     9] loss: 0.665
[42,    10] loss: 0.668
[42,    11] loss: 0.670
[42,    12] loss: 0.661
[42,    13] loss: 0.661
[42,    14] loss: 0.672
[42,    15] loss: 0.663
[42,    16] loss: 0.669
[42,    17] loss: 0.668
[42,    18] loss: 0.663
[42,    19] loss: 0.666
[42,    20] loss: 0.668
[42,    21] loss: 0.671
[42,    22] loss: 0.672
[42,    23] loss: 0.669
[42,    24] loss: 0.666
[42,    25] loss: 0.670
[42,    26] loss: 0.665
[42,    27] loss: 0.668
Accuracy of the network: 82 %
[43,     1] loss: 0.662
[43,     2] loss: 0.666
[43,     3] loss: 0.672
[43,     4] loss: 0.668
[43,     5] loss: 0.667
[43,     6] loss: 0.669
[43,     7] loss: 0.667
[43,     8] loss: 0.669
[43,     9] loss: 0.671
[43,    10] loss: 0.663
[43,    11] loss: 0.665
[43,    12] loss: 0.664
[43,    13] loss: 0.661
[43,    14] loss: 0.666
[43,    15] loss: 0.663
[43,    16] loss: 0.662
[43,    17] loss: 0.666
[43,    18] loss: 0.665
[43,    19] loss: 0.662
[43,    20] loss: 0.668
[43,    21] loss: 0.664
[43,    22] loss: 0.661
[43,    23] loss: 0.669
[43,    24] loss: 0.666
[43,    25] loss: 0.661
[43,    26] loss: 0.661
[43,    27] loss: 0.668
Accuracy of the network: 82 %
[44,     1] loss: 0.661
[44,     2] loss: 0.665
[44,     3] loss: 0.667
[44,     4] loss: 0.663
[44,     5] loss: 0.671
[44,     6] loss: 0.657
[44,     7] loss: 0.670
[44,     8] loss: 0.659
[44,     9] loss: 0.664
[44,    10] loss: 0.666
[44,    11] loss: 0.667
[44,    12] loss: 0.665
[44,    13] loss: 0.657
[44,    14] loss: 0.666
[44,    15] loss: 0.659
[44,    16] loss: 0.654
[44,    17] loss: 0.667
[44,    18] loss: 0.663
[44,    19] loss: 0.671
[44,    20] loss: 0.655
[44,    21] loss: 0.653
[44,    22] loss: 0.654
[44,    23] loss: 0.665
[44,    24] loss: 0.665
[44,    25] loss: 0.663
[44,    26] loss: 0.666
[44,    27] loss: 0.669
Accuracy of the network: 82 %
[45,     1] loss: 0.671
[45,     2] loss: 0.658
[45,     3] loss: 0.658
[45,     4] loss: 0.662
[45,     5] loss: 0.665
[45,     6] loss: 0.657
[45,     7] loss: 0.659
[45,     8] loss: 0.660
[45,     9] loss: 0.651
[45,    10] loss: 0.658
[45,    11] loss: 0.663
[45,    12] loss: 0.659
[45,    13] loss: 0.668
[45,    14] loss: 0.662
[45,    15] loss: 0.663
[45,    16] loss: 0.657
[45,    17] loss: 0.662
[45,    18] loss: 0.654
[45,    19] loss: 0.662
[45,    20] loss: 0.660
[45,    21] loss: 0.665
[45,    22] loss: 0.668
[45,    23] loss: 0.661
[45,    24] loss: 0.660
[45,    25] loss: 0.657
[45,    26] loss: 0.661
[45,    27] loss: 0.643
Accuracy of the network: 83 %
[46,     1] loss: 0.660
[46,     2] loss: 0.662
[46,     3] loss: 0.653
[46,     4] loss: 0.655
[46,     5] loss: 0.670
[46,     6] loss: 0.654
[46,     7] loss: 0.652
[46,     8] loss: 0.651
[46,     9] loss: 0.661
[46,    10] loss: 0.660
[46,    11] loss: 0.657
[46,    12] loss: 0.657
[46,    13] loss: 0.656
[46,    14] loss: 0.662
[46,    15] loss: 0.659
[46,    16] loss: 0.660
[46,    17] loss: 0.661
[46,    18] loss: 0.663
[46,    19] loss: 0.657
[46,    20] loss: 0.652
[46,    21] loss: 0.660
[46,    22] loss: 0.655
[46,    23] loss: 0.652
[46,    24] loss: 0.655
[46,    25] loss: 0.654
[46,    26] loss: 0.657
[46,    27] loss: 0.644
Accuracy of the network: 81 %
[47,     1] loss: 0.652
[47,     2] loss: 0.662
[47,     3] loss: 0.652
[47,     4] loss: 0.654
[47,     5] loss: 0.655
[47,     6] loss: 0.657
[47,     7] loss: 0.654
[47,     8] loss: 0.646
[47,     9] loss: 0.655
[47,    10] loss: 0.657
[47,    11] loss: 0.668
[47,    12] loss: 0.658
[47,    13] loss: 0.659
[47,    14] loss: 0.656
[47,    15] loss: 0.649
[47,    16] loss: 0.666
[47,    17] loss: 0.655
[47,    18] loss: 0.661
[47,    19] loss: 0.649
[47,    20] loss: 0.650
[47,    21] loss: 0.649
[47,    22] loss: 0.657
[47,    23] loss: 0.651
[47,    24] loss: 0.643
[47,    25] loss: 0.654
[47,    26] loss: 0.643
[47,    27] loss: 0.663
Accuracy of the network: 80 %
[48,     1] loss: 0.661
[48,     2] loss: 0.645
[48,     3] loss: 0.655
[48,     4] loss: 0.653
[48,     5] loss: 0.649
[48,     6] loss: 0.648
[48,     7] loss: 0.657
[48,     8] loss: 0.658
[48,     9] loss: 0.649
[48,    10] loss: 0.643
[48,    11] loss: 0.656
[48,    12] loss: 0.642
[48,    13] loss: 0.653
[48,    14] loss: 0.655
[48,    15] loss: 0.648
[48,    16] loss: 0.652
[48,    17] loss: 0.665
[48,    18] loss: 0.648
[48,    19] loss: 0.643
[48,    20] loss: 0.642
[48,    21] loss: 0.637
[48,    22] loss: 0.657
[48,    23] loss: 0.655
[48,    24] loss: 0.656
[48,    25] loss: 0.646
[48,    26] loss: 0.649
[48,    27] loss: 0.650
Accuracy of the network: 82 %
[49,     1] loss: 0.655
[49,     2] loss: 0.648
[49,     3] loss: 0.645
[49,     4] loss: 0.650
[49,     5] loss: 0.646
[49,     6] loss: 0.657
[49,     7] loss: 0.651
[49,     8] loss: 0.642
[49,     9] loss: 0.655
[49,    10] loss: 0.656
[49,    11] loss: 0.659
[49,    12] loss: 0.644
[49,    13] loss: 0.656
[49,    14] loss: 0.657
[49,    15] loss: 0.648
[49,    16] loss: 0.641
[49,    17] loss: 0.639
[49,    18] loss: 0.650
[49,    19] loss: 0.635
[49,    20] loss: 0.650
[49,    21] loss: 0.648
[49,    22] loss: 0.646
[49,    23] loss: 0.638
[49,    24] loss: 0.648
[49,    25] loss: 0.637
[49,    26] loss: 0.641
[49,    27] loss: 0.642
Accuracy of the network: 81 %
[50,     1] loss: 0.647
[50,     2] loss: 0.648
[50,     3] loss: 0.650
[50,     4] loss: 0.634
[50,     5] loss: 0.641
[50,     6] loss: 0.641
[50,     7] loss: 0.635
[50,     8] loss: 0.638
[50,     9] loss: 0.634
[50,    10] loss: 0.647
[50,    11] loss: 0.642
[50,    12] loss: 0.658
[50,    13] loss: 0.649
[50,    14] loss: 0.653
[50,    15] loss: 0.636
[50,    16] loss: 0.638
[50,    17] loss: 0.642
[50,    18] loss: 0.629
[50,    19] loss: 0.641
[50,    20] loss: 0.645
[50,    21] loss: 0.637
[50,    22] loss: 0.645
[50,    23] loss: 0.653
[50,    24] loss: 0.647
[50,    25] loss: 0.644
[50,    26] loss: 0.655
[50,    27] loss: 0.631
Accuracy of the network: 79 %
[51,     1] loss: 0.635
[51,     2] loss: 0.618
[51,     3] loss: 0.657
[51,     4] loss: 0.652
[51,     5] loss: 0.647
[51,     6] loss: 0.629
[51,     7] loss: 0.633
[51,     8] loss: 0.641
[51,     9] loss: 0.644
[51,    10] loss: 0.630
[51,    11] loss: 0.632
[51,    12] loss: 0.633
[51,    13] loss: 0.644
[51,    14] loss: 0.647
[51,    15] loss: 0.625
[51,    16] loss: 0.644
[51,    17] loss: 0.641
[51,    18] loss: 0.631
[51,    19] loss: 0.646
[51,    20] loss: 0.625
[51,    21] loss: 0.643
[51,    22] loss: 0.637
[51,    23] loss: 0.649
[51,    24] loss: 0.641
[51,    25] loss: 0.660
[51,    26] loss: 0.644
[51,    27] loss: 0.636
Accuracy of the network: 80 %
[52,     1] loss: 0.626
[52,     2] loss: 0.636
[52,     3] loss: 0.631
[52,     4] loss: 0.634
[52,     5] loss: 0.631
[52,     6] loss: 0.630
[52,     7] loss: 0.628
[52,     8] loss: 0.632
[52,     9] loss: 0.632
[52,    10] loss: 0.632
[52,    11] loss: 0.628
[52,    12] loss: 0.633
[52,    13] loss: 0.628
[52,    14] loss: 0.639
[52,    15] loss: 0.636
[52,    16] loss: 0.636
[52,    17] loss: 0.636
[52,    18] loss: 0.640
[52,    19] loss: 0.645
[52,    20] loss: 0.644
[52,    21] loss: 0.617
[52,    22] loss: 0.637
[52,    23] loss: 0.646
[52,    24] loss: 0.624
[52,    25] loss: 0.640
[52,    26] loss: 0.638
[52,    27] loss: 0.641
Accuracy of the network: 81 %
[53,     1] loss: 0.619
[53,     2] loss: 0.650
[53,     3] loss: 0.622
[53,     4] loss: 0.623
[53,     5] loss: 0.630
[53,     6] loss: 0.630
[53,     7] loss: 0.629
[53,     8] loss: 0.618
[53,     9] loss: 0.634
[53,    10] loss: 0.644
[53,    11] loss: 0.637
[53,    12] loss: 0.627
[53,    13] loss: 0.629
[53,    14] loss: 0.624
[53,    15] loss: 0.622
[53,    16] loss: 0.622
[53,    17] loss: 0.655
[53,    18] loss: 0.624
[53,    19] loss: 0.634
[53,    20] loss: 0.628
[53,    21] loss: 0.626
[53,    22] loss: 0.631
[53,    23] loss: 0.629
[53,    24] loss: 0.620
[53,    25] loss: 0.635
[53,    26] loss: 0.625
[53,    27] loss: 0.632
Accuracy of the network: 82 %
[54,     1] loss: 0.617
[54,     2] loss: 0.627
[54,     3] loss: 0.622
[54,     4] loss: 0.617
[54,     5] loss: 0.615
[54,     6] loss: 0.632
[54,     7] loss: 0.628
[54,     8] loss: 0.621
[54,     9] loss: 0.645
[54,    10] loss: 0.627
[54,    11] loss: 0.614
[54,    12] loss: 0.635
[54,    13] loss: 0.612
[54,    14] loss: 0.606
[54,    15] loss: 0.621
[54,    16] loss: 0.618
[54,    17] loss: 0.623
[54,    18] loss: 0.609
[54,    19] loss: 0.624
[54,    20] loss: 0.629
[54,    21] loss: 0.629
[54,    22] loss: 0.640
[54,    23] loss: 0.618
[54,    24] loss: 0.628
[54,    25] loss: 0.628
[54,    26] loss: 0.623
[54,    27] loss: 0.609
Accuracy of the network: 82 %
[55,     1] loss: 0.608
[55,     2] loss: 0.624
[55,     3] loss: 0.630
[55,     4] loss: 0.622
[55,     5] loss: 0.623
[55,     6] loss: 0.612
[55,     7] loss: 0.630
[55,     8] loss: 0.630
[55,     9] loss: 0.602
[55,    10] loss: 0.604
[55,    11] loss: 0.607
[55,    12] loss: 0.626
[55,    13] loss: 0.618
[55,    14] loss: 0.637
[55,    15] loss: 0.623
[55,    16] loss: 0.609
[55,    17] loss: 0.595
[55,    18] loss: 0.629
[55,    19] loss: 0.637
[55,    20] loss: 0.607
[55,    21] loss: 0.624
[55,    22] loss: 0.616
[55,    23] loss: 0.625
[55,    24] loss: 0.602
[55,    25] loss: 0.616
[55,    26] loss: 0.618
[55,    27] loss: 0.615
Accuracy of the network: 82 %
[56,     1] loss: 0.614
[56,     2] loss: 0.598
[56,     3] loss: 0.613
[56,     4] loss: 0.651
[56,     5] loss: 0.610
[56,     6] loss: 0.629
[56,     7] loss: 0.613
[56,     8] loss: 0.599
[56,     9] loss: 0.623
[56,    10] loss: 0.616
[56,    11] loss: 0.612
[56,    12] loss: 0.627
[56,    13] loss: 0.606
[56,    14] loss: 0.620
[56,    15] loss: 0.613
[56,    16] loss: 0.600
[56,    17] loss: 0.614
[56,    18] loss: 0.631
[56,    19] loss: 0.613
[56,    20] loss: 0.596
[56,    21] loss: 0.611
[56,    22] loss: 0.605
[56,    23] loss: 0.619
[56,    24] loss: 0.600
[56,    25] loss: 0.620
[56,    26] loss: 0.607
[56,    27] loss: 0.625
Accuracy of the network: 82 %
[57,     1] loss: 0.603
[57,     2] loss: 0.611
[57,     3] loss: 0.618
[57,     4] loss: 0.604
[57,     5] loss: 0.595
[57,     6] loss: 0.607
[57,     7] loss: 0.611
[57,     8] loss: 0.591
[57,     9] loss: 0.618
[57,    10] loss: 0.614
[57,    11] loss: 0.635
[57,    12] loss: 0.607
[57,    13] loss: 0.595
[57,    14] loss: 0.615
[57,    15] loss: 0.593
[57,    16] loss: 0.618
[57,    17] loss: 0.596
[57,    18] loss: 0.614
[57,    19] loss: 0.622
[57,    20] loss: 0.595
[57,    21] loss: 0.594
[57,    22] loss: 0.610
[57,    23] loss: 0.618
[57,    24] loss: 0.600
[57,    25] loss: 0.605
[57,    26] loss: 0.589
[57,    27] loss: 0.624
Accuracy of the network: 83 %
[58,     1] loss: 0.600
[58,     2] loss: 0.580
[58,     3] loss: 0.598
[58,     4] loss: 0.599
[58,     5] loss: 0.608
[58,     6] loss: 0.588
[58,     7] loss: 0.617
[58,     8] loss: 0.574
[58,     9] loss: 0.609
[58,    10] loss: 0.602
[58,    11] loss: 0.601
[58,    12] loss: 0.637
[58,    13] loss: 0.599
[58,    14] loss: 0.600
[58,    15] loss: 0.574
[58,    16] loss: 0.600
[58,    17] loss: 0.595
[58,    18] loss: 0.598
[58,    19] loss: 0.608
[58,    20] loss: 0.633
[58,    21] loss: 0.603
[58,    22] loss: 0.604
[58,    23] loss: 0.601
[58,    24] loss: 0.603
[58,    25] loss: 0.594
[58,    26] loss: 0.602
[58,    27] loss: 0.588
Accuracy of the network: 82 %
[59,     1] loss: 0.590
[59,     2] loss: 0.593
[59,     3] loss: 0.577
[59,     4] loss: 0.582
[59,     5] loss: 0.606
[59,     6] loss: 0.583
[59,     7] loss: 0.594
[59,     8] loss: 0.607
[59,     9] loss: 0.599
[59,    10] loss: 0.591
[59,    11] loss: 0.595
[59,    12] loss: 0.585
[59,    13] loss: 0.615
[59,    14] loss: 0.582
[59,    15] loss: 0.596
[59,    16] loss: 0.588
[59,    17] loss: 0.591
[59,    18] loss: 0.591
[59,    19] loss: 0.602
[59,    20] loss: 0.598
[59,    21] loss: 0.597
[59,    22] loss: 0.593
[59,    23] loss: 0.611
[59,    24] loss: 0.578
[59,    25] loss: 0.608
[59,    26] loss: 0.585
[59,    27] loss: 0.639
Accuracy of the network: 83 %
[60,     1] loss: 0.586
[60,     2] loss: 0.589
[60,     3] loss: 0.586
[60,     4] loss: 0.593
[60,     5] loss: 0.597
[60,     6] loss: 0.578
[60,     7] loss: 0.591
[60,     8] loss: 0.599
[60,     9] loss: 0.568
[60,    10] loss: 0.566
[60,    11] loss: 0.606
[60,    12] loss: 0.578
[60,    13] loss: 0.588
[60,    14] loss: 0.587
[60,    15] loss: 0.600
[60,    16] loss: 0.602
[60,    17] loss: 0.598
[60,    18] loss: 0.594
[60,    19] loss: 0.591
[60,    20] loss: 0.576
[60,    21] loss: 0.584
[60,    22] loss: 0.591
[60,    23] loss: 0.605
[60,    24] loss: 0.587
[60,    25] loss: 0.592
[60,    26] loss: 0.574
[60,    27] loss: 0.574
Accuracy of the network: 83 %
[61,     1] loss: 0.588
[61,     2] loss: 0.596
[61,     3] loss: 0.611
[61,     4] loss: 0.578
[61,     5] loss: 0.565
[61,     6] loss: 0.586
[61,     7] loss: 0.597
[61,     8] loss: 0.573
[61,     9] loss: 0.573
[61,    10] loss: 0.580
[61,    11] loss: 0.594
[61,    12] loss: 0.602
[61,    13] loss: 0.568
[61,    14] loss: 0.596
[61,    15] loss: 0.559
[61,    16] loss: 0.559
[61,    17] loss: 0.560
[61,    18] loss: 0.567
[61,    19] loss: 0.597
[61,    20] loss: 0.576
[61,    21] loss: 0.569
[61,    22] loss: 0.563
[61,    23] loss: 0.575
[61,    24] loss: 0.607
[61,    25] loss: 0.580
[61,    26] loss: 0.572
[61,    27] loss: 0.586
Accuracy of the network: 84 %
[62,     1] loss: 0.578
[62,     2] loss: 0.598
[62,     3] loss: 0.564
[62,     4] loss: 0.586
[62,     5] loss: 0.561
[62,     6] loss: 0.608
[62,     7] loss: 0.580
[62,     8] loss: 0.575
[62,     9] loss: 0.601
[62,    10] loss: 0.601
[62,    11] loss: 0.588
[62,    12] loss: 0.569
[62,    13] loss: 0.553
[62,    14] loss: 0.594
[62,    15] loss: 0.565
[62,    16] loss: 0.592
[62,    17] loss: 0.568
[62,    18] loss: 0.564
[62,    19] loss: 0.551
[62,    20] loss: 0.565
[62,    21] loss: 0.564
[62,    22] loss: 0.557
[62,    23] loss: 0.588
[62,    24] loss: 0.570
[62,    25] loss: 0.569
[62,    26] loss: 0.544
[62,    27] loss: 0.599
Accuracy of the network: 82 %
[63,     1] loss: 0.583
[63,     2] loss: 0.580
[63,     3] loss: 0.545
[63,     4] loss: 0.589
[63,     5] loss: 0.581
[63,     6] loss: 0.553
[63,     7] loss: 0.520
[63,     8] loss: 0.566
[63,     9] loss: 0.573
[63,    10] loss: 0.574
[63,    11] loss: 0.586
[63,    12] loss: 0.564
[63,    13] loss: 0.581
[63,    14] loss: 0.564
[63,    15] loss: 0.569
[63,    16] loss: 0.561
[63,    17] loss: 0.583
[63,    18] loss: 0.571
[63,    19] loss: 0.562
[63,    20] loss: 0.561
[63,    21] loss: 0.617
[63,    22] loss: 0.580
[63,    23] loss: 0.547
[63,    24] loss: 0.546
[63,    25] loss: 0.552
[63,    26] loss: 0.533
[63,    27] loss: 0.578
Accuracy of the network: 84 %
[64,     1] loss: 0.579
[64,     2] loss: 0.559
[64,     3] loss: 0.536
[64,     4] loss: 0.562
[64,     5] loss: 0.570
[64,     6] loss: 0.580
[64,     7] loss: 0.552
[64,     8] loss: 0.543
[64,     9] loss: 0.550
[64,    10] loss: 0.542
[64,    11] loss: 0.546
[64,    12] loss: 0.580
[64,    13] loss: 0.565
[64,    14] loss: 0.601
[64,    15] loss: 0.569
[64,    16] loss: 0.571
[64,    17] loss: 0.567
[64,    18] loss: 0.578
[64,    19] loss: 0.545
[64,    20] loss: 0.576
[64,    21] loss: 0.539
[64,    22] loss: 0.584
[64,    23] loss: 0.561
[64,    24] loss: 0.533
[64,    25] loss: 0.566
[64,    26] loss: 0.563
[64,    27] loss: 0.565
Accuracy of the network: 82 %
[65,     1] loss: 0.541
[65,     2] loss: 0.547
[65,     3] loss: 0.517
[65,     4] loss: 0.547
[65,     5] loss: 0.518
[65,     6] loss: 0.563
[65,     7] loss: 0.592
[65,     8] loss: 0.558
[65,     9] loss: 0.540
[65,    10] loss: 0.543
[65,    11] loss: 0.583
[65,    12] loss: 0.547
[65,    13] loss: 0.545
[65,    14] loss: 0.544
[65,    15] loss: 0.574
[65,    16] loss: 0.539
[65,    17] loss: 0.590
[65,    18] loss: 0.533
[65,    19] loss: 0.545
[65,    20] loss: 0.551
[65,    21] loss: 0.608
[65,    22] loss: 0.558
[65,    23] loss: 0.552
[65,    24] loss: 0.570
[65,    25] loss: 0.563
[65,    26] loss: 0.570
[65,    27] loss: 0.523
Accuracy of the network: 84 %
[66,     1] loss: 0.577
[66,     2] loss: 0.561
[66,     3] loss: 0.570
[66,     4] loss: 0.555
[66,     5] loss: 0.560
[66,     6] loss: 0.535
[66,     7] loss: 0.531
[66,     8] loss: 0.550
[66,     9] loss: 0.541
[66,    10] loss: 0.508
[66,    11] loss: 0.531
[66,    12] loss: 0.567
[66,    13] loss: 0.552
[66,    14] loss: 0.548
[66,    15] loss: 0.559
[66,    16] loss: 0.585
[66,    17] loss: 0.538
[66,    18] loss: 0.543
[66,    19] loss: 0.543
[66,    20] loss: 0.524
[66,    21] loss: 0.555
[66,    22] loss: 0.547
[66,    23] loss: 0.593
[66,    24] loss: 0.550
[66,    25] loss: 0.520
[66,    26] loss: 0.520
[66,    27] loss: 0.520
Accuracy of the network: 84 %
[67,     1] loss: 0.566
[67,     2] loss: 0.518
[67,     3] loss: 0.512
[67,     4] loss: 0.528
[67,     5] loss: 0.536
[67,     6] loss: 0.548
[67,     7] loss: 0.536
[67,     8] loss: 0.527
[67,     9] loss: 0.532
[67,    10] loss: 0.550
[67,    11] loss: 0.566
[67,    12] loss: 0.550
[67,    13] loss: 0.597
[67,    14] loss: 0.556
[67,    15] loss: 0.540
[67,    16] loss: 0.533
[67,    17] loss: 0.506
[67,    18] loss: 0.520
[67,    19] loss: 0.522
[67,    20] loss: 0.572
[67,    21] loss: 0.571
[67,    22] loss: 0.545
[67,    23] loss: 0.533
[67,    24] loss: 0.539
[67,    25] loss: 0.573
[67,    26] loss: 0.547
[67,    27] loss: 0.527
Accuracy of the network: 83 %
[68,     1] loss: 0.569
[68,     2] loss: 0.538
[68,     3] loss: 0.572
[68,     4] loss: 0.574
[68,     5] loss: 0.520
[68,     6] loss: 0.529
[68,     7] loss: 0.512
[68,     8] loss: 0.513
[68,     9] loss: 0.511
[68,    10] loss: 0.544
[68,    11] loss: 0.524
[68,    12] loss: 0.528
[68,    13] loss: 0.492
[68,    14] loss: 0.558
[68,    15] loss: 0.543
[68,    16] loss: 0.547
[68,    17] loss: 0.534
[68,    18] loss: 0.518
[68,    19] loss: 0.571
[68,    20] loss: 0.508
[68,    21] loss: 0.517
[68,    22] loss: 0.537
[68,    23] loss: 0.570
[68,    24] loss: 0.498
[68,    25] loss: 0.518
[68,    26] loss: 0.524
[68,    27] loss: 0.618
Accuracy of the network: 85 %
[69,     1] loss: 0.540
[69,     2] loss: 0.525
[69,     3] loss: 0.536
[69,     4] loss: 0.523
[69,     5] loss: 0.513
[69,     6] loss: 0.530
[69,     7] loss: 0.494
[69,     8] loss: 0.541
[69,     9] loss: 0.529
[69,    10] loss: 0.536
[69,    11] loss: 0.590
[69,    12] loss: 0.514
[69,    13] loss: 0.537
[69,    14] loss: 0.547
[69,    15] loss: 0.516
[69,    16] loss: 0.513
[69,    17] loss: 0.520
[69,    18] loss: 0.536
[69,    19] loss: 0.551
[69,    20] loss: 0.493
[69,    21] loss: 0.537
[69,    22] loss: 0.552
[69,    23] loss: 0.494
[69,    24] loss: 0.558
[69,    25] loss: 0.559
[69,    26] loss: 0.544
[69,    27] loss: 0.523
Accuracy of the network: 85 %
[70,     1] loss: 0.529
[70,     2] loss: 0.548
[70,     3] loss: 0.491
[70,     4] loss: 0.552
[70,     5] loss: 0.549
[70,     6] loss: 0.517
[70,     7] loss: 0.539
[70,     8] loss: 0.497
[70,     9] loss: 0.507
[70,    10] loss: 0.532
[70,    11] loss: 0.541
[70,    12] loss: 0.500
[70,    13] loss: 0.525
[70,    14] loss: 0.559
[70,    15] loss: 0.497
[70,    16] loss: 0.550
[70,    17] loss: 0.558
[70,    18] loss: 0.506
[70,    19] loss: 0.534
[70,    20] loss: 0.502
[70,    21] loss: 0.491
[70,    22] loss: 0.510
[70,    23] loss: 0.573
[70,    24] loss: 0.540
[70,    25] loss: 0.501
[70,    26] loss: 0.518
[70,    27] loss: 0.507
Accuracy of the network: 84 %
[71,     1] loss: 0.549
[71,     2] loss: 0.496
[71,     3] loss: 0.537
[71,     4] loss: 0.535
[71,     5] loss: 0.560
[71,     6] loss: 0.524
[71,     7] loss: 0.533
[71,     8] loss: 0.507
[71,     9] loss: 0.487
[71,    10] loss: 0.513
[71,    11] loss: 0.496
[71,    12] loss: 0.520
[71,    13] loss: 0.526
[71,    14] loss: 0.550
[71,    15] loss: 0.524
[71,    16] loss: 0.514
[71,    17] loss: 0.505
[71,    18] loss: 0.488
[71,    19] loss: 0.534
[71,    20] loss: 0.560
[71,    21] loss: 0.514
[71,    22] loss: 0.561
[71,    23] loss: 0.513
[71,    24] loss: 0.507
[71,    25] loss: 0.527
[71,    26] loss: 0.511
[71,    27] loss: 0.510
Accuracy of the network: 84 %
[72,     1] loss: 0.478
[72,     2] loss: 0.528
[72,     3] loss: 0.517
[72,     4] loss: 0.506
[72,     5] loss: 0.532
[72,     6] loss: 0.510
[72,     7] loss: 0.510
[72,     8] loss: 0.563
[72,     9] loss: 0.514
[72,    10] loss: 0.495
[72,    11] loss: 0.488
[72,    12] loss: 0.484
[72,    13] loss: 0.514
[72,    14] loss: 0.543
[72,    15] loss: 0.589
[72,    16] loss: 0.495
[72,    17] loss: 0.495
[72,    18] loss: 0.502
[72,    19] loss: 0.502
[72,    20] loss: 0.515
[72,    21] loss: 0.550
[72,    22] loss: 0.514
[72,    23] loss: 0.501
[72,    24] loss: 0.509
[72,    25] loss: 0.518
[72,    26] loss: 0.499
[72,    27] loss: 0.610
Accuracy of the network: 83 %
[73,     1] loss: 0.505
[73,     2] loss: 0.535
[73,     3] loss: 0.463
[73,     4] loss: 0.480
[73,     5] loss: 0.511
[73,     6] loss: 0.499
[73,     7] loss: 0.470
[73,     8] loss: 0.479
[73,     9] loss: 0.486
[73,    10] loss: 0.504
[73,    11] loss: 0.529
[73,    12] loss: 0.500
[73,    13] loss: 0.575
[73,    14] loss: 0.529
[73,    15] loss: 0.520
[73,    16] loss: 0.522
[73,    17] loss: 0.537
[73,    18] loss: 0.501
[73,    19] loss: 0.522
[73,    20] loss: 0.534
[73,    21] loss: 0.509
[73,    22] loss: 0.532
[73,    23] loss: 0.499
[73,    24] loss: 0.543
[73,    25] loss: 0.526
[73,    26] loss: 0.538
[73,    27] loss: 0.502
Accuracy of the network: 85 %
[74,     1] loss: 0.504
[74,     2] loss: 0.518
[74,     3] loss: 0.523
[74,     4] loss: 0.517
[74,     5] loss: 0.506
[74,     6] loss: 0.539
[74,     7] loss: 0.531
[74,     8] loss: 0.523
[74,     9] loss: 0.522
[74,    10] loss: 0.480
[74,    11] loss: 0.475
[74,    12] loss: 0.472
[74,    13] loss: 0.489
[74,    14] loss: 0.531
[74,    15] loss: 0.504
[74,    16] loss: 0.544
[74,    17] loss: 0.493
[74,    18] loss: 0.504
[74,    19] loss: 0.507
[74,    20] loss: 0.478
[74,    21] loss: 0.477
[74,    22] loss: 0.529
[74,    23] loss: 0.530
[74,    24] loss: 0.500
[74,    25] loss: 0.508
[74,    26] loss: 0.470
[74,    27] loss: 0.449
Accuracy of the network: 85 %
[75,     1] loss: 0.483
[75,     2] loss: 0.515
[75,     3] loss: 0.544
[75,     4] loss: 0.489
[75,     5] loss: 0.555
[75,     6] loss: 0.486
[75,     7] loss: 0.532
[75,     8] loss: 0.496
[75,     9] loss: 0.492
[75,    10] loss: 0.453
[75,    11] loss: 0.501
[75,    12] loss: 0.500
[75,    13] loss: 0.464
[75,    14] loss: 0.531
[75,    15] loss: 0.566
[75,    16] loss: 0.538
[75,    17] loss: 0.500
[75,    18] loss: 0.562
[75,    19] loss: 0.537
[75,    20] loss: 0.488
[75,    21] loss: 0.456
[75,    22] loss: 0.493
[75,    23] loss: 0.470
[75,    24] loss: 0.497
[75,    25] loss: 0.496
[75,    26] loss: 0.459
[75,    27] loss: 0.520
Accuracy of the network: 84 %
[76,     1] loss: 0.483
[76,     2] loss: 0.466
[76,     3] loss: 0.502
[76,     4] loss: 0.521
[76,     5] loss: 0.473
[76,     6] loss: 0.456
[76,     7] loss: 0.496
[76,     8] loss: 0.511
[76,     9] loss: 0.488
[76,    10] loss: 0.491
[76,    11] loss: 0.538
[76,    12] loss: 0.455
[76,    13] loss: 0.506
[76,    14] loss: 0.530
[76,    15] loss: 0.502
[76,    16] loss: 0.519
[76,    17] loss: 0.546
[76,    18] loss: 0.456
[76,    19] loss: 0.508
[76,    20] loss: 0.478
[76,    21] loss: 0.530
[76,    22] loss: 0.506
[76,    23] loss: 0.502
[76,    24] loss: 0.549
[76,    25] loss: 0.494
[76,    26] loss: 0.501
[76,    27] loss: 0.498
Accuracy of the network: 86 %
[77,     1] loss: 0.497
[77,     2] loss: 0.516
[77,     3] loss: 0.509
[77,     4] loss: 0.485
[77,     5] loss: 0.529
[77,     6] loss: 0.492
[77,     7] loss: 0.473
[77,     8] loss: 0.500
[77,     9] loss: 0.515
[77,    10] loss: 0.480
[77,    11] loss: 0.466
[77,    12] loss: 0.511
[77,    13] loss: 0.483
[77,    14] loss: 0.536
[77,    15] loss: 0.515
[77,    16] loss: 0.515
[77,    17] loss: 0.518
[77,    18] loss: 0.514
[77,    19] loss: 0.491
[77,    20] loss: 0.509
[77,    21] loss: 0.481
[77,    22] loss: 0.508
[77,    23] loss: 0.480
[77,    24] loss: 0.491
[77,    25] loss: 0.444
[77,    26] loss: 0.455
[77,    27] loss: 0.463
Accuracy of the network: 85 %
[78,     1] loss: 0.508
[78,     2] loss: 0.569
[78,     3] loss: 0.523
[78,     4] loss: 0.487
[78,     5] loss: 0.444
[78,     6] loss: 0.465
[78,     7] loss: 0.498
[78,     8] loss: 0.499
[78,     9] loss: 0.539
[78,    10] loss: 0.471
[78,    11] loss: 0.534
[78,    12] loss: 0.482
[78,    13] loss: 0.501
[78,    14] loss: 0.507
[78,    15] loss: 0.530
[78,    16] loss: 0.445
[78,    17] loss: 0.479
[78,    18] loss: 0.486
[78,    19] loss: 0.473
[78,    20] loss: 0.470
[78,    21] loss: 0.487
[78,    22] loss: 0.473
[78,    23] loss: 0.434
[78,    24] loss: 0.531
[78,    25] loss: 0.470
[78,    26] loss: 0.504
[78,    27] loss: 0.525
Accuracy of the network: 84 %
[79,     1] loss: 0.509
[79,     2] loss: 0.489
[79,     3] loss: 0.503
[79,     4] loss: 0.464
[79,     5] loss: 0.558
[79,     6] loss: 0.483
[79,     7] loss: 0.509
[79,     8] loss: 0.551
[79,     9] loss: 0.501
[79,    10] loss: 0.524
[79,    11] loss: 0.462
[79,    12] loss: 0.512
[79,    13] loss: 0.451
[79,    14] loss: 0.484
[79,    15] loss: 0.464
[79,    16] loss: 0.505
[79,    17] loss: 0.489
[79,    18] loss: 0.541
[79,    19] loss: 0.449
[79,    20] loss: 0.474
[79,    21] loss: 0.475
[79,    22] loss: 0.498
[79,    23] loss: 0.471
[79,    24] loss: 0.488
[79,    25] loss: 0.447
[79,    26] loss: 0.492
[79,    27] loss: 0.531
Accuracy of the network: 85 %
[80,     1] loss: 0.424
[80,     2] loss: 0.523
[80,     3] loss: 0.481
[80,     4] loss: 0.469
[80,     5] loss: 0.476
[80,     6] loss: 0.493
[80,     7] loss: 0.506
[80,     8] loss: 0.495
[80,     9] loss: 0.454
[80,    10] loss: 0.469
[80,    11] loss: 0.497
[80,    12] loss: 0.497
[80,    13] loss: 0.456
[80,    14] loss: 0.534
[80,    15] loss: 0.537
[80,    16] loss: 0.529
[80,    17] loss: 0.485
[80,    18] loss: 0.432
[80,    19] loss: 0.514
[80,    20] loss: 0.522
[80,    21] loss: 0.501
[80,    22] loss: 0.485
[80,    23] loss: 0.495
[80,    24] loss: 0.551
[80,    25] loss: 0.470
[80,    26] loss: 0.478
[80,    27] loss: 0.426
Accuracy of the network: 87 %
[81,     1] loss: 0.480
[81,     2] loss: 0.493
[81,     3] loss: 0.531
[81,     4] loss: 0.493
[81,     5] loss: 0.486
[81,     6] loss: 0.457
[81,     7] loss: 0.483
[81,     8] loss: 0.480
[81,     9] loss: 0.549
[81,    10] loss: 0.480
[81,    11] loss: 0.507
[81,    12] loss: 0.519
[81,    13] loss: 0.478
[81,    14] loss: 0.528
[81,    15] loss: 0.478
[81,    16] loss: 0.450
[81,    17] loss: 0.478
[81,    18] loss: 0.456
[81,    19] loss: 0.453
[81,    20] loss: 0.531
[81,    21] loss: 0.498
[81,    22] loss: 0.463
[81,    23] loss: 0.451
[81,    24] loss: 0.483
[81,    25] loss: 0.469
[81,    26] loss: 0.483
[81,    27] loss: 0.487
Accuracy of the network: 85 %
[82,     1] loss: 0.483
[82,     2] loss: 0.527
[82,     3] loss: 0.485
[82,     4] loss: 0.510
[82,     5] loss: 0.451
[82,     6] loss: 0.450
[82,     7] loss: 0.518
[82,     8] loss: 0.466
[82,     9] loss: 0.566
[82,    10] loss: 0.465
[82,    11] loss: 0.480
[82,    12] loss: 0.466
[82,    13] loss: 0.471
[82,    14] loss: 0.544
[82,    15] loss: 0.481
[82,    16] loss: 0.451
[82,    17] loss: 0.475
[82,    18] loss: 0.491
[82,    19] loss: 0.439
[82,    20] loss: 0.513
[82,    21] loss: 0.465
[82,    22] loss: 0.469
[82,    23] loss: 0.524
[82,    24] loss: 0.475
[82,    25] loss: 0.463
[82,    26] loss: 0.452
[82,    27] loss: 0.545
Accuracy of the network: 84 %
[83,     1] loss: 0.478
[83,     2] loss: 0.450
[83,     3] loss: 0.458
[83,     4] loss: 0.534
[83,     5] loss: 0.523
[83,     6] loss: 0.518
[83,     7] loss: 0.482
[83,     8] loss: 0.490
[83,     9] loss: 0.470
[83,    10] loss: 0.453
[83,    11] loss: 0.457
[83,    12] loss: 0.467
[83,    13] loss: 0.509
[83,    14] loss: 0.480
[83,    15] loss: 0.508
[83,    16] loss: 0.454
[83,    17] loss: 0.505
[83,    18] loss: 0.508
[83,    19] loss: 0.459
[83,    20] loss: 0.468
[83,    21] loss: 0.434
[83,    22] loss: 0.503
[83,    23] loss: 0.501
[83,    24] loss: 0.515
[83,    25] loss: 0.464
[83,    26] loss: 0.501
[83,    27] loss: 0.533
Accuracy of the network: 84 %
[84,     1] loss: 0.477
[84,     2] loss: 0.510
[84,     3] loss: 0.460
[84,     4] loss: 0.473
[84,     5] loss: 0.457
[84,     6] loss: 0.473
[84,     7] loss: 0.443
[84,     8] loss: 0.517
[84,     9] loss: 0.486
[84,    10] loss: 0.443
[84,    11] loss: 0.526
[84,    12] loss: 0.471
[84,    13] loss: 0.492
[84,    14] loss: 0.534
[84,    15] loss: 0.494
[84,    16] loss: 0.486
[84,    17] loss: 0.508
[84,    18] loss: 0.509
[84,    19] loss: 0.469
[84,    20] loss: 0.443
[84,    21] loss: 0.467
[84,    22] loss: 0.476
[84,    23] loss: 0.507
[84,    24] loss: 0.493
[84,    25] loss: 0.467
[84,    26] loss: 0.518
[84,    27] loss: 0.435
Accuracy of the network: 84 %
[85,     1] loss: 0.508
[85,     2] loss: 0.469
[85,     3] loss: 0.525
[85,     4] loss: 0.431
[85,     5] loss: 0.488
[85,     6] loss: 0.478
[85,     7] loss: 0.478
[85,     8] loss: 0.538
[85,     9] loss: 0.483
[85,    10] loss: 0.473
[85,    11] loss: 0.460
[85,    12] loss: 0.470
[85,    13] loss: 0.475
[85,    14] loss: 0.480
[85,    15] loss: 0.434
[85,    16] loss: 0.519
[85,    17] loss: 0.502
[85,    18] loss: 0.456
[85,    19] loss: 0.497
[85,    20] loss: 0.479
[85,    21] loss: 0.472
[85,    22] loss: 0.487
[85,    23] loss: 0.473
[85,    24] loss: 0.520
[85,    25] loss: 0.475
[85,    26] loss: 0.447
[85,    27] loss: 0.515
Accuracy of the network: 85 %
[86,     1] loss: 0.491
[86,     2] loss: 0.464
[86,     3] loss: 0.479
[86,     4] loss: 0.455
[86,     5] loss: 0.445
[86,     6] loss: 0.541
[86,     7] loss: 0.515
[86,     8] loss: 0.497
[86,     9] loss: 0.423
[86,    10] loss: 0.436
[86,    11] loss: 0.499
[86,    12] loss: 0.447
[86,    13] loss: 0.498
[86,    14] loss: 0.483
[86,    15] loss: 0.488
[86,    16] loss: 0.483
[86,    17] loss: 0.445
[86,    18] loss: 0.453
[86,    19] loss: 0.500
[86,    20] loss: 0.456
[86,    21] loss: 0.482
[86,    22] loss: 0.471
[86,    23] loss: 0.531
[86,    24] loss: 0.486
[86,    25] loss: 0.483
[86,    26] loss: 0.508
[86,    27] loss: 0.493
Accuracy of the network: 85 %
[87,     1] loss: 0.487
[87,     2] loss: 0.463
[87,     3] loss: 0.545
[87,     4] loss: 0.441
[87,     5] loss: 0.462
[87,     6] loss: 0.458
[87,     7] loss: 0.472
[87,     8] loss: 0.469
[87,     9] loss: 0.480
[87,    10] loss: 0.523
[87,    11] loss: 0.472
[87,    12] loss: 0.448
[87,    13] loss: 0.460
[87,    14] loss: 0.503
[87,    15] loss: 0.504
[87,    16] loss: 0.509
[87,    17] loss: 0.484
[87,    18] loss: 0.453
[87,    19] loss: 0.476
[87,    20] loss: 0.448
[87,    21] loss: 0.488
[87,    22] loss: 0.463
[87,    23] loss: 0.493
[87,    24] loss: 0.473
[87,    25] loss: 0.505
[87,    26] loss: 0.481
[87,    27] loss: 0.486
Accuracy of the network: 86 %
[88,     1] loss: 0.492
[88,     2] loss: 0.495
[88,     3] loss: 0.502
[88,     4] loss: 0.448
[88,     5] loss: 0.498
[88,     6] loss: 0.482
[88,     7] loss: 0.458
[88,     8] loss: 0.529
[88,     9] loss: 0.471
[88,    10] loss: 0.479
[88,    11] loss: 0.470
[88,    12] loss: 0.540
[88,    13] loss: 0.522
[88,    14] loss: 0.492
[88,    15] loss: 0.540
[88,    16] loss: 0.446
[88,    17] loss: 0.472
[88,    18] loss: 0.471
[88,    19] loss: 0.505
[88,    20] loss: 0.422
[88,    21] loss: 0.528
[88,    22] loss: 0.477
[88,    23] loss: 0.450
[88,    24] loss: 0.458
[88,    25] loss: 0.442
[88,    26] loss: 0.415
[88,    27] loss: 0.441
Accuracy of the network: 85 %
[89,     1] loss: 0.444
[89,     2] loss: 0.443
[89,     3] loss: 0.493
[89,     4] loss: 0.468
[89,     5] loss: 0.481
[89,     6] loss: 0.480
[89,     7] loss: 0.475
[89,     8] loss: 0.494
[89,     9] loss: 0.442
[89,    10] loss: 0.435
[89,    11] loss: 0.459
[89,    12] loss: 0.513
[89,    13] loss: 0.477
[89,    14] loss: 0.440
[89,    15] loss: 0.484
[89,    16] loss: 0.487
[89,    17] loss: 0.570
[89,    18] loss: 0.474
[89,    19] loss: 0.492
[89,    20] loss: 0.504
[89,    21] loss: 0.466
[89,    22] loss: 0.486
[89,    23] loss: 0.463
[89,    24] loss: 0.460
[89,    25] loss: 0.494
[89,    26] loss: 0.457
[89,    27] loss: 0.439
Accuracy of the network: 85 %
[90,     1] loss: 0.476
[90,     2] loss: 0.454
[90,     3] loss: 0.460
[90,     4] loss: 0.488
[90,     5] loss: 0.477
[90,     6] loss: 0.446
[90,     7] loss: 0.460
[90,     8] loss: 0.484
[90,     9] loss: 0.464
[90,    10] loss: 0.479
[90,    11] loss: 0.505
[90,    12] loss: 0.500
[90,    13] loss: 0.510
[90,    14] loss: 0.402
[90,    15] loss: 0.463
[90,    16] loss: 0.485
[90,    17] loss: 0.480
[90,    18] loss: 0.448
[90,    19] loss: 0.512
[90,    20] loss: 0.546
[90,    21] loss: 0.495
[90,    22] loss: 0.484
[90,    23] loss: 0.452
[90,    24] loss: 0.464
[90,    25] loss: 0.423
[90,    26] loss: 0.511
[90,    27] loss: 0.459
Accuracy of the network: 84 %
[91,     1] loss: 0.468
[91,     2] loss: 0.446
[91,     3] loss: 0.537
[91,     4] loss: 0.463
[91,     5] loss: 0.492
[91,     6] loss: 0.435
[91,     7] loss: 0.462
[91,     8] loss: 0.506
[91,     9] loss: 0.476
[91,    10] loss: 0.441
[91,    11] loss: 0.503
[91,    12] loss: 0.444
[91,    13] loss: 0.512
[91,    14] loss: 0.442
[91,    15] loss: 0.436
[91,    16] loss: 0.419
[91,    17] loss: 0.512
[91,    18] loss: 0.456
[91,    19] loss: 0.431
[91,    20] loss: 0.517
[91,    21] loss: 0.482
[91,    22] loss: 0.510
[91,    23] loss: 0.486
[91,    24] loss: 0.452
[91,    25] loss: 0.445
[91,    26] loss: 0.515
[91,    27] loss: 0.462
Accuracy of the network: 85 %
[92,     1] loss: 0.509
[92,     2] loss: 0.442
[92,     3] loss: 0.502
[92,     4] loss: 0.462
[92,     5] loss: 0.485
[92,     6] loss: 0.468
[92,     7] loss: 0.485
[92,     8] loss: 0.421
[92,     9] loss: 0.505
[92,    10] loss: 0.468
[92,    11] loss: 0.463
[92,    12] loss: 0.500
[92,    13] loss: 0.456
[92,    14] loss: 0.442
[92,    15] loss: 0.507
[92,    16] loss: 0.486
[92,    17] loss: 0.468
[92,    18] loss: 0.472
[92,    19] loss: 0.457
[92,    20] loss: 0.518
[92,    21] loss: 0.453
[92,    22] loss: 0.463
[92,    23] loss: 0.458
[92,    24] loss: 0.445
[92,    25] loss: 0.432
[92,    26] loss: 0.446
[92,    27] loss: 0.537
Accuracy of the network: 85 %
[93,     1] loss: 0.439
[93,     2] loss: 0.441
[93,     3] loss: 0.418
[93,     4] loss: 0.447
[93,     5] loss: 0.464
[93,     6] loss: 0.441
[93,     7] loss: 0.500
[93,     8] loss: 0.536
[93,     9] loss: 0.470
[93,    10] loss: 0.517
[93,    11] loss: 0.436
[93,    12] loss: 0.528
[93,    13] loss: 0.480
[93,    14] loss: 0.469
[93,    15] loss: 0.481
[93,    16] loss: 0.487
[93,    17] loss: 0.486
[93,    18] loss: 0.458
[93,    19] loss: 0.504
[93,    20] loss: 0.450
[93,    21] loss: 0.432
[93,    22] loss: 0.445
[93,    23] loss: 0.473
[93,    24] loss: 0.508
[93,    25] loss: 0.443
[93,    26] loss: 0.480
[93,    27] loss: 0.586
Accuracy of the network: 84 %
[94,     1] loss: 0.483
[94,     2] loss: 0.437
[94,     3] loss: 0.513
[94,     4] loss: 0.474
[94,     5] loss: 0.463
[94,     6] loss: 0.488
[94,     7] loss: 0.485
[94,     8] loss: 0.529
[94,     9] loss: 0.464
[94,    10] loss: 0.441
[94,    11] loss: 0.462
[94,    12] loss: 0.461
[94,    13] loss: 0.518
[94,    14] loss: 0.448
[94,    15] loss: 0.501
[94,    16] loss: 0.482
[94,    17] loss: 0.481
[94,    18] loss: 0.464
[94,    19] loss: 0.490
[94,    20] loss: 0.492
[94,    21] loss: 0.450
[94,    22] loss: 0.437
[94,    23] loss: 0.485
[94,    24] loss: 0.423
[94,    25] loss: 0.419
[94,    26] loss: 0.452
[94,    27] loss: 0.554
Accuracy of the network: 85 %
[95,     1] loss: 0.461
[95,     2] loss: 0.461
[95,     3] loss: 0.436
[95,     4] loss: 0.476
[95,     5] loss: 0.464
[95,     6] loss: 0.481
[95,     7] loss: 0.468
[95,     8] loss: 0.486
[95,     9] loss: 0.446
[95,    10] loss: 0.543
[95,    11] loss: 0.448
[95,    12] loss: 0.417
[95,    13] loss: 0.525
[95,    14] loss: 0.467
[95,    15] loss: 0.458
[95,    16] loss: 0.489
[95,    17] loss: 0.464
[95,    18] loss: 0.511
[95,    19] loss: 0.458
[95,    20] loss: 0.514
[95,    21] loss: 0.478
[95,    22] loss: 0.557
[95,    23] loss: 0.433
[95,    24] loss: 0.432
[95,    25] loss: 0.454
[95,    26] loss: 0.461
[95,    27] loss: 0.511
Accuracy of the network: 84 %
[96,     1] loss: 0.434
[96,     2] loss: 0.431
[96,     3] loss: 0.462
[96,     4] loss: 0.501
[96,     5] loss: 0.511
[96,     6] loss: 0.499
[96,     7] loss: 0.436
[96,     8] loss: 0.487
[96,     9] loss: 0.506
[96,    10] loss: 0.514
[96,    11] loss: 0.479
[96,    12] loss: 0.502
[96,    13] loss: 0.499
[96,    14] loss: 0.494
[96,    15] loss: 0.482
[96,    16] loss: 0.460
[96,    17] loss: 0.442
[96,    18] loss: 0.454
[96,    19] loss: 0.455
[96,    20] loss: 0.457
[96,    21] loss: 0.458
[96,    22] loss: 0.457
[96,    23] loss: 0.479
[96,    24] loss: 0.474
[96,    25] loss: 0.479
[96,    26] loss: 0.485
[96,    27] loss: 0.430
Accuracy of the network: 85 %
[97,     1] loss: 0.507
[97,     2] loss: 0.463
[97,     3] loss: 0.438
[97,     4] loss: 0.476
[97,     5] loss: 0.488
[97,     6] loss: 0.443
[97,     7] loss: 0.469
[97,     8] loss: 0.473
[97,     9] loss: 0.474
[97,    10] loss: 0.490
[97,    11] loss: 0.506
[97,    12] loss: 0.431
[97,    13] loss: 0.460
[97,    14] loss: 0.486
[97,    15] loss: 0.467
[97,    16] loss: 0.486
[97,    17] loss: 0.438
[97,    18] loss: 0.459
[97,    19] loss: 0.480
[97,    20] loss: 0.437
[97,    21] loss: 0.438
[97,    22] loss: 0.495
[97,    23] loss: 0.465
[97,    24] loss: 0.426
[97,    25] loss: 0.490
[97,    26] loss: 0.482
[97,    27] loss: 0.516
Accuracy of the network: 85 %
[98,     1] loss: 0.503
[98,     2] loss: 0.450
[98,     3] loss: 0.434
[98,     4] loss: 0.479
[98,     5] loss: 0.459
[98,     6] loss: 0.487
[98,     7] loss: 0.443
[98,     8] loss: 0.439
[98,     9] loss: 0.493
[98,    10] loss: 0.422
[98,    11] loss: 0.482
[98,    12] loss: 0.454
[98,    13] loss: 0.488
[98,    14] loss: 0.536
[98,    15] loss: 0.445
[98,    16] loss: 0.421
[98,    17] loss: 0.574
[98,    18] loss: 0.451
[98,    19] loss: 0.495
[98,    20] loss: 0.437
[98,    21] loss: 0.440
[98,    22] loss: 0.442
[98,    23] loss: 0.474
[98,    24] loss: 0.468
[98,    25] loss: 0.471
[98,    26] loss: 0.433
[98,    27] loss: 0.465
Accuracy of the network: 84 %
[99,     1] loss: 0.516
[99,     2] loss: 0.457
[99,     3] loss: 0.453
[99,     4] loss: 0.495
[99,     5] loss: 0.465
[99,     6] loss: 0.436
[99,     7] loss: 0.489
[99,     8] loss: 0.413
[99,     9] loss: 0.513
[99,    10] loss: 0.503
[99,    11] loss: 0.437
[99,    12] loss: 0.524
[99,    13] loss: 0.448
[99,    14] loss: 0.458
[99,    15] loss: 0.476
[99,    16] loss: 0.480
[99,    17] loss: 0.475
[99,    18] loss: 0.490
[99,    19] loss: 0.449
[99,    20] loss: 0.490
[99,    21] loss: 0.426
[99,    22] loss: 0.526
[99,    23] loss: 0.437
[99,    24] loss: 0.436
[99,    25] loss: 0.436
[99,    26] loss: 0.485
[99,    27] loss: 0.449
Accuracy of the network: 84 %
[100,     1] loss: 0.494
[100,     2] loss: 0.542
[100,     3] loss: 0.437
[100,     4] loss: 0.505
[100,     5] loss: 0.452
[100,     6] loss: 0.477
[100,     7] loss: 0.456
[100,     8] loss: 0.472
[100,     9] loss: 0.501
[100,    10] loss: 0.480
[100,    11] loss: 0.526
[100,    12] loss: 0.424
[100,    13] loss: 0.496
[100,    14] loss: 0.436
[100,    15] loss: 0.430
[100,    16] loss: 0.443
[100,    17] loss: 0.498
[100,    18] loss: 0.452
[100,    19] loss: 0.429
[100,    20] loss: 0.424
[100,    21] loss: 0.525
[100,    22] loss: 0.453
[100,    23] loss: 0.424
[100,    24] loss: 0.445
[100,    25] loss: 0.511
[100,    26] loss: 0.477
[100,    27] loss: 0.513
Accuracy of the network: 85 %
training complete

