

Enter choice:
1. train DCNN new layers
2. train DCNN complete
3. train SDL layers
4. train SDL + DCNN
5. train and finetune DCNN
6. predict
using device cuda
5 selected
epoch 0
/content/soft_computing_project/models.py:47: UserWarning: Implicit dimension choice for softmax has been deprecated. Change the call to include dim=X as an argument.
  x = F.softmax(self.fc(x))
[1,     1] loss: 0.313
[1,     2] loss: 0.314
[1,     3] loss: 0.313
[1,     4] loss: 0.345
[1,     5] loss: 0.330
[1,     6] loss: 0.329
[1,     7] loss: 0.314
[1,     8] loss: 0.313
[1,     9] loss: 0.329
[1,    10] loss: 0.314
[1,    11] loss: 0.329
[1,    12] loss: 0.329
[1,    13] loss: 0.329
[1,    14] loss: 0.313
[1,    15] loss: 0.313
[1,    16] loss: 0.329
[1,    17] loss: 0.313
[1,    18] loss: 0.313
[1,    19] loss: 0.360
[1,    20] loss: 0.329
[1,    21] loss: 0.313
[1,    22] loss: 0.316
[1,    23] loss: 0.329
[1,    24] loss: 0.330
[1,    25] loss: 0.329
[1,    26] loss: 0.313
[1,    27] loss: 0.314
Accuracy of the network: 90 %
epoch 1
[2,     1] loss: 0.314
[2,     2] loss: 0.329
[2,     3] loss: 0.361
[2,     4] loss: 0.345
[2,     5] loss: 0.329
[2,     6] loss: 0.313
[2,     7] loss: 0.313
[2,     8] loss: 0.329
[2,     9] loss: 0.313
[2,    10] loss: 0.314
[2,    11] loss: 0.313
[2,    12] loss: 0.345
[2,    13] loss: 0.313
[2,    14] loss: 0.314
[2,    15] loss: 0.345
[2,    16] loss: 0.313
[2,    17] loss: 0.313
[2,    18] loss: 0.313
[2,    19] loss: 0.329
[2,    20] loss: 0.345
[2,    21] loss: 0.313
[2,    22] loss: 0.313
[2,    23] loss: 0.329
[2,    24] loss: 0.314
[2,    25] loss: 0.314
[2,    26] loss: 0.313
[2,    27] loss: 0.313
Accuracy of the network: 89 %
epoch 2
[3,     1] loss: 0.314
[3,     2] loss: 0.313
[3,     3] loss: 0.313
[3,     4] loss: 0.313
[3,     5] loss: 0.313
[3,     6] loss: 0.313
[3,     7] loss: 0.329
[3,     8] loss: 0.329
[3,     9] loss: 0.313
[3,    10] loss: 0.314
[3,    11] loss: 0.345
[3,    12] loss: 0.330
[3,    13] loss: 0.313
[3,    14] loss: 0.313
[3,    15] loss: 0.330
[3,    16] loss: 0.345
[3,    17] loss: 0.314
[3,    18] loss: 0.313
[3,    19] loss: 0.313
[3,    20] loss: 0.345
[3,    21] loss: 0.345
[3,    22] loss: 0.313
[3,    23] loss: 0.329
[3,    24] loss: 0.313
[3,    25] loss: 0.345
[3,    26] loss: 0.314
[3,    27] loss: 0.341
Accuracy of the network: 90 %
epoch 3
[4,     1] loss: 0.315
[4,     2] loss: 0.329
[4,     3] loss: 0.313
[4,     4] loss: 0.314
[4,     5] loss: 0.313
[4,     6] loss: 0.315
[4,     7] loss: 0.360
[4,     8] loss: 0.330
[4,     9] loss: 0.313
[4,    10] loss: 0.329
[4,    11] loss: 0.329
[4,    12] loss: 0.329
[4,    13] loss: 0.314
[4,    14] loss: 0.313
[4,    15] loss: 0.313
[4,    16] loss: 0.313
[4,    17] loss: 0.329
[4,    18] loss: 0.313
[4,    19] loss: 0.345
[4,    20] loss: 0.313
[4,    21] loss: 0.345
[4,    22] loss: 0.314
[4,    23] loss: 0.329
[4,    24] loss: 0.330
[4,    25] loss: 0.313
[4,    26] loss: 0.329
[4,    27] loss: 0.314
Accuracy of the network: 91 %
epoch 4
[5,     1] loss: 0.314
[5,     2] loss: 0.329
[5,     3] loss: 0.313
[5,     4] loss: 0.345
[5,     5] loss: 0.361
[5,     6] loss: 0.314
[5,     7] loss: 0.313
[5,     8] loss: 0.314
[5,     9] loss: 0.329
[5,    10] loss: 0.313
[5,    11] loss: 0.329
[5,    12] loss: 0.329
[5,    13] loss: 0.329
[5,    14] loss: 0.329
[5,    15] loss: 0.314
[5,    16] loss: 0.313
[5,    17] loss: 0.329
[5,    18] loss: 0.345
[5,    19] loss: 0.313
[5,    20] loss: 0.329
[5,    21] loss: 0.313
[5,    22] loss: 0.313
[5,    23] loss: 0.313
[5,    24] loss: 0.345
[5,    25] loss: 0.314
[5,    26] loss: 0.313
[5,    27] loss: 0.313
Accuracy of the network: 89 %
epoch 5
[6,     1] loss: 0.329
[6,     2] loss: 0.329
[6,     3] loss: 0.329
[6,     4] loss: 0.315
[6,     5] loss: 0.313
[6,     6] loss: 0.313
[6,     7] loss: 0.313
[6,     8] loss: 0.313
[6,     9] loss: 0.313
[6,    10] loss: 0.345
[6,    11] loss: 0.314
[6,    12] loss: 0.345
[6,    13] loss: 0.313
[6,    14] loss: 0.315
[6,    15] loss: 0.313
[6,    16] loss: 0.329
[6,    17] loss: 0.329
[6,    18] loss: 0.313
[6,    19] loss: 0.314
[6,    20] loss: 0.313
[6,    21] loss: 0.329
[6,    22] loss: 0.360
[6,    23] loss: 0.313
[6,    24] loss: 0.313
[6,    25] loss: 0.360
[6,    26] loss: 0.313
[6,    27] loss: 0.313
Accuracy of the network: 89 %
epoch 6
[7,     1] loss: 0.329
[7,     2] loss: 0.313
[7,     3] loss: 0.313
[7,     4] loss: 0.313
[7,     5] loss: 0.330
[7,     6] loss: 0.314
[7,     7] loss: 0.313
[7,     8] loss: 0.313
[7,     9] loss: 0.313
[7,    10] loss: 0.329
[7,    11] loss: 0.313
[7,    12] loss: 0.314
[7,    13] loss: 0.329
[7,    14] loss: 0.317
[7,    15] loss: 0.346
[7,    16] loss: 0.339
[7,    17] loss: 0.329
[7,    18] loss: 0.345
[7,    19] loss: 0.313
[7,    20] loss: 0.313
[7,    21] loss: 0.360
[7,    22] loss: 0.314
[7,    23] loss: 0.329
[7,    24] loss: 0.313
[7,    25] loss: 0.329
[7,    26] loss: 0.329
[7,    27] loss: 0.314
Accuracy of the network: 90 %
epoch 7
[8,     1] loss: 0.329
[8,     2] loss: 0.313
[8,     3] loss: 0.345
[8,     4] loss: 0.344
[8,     5] loss: 0.314
[8,     6] loss: 0.329
[8,     7] loss: 0.329
[8,     8] loss: 0.314
[8,     9] loss: 0.313
[8,    10] loss: 0.329
[8,    11] loss: 0.313
[8,    12] loss: 0.329
[8,    13] loss: 0.313
[8,    14] loss: 0.329
[8,    15] loss: 0.335
[8,    16] loss: 0.313
[8,    17] loss: 0.313
[8,    18] loss: 0.314
[8,    19] loss: 0.313
[8,    20] loss: 0.345
[8,    21] loss: 0.313
[8,    22] loss: 0.329
[8,    23] loss: 0.314
[8,    24] loss: 0.317
[8,    25] loss: 0.313
[8,    26] loss: 0.345
[8,    27] loss: 0.313
Accuracy of the network: 89 %
epoch 8
[9,     1] loss: 0.329
[9,     2] loss: 0.329
[9,     3] loss: 0.314
[9,     4] loss: 0.313
[9,     5] loss: 0.314
[9,     6] loss: 0.313
[9,     7] loss: 0.329
[9,     8] loss: 0.313
[9,     9] loss: 0.329
[9,    10] loss: 0.313
[9,    11] loss: 0.313
[9,    12] loss: 0.329
[9,    13] loss: 0.313
[9,    14] loss: 0.313
[9,    15] loss: 0.329
[9,    16] loss: 0.329
[9,    17] loss: 0.313
[9,    18] loss: 0.313
[9,    19] loss: 0.314
[9,    20] loss: 0.345
[9,    21] loss: 0.345
[9,    22] loss: 0.329
[9,    23] loss: 0.313
[9,    24] loss: 0.329
[9,    25] loss: 0.345
[9,    26] loss: 0.313
[9,    27] loss: 0.341
Accuracy of the network: 89 %
epoch 9
[10,     1] loss: 0.313
[10,     2] loss: 0.313
[10,     3] loss: 0.345
[10,     4] loss: 0.313
[10,     5] loss: 0.360
[10,     6] loss: 0.313
[10,     7] loss: 0.313
[10,     8] loss: 0.329
[10,     9] loss: 0.314
[10,    10] loss: 0.313
[10,    11] loss: 0.329
[10,    12] loss: 0.329
[10,    13] loss: 0.329
[10,    14] loss: 0.345
[10,    15] loss: 0.314
[10,    16] loss: 0.313
[10,    17] loss: 0.313
[10,    18] loss: 0.314
[10,    19] loss: 0.345
[10,    20] loss: 0.329
[10,    21] loss: 0.313
[10,    22] loss: 0.314
[10,    23] loss: 0.313
[10,    24] loss: 0.329
[10,    25] loss: 0.313
[10,    26] loss: 0.313
[10,    27] loss: 0.367
Accuracy of the network: 90 %
epoch 10
[11,     1] loss: 0.313
[11,     2] loss: 0.314
[11,     3] loss: 0.345
[11,     4] loss: 0.329
[11,     5] loss: 0.314
[11,     6] loss: 0.313
[11,     7] loss: 0.313
[11,     8] loss: 0.314
[11,     9] loss: 0.313
[11,    10] loss: 0.345
[11,    11] loss: 0.313
[11,    12] loss: 0.329
[11,    13] loss: 0.313
[11,    14] loss: 0.314
[11,    15] loss: 0.345
[11,    16] loss: 0.329
[11,    17] loss: 0.314
[11,    18] loss: 0.314
[11,    19] loss: 0.314
[11,    20] loss: 0.345
[11,    21] loss: 0.313
[11,    22] loss: 0.329
[11,    23] loss: 0.329
[11,    24] loss: 0.330
[11,    25] loss: 0.329
[11,    26] loss: 0.313
[11,    27] loss: 0.341
Accuracy of the network: 89 %
epoch 11
[12,     1] loss: 0.313
[12,     2] loss: 0.314
[12,     3] loss: 0.329
[12,     4] loss: 0.313
[12,     5] loss: 0.315
[12,     6] loss: 0.329
[12,     7] loss: 0.313
[12,     8] loss: 0.313
[12,     9] loss: 0.329
[12,    10] loss: 0.329
[12,    11] loss: 0.314
[12,    12] loss: 0.314
[12,    13] loss: 0.314
[12,    14] loss: 0.329
[12,    15] loss: 0.329
[12,    16] loss: 0.313
[12,    17] loss: 0.329
[12,    18] loss: 0.360
[12,    19] loss: 0.315
[12,    20] loss: 0.329
[12,    21] loss: 0.329
[12,    22] loss: 0.329
[12,    23] loss: 0.329
[12,    24] loss: 0.329
[12,    25] loss: 0.313
[12,    26] loss: 0.329
[12,    27] loss: 0.314
Accuracy of the network: 91 %
epoch 12
[13,     1] loss: 0.329
[13,     2] loss: 0.313
[13,     3] loss: 0.314
[13,     4] loss: 0.360
[13,     5] loss: 0.313
[13,     6] loss: 0.329
[13,     7] loss: 0.320
[13,     8] loss: 0.329
[13,     9] loss: 0.313
[13,    10] loss: 0.329
[13,    11] loss: 0.314
[13,    12] loss: 0.329
[13,    13] loss: 0.313
[13,    14] loss: 0.329
[13,    15] loss: 0.345
[13,    16] loss: 0.329
[13,    17] loss: 0.313
[13,    18] loss: 0.329
[13,    19] loss: 0.313
[13,    20] loss: 0.314
[13,    21] loss: 0.329
[13,    22] loss: 0.329
[13,    23] loss: 0.313
[13,    24] loss: 0.329
[13,    25] loss: 0.318
[13,    26] loss: 0.313
[13,    27] loss: 0.313
Accuracy of the network: 91 %
epoch 13
[14,     1] loss: 0.330
[14,     2] loss: 0.313
[14,     3] loss: 0.313
[14,     4] loss: 0.329
[14,     5] loss: 0.314
[14,     6] loss: 0.313
[14,     7] loss: 0.313
[14,     8] loss: 0.345
[14,     9] loss: 0.329
[14,    10] loss: 0.329
[14,    11] loss: 0.313
[14,    12] loss: 0.313
[14,    13] loss: 0.313
[14,    14] loss: 0.329
[14,    15] loss: 0.329
[14,    16] loss: 0.314
[14,    17] loss: 0.345
[14,    18] loss: 0.329
[14,    19] loss: 0.313
[14,    20] loss: 0.314
[14,    21] loss: 0.329
[14,    22] loss: 0.330
[14,    23] loss: 0.329
[14,    24] loss: 0.313
[14,    25] loss: 0.329
[14,    26] loss: 0.329
[14,    27] loss: 0.313
Accuracy of the network: 90 %
epoch 14
[15,     1] loss: 0.345
[15,     2] loss: 0.313
[15,     3] loss: 0.345
[15,     4] loss: 0.329
[15,     5] loss: 0.313
[15,     6] loss: 0.345
[15,     7] loss: 0.313
[15,     8] loss: 0.330
[15,     9] loss: 0.345
[15,    10] loss: 0.313
[15,    11] loss: 0.329
[15,    12] loss: 0.329
[15,    13] loss: 0.313
[15,    14] loss: 0.329
[15,    15] loss: 0.313
[15,    16] loss: 0.314
[15,    17] loss: 0.313
[15,    18] loss: 0.313
[15,    19] loss: 0.313
[15,    20] loss: 0.329
[15,    21] loss: 0.314
[15,    22] loss: 0.329
[15,    23] loss: 0.329
[15,    24] loss: 0.313
[15,    25] loss: 0.313
[15,    26] loss: 0.313
[15,    27] loss: 0.342
Accuracy of the network: 90 %
epoch 15
[16,     1] loss: 0.329
[16,     2] loss: 0.329
[16,     3] loss: 0.313
[16,     4] loss: 0.329
[16,     5] loss: 0.329
[16,     6] loss: 0.313
[16,     7] loss: 0.345
[16,     8] loss: 0.313
[16,     9] loss: 0.313
[16,    10] loss: 0.329
[16,    11] loss: 0.313
[16,    12] loss: 0.313
[16,    13] loss: 0.329
[16,    14] loss: 0.314
[16,    15] loss: 0.313
[16,    16] loss: 0.329
[16,    17] loss: 0.345
[16,    18] loss: 0.314
[16,    19] loss: 0.313
[16,    20] loss: 0.313
[16,    21] loss: 0.313
[16,    22] loss: 0.329
[16,    23] loss: 0.329
[16,    24] loss: 0.329
[16,    25] loss: 0.313
[16,    26] loss: 0.329
[16,    27] loss: 0.341
Accuracy of the network: 90 %
epoch 16
[17,     1] loss: 0.329
[17,     2] loss: 0.329
[17,     3] loss: 0.314
[17,     4] loss: 0.329
[17,     5] loss: 0.313
[17,     6] loss: 0.329
[17,     7] loss: 0.329
[17,     8] loss: 0.313
[17,     9] loss: 0.313
[17,    10] loss: 0.313
[17,    11] loss: 0.329
[17,    12] loss: 0.313
[17,    13] loss: 0.329
[17,    14] loss: 0.360
[17,    15] loss: 0.333
[17,    16] loss: 0.329
[17,    17] loss: 0.313
[17,    18] loss: 0.345
[17,    19] loss: 0.313
[17,    20] loss: 0.313
[17,    21] loss: 0.329
[17,    22] loss: 0.313
[17,    23] loss: 0.320
[17,    24] loss: 0.313
[17,    25] loss: 0.313
[17,    26] loss: 0.329
[17,    27] loss: 0.315
Accuracy of the network: 90 %
epoch 17
[18,     1] loss: 0.313
[18,     2] loss: 0.313
[18,     3] loss: 0.314
[18,     4] loss: 0.314
[18,     5] loss: 0.313
[18,     6] loss: 0.329
[18,     7] loss: 0.329
[18,     8] loss: 0.313
[18,     9] loss: 0.314
[18,    10] loss: 0.314
[18,    11] loss: 0.313
[18,    12] loss: 0.329
[18,    13] loss: 0.329
[18,    14] loss: 0.360
[18,    15] loss: 0.314
[18,    16] loss: 0.344
[18,    17] loss: 0.313
[18,    18] loss: 0.313
[18,    19] loss: 0.314
[18,    20] loss: 0.313
[18,    21] loss: 0.313
[18,    22] loss: 0.329
[18,    23] loss: 0.329
[18,    24] loss: 0.314
[18,    25] loss: 0.360
[18,    26] loss: 0.345
[18,    27] loss: 0.314
Accuracy of the network: 90 %
epoch 18
[19,     1] loss: 0.329
[19,     2] loss: 0.328
[19,     3] loss: 0.313
[19,     4] loss: 0.329
[19,     5] loss: 0.313
[19,     6] loss: 0.345
[19,     7] loss: 0.329
[19,     8] loss: 0.313
[19,     9] loss: 0.345
[19,    10] loss: 0.329
[19,    11] loss: 0.314
[19,    12] loss: 0.313
[19,    13] loss: 0.329
[19,    14] loss: 0.314
[19,    15] loss: 0.313
[19,    16] loss: 0.313
[19,    17] loss: 0.313
[19,    18] loss: 0.313
[19,    19] loss: 0.313
[19,    20] loss: 0.313
[19,    21] loss: 0.329
[19,    22] loss: 0.329
[19,    23] loss: 0.314
[19,    24] loss: 0.360
[19,    25] loss: 0.313
[19,    26] loss: 0.313
[19,    27] loss: 0.341
Accuracy of the network: 89 %
epoch 19
[20,     1] loss: 0.313
[20,     2] loss: 0.329
[20,     3] loss: 0.313
[20,     4] loss: 0.329
[20,     5] loss: 0.329
[20,     6] loss: 0.329
[20,     7] loss: 0.329
[20,     8] loss: 0.313
[20,     9] loss: 0.313
[20,    10] loss: 0.313
[20,    11] loss: 0.329
[20,    12] loss: 0.329
[20,    13] loss: 0.344
[20,    14] loss: 0.313
[20,    15] loss: 0.313
[20,    16] loss: 0.329
[20,    17] loss: 0.313
[20,    18] loss: 0.360
[20,    19] loss: 0.313
[20,    20] loss: 0.313
[20,    21] loss: 0.313
[20,    22] loss: 0.313
[20,    23] loss: 0.330
[20,    24] loss: 0.313
[20,    25] loss: 0.329
[20,    26] loss: 0.329
[20,    27] loss: 0.313
Accuracy of the network: 90 %
epoch 20
[21,     1] loss: 0.313
[21,     2] loss: 0.313
[21,     3] loss: 0.345
[21,     4] loss: 0.313
[21,     5] loss: 0.314
[21,     6] loss: 0.313
[21,     7] loss: 0.329
[21,     8] loss: 0.329
[21,     9] loss: 0.329
[21,    10] loss: 0.329
[21,    11] loss: 0.313
[21,    12] loss: 0.329
[21,    13] loss: 0.329
[21,    14] loss: 0.313
[21,    15] loss: 0.313
[21,    16] loss: 0.328
[21,    17] loss: 0.313
[21,    18] loss: 0.329
[21,    19] loss: 0.329
[21,    20] loss: 0.329
[21,    21] loss: 0.313
[21,    22] loss: 0.329
[21,    23] loss: 0.313
[21,    24] loss: 0.329
[21,    25] loss: 0.313
[21,    26] loss: 0.329
[21,    27] loss: 0.342
Accuracy of the network: 90 %
epoch 21
[22,     1] loss: 0.313
[22,     2] loss: 0.329
[22,     3] loss: 0.329
[22,     4] loss: 0.313
[22,     5] loss: 0.329
[22,     6] loss: 0.313
[22,     7] loss: 0.329
[22,     8] loss: 0.329
[22,     9] loss: 0.313
[22,    10] loss: 0.313
[22,    11] loss: 0.313
[22,    12] loss: 0.313
[22,    13] loss: 0.313
[22,    14] loss: 0.329
[22,    15] loss: 0.314
[22,    16] loss: 0.329
[22,    17] loss: 0.345
[22,    18] loss: 0.313
[22,    19] loss: 0.339
[22,    20] loss: 0.329
[22,    21] loss: 0.313
[22,    22] loss: 0.345
[22,    23] loss: 0.329
[22,    24] loss: 0.313
[22,    25] loss: 0.313
[22,    26] loss: 0.329
[22,    27] loss: 0.314
Accuracy of the network: 90 %
epoch 22
[23,     1] loss: 0.313
[23,     2] loss: 0.329
[23,     3] loss: 0.313
[23,     4] loss: 0.360
[23,     5] loss: 0.313
[23,     6] loss: 0.329
[23,     7] loss: 0.345
[23,     8] loss: 0.329
[23,     9] loss: 0.313
[23,    10] loss: 0.314
[23,    11] loss: 0.327
[23,    12] loss: 0.329
[23,    13] loss: 0.313
[23,    14] loss: 0.313
[23,    15] loss: 0.313
[23,    16] loss: 0.314
[23,    17] loss: 0.329
[23,    18] loss: 0.314
[23,    19] loss: 0.313
[23,    20] loss: 0.329
[23,    21] loss: 0.313
[23,    22] loss: 0.329
[23,    23] loss: 0.313
[23,    24] loss: 0.345
[23,    25] loss: 0.329
[23,    26] loss: 0.313
[23,    27] loss: 0.314
Accuracy of the network: 88 %
epoch 23
[24,     1] loss: 0.313
[24,     2] loss: 0.329
[24,     3] loss: 0.329
[24,     4] loss: 0.329
[24,     5] loss: 0.329
[24,     6] loss: 0.313
[24,     7] loss: 0.313
[24,     8] loss: 0.313
[24,     9] loss: 0.316
[24,    10] loss: 0.313
[24,    11] loss: 0.345
[24,    12] loss: 0.329
[24,    13] loss: 0.331
[24,    14] loss: 0.313
[24,    15] loss: 0.313
[24,    16] loss: 0.329
[24,    17] loss: 0.329
[24,    18] loss: 0.313
[24,    19] loss: 0.313
[24,    20] loss: 0.345
[24,    21] loss: 0.313
[24,    22] loss: 0.329
[24,    23] loss: 0.329
[24,    24] loss: 0.313
[24,    25] loss: 0.329
[24,    26] loss: 0.313
[24,    27] loss: 0.315
Accuracy of the network: 90 %
epoch 24
[25,     1] loss: 0.313
[25,     2] loss: 0.329
[25,     3] loss: 0.329
[25,     4] loss: 0.331
[25,     5] loss: 0.313
[25,     6] loss: 0.314
[25,     7] loss: 0.313
[25,     8] loss: 0.345
[25,     9] loss: 0.316
[25,    10] loss: 0.313
[25,    11] loss: 0.345
[25,    12] loss: 0.345
[25,    13] loss: 0.329
[25,    14] loss: 0.329
[25,    15] loss: 0.329
[25,    16] loss: 0.314
[25,    17] loss: 0.313
[25,    18] loss: 0.329
[25,    19] loss: 0.314
[25,    20] loss: 0.313
[25,    21] loss: 0.313
[25,    22] loss: 0.314
[25,    23] loss: 0.313
[25,    24] loss: 0.329
[25,    25] loss: 0.313
[25,    26] loss: 0.329
[25,    27] loss: 0.313
Accuracy of the network: 89 %
epoch 25
[26,     1] loss: 0.345
[26,     2] loss: 0.345
[26,     3] loss: 0.313
[26,     4] loss: 0.313
[26,     5] loss: 0.313
[26,     6] loss: 0.336
[26,     7] loss: 0.313
[26,     8] loss: 0.314
[26,     9] loss: 0.330
[26,    10] loss: 0.313
[26,    11] loss: 0.335
[26,    12] loss: 0.313
[26,    13] loss: 0.314
[26,    14] loss: 0.329
[26,    15] loss: 0.329
[26,    16] loss: 0.313
[26,    17] loss: 0.313
[26,    18] loss: 0.329
[26,    19] loss: 0.313
[26,    20] loss: 0.313
[26,    21] loss: 0.313
[26,    22] loss: 0.329
[26,    23] loss: 0.313
[26,    24] loss: 0.329
[26,    25] loss: 0.329
[26,    26] loss: 0.329
[26,    27] loss: 0.341
Accuracy of the network: 89 %
epoch 26
[27,     1] loss: 0.313
[27,     2] loss: 0.313
[27,     3] loss: 0.314
[27,     4] loss: 0.313
[27,     5] loss: 0.313
[27,     6] loss: 0.329
[27,     7] loss: 0.329
[27,     8] loss: 0.313
[27,     9] loss: 0.313
[27,    10] loss: 0.313
[27,    11] loss: 0.313
[27,    12] loss: 0.329
[27,    13] loss: 0.345
[27,    14] loss: 0.345
[27,    15] loss: 0.313
[27,    16] loss: 0.313
[27,    17] loss: 0.345
[27,    18] loss: 0.329
[27,    19] loss: 0.314
[27,    20] loss: 0.313
[27,    21] loss: 0.345
[27,    22] loss: 0.345
[27,    23] loss: 0.313
[27,    24] loss: 0.314
[27,    25] loss: 0.329
[27,    26] loss: 0.313
[27,    27] loss: 0.313
Accuracy of the network: 90 %
epoch 27
[28,     1] loss: 0.314
[28,     2] loss: 0.345
[28,     3] loss: 0.313
[28,     4] loss: 0.313
[28,     5] loss: 0.313
[28,     6] loss: 0.314
[28,     7] loss: 0.313
[28,     8] loss: 0.345
[28,     9] loss: 0.329
[28,    10] loss: 0.313
[28,    11] loss: 0.314
[28,    12] loss: 0.313
[28,    13] loss: 0.329
[28,    14] loss: 0.345
[28,    15] loss: 0.313
[28,    16] loss: 0.313
[28,    17] loss: 0.329
[28,    18] loss: 0.314
[28,    19] loss: 0.313
[28,    20] loss: 0.329
[28,    21] loss: 0.345
[28,    22] loss: 0.329
[28,    23] loss: 0.313
[28,    24] loss: 0.345
[28,    25] loss: 0.314
[28,    26] loss: 0.313
[28,    27] loss: 0.313
Accuracy of the network: 89 %
epoch 28
[29,     1] loss: 0.330
[29,     2] loss: 0.313
[29,     3] loss: 0.329
[29,     4] loss: 0.313
[29,     5] loss: 0.313
[29,     6] loss: 0.329
[29,     7] loss: 0.313
[29,     8] loss: 0.329
[29,     9] loss: 0.345
[29,    10] loss: 0.329
[29,    11] loss: 0.314
[29,    12] loss: 0.313
[29,    13] loss: 0.329
[29,    14] loss: 0.329
[29,    15] loss: 0.360
[29,    16] loss: 0.329
[29,    17] loss: 0.313
[29,    18] loss: 0.313
[29,    19] loss: 0.313
[29,    20] loss: 0.313
[29,    21] loss: 0.313
[29,    22] loss: 0.313
[29,    23] loss: 0.313
[29,    24] loss: 0.345
[29,    25] loss: 0.313
[29,    26] loss: 0.314
[29,    27] loss: 0.315
Accuracy of the network: 90 %
epoch 29
[30,     1] loss: 0.329
[30,     2] loss: 0.329
[30,     3] loss: 0.329
[30,     4] loss: 0.313
[30,     5] loss: 0.313
[30,     6] loss: 0.313
[30,     7] loss: 0.313
[30,     8] loss: 0.313
[30,     9] loss: 0.329
[30,    10] loss: 0.314
[30,    11] loss: 0.345
[30,    12] loss: 0.329
[30,    13] loss: 0.313
[30,    14] loss: 0.329
[30,    15] loss: 0.360
[30,    16] loss: 0.313
[30,    17] loss: 0.329
[30,    18] loss: 0.313
[30,    19] loss: 0.313
[30,    20] loss: 0.329
[30,    21] loss: 0.314
[30,    22] loss: 0.313
[30,    23] loss: 0.313
[30,    24] loss: 0.313
[30,    25] loss: 0.313
[30,    26] loss: 0.329
[30,    27] loss: 0.341
Accuracy of the network: 88 %
epoch 30
[31,     1] loss: 0.313
[31,     2] loss: 0.313
[31,     3] loss: 0.313
[31,     4] loss: 0.329
[31,     5] loss: 0.313
[31,     6] loss: 0.329
[31,     7] loss: 0.329
[31,     8] loss: 0.313
[31,     9] loss: 0.329
[31,    10] loss: 0.329
[31,    11] loss: 0.313
[31,    12] loss: 0.313
[31,    13] loss: 0.314
[31,    14] loss: 0.329
[31,    15] loss: 0.361
[31,    16] loss: 0.313
[31,    17] loss: 0.345
[31,    18] loss: 0.314
[31,    19] loss: 0.313
[31,    20] loss: 0.313
[31,    21] loss: 0.313
[31,    22] loss: 0.345
[31,    23] loss: 0.313
[31,    24] loss: 0.313
[31,    25] loss: 0.313
[31,    26] loss: 0.345
[31,    27] loss: 0.313
Accuracy of the network: 90 %
epoch 31
[32,     1] loss: 0.313
[32,     2] loss: 0.329
[32,     3] loss: 0.329
[32,     4] loss: 0.313
[32,     5] loss: 0.345
[32,     6] loss: 0.313
[32,     7] loss: 0.313
[32,     8] loss: 0.329
[32,     9] loss: 0.329
[32,    10] loss: 0.329
[32,    11] loss: 0.313
[32,    12] loss: 0.329
[32,    13] loss: 0.314
[32,    14] loss: 0.329
[32,    15] loss: 0.313
[32,    16] loss: 0.315
[32,    17] loss: 0.329
[32,    18] loss: 0.329
[32,    19] loss: 0.329
[32,    20] loss: 0.313
[32,    21] loss: 0.313
[32,    22] loss: 0.314
[32,    23] loss: 0.313
[32,    24] loss: 0.345
[32,    25] loss: 0.314
[32,    26] loss: 0.313
[32,    27] loss: 0.341
Accuracy of the network: 89 %
epoch 32
[33,     1] loss: 0.314
[33,     2] loss: 0.313
[33,     3] loss: 0.360
[33,     4] loss: 0.313
[33,     5] loss: 0.313
[33,     6] loss: 0.330
[33,     7] loss: 0.313
[33,     8] loss: 0.313
[33,     9] loss: 0.313
[33,    10] loss: 0.345
[33,    11] loss: 0.329
[33,    12] loss: 0.329
[33,    13] loss: 0.345
[33,    14] loss: 0.329
[33,    15] loss: 0.314
[33,    16] loss: 0.329
[33,    17] loss: 0.313
[33,    18] loss: 0.329
[33,    19] loss: 0.329
[33,    20] loss: 0.329
[33,    21] loss: 0.313
[33,    22] loss: 0.313
[33,    23] loss: 0.313
[33,    24] loss: 0.313
[33,    25] loss: 0.313
[33,    26] loss: 0.313
[33,    27] loss: 0.313
Accuracy of the network: 89 %
epoch 33
[34,     1] loss: 0.329
[34,     2] loss: 0.329
[34,     3] loss: 0.329
[34,     4] loss: 0.313
[34,     5] loss: 0.313
[34,     6] loss: 0.329
[34,     7] loss: 0.345
[34,     8] loss: 0.329
[34,     9] loss: 0.313
[34,    10] loss: 0.313
[34,    11] loss: 0.329
[34,    12] loss: 0.314
[34,    13] loss: 0.314
[34,    14] loss: 0.345
[34,    15] loss: 0.329
[34,    16] loss: 0.313
[34,    17] loss: 0.313
[34,    18] loss: 0.329
[34,    19] loss: 0.313
[34,    20] loss: 0.315
[34,    21] loss: 0.329
[34,    22] loss: 0.313
[34,    23] loss: 0.313
[34,    24] loss: 0.314
[34,    25] loss: 0.329
[34,    26] loss: 0.314
[34,    27] loss: 0.341
Accuracy of the network: 89 %
epoch 34
[35,     1] loss: 0.313
[35,     2] loss: 0.317
[35,     3] loss: 0.345
[35,     4] loss: 0.313
[35,     5] loss: 0.329
[35,     6] loss: 0.313
[35,     7] loss: 0.313
[35,     8] loss: 0.315
[35,     9] loss: 0.345
[35,    10] loss: 0.345
[35,    11] loss: 0.313
[35,    12] loss: 0.313
[35,    13] loss: 0.313
[35,    14] loss: 0.329
[35,    15] loss: 0.313
[35,    16] loss: 0.329
[35,    17] loss: 0.313
[35,    18] loss: 0.313
[35,    19] loss: 0.313
[35,    20] loss: 0.313
[35,    21] loss: 0.329
[35,    22] loss: 0.313
[35,    23] loss: 0.313
[35,    24] loss: 0.329
[35,    25] loss: 0.330
[35,    26] loss: 0.345
[35,    27] loss: 0.341
Accuracy of the network: 89 %
epoch 35
[36,     1] loss: 0.330
[36,     2] loss: 0.313
[36,     3] loss: 0.329
[36,     4] loss: 0.329
[36,     5] loss: 0.313
[36,     6] loss: 0.345
[36,     7] loss: 0.329
[36,     8] loss: 0.329
[36,     9] loss: 0.313
[36,    10] loss: 0.313
[36,    11] loss: 0.360
[36,    12] loss: 0.313
[36,    13] loss: 0.329
[36,    14] loss: 0.329
[36,    15] loss: 0.313
[36,    16] loss: 0.329
[36,    17] loss: 0.313
[36,    18] loss: 0.313
[36,    19] loss: 0.313
[36,    20] loss: 0.313
[36,    21] loss: 0.313
[36,    22] loss: 0.329
[36,    23] loss: 0.313
[36,    24] loss: 0.313
[36,    25] loss: 0.329
[36,    26] loss: 0.313
[36,    27] loss: 0.313
Accuracy of the network: 89 %
epoch 36
[37,     1] loss: 0.313
[37,     2] loss: 0.329
[37,     3] loss: 0.329
[37,     4] loss: 0.329
[37,     5] loss: 0.313
[37,     6] loss: 0.329
[37,     7] loss: 0.329
[37,     8] loss: 0.314
[37,     9] loss: 0.313
[37,    10] loss: 0.345
[37,    11] loss: 0.313
[37,    12] loss: 0.329
[37,    13] loss: 0.329
[37,    14] loss: 0.313
[37,    15] loss: 0.313
[37,    16] loss: 0.313
[37,    17] loss: 0.313
[37,    18] loss: 0.313
[37,    19] loss: 0.329
[37,    20] loss: 0.329
[37,    21] loss: 0.345
[37,    22] loss: 0.329
[37,    23] loss: 0.329
[37,    24] loss: 0.313
[37,    25] loss: 0.313
[37,    26] loss: 0.313
[37,    27] loss: 0.315
Accuracy of the network: 89 %
epoch 37
[38,     1] loss: 0.313
[38,     2] loss: 0.330
[38,     3] loss: 0.313
[38,     4] loss: 0.329
[38,     5] loss: 0.313
[38,     6] loss: 0.313
[38,     7] loss: 0.313
[38,     8] loss: 0.345
[38,     9] loss: 0.329
[38,    10] loss: 0.313
[38,    11] loss: 0.313
[38,    12] loss: 0.376
[38,    13] loss: 0.313
[38,    14] loss: 0.313
[38,    15] loss: 0.329
[38,    16] loss: 0.313
[38,    17] loss: 0.329
[38,    18] loss: 0.313
[38,    19] loss: 0.329
[38,    20] loss: 0.329
[38,    21] loss: 0.313
[38,    22] loss: 0.313
[38,    23] loss: 0.314
[38,    24] loss: 0.329
[38,    25] loss: 0.329
[38,    26] loss: 0.314
[38,    27] loss: 0.314
Accuracy of the network: 90 %
epoch 38
[39,     1] loss: 0.345
[39,     2] loss: 0.329
[39,     3] loss: 0.313
[39,     4] loss: 0.329
[39,     5] loss: 0.313
[39,     6] loss: 0.313
[39,     7] loss: 0.329
[39,     8] loss: 0.329
[39,     9] loss: 0.329
[39,    10] loss: 0.313
[39,    11] loss: 0.329
[39,    12] loss: 0.313
[39,    13] loss: 0.313
[39,    14] loss: 0.313
[39,    15] loss: 0.313
[39,    16] loss: 0.313
[39,    17] loss: 0.313
[39,    18] loss: 0.329
[39,    19] loss: 0.313
[39,    20] loss: 0.345
[39,    21] loss: 0.313
[39,    22] loss: 0.329
[39,    23] loss: 0.329
[39,    24] loss: 0.313
[39,    25] loss: 0.313
[39,    26] loss: 0.345
[39,    27] loss: 0.314
Accuracy of the network: 90 %
epoch 39
[40,     1] loss: 0.345
[40,     2] loss: 0.329
[40,     3] loss: 0.313
[40,     4] loss: 0.313
[40,     5] loss: 0.313
[40,     6] loss: 0.329
[40,     7] loss: 0.314
[40,     8] loss: 0.313
[40,     9] loss: 0.313
[40,    10] loss: 0.313
[40,    11] loss: 0.329
[40,    12] loss: 0.329
[40,    13] loss: 0.314
[40,    14] loss: 0.329
[40,    15] loss: 0.314
[40,    16] loss: 0.329
[40,    17] loss: 0.329
[40,    18] loss: 0.314
[40,    19] loss: 0.329
[40,    20] loss: 0.345
[40,    21] loss: 0.329
[40,    22] loss: 0.329
[40,    23] loss: 0.329
[40,    24] loss: 0.313
[40,    25] loss: 0.313
[40,    26] loss: 0.313
[40,    27] loss: 0.314
Accuracy of the network: 89 %
epoch 40
[41,     1] loss: 0.313
[41,     2] loss: 0.313
[41,     3] loss: 0.313
[41,     4] loss: 0.345
[41,     5] loss: 0.313
[41,     6] loss: 0.329
[41,     7] loss: 0.345
[41,     8] loss: 0.313
[41,     9] loss: 0.313
[41,    10] loss: 0.329
[41,    11] loss: 0.345
[41,    12] loss: 0.313
[41,    13] loss: 0.313
[41,    14] loss: 0.329
[41,    15] loss: 0.329
[41,    16] loss: 0.329
[41,    17] loss: 0.331
[41,    18] loss: 0.313
[41,    19] loss: 0.313
[41,    20] loss: 0.329
[41,    21] loss: 0.329
[41,    22] loss: 0.314
[41,    23] loss: 0.330
[41,    24] loss: 0.313
[41,    25] loss: 0.313
[41,    26] loss: 0.315
[41,    27] loss: 0.313
Accuracy of the network: 89 %
epoch 41
[42,     1] loss: 0.345
[42,     2] loss: 0.345
[42,     3] loss: 0.313
[42,     4] loss: 0.314
[42,     5] loss: 0.313
[42,     6] loss: 0.313
[42,     7] loss: 0.313
[42,     8] loss: 0.313
[42,     9] loss: 0.313
[42,    10] loss: 0.345
[42,    11] loss: 0.313
[42,    12] loss: 0.345
[42,    13] loss: 0.313
[42,    14] loss: 0.313
[42,    15] loss: 0.329
[42,    16] loss: 0.313
[42,    17] loss: 0.329
[42,    18] loss: 0.345
[42,    19] loss: 0.329
[42,    20] loss: 0.313
[42,    21] loss: 0.313
[42,    22] loss: 0.329
[42,    23] loss: 0.329
[42,    24] loss: 0.313
[42,    25] loss: 0.313
[42,    26] loss: 0.313
[42,    27] loss: 0.314
Accuracy of the network: 89 %
epoch 42
[43,     1] loss: 0.329
[43,     2] loss: 0.313
[43,     3] loss: 0.360
[43,     4] loss: 0.329
[43,     5] loss: 0.314
[43,     6] loss: 0.329
[43,     7] loss: 0.345
[43,     8] loss: 0.313
[43,     9] loss: 0.313
[43,    10] loss: 0.313
[43,    11] loss: 0.313
[43,    12] loss: 0.313
[43,    13] loss: 0.313
[43,    14] loss: 0.329
[43,    15] loss: 0.329
[43,    16] loss: 0.329
[43,    17] loss: 0.313
[43,    18] loss: 0.329
[43,    19] loss: 0.314
[43,    20] loss: 0.313
[43,    21] loss: 0.313
[43,    22] loss: 0.313
[43,    23] loss: 0.313
[43,    24] loss: 0.345
[43,    25] loss: 0.329
[43,    26] loss: 0.313
[43,    27] loss: 0.314
Accuracy of the network: 88 %
epoch 43
[44,     1] loss: 0.313
[44,     2] loss: 0.329
[44,     3] loss: 0.314
[44,     4] loss: 0.345
[44,     5] loss: 0.329
[44,     6] loss: 0.345
[44,     7] loss: 0.329
[44,     8] loss: 0.313
[44,     9] loss: 0.313
[44,    10] loss: 0.313
[44,    11] loss: 0.330
[44,    12] loss: 0.313
[44,    13] loss: 0.329
[44,    14] loss: 0.329
[44,    15] loss: 0.329
[44,    16] loss: 0.313
[44,    17] loss: 0.313
[44,    18] loss: 0.314
[44,    19] loss: 0.313
[44,    20] loss: 0.314
[44,    21] loss: 0.329
[44,    22] loss: 0.329
[44,    23] loss: 0.313
[44,    24] loss: 0.329
[44,    25] loss: 0.329
[44,    26] loss: 0.313
[44,    27] loss: 0.313
Accuracy of the network: 90 %
epoch 44
[45,     1] loss: 0.345
[45,     2] loss: 0.313
[45,     3] loss: 0.329
[45,     4] loss: 0.313
[45,     5] loss: 0.313
[45,     6] loss: 0.329
[45,     7] loss: 0.313
[45,     8] loss: 0.329
[45,     9] loss: 0.313
[45,    10] loss: 0.313
[45,    11] loss: 0.313
[45,    12] loss: 0.313
[45,    13] loss: 0.345
[45,    14] loss: 0.313
[45,    15] loss: 0.329
[45,    16] loss: 0.313
[45,    17] loss: 0.345
[45,    18] loss: 0.329
[45,    19] loss: 0.313
[45,    20] loss: 0.329
[45,    21] loss: 0.313
[45,    22] loss: 0.329
[45,    23] loss: 0.313
[45,    24] loss: 0.329
[45,    25] loss: 0.313
[45,    26] loss: 0.313
[45,    27] loss: 0.341
Accuracy of the network: 89 %
epoch 45
[46,     1] loss: 0.329
[46,     2] loss: 0.313
[46,     3] loss: 0.313
[46,     4] loss: 0.313
[46,     5] loss: 0.345
[46,     6] loss: 0.329
[46,     7] loss: 0.313
[46,     8] loss: 0.329
[46,     9] loss: 0.313
[46,    10] loss: 0.329
[46,    11] loss: 0.313
[46,    12] loss: 0.313
[46,    13] loss: 0.314
[46,    14] loss: 0.329
[46,    15] loss: 0.313
[46,    16] loss: 0.313
[46,    17] loss: 0.329
[46,    18] loss: 0.329
[46,    19] loss: 0.329
[46,    20] loss: 0.313
[46,    21] loss: 0.313
[46,    22] loss: 0.313
[46,    23] loss: 0.313
[46,    24] loss: 0.345
[46,    25] loss: 0.329
[46,    26] loss: 0.329
[46,    27] loss: 0.341
Accuracy of the network: 89 %
epoch 46
[47,     1] loss: 0.329
[47,     2] loss: 0.313
[47,     3] loss: 0.313
[47,     4] loss: 0.329
[47,     5] loss: 0.345
[47,     6] loss: 0.329
[47,     7] loss: 0.329
[47,     8] loss: 0.313
[47,     9] loss: 0.329
[47,    10] loss: 0.329
[47,    11] loss: 0.313
[47,    12] loss: 0.329
[47,    13] loss: 0.313
[47,    14] loss: 0.314
[47,    15] loss: 0.313
[47,    16] loss: 0.313
[47,    17] loss: 0.329
[47,    18] loss: 0.314
[47,    19] loss: 0.329
[47,    20] loss: 0.330
[47,    21] loss: 0.329
[47,    22] loss: 0.313
[47,    23] loss: 0.329
[47,    24] loss: 0.329
[47,    25] loss: 0.313
[47,    26] loss: 0.313
[47,    27] loss: 0.313
Accuracy of the network: 91 %
epoch 47
[48,     1] loss: 0.329
[48,     2] loss: 0.313
[48,     3] loss: 0.313
[48,     4] loss: 0.314
[48,     5] loss: 0.314
[48,     6] loss: 0.313
[48,     7] loss: 0.313
[48,     8] loss: 0.329
[48,     9] loss: 0.313
[48,    10] loss: 0.329
[48,    11] loss: 0.329
[48,    12] loss: 0.345
[48,    13] loss: 0.345
[48,    14] loss: 0.329
[48,    15] loss: 0.329
[48,    16] loss: 0.313
[48,    17] loss: 0.313
[48,    18] loss: 0.313
[48,    19] loss: 0.329
[48,    20] loss: 0.313
[48,    21] loss: 0.329
[48,    22] loss: 0.345
[48,    23] loss: 0.313
[48,    24] loss: 0.313
[48,    25] loss: 0.329
[48,    26] loss: 0.313
[48,    27] loss: 0.315
Accuracy of the network: 89 %
epoch 48
[49,     1] loss: 0.313
[49,     2] loss: 0.314
[49,     3] loss: 0.313
[49,     4] loss: 0.329
[49,     5] loss: 0.313
[49,     6] loss: 0.329
[49,     7] loss: 0.313
[49,     8] loss: 0.313
[49,     9] loss: 0.345
[49,    10] loss: 0.329
[49,    11] loss: 0.329
[49,    12] loss: 0.313
[49,    13] loss: 0.329
[49,    14] loss: 0.360
[49,    15] loss: 0.329
[49,    16] loss: 0.314
[49,    17] loss: 0.329
[49,    18] loss: 0.313
[49,    19] loss: 0.329
[49,    20] loss: 0.313
[49,    21] loss: 0.313
[49,    22] loss: 0.313
[49,    23] loss: 0.329
[49,    24] loss: 0.313
[49,    25] loss: 0.313
[49,    26] loss: 0.329
[49,    27] loss: 0.313
Accuracy of the network: 90 %
epoch 49
[50,     1] loss: 0.329
[50,     2] loss: 0.329
[50,     3] loss: 0.329
[50,     4] loss: 0.313
[50,     5] loss: 0.313
[50,     6] loss: 0.313
[50,     7] loss: 0.329
[50,     8] loss: 0.313
[50,     9] loss: 0.329
[50,    10] loss: 0.313
[50,    11] loss: 0.313
[50,    12] loss: 0.313
[50,    13] loss: 0.313
[50,    14] loss: 0.314
[50,    15] loss: 0.313
[50,    16] loss: 0.313
[50,    17] loss: 0.313
[50,    18] loss: 0.313
[50,    19] loss: 0.345
[50,    20] loss: 0.315
[50,    21] loss: 0.360
[50,    22] loss: 0.345
[50,    23] loss: 0.313
[50,    24] loss: 0.314
[50,    25] loss: 0.345
[50,    26] loss: 0.329
[50,    27] loss: 0.313
Accuracy of the network: 89 %
training complete for dcnn1
epoch 0
[1,     1] loss: 0.315
[1,     2] loss: 0.391
[1,     3] loss: 0.314
[1,     4] loss: 0.313
[1,     5] loss: 0.313
[1,     6] loss: 0.313
[1,     7] loss: 0.314
[1,     8] loss: 0.345
[1,     9] loss: 0.345
[1,    10] loss: 0.332
[1,    11] loss: 0.329
[1,    12] loss: 0.314
[1,    13] loss: 0.313
[1,    14] loss: 0.329
[1,    15] loss: 0.314
[1,    16] loss: 0.329
[1,    17] loss: 0.313
[1,    18] loss: 0.329
[1,    19] loss: 0.314
[1,    20] loss: 0.313
[1,    21] loss: 0.329
[1,    22] loss: 0.329
[1,    23] loss: 0.313
[1,    24] loss: 0.314
[1,    25] loss: 0.313
[1,    26] loss: 0.314
[1,    27] loss: 0.315
Accuracy of the network: 88 %
epoch 1
[2,     1] loss: 0.313
[2,     2] loss: 0.313
[2,     3] loss: 0.345
[2,     4] loss: 0.313
[2,     5] loss: 0.313
[2,     6] loss: 0.314
[2,     7] loss: 0.345
[2,     8] loss: 0.313
[2,     9] loss: 0.329
[2,    10] loss: 0.329
[2,    11] loss: 0.313
[2,    12] loss: 0.313
[2,    13] loss: 0.313
[2,    14] loss: 0.314
[2,    15] loss: 0.313
[2,    16] loss: 0.321
[2,    17] loss: 0.313
[2,    18] loss: 0.329
[2,    19] loss: 0.345
[2,    20] loss: 0.329
[2,    21] loss: 0.329
[2,    22] loss: 0.345
[2,    23] loss: 0.313
[2,    24] loss: 0.345
[2,    25] loss: 0.314
[2,    26] loss: 0.313
[2,    27] loss: 0.341
Accuracy of the network: 89 %
epoch 2
[3,     1] loss: 0.329
[3,     2] loss: 0.345
[3,     3] loss: 0.314
[3,     4] loss: 0.345
[3,     5] loss: 0.313
[3,     6] loss: 0.313
[3,     7] loss: 0.345
[3,     8] loss: 0.313
[3,     9] loss: 0.314
[3,    10] loss: 0.313
[3,    11] loss: 0.313
[3,    12] loss: 0.313
[3,    13] loss: 0.345
[3,    14] loss: 0.345
[3,    15] loss: 0.313
[3,    16] loss: 0.329
[3,    17] loss: 0.329
[3,    18] loss: 0.314
[3,    19] loss: 0.316
[3,    20] loss: 0.313
[3,    21] loss: 0.314
[3,    22] loss: 0.330
[3,    23] loss: 0.345
[3,    24] loss: 0.313
[3,    25] loss: 0.314
[3,    26] loss: 0.313
[3,    27] loss: 0.313
Accuracy of the network: 89 %
epoch 3
[4,     1] loss: 0.313
[4,     2] loss: 0.313
[4,     3] loss: 0.314
[4,     4] loss: 0.329
[4,     5] loss: 0.313
[4,     6] loss: 0.329
[4,     7] loss: 0.329
[4,     8] loss: 0.329
[4,     9] loss: 0.314
[4,    10] loss: 0.313
[4,    11] loss: 0.313
[4,    12] loss: 0.313
[4,    13] loss: 0.329
[4,    14] loss: 0.329
[4,    15] loss: 0.345
[4,    16] loss: 0.313
[4,    17] loss: 0.313
[4,    18] loss: 0.313
[4,    19] loss: 0.329
[4,    20] loss: 0.329
[4,    21] loss: 0.314
[4,    22] loss: 0.329
[4,    23] loss: 0.313
[4,    24] loss: 0.360
[4,    25] loss: 0.329
[4,    26] loss: 0.329
[4,    27] loss: 0.313
Accuracy of the network: 90 %
epoch 4
[5,     1] loss: 0.329
[5,     2] loss: 0.313
[5,     3] loss: 0.313
[5,     4] loss: 0.313
[5,     5] loss: 0.345
[5,     6] loss: 0.360
[5,     7] loss: 0.313
[5,     8] loss: 0.329
[5,     9] loss: 0.313
[5,    10] loss: 0.330
[5,    11] loss: 0.330
[5,    12] loss: 0.313
[5,    13] loss: 0.329
[5,    14] loss: 0.313
[5,    15] loss: 0.313
[5,    16] loss: 0.313
[5,    17] loss: 0.314
[5,    18] loss: 0.313
[5,    19] loss: 0.313
[5,    20] loss: 0.346
[5,    21] loss: 0.345
[5,    22] loss: 0.329
[5,    23] loss: 0.313
[5,    24] loss: 0.313
[5,    25] loss: 0.329
[5,    26] loss: 0.313
[5,    27] loss: 0.314
Accuracy of the network: 90 %
epoch 5
[6,     1] loss: 0.314
[6,     2] loss: 0.313
[6,     3] loss: 0.313
[6,     4] loss: 0.313
[6,     5] loss: 0.329
[6,     6] loss: 0.313
[6,     7] loss: 0.329
[6,     8] loss: 0.329
[6,     9] loss: 0.313
[6,    10] loss: 0.329
[6,    11] loss: 0.345
[6,    12] loss: 0.345
[6,    13] loss: 0.313
[6,    14] loss: 0.313
[6,    15] loss: 0.345
[6,    16] loss: 0.313
[6,    17] loss: 0.313
[6,    18] loss: 0.313
[6,    19] loss: 0.313
[6,    20] loss: 0.313
[6,    21] loss: 0.313
[6,    22] loss: 0.313
[6,    23] loss: 0.329
[6,    24] loss: 0.313
[6,    25] loss: 0.345
[6,    26] loss: 0.329
[6,    27] loss: 0.369
Accuracy of the network: 90 %
epoch 6
[7,     1] loss: 0.313
[7,     2] loss: 0.313
[7,     3] loss: 0.314
[7,     4] loss: 0.313
[7,     5] loss: 0.329
[7,     6] loss: 0.329
[7,     7] loss: 0.329
[7,     8] loss: 0.314
[7,     9] loss: 0.313
[7,    10] loss: 0.361
[7,    11] loss: 0.313
[7,    12] loss: 0.314
[7,    13] loss: 0.313
[7,    14] loss: 0.329
[7,    15] loss: 0.329
[7,    16] loss: 0.313
[7,    17] loss: 0.313
[7,    18] loss: 0.313
[7,    19] loss: 0.345
[7,    20] loss: 0.376
[7,    21] loss: 0.313
[7,    22] loss: 0.329
[7,    23] loss: 0.313
[7,    24] loss: 0.314
[7,    25] loss: 0.313
[7,    26] loss: 0.329
[7,    27] loss: 0.314
Accuracy of the network: 89 %
epoch 7
[8,     1] loss: 0.345
[8,     2] loss: 0.345
[8,     3] loss: 0.313
[8,     4] loss: 0.329
[8,     5] loss: 0.360
[8,     6] loss: 0.313
[8,     7] loss: 0.313
[8,     8] loss: 0.314
[8,     9] loss: 0.313
[8,    10] loss: 0.313
[8,    11] loss: 0.313
[8,    12] loss: 0.313
[8,    13] loss: 0.345
[8,    14] loss: 0.314
[8,    15] loss: 0.313
[8,    16] loss: 0.313
[8,    17] loss: 0.329
[8,    18] loss: 0.314
[8,    19] loss: 0.345
[8,    20] loss: 0.329
[8,    21] loss: 0.313
[8,    22] loss: 0.313
[8,    23] loss: 0.313
[8,    24] loss: 0.313
[8,    25] loss: 0.345
[8,    26] loss: 0.313
[8,    27] loss: 0.313
Accuracy of the network: 88 %
epoch 8
[9,     1] loss: 0.313
[9,     2] loss: 0.360
[9,     3] loss: 0.313
[9,     4] loss: 0.313
[9,     5] loss: 0.329
[9,     6] loss: 0.313
[9,     7] loss: 0.329
[9,     8] loss: 0.313
[9,     9] loss: 0.313
[9,    10] loss: 0.329
[9,    11] loss: 0.313
[9,    12] loss: 0.313
[9,    13] loss: 0.314
[9,    14] loss: 0.313
[9,    15] loss: 0.329
[9,    16] loss: 0.329
[9,    17] loss: 0.313
[9,    18] loss: 0.330
[9,    19] loss: 0.329
[9,    20] loss: 0.329
[9,    21] loss: 0.313
[9,    22] loss: 0.329
[9,    23] loss: 0.313
[9,    24] loss: 0.345
[9,    25] loss: 0.345
[9,    26] loss: 0.313
[9,    27] loss: 0.313
Accuracy of the network: 90 %
epoch 9
[10,     1] loss: 0.345
[10,     2] loss: 0.313
[10,     3] loss: 0.313
[10,     4] loss: 0.329
[10,     5] loss: 0.313
[10,     6] loss: 0.329
[10,     7] loss: 0.329
[10,     8] loss: 0.313
[10,     9] loss: 0.313
[10,    10] loss: 0.329
[10,    11] loss: 0.329
[10,    12] loss: 0.345
[10,    13] loss: 0.345
[10,    14] loss: 0.329
[10,    15] loss: 0.313
[10,    16] loss: 0.313
[10,    17] loss: 0.313
[10,    18] loss: 0.329
[10,    19] loss: 0.329
[10,    20] loss: 0.329
[10,    21] loss: 0.313
[10,    22] loss: 0.329
[10,    23] loss: 0.314
[10,    24] loss: 0.313
[10,    25] loss: 0.313
[10,    26] loss: 0.313
[10,    27] loss: 0.314
Accuracy of the network: 90 %
epoch 10
[11,     1] loss: 0.329
[11,     2] loss: 0.313
[11,     3] loss: 0.314
[11,     4] loss: 0.329
[11,     5] loss: 0.329
[11,     6] loss: 0.314
[11,     7] loss: 0.313
[11,     8] loss: 0.329
[11,     9] loss: 0.345
[11,    10] loss: 0.313
[11,    11] loss: 0.313
[11,    12] loss: 0.329
[11,    13] loss: 0.330
[11,    14] loss: 0.313
[11,    15] loss: 0.329
[11,    16] loss: 0.313
[11,    17] loss: 0.332
[11,    18] loss: 0.313
[11,    19] loss: 0.314
[11,    20] loss: 0.313
[11,    21] loss: 0.329
[11,    22] loss: 0.329
[11,    23] loss: 0.345
[11,    24] loss: 0.313
[11,    25] loss: 0.313
[11,    26] loss: 0.329
[11,    27] loss: 0.348
Accuracy of the network: 89 %
epoch 11
[12,     1] loss: 0.345
[12,     2] loss: 0.313
[12,     3] loss: 0.360
[12,     4] loss: 0.313
[12,     5] loss: 0.314
[12,     6] loss: 0.313
[12,     7] loss: 0.329
[12,     8] loss: 0.329
[12,     9] loss: 0.329
[12,    10] loss: 0.329
[12,    11] loss: 0.313
[12,    12] loss: 0.314
[12,    13] loss: 0.329
[12,    14] loss: 0.329
[12,    15] loss: 0.329
[12,    16] loss: 0.314
[12,    17] loss: 0.329
[12,    18] loss: 0.313
[12,    19] loss: 0.313
[12,    20] loss: 0.313
[12,    21] loss: 0.314
[12,    22] loss: 0.313
[12,    23] loss: 0.329
[12,    24] loss: 0.329
[12,    25] loss: 0.313
[12,    26] loss: 0.329
[12,    27] loss: 0.313
Accuracy of the network: 90 %
epoch 12
[13,     1] loss: 0.314
[13,     2] loss: 0.329
[13,     3] loss: 0.314
[13,     4] loss: 0.329
[13,     5] loss: 0.314
[13,     6] loss: 0.329
[13,     7] loss: 0.345
[13,     8] loss: 0.314
[13,     9] loss: 0.329
[13,    10] loss: 0.313
[13,    11] loss: 0.314
[13,    12] loss: 0.329
[13,    13] loss: 0.329
[13,    14] loss: 0.345
[13,    15] loss: 0.313
[13,    16] loss: 0.313
[13,    17] loss: 0.314
[13,    18] loss: 0.313
[13,    19] loss: 0.329
[13,    20] loss: 0.329
[13,    21] loss: 0.313
[13,    22] loss: 0.314
[13,    23] loss: 0.360
[13,    24] loss: 0.313
[13,    25] loss: 0.313
[13,    26] loss: 0.329
[13,    27] loss: 0.313
Accuracy of the network: 88 %
epoch 13
[14,     1] loss: 0.313
[14,     2] loss: 0.329
[14,     3] loss: 0.313
[14,     4] loss: 0.329
[14,     5] loss: 0.314
[14,     6] loss: 0.345
[14,     7] loss: 0.313
[14,     8] loss: 0.313
[14,     9] loss: 0.329
[14,    10] loss: 0.313
[14,    11] loss: 0.313
[14,    12] loss: 0.345
[14,    13] loss: 0.313
[14,    14] loss: 0.313
[14,    15] loss: 0.345
[14,    16] loss: 0.313
[14,    17] loss: 0.329
[14,    18] loss: 0.345
[14,    19] loss: 0.345
[14,    20] loss: 0.314
[14,    21] loss: 0.313
[14,    22] loss: 0.313
[14,    23] loss: 0.329
[14,    24] loss: 0.313
[14,    25] loss: 0.313
[14,    26] loss: 0.315
[14,    27] loss: 0.341
Accuracy of the network: 90 %
epoch 14
[15,     1] loss: 0.314
[15,     2] loss: 0.313
[15,     3] loss: 0.329
[15,     4] loss: 0.313
[15,     5] loss: 0.345
[15,     6] loss: 0.313
[15,     7] loss: 0.313
[15,     8] loss: 0.329
[15,     9] loss: 0.313
[15,    10] loss: 0.345
[15,    11] loss: 0.329
[15,    12] loss: 0.313
[15,    13] loss: 0.313
[15,    14] loss: 0.313
[15,    15] loss: 0.345
[15,    16] loss: 0.329
[15,    17] loss: 0.345
[15,    18] loss: 0.313
[15,    19] loss: 0.329
[15,    20] loss: 0.313
[15,    21] loss: 0.313
[15,    22] loss: 0.313
[15,    23] loss: 0.329
[15,    24] loss: 0.313
[15,    25] loss: 0.329
[15,    26] loss: 0.329
[15,    27] loss: 0.313
Accuracy of the network: 89 %
epoch 15
[16,     1] loss: 0.313
[16,     2] loss: 0.313
[16,     3] loss: 0.313
[16,     4] loss: 0.313
[16,     5] loss: 0.329
[16,     6] loss: 0.313
[16,     7] loss: 0.313
[16,     8] loss: 0.313
[16,     9] loss: 0.345
[16,    10] loss: 0.313
[16,    11] loss: 0.329
[16,    12] loss: 0.345
[16,    13] loss: 0.313
[16,    14] loss: 0.345
[16,    15] loss: 0.314
[16,    16] loss: 0.329
[16,    17] loss: 0.313
[16,    18] loss: 0.329
[16,    19] loss: 0.329
[16,    20] loss: 0.314
[16,    21] loss: 0.314
[16,    22] loss: 0.347
[16,    23] loss: 0.329
[16,    24] loss: 0.329
[16,    25] loss: 0.314
[16,    26] loss: 0.329
[16,    27] loss: 0.313
Accuracy of the network: 90 %
epoch 16
[17,     1] loss: 0.345
[17,     2] loss: 0.345
[17,     3] loss: 0.313
[17,     4] loss: 0.313
[17,     5] loss: 0.313
[17,     6] loss: 0.314
[17,     7] loss: 0.345
[17,     8] loss: 0.313
[17,     9] loss: 0.313
[17,    10] loss: 0.313
[17,    11] loss: 0.329
[17,    12] loss: 0.329
[17,    13] loss: 0.329
[17,    14] loss: 0.345
[17,    15] loss: 0.330
[17,    16] loss: 0.329
[17,    17] loss: 0.313
[17,    18] loss: 0.313
[17,    19] loss: 0.313
[17,    20] loss: 0.329
[17,    21] loss: 0.313
[17,    22] loss: 0.313
[17,    23] loss: 0.313
[17,    24] loss: 0.329
[17,    25] loss: 0.313
[17,    26] loss: 0.316
[17,    27] loss: 0.341
Accuracy of the network: 88 %
epoch 17
[18,     1] loss: 0.313
[18,     2] loss: 0.329
[18,     3] loss: 0.329
[18,     4] loss: 0.313
[18,     5] loss: 0.313
[18,     6] loss: 0.329
[18,     7] loss: 0.314
[18,     8] loss: 0.329
[18,     9] loss: 0.329
[18,    10] loss: 0.329
[18,    11] loss: 0.329
[18,    12] loss: 0.329
[18,    13] loss: 0.329
[18,    14] loss: 0.314
[18,    15] loss: 0.345
[18,    16] loss: 0.313
[18,    17] loss: 0.329
[18,    18] loss: 0.313
[18,    19] loss: 0.313
[18,    20] loss: 0.329
[18,    21] loss: 0.330
[18,    22] loss: 0.329
[18,    23] loss: 0.329
[18,    24] loss: 0.313
[18,    25] loss: 0.315
[18,    26] loss: 0.313
[18,    27] loss: 0.314
Accuracy of the network: 89 %
epoch 18
[19,     1] loss: 0.313
[19,     2] loss: 0.313
[19,     3] loss: 0.360
[19,     4] loss: 0.345
[19,     5] loss: 0.313
[19,     6] loss: 0.313
[19,     7] loss: 0.313
[19,     8] loss: 0.313
[19,     9] loss: 0.329
[19,    10] loss: 0.345
[19,    11] loss: 0.345
[19,    12] loss: 0.314
[19,    13] loss: 0.313
[19,    14] loss: 0.329
[19,    15] loss: 0.314
[19,    16] loss: 0.329
[19,    17] loss: 0.329
[19,    18] loss: 0.313
[19,    19] loss: 0.329
[19,    20] loss: 0.313
[19,    21] loss: 0.314
[19,    22] loss: 0.313
[19,    23] loss: 0.313
[19,    24] loss: 0.313
[19,    25] loss: 0.313
[19,    26] loss: 0.330
[19,    27] loss: 0.341
Accuracy of the network: 89 %
epoch 19
[20,     1] loss: 0.329
[20,     2] loss: 0.313
[20,     3] loss: 0.329
[20,     4] loss: 0.313
[20,     5] loss: 0.329
[20,     6] loss: 0.329
[20,     7] loss: 0.313
[20,     8] loss: 0.313
[20,     9] loss: 0.313
[20,    10] loss: 0.329
[20,    11] loss: 0.314
[20,    12] loss: 0.313
[20,    13] loss: 0.329
[20,    14] loss: 0.329
[20,    15] loss: 0.314
[20,    16] loss: 0.329
[20,    17] loss: 0.313
[20,    18] loss: 0.345
[20,    19] loss: 0.313
[20,    20] loss: 0.345
[20,    21] loss: 0.329
[20,    22] loss: 0.329
[20,    23] loss: 0.313
[20,    24] loss: 0.329
[20,    25] loss: 0.313
[20,    26] loss: 0.314
[20,    27] loss: 0.341
Accuracy of the network: 91 %
epoch 20
[21,     1] loss: 0.313
[21,     2] loss: 0.329
[21,     3] loss: 0.313
[21,     4] loss: 0.313
[21,     5] loss: 0.314
[21,     6] loss: 0.345
[21,     7] loss: 0.313
[21,     8] loss: 0.329
[21,     9] loss: 0.313
[21,    10] loss: 0.329
[21,    11] loss: 0.316
[21,    12] loss: 0.329
[21,    13] loss: 0.314
[21,    14] loss: 0.313
[21,    15] loss: 0.313
[21,    16] loss: 0.329
[21,    17] loss: 0.329
[21,    18] loss: 0.345
[21,    19] loss: 0.329
[21,    20] loss: 0.329
[21,    21] loss: 0.313
[21,    22] loss: 0.329
[21,    23] loss: 0.314
[21,    24] loss: 0.313
[21,    25] loss: 0.329
[21,    26] loss: 0.345
[21,    27] loss: 0.314
Accuracy of the network: 90 %
epoch 21
[22,     1] loss: 0.329
[22,     2] loss: 0.313
[22,     3] loss: 0.313
[22,     4] loss: 0.329
[22,     5] loss: 0.360
[22,     6] loss: 0.313
[22,     7] loss: 0.329
[22,     8] loss: 0.313
[22,     9] loss: 0.330
[22,    10] loss: 0.329
[22,    11] loss: 0.313
[22,    12] loss: 0.329
[22,    13] loss: 0.313
[22,    14] loss: 0.314
[22,    15] loss: 0.313
[22,    16] loss: 0.331
[22,    17] loss: 0.314
[22,    18] loss: 0.329
[22,    19] loss: 0.313
[22,    20] loss: 0.345
[22,    21] loss: 0.313
[22,    22] loss: 0.329
[22,    23] loss: 0.329
[22,    24] loss: 0.313
[22,    25] loss: 0.329
[22,    26] loss: 0.314
[22,    27] loss: 0.313
Accuracy of the network: 89 %
epoch 22
[23,     1] loss: 0.313
[23,     2] loss: 0.313
[23,     3] loss: 0.329
[23,     4] loss: 0.313
[23,     5] loss: 0.313
[23,     6] loss: 0.313
[23,     7] loss: 0.313
[23,     8] loss: 0.329
[23,     9] loss: 0.313
[23,    10] loss: 0.313
[23,    11] loss: 0.313
[23,    12] loss: 0.329
[23,    13] loss: 0.329
[23,    14] loss: 0.313
[23,    15] loss: 0.313
[23,    16] loss: 0.329
[23,    17] loss: 0.313
[23,    18] loss: 0.360
[23,    19] loss: 0.329
[23,    20] loss: 0.345
[23,    21] loss: 0.313
[23,    22] loss: 0.329
[23,    23] loss: 0.329
[23,    24] loss: 0.313
[23,    25] loss: 0.345
[23,    26] loss: 0.329
[23,    27] loss: 0.314
Accuracy of the network: 90 %
epoch 23
[24,     1] loss: 0.314
[24,     2] loss: 0.313
[24,     3] loss: 0.329
[24,     4] loss: 0.313
[24,     5] loss: 0.329
[24,     6] loss: 0.329
[24,     7] loss: 0.329
[24,     8] loss: 0.329
[24,     9] loss: 0.345
[24,    10] loss: 0.329
[24,    11] loss: 0.329
[24,    12] loss: 0.329
[24,    13] loss: 0.313
[24,    14] loss: 0.317
[24,    15] loss: 0.313
[24,    16] loss: 0.313
[24,    17] loss: 0.313
[24,    18] loss: 0.345
[24,    19] loss: 0.329
[24,    20] loss: 0.329
[24,    21] loss: 0.313
[24,    22] loss: 0.313
[24,    23] loss: 0.313
[24,    24] loss: 0.313
[24,    25] loss: 0.313
[24,    26] loss: 0.329
[24,    27] loss: 0.341
Accuracy of the network: 88 %
epoch 24
[25,     1] loss: 0.329
[25,     2] loss: 0.345
[25,     3] loss: 0.313
[25,     4] loss: 0.313
[25,     5] loss: 0.313
[25,     6] loss: 0.313
[25,     7] loss: 0.329
[25,     8] loss: 0.329
[25,     9] loss: 0.329
[25,    10] loss: 0.329
[25,    11] loss: 0.313
[25,    12] loss: 0.329
[25,    13] loss: 0.329
[25,    14] loss: 0.329
[25,    15] loss: 0.313
[25,    16] loss: 0.315
[25,    17] loss: 0.313
[25,    18] loss: 0.329
[25,    19] loss: 0.313
[25,    20] loss: 0.313
[25,    21] loss: 0.329
[25,    22] loss: 0.329
[25,    23] loss: 0.329
[25,    24] loss: 0.329
[25,    25] loss: 0.329
[25,    26] loss: 0.313
[25,    27] loss: 0.313
Accuracy of the network: 90 %
epoch 25
[26,     1] loss: 0.314
[26,     2] loss: 0.313
[26,     3] loss: 0.329
[26,     4] loss: 0.329
[26,     5] loss: 0.330
[26,     6] loss: 0.329
[26,     7] loss: 0.313
[26,     8] loss: 0.329
[26,     9] loss: 0.329
[26,    10] loss: 0.313
[26,    11] loss: 0.313
[26,    12] loss: 0.313
[26,    13] loss: 0.313
[26,    14] loss: 0.329
[26,    15] loss: 0.329
[26,    16] loss: 0.313
[26,    17] loss: 0.329
[26,    18] loss: 0.345
[26,    19] loss: 0.329
[26,    20] loss: 0.329
[26,    21] loss: 0.313
[26,    22] loss: 0.313
[26,    23] loss: 0.329
[26,    24] loss: 0.313
[26,    25] loss: 0.329
[26,    26] loss: 0.329
[26,    27] loss: 0.315
Accuracy of the network: 90 %
epoch 26
[27,     1] loss: 0.313
[27,     2] loss: 0.313
[27,     3] loss: 0.313
[27,     4] loss: 0.329
[27,     5] loss: 0.313
[27,     6] loss: 0.313
[27,     7] loss: 0.313
[27,     8] loss: 0.314
[27,     9] loss: 0.329
[27,    10] loss: 0.314
[27,    11] loss: 0.313
[27,    12] loss: 0.313
[27,    13] loss: 0.329
[27,    14] loss: 0.345
[27,    15] loss: 0.345
[27,    16] loss: 0.345
[27,    17] loss: 0.314
[27,    18] loss: 0.314
[27,    19] loss: 0.313
[27,    20] loss: 0.329
[27,    21] loss: 0.345
[27,    22] loss: 0.313
[27,    23] loss: 0.329
[27,    24] loss: 0.314
[27,    25] loss: 0.329
[27,    26] loss: 0.329
[27,    27] loss: 0.341
Accuracy of the network: 89 %
epoch 27
[28,     1] loss: 0.329
[28,     2] loss: 0.329
[28,     3] loss: 0.329
[28,     4] loss: 0.313
[28,     5] loss: 0.313
[28,     6] loss: 0.329
[28,     7] loss: 0.345
[28,     8] loss: 0.329
[28,     9] loss: 0.329
[28,    10] loss: 0.313
[28,    11] loss: 0.345
[28,    12] loss: 0.313
[28,    13] loss: 0.313
[28,    14] loss: 0.313
[28,    15] loss: 0.313
[28,    16] loss: 0.313
[28,    17] loss: 0.313
[28,    18] loss: 0.313
[28,    19] loss: 0.329
[28,    20] loss: 0.329
[28,    21] loss: 0.345
[28,    22] loss: 0.329
[28,    23] loss: 0.313
[28,    24] loss: 0.313
[28,    25] loss: 0.313
[28,    26] loss: 0.329
[28,    27] loss: 0.314
Accuracy of the network: 92 %
epoch 28
[29,     1] loss: 0.345
[29,     2] loss: 0.329
[29,     3] loss: 0.313
[29,     4] loss: 0.314
[29,     5] loss: 0.314
[29,     6] loss: 0.313
[29,     7] loss: 0.329
[29,     8] loss: 0.314
[29,     9] loss: 0.345
[29,    10] loss: 0.329
[29,    11] loss: 0.329
[29,    12] loss: 0.345
[29,    13] loss: 0.313
[29,    14] loss: 0.313
[29,    15] loss: 0.329
[29,    16] loss: 0.314
[29,    17] loss: 0.313
[29,    18] loss: 0.314
[29,    19] loss: 0.360
[29,    20] loss: 0.313
[29,    21] loss: 0.313
[29,    22] loss: 0.313
[29,    23] loss: 0.340
[29,    24] loss: 0.313
[29,    25] loss: 0.313
[29,    26] loss: 0.314
[29,    27] loss: 0.313
Accuracy of the network: 90 %
epoch 29
[30,     1] loss: 0.329
[30,     2] loss: 0.329
[30,     3] loss: 0.314
[30,     4] loss: 0.314
[30,     5] loss: 0.330
[30,     6] loss: 0.313
[30,     7] loss: 0.330
[30,     8] loss: 0.329
[30,     9] loss: 0.313
[30,    10] loss: 0.313
[30,    11] loss: 0.313
[30,    12] loss: 0.329
[30,    13] loss: 0.313
[30,    14] loss: 0.313
[30,    15] loss: 0.314
[30,    16] loss: 0.345
[30,    17] loss: 0.329
[30,    18] loss: 0.329
[30,    19] loss: 0.329
[30,    20] loss: 0.314
[30,    21] loss: 0.329
[30,    22] loss: 0.313
[30,    23] loss: 0.337
[30,    24] loss: 0.329
[30,    25] loss: 0.329
[30,    26] loss: 0.313
[30,    27] loss: 0.313
Accuracy of the network: 89 %
epoch 30
[31,     1] loss: 0.329
[31,     2] loss: 0.313
[31,     3] loss: 0.313
[31,     4] loss: 0.313
[31,     5] loss: 0.314
[31,     6] loss: 0.313
[31,     7] loss: 0.313
[31,     8] loss: 0.329
[31,     9] loss: 0.313
[31,    10] loss: 0.313
[31,    11] loss: 0.318
[31,    12] loss: 0.313
[31,    13] loss: 0.345
[31,    14] loss: 0.313
[31,    15] loss: 0.313
[31,    16] loss: 0.345
[31,    17] loss: 0.347
[31,    18] loss: 0.329
[31,    19] loss: 0.329
[31,    20] loss: 0.329
[31,    21] loss: 0.314
[31,    22] loss: 0.329
[31,    23] loss: 0.313
[31,    24] loss: 0.313
[31,    25] loss: 0.345
[31,    26] loss: 0.313
[31,    27] loss: 0.354
Accuracy of the network: 90 %
epoch 31
[32,     1] loss: 0.330
[32,     2] loss: 0.319
[32,     3] loss: 0.329
[32,     4] loss: 0.314
[32,     5] loss: 0.313
[32,     6] loss: 0.329
[32,     7] loss: 0.329
[32,     8] loss: 0.313
[32,     9] loss: 0.313
[32,    10] loss: 0.331
[32,    11] loss: 0.329
[32,    12] loss: 0.314
[32,    13] loss: 0.313
[32,    14] loss: 0.329
[32,    15] loss: 0.313
[32,    16] loss: 0.360
[32,    17] loss: 0.329
[32,    18] loss: 0.313
[32,    19] loss: 0.314
[32,    20] loss: 0.313
[32,    21] loss: 0.329
[32,    22] loss: 0.314
[32,    23] loss: 0.313
[32,    24] loss: 0.313
[32,    25] loss: 0.313
[32,    26] loss: 0.345
[32,    27] loss: 0.341
Accuracy of the network: 89 %
epoch 32
[33,     1] loss: 0.313
[33,     2] loss: 0.313
[33,     3] loss: 0.329
[33,     4] loss: 0.331
[33,     5] loss: 0.313
[33,     6] loss: 0.313
[33,     7] loss: 0.313
[33,     8] loss: 0.329
[33,     9] loss: 0.314
[33,    10] loss: 0.345
[33,    11] loss: 0.329
[33,    12] loss: 0.313
[33,    13] loss: 0.329
[33,    14] loss: 0.314
[33,    15] loss: 0.313
[33,    16] loss: 0.314
[33,    17] loss: 0.314
[33,    18] loss: 0.329
[33,    19] loss: 0.329
[33,    20] loss: 0.360
[33,    21] loss: 0.314
[33,    22] loss: 0.345
[33,    23] loss: 0.329
[33,    24] loss: 0.313
[33,    25] loss: 0.313
[33,    26] loss: 0.313
[33,    27] loss: 0.316
Accuracy of the network: 89 %
epoch 33
[34,     1] loss: 0.314
[34,     2] loss: 0.313
[34,     3] loss: 0.329
[34,     4] loss: 0.313
[34,     5] loss: 0.313
[34,     6] loss: 0.329
[34,     7] loss: 0.313
[34,     8] loss: 0.313
[34,     9] loss: 0.313
[34,    10] loss: 0.329
[34,    11] loss: 0.329
[34,    12] loss: 0.313
[34,    13] loss: 0.329
[34,    14] loss: 0.344
[34,    15] loss: 0.329
[34,    16] loss: 0.329
[34,    17] loss: 0.329
[34,    18] loss: 0.313
[34,    19] loss: 0.345
[34,    20] loss: 0.313
[34,    21] loss: 0.313
[34,    22] loss: 0.313
[34,    23] loss: 0.332
[34,    24] loss: 0.313
[34,    25] loss: 0.314
[34,    26] loss: 0.345
[34,    27] loss: 0.320
Accuracy of the network: 90 %
epoch 34
[35,     1] loss: 0.345
[35,     2] loss: 0.313
[35,     3] loss: 0.345
[35,     4] loss: 0.329
[35,     5] loss: 0.329
[35,     6] loss: 0.313
[35,     7] loss: 0.345
[35,     8] loss: 0.313
[35,     9] loss: 0.329
[35,    10] loss: 0.313
[35,    11] loss: 0.313
[35,    12] loss: 0.345
[35,    13] loss: 0.331
[35,    14] loss: 0.313
[35,    15] loss: 0.313
[35,    16] loss: 0.313
[35,    17] loss: 0.313
[35,    18] loss: 0.313
[35,    19] loss: 0.329
[35,    20] loss: 0.313
[35,    21] loss: 0.313
[35,    22] loss: 0.313
[35,    23] loss: 0.330
[35,    24] loss: 0.329
[35,    25] loss: 0.313
[35,    26] loss: 0.313
[35,    27] loss: 0.315
Accuracy of the network: 89 %
epoch 35
[36,     1] loss: 0.314
[36,     2] loss: 0.329
[36,     3] loss: 0.313
[36,     4] loss: 0.314
[36,     5] loss: 0.329
[36,     6] loss: 0.314
[36,     7] loss: 0.313
[36,     8] loss: 0.313
[36,     9] loss: 0.313
[36,    10] loss: 0.313
[36,    11] loss: 0.329
[36,    12] loss: 0.345
[36,    13] loss: 0.345
[36,    14] loss: 0.329
[36,    15] loss: 0.329
[36,    16] loss: 0.313
[36,    17] loss: 0.329
[36,    18] loss: 0.313
[36,    19] loss: 0.315
[36,    20] loss: 0.329
[36,    21] loss: 0.329
[36,    22] loss: 0.329
[36,    23] loss: 0.329
[36,    24] loss: 0.314
[36,    25] loss: 0.329
[36,    26] loss: 0.313
[36,    27] loss: 0.314
Accuracy of the network: 91 %
epoch 36
[37,     1] loss: 0.314
[37,     2] loss: 0.329
[37,     3] loss: 0.345
[37,     4] loss: 0.329
[37,     5] loss: 0.313
[37,     6] loss: 0.329
[37,     7] loss: 0.360
[37,     8] loss: 0.361
[37,     9] loss: 0.313
[37,    10] loss: 0.313
[37,    11] loss: 0.313
[37,    12] loss: 0.345
[37,    13] loss: 0.313
[37,    14] loss: 0.313
[37,    15] loss: 0.313
[37,    16] loss: 0.313
[37,    17] loss: 0.313
[37,    18] loss: 0.313
[37,    19] loss: 0.329
[37,    20] loss: 0.313
[37,    21] loss: 0.313
[37,    22] loss: 0.329
[37,    23] loss: 0.315
[37,    24] loss: 0.313
[37,    25] loss: 0.313
[37,    26] loss: 0.313
[37,    27] loss: 0.316
Accuracy of the network: 90 %
epoch 37
[38,     1] loss: 0.313
[38,     2] loss: 0.313
[38,     3] loss: 0.313
[38,     4] loss: 0.313
[38,     5] loss: 0.329
[38,     6] loss: 0.329
[38,     7] loss: 0.313
[38,     8] loss: 0.329
[38,     9] loss: 0.329
[38,    10] loss: 0.313
[38,    11] loss: 0.314
[38,    12] loss: 0.329
[38,    13] loss: 0.329
[38,    14] loss: 0.345
[38,    15] loss: 0.329
[38,    16] loss: 0.331
[38,    17] loss: 0.313
[38,    18] loss: 0.329
[38,    19] loss: 0.332
[38,    20] loss: 0.313
[38,    21] loss: 0.329
[38,    22] loss: 0.313
[38,    23] loss: 0.313
[38,    24] loss: 0.329
[38,    25] loss: 0.313
[38,    26] loss: 0.329
[38,    27] loss: 0.314
Accuracy of the network: 90 %
epoch 38
[39,     1] loss: 0.329
[39,     2] loss: 0.313
[39,     3] loss: 0.313
[39,     4] loss: 0.314
[39,     5] loss: 0.329
[39,     6] loss: 0.329
[39,     7] loss: 0.313
[39,     8] loss: 0.313
[39,     9] loss: 0.313
[39,    10] loss: 0.329
[39,    11] loss: 0.313
[39,    12] loss: 0.329
[39,    13] loss: 0.329
[39,    14] loss: 0.313
[39,    15] loss: 0.345
[39,    16] loss: 0.313
[39,    17] loss: 0.314
[39,    18] loss: 0.313
[39,    19] loss: 0.345
[39,    20] loss: 0.329
[39,    21] loss: 0.313
[39,    22] loss: 0.315
[39,    23] loss: 0.329
[39,    24] loss: 0.329
[39,    25] loss: 0.313
[39,    26] loss: 0.345
[39,    27] loss: 0.313
Accuracy of the network: 89 %
epoch 39
[40,     1] loss: 0.329
[40,     2] loss: 0.345
[40,     3] loss: 0.313
[40,     4] loss: 0.314
[40,     5] loss: 0.314
[40,     6] loss: 0.329
[40,     7] loss: 0.345
[40,     8] loss: 0.329
[40,     9] loss: 0.313
[40,    10] loss: 0.329
[40,    11] loss: 0.313
[40,    12] loss: 0.313
[40,    13] loss: 0.329
[40,    14] loss: 0.313
[40,    15] loss: 0.313
[40,    16] loss: 0.345
[40,    17] loss: 0.314
[40,    18] loss: 0.317
[40,    19] loss: 0.329
[40,    20] loss: 0.329
[40,    21] loss: 0.329
[40,    22] loss: 0.313
[40,    23] loss: 0.329
[40,    24] loss: 0.313
[40,    25] loss: 0.313
[40,    26] loss: 0.313
[40,    27] loss: 0.313
Accuracy of the network: 91 %
epoch 40
[41,     1] loss: 0.313
[41,     2] loss: 0.329
[41,     3] loss: 0.313
[41,     4] loss: 0.313
[41,     5] loss: 0.313
[41,     6] loss: 0.313
[41,     7] loss: 0.329
[41,     8] loss: 0.329
[41,     9] loss: 0.329
[41,    10] loss: 0.313
[41,    11] loss: 0.313
[41,    12] loss: 0.345
[41,    13] loss: 0.376
[41,    14] loss: 0.314
[41,    15] loss: 0.329
[41,    16] loss: 0.329
[41,    17] loss: 0.315
[41,    18] loss: 0.313
[41,    19] loss: 0.313
[41,    20] loss: 0.313
[41,    21] loss: 0.313
[41,    22] loss: 0.345
[41,    23] loss: 0.313
[41,    24] loss: 0.313
[41,    25] loss: 0.313
[41,    26] loss: 0.329
[41,    27] loss: 0.313
Accuracy of the network: 89 %
epoch 41
[42,     1] loss: 0.329
[42,     2] loss: 0.313
[42,     3] loss: 0.329
[42,     4] loss: 0.313
[42,     5] loss: 0.329
[42,     6] loss: 0.313
[42,     7] loss: 0.314
[42,     8] loss: 0.313
[42,     9] loss: 0.329
[42,    10] loss: 0.345
[42,    11] loss: 0.313
[42,    12] loss: 0.329
[42,    13] loss: 0.329
[42,    14] loss: 0.329
[42,    15] loss: 0.313
[42,    16] loss: 0.345
[42,    17] loss: 0.345
[42,    18] loss: 0.313
[42,    19] loss: 0.313
[42,    20] loss: 0.313
[42,    21] loss: 0.314
[42,    22] loss: 0.313
[42,    23] loss: 0.329
[42,    24] loss: 0.329
[42,    25] loss: 0.313
[42,    26] loss: 0.314
[42,    27] loss: 0.313
Accuracy of the network: 90 %
epoch 42
[43,     1] loss: 0.314
[43,     2] loss: 0.313
[43,     3] loss: 0.313
[43,     4] loss: 0.313
[43,     5] loss: 0.329
[43,     6] loss: 0.313
[43,     7] loss: 0.313
[43,     8] loss: 0.313
[43,     9] loss: 0.376
[43,    10] loss: 0.313
[43,    11] loss: 0.313
[43,    12] loss: 0.329
[43,    13] loss: 0.314
[43,    14] loss: 0.345
[43,    15] loss: 0.345
[43,    16] loss: 0.329
[43,    17] loss: 0.329
[43,    18] loss: 0.313
[43,    19] loss: 0.314
[43,    20] loss: 0.314
[43,    21] loss: 0.360
[43,    22] loss: 0.315
[43,    23] loss: 0.313
[43,    24] loss: 0.313
[43,    25] loss: 0.329
[43,    26] loss: 0.313
[43,    27] loss: 0.313
Accuracy of the network: 89 %
epoch 43
[44,     1] loss: 0.345
[44,     2] loss: 0.313
[44,     3] loss: 0.313
[44,     4] loss: 0.313
[44,     5] loss: 0.329
[44,     6] loss: 0.329
[44,     7] loss: 0.317
[44,     8] loss: 0.314
[44,     9] loss: 0.313
[44,    10] loss: 0.313
[44,    11] loss: 0.313
[44,    12] loss: 0.313
[44,    13] loss: 0.313
[44,    14] loss: 0.329
[44,    15] loss: 0.314
[44,    16] loss: 0.329
[44,    17] loss: 0.329
[44,    18] loss: 0.313
[44,    19] loss: 0.329
[44,    20] loss: 0.361
[44,    21] loss: 0.313
[44,    22] loss: 0.329
[44,    23] loss: 0.314
[44,    24] loss: 0.329
[44,    25] loss: 0.313
[44,    26] loss: 0.345
[44,    27] loss: 0.314
Accuracy of the network: 88 %
epoch 44
[45,     1] loss: 0.313
[45,     2] loss: 0.314
[45,     3] loss: 0.313
[45,     4] loss: 0.314
[45,     5] loss: 0.313
[45,     6] loss: 0.314
[45,     7] loss: 0.313
[45,     8] loss: 0.330
[45,     9] loss: 0.329
[45,    10] loss: 0.313
[45,    11] loss: 0.313
[45,    12] loss: 0.329
[45,    13] loss: 0.329
[45,    14] loss: 0.313
[45,    15] loss: 0.313
[45,    16] loss: 0.345
[45,    17] loss: 0.313
[45,    18] loss: 0.360
[45,    19] loss: 0.314
[45,    20] loss: 0.315
[45,    21] loss: 0.329
[45,    22] loss: 0.313
[45,    23] loss: 0.329
[45,    24] loss: 0.329
[45,    25] loss: 0.345
[45,    26] loss: 0.329
[45,    27] loss: 0.313
Accuracy of the network: 90 %
epoch 45
[46,     1] loss: 0.329
[46,     2] loss: 0.313
[46,     3] loss: 0.313
[46,     4] loss: 0.313
[46,     5] loss: 0.313
[46,     6] loss: 0.330
[46,     7] loss: 0.313
[46,     8] loss: 0.329
[46,     9] loss: 0.314
[46,    10] loss: 0.313
[46,    11] loss: 0.313
[46,    12] loss: 0.345
[46,    13] loss: 0.329
[46,    14] loss: 0.329
[46,    15] loss: 0.329
[46,    16] loss: 0.314
[46,    17] loss: 0.313
[46,    18] loss: 0.314
[46,    19] loss: 0.313
[46,    20] loss: 0.313
[46,    21] loss: 0.329
[46,    22] loss: 0.345
[46,    23] loss: 0.313
[46,    24] loss: 0.345
[46,    25] loss: 0.329
[46,    26] loss: 0.329
[46,    27] loss: 0.314
Accuracy of the network: 89 %
epoch 46
[47,     1] loss: 0.313
[47,     2] loss: 0.313
[47,     3] loss: 0.329
[47,     4] loss: 0.313
[47,     5] loss: 0.329
[47,     6] loss: 0.313
[47,     7] loss: 0.360
[47,     8] loss: 0.313
[47,     9] loss: 0.313
[47,    10] loss: 0.314
[47,    11] loss: 0.313
[47,    12] loss: 0.329
[47,    13] loss: 0.326
[47,    14] loss: 0.329
[47,    15] loss: 0.329
[47,    16] loss: 0.345
[47,    17] loss: 0.329
[47,    18] loss: 0.329
[47,    19] loss: 0.313
[47,    20] loss: 0.329
[47,    21] loss: 0.313
[47,    22] loss: 0.313
[47,    23] loss: 0.313
[47,    24] loss: 0.313
[47,    25] loss: 0.329
[47,    26] loss: 0.314
[47,    27] loss: 0.313
Accuracy of the network: 88 %
epoch 47
[48,     1] loss: 0.326
[48,     2] loss: 0.313
[48,     3] loss: 0.313
[48,     4] loss: 0.329
[48,     5] loss: 0.330
[48,     6] loss: 0.329
[48,     7] loss: 0.313
[48,     8] loss: 0.329
[48,     9] loss: 0.313
[48,    10] loss: 0.314
[48,    11] loss: 0.313
[48,    12] loss: 0.313
[48,    13] loss: 0.313
[48,    14] loss: 0.313
[48,    15] loss: 0.329
[48,    16] loss: 0.329
[48,    17] loss: 0.313
[48,    18] loss: 0.329
[48,    19] loss: 0.345
[48,    20] loss: 0.313
[48,    21] loss: 0.313
[48,    22] loss: 0.329
[48,    23] loss: 0.329
[48,    24] loss: 0.313
[48,    25] loss: 0.360
[48,    26] loss: 0.313
[48,    27] loss: 0.313
Accuracy of the network: 88 %
epoch 48
[49,     1] loss: 0.329
[49,     2] loss: 0.329
[49,     3] loss: 0.313
[49,     4] loss: 0.313
[49,     5] loss: 0.329
[49,     6] loss: 0.313
[49,     7] loss: 0.361
[49,     8] loss: 0.329
[49,     9] loss: 0.313
[49,    10] loss: 0.313
[49,    11] loss: 0.313
[49,    12] loss: 0.313
[49,    13] loss: 0.329
[49,    14] loss: 0.313
[49,    15] loss: 0.313
[49,    16] loss: 0.313
[49,    17] loss: 0.313
[49,    18] loss: 0.329
[49,    19] loss: 0.313
[49,    20] loss: 0.314
[49,    21] loss: 0.314
[49,    22] loss: 0.313
[49,    23] loss: 0.329
[49,    24] loss: 0.346
[49,    25] loss: 0.329
[49,    26] loss: 0.313
[49,    27] loss: 0.341
Accuracy of the network: 90 %
epoch 49
[50,     1] loss: 0.313
[50,     2] loss: 0.336
[50,     3] loss: 0.329
[50,     4] loss: 0.313
[50,     5] loss: 0.329
[50,     6] loss: 0.329
[50,     7] loss: 0.313
[50,     8] loss: 0.329
[50,     9] loss: 0.329
[50,    10] loss: 0.313
[50,    11] loss: 0.313
[50,    12] loss: 0.313
[50,    13] loss: 0.313
[50,    14] loss: 0.313
[50,    15] loss: 0.313
[50,    16] loss: 0.313
[50,    17] loss: 0.313
[50,    18] loss: 0.329
[50,    19] loss: 0.313
[50,    20] loss: 0.313
[50,    21] loss: 0.313
[50,    22] loss: 0.345
[50,    23] loss: 0.345
[50,    24] loss: 0.329
[50,    25] loss: 0.313
[50,    26] loss: 0.329
[50,    27] loss: 0.341
Accuracy of the network: 88 %
training complete for dcnn2

