

Enter choice:
1. train DCNN new layers
2. train DCNN complete
3. train SDL layers
4. train SDL + DCNN
5. predict
4
using device cuda
/content/soft_computing_project/models.py:88: UserWarning: Implicit dimension choice for softmax has been deprecated. Change the call to include dim=X as an argument.
  x = F.softmax(self.fc(x))
[1,     1] loss: 0.415
[1,     2] loss: 0.427
[1,     3] loss: 0.419
[1,     4] loss: 0.414
[1,     5] loss: 0.436
[1,     6] loss: 0.420
[1,     7] loss: 0.467
[1,     8] loss: 0.423
[1,     9] loss: 0.425
[1,    10] loss: 0.408
[1,    11] loss: 0.400
[1,    12] loss: 0.393
[1,    13] loss: 0.434
[1,    14] loss: 0.434
[1,    15] loss: 0.415
[1,    16] loss: 0.404
Accuracy of the network: 83 %
[2,     1] loss: 0.407
[2,     2] loss: 0.416
[2,     3] loss: 0.407
[2,     4] loss: 0.405
[2,     5] loss: 0.419
[2,     6] loss: 0.405
[2,     7] loss: 0.445
[2,     8] loss: 0.426
[2,     9] loss: 0.427
[2,    10] loss: 0.394
[2,    11] loss: 0.383
[2,    12] loss: 0.385
[2,    13] loss: 0.410
[2,    14] loss: 0.414
[2,    15] loss: 0.406
[2,    16] loss: 0.391
Accuracy of the network: 83 %
[3,     1] loss: 0.400
[3,     2] loss: 0.406
[3,     3] loss: 0.397
[3,     4] loss: 0.396
[3,     5] loss: 0.406
[3,     6] loss: 0.397
[3,     7] loss: 0.437
[3,     8] loss: 0.413
[3,     9] loss: 0.417
[3,    10] loss: 0.385
[3,    11] loss: 0.374
[3,    12] loss: 0.377
[3,    13] loss: 0.403
[3,    14] loss: 0.408
[3,    15] loss: 0.399
[3,    16] loss: 0.382
Accuracy of the network: 83 %
[4,     1] loss: 0.393
[4,     2] loss: 0.398
[4,     3] loss: 0.388
[4,     4] loss: 0.390
[4,     5] loss: 0.397
[4,     6] loss: 0.392
[4,     7] loss: 0.432
[4,     8] loss: 0.405
[4,     9] loss: 0.411
[4,    10] loss: 0.378
[4,    11] loss: 0.368
[4,    12] loss: 0.372
[4,    13] loss: 0.396
[4,    14] loss: 0.401
[4,    15] loss: 0.394
[4,    16] loss: 0.376
Accuracy of the network: 83 %
[5,     1] loss: 0.390
[5,     2] loss: 0.392
[5,     3] loss: 0.381
[5,     4] loss: 0.386
[5,     5] loss: 0.390
[5,     6] loss: 0.387
[5,     7] loss: 0.428
[5,     8] loss: 0.401
[5,     9] loss: 0.408
[5,    10] loss: 0.373
[5,    11] loss: 0.364
[5,    12] loss: 0.368
[5,    13] loss: 0.391
[5,    14] loss: 0.397
[5,    15] loss: 0.390
[5,    16] loss: 0.372
Accuracy of the network: 83 %
[6,     1] loss: 0.387
[6,     2] loss: 0.388
[6,     3] loss: 0.377
[6,     4] loss: 0.383
[6,     5] loss: 0.384
[6,     6] loss: 0.382
[6,     7] loss: 0.425
[6,     8] loss: 0.397
[6,     9] loss: 0.405
[6,    10] loss: 0.369
[6,    11] loss: 0.360
[6,    12] loss: 0.366
[6,    13] loss: 0.388
[6,    14] loss: 0.394
[6,    15] loss: 0.387
[6,    16] loss: 0.368
Accuracy of the network: 83 %
[7,     1] loss: 0.385
[7,     2] loss: 0.385
[7,     3] loss: 0.373
[7,     4] loss: 0.380
[7,     5] loss: 0.380
[7,     6] loss: 0.378
[7,     7] loss: 0.423
[7,     8] loss: 0.394
[7,     9] loss: 0.402
[7,    10] loss: 0.366
[7,    11] loss: 0.358
[7,    12] loss: 0.363
[7,    13] loss: 0.384
[7,    14] loss: 0.391
[7,    15] loss: 0.384
[7,    16] loss: 0.366
Accuracy of the network: 83 %
[8,     1] loss: 0.383
[8,     2] loss: 0.382
[8,     3] loss: 0.371
[8,     4] loss: 0.378
[8,     5] loss: 0.377
[8,     6] loss: 0.374
[8,     7] loss: 0.421
[8,     8] loss: 0.392
[8,     9] loss: 0.400
[8,    10] loss: 0.364
[8,    11] loss: 0.355
[8,    12] loss: 0.361
[8,    13] loss: 0.382
[8,    14] loss: 0.389
[8,    15] loss: 0.381
[8,    16] loss: 0.363
Accuracy of the network: 83 %
[9,     1] loss: 0.382
[9,     2] loss: 0.380
[9,     3] loss: 0.369
[9,     4] loss: 0.377
[9,     5] loss: 0.375
[9,     6] loss: 0.372
[9,     7] loss: 0.419
[9,     8] loss: 0.390
[9,     9] loss: 0.398
[9,    10] loss: 0.362
[9,    11] loss: 0.354
[9,    12] loss: 0.360
[9,    13] loss: 0.380
[9,    14] loss: 0.387
[9,    15] loss: 0.379
[9,    16] loss: 0.362
Accuracy of the network: 83 %
[10,     1] loss: 0.380
[10,     2] loss: 0.378
[10,     3] loss: 0.367
[10,     4] loss: 0.375
[10,     5] loss: 0.373
[10,     6] loss: 0.370
[10,     7] loss: 0.418
[10,     8] loss: 0.388
[10,     9] loss: 0.397
[10,    10] loss: 0.360
[10,    11] loss: 0.352
[10,    12] loss: 0.358
[10,    13] loss: 0.378
[10,    14] loss: 0.386
[10,    15] loss: 0.377
[10,    16] loss: 0.360
Accuracy of the network: 83 %
[11,     1] loss: 0.379
[11,     2] loss: 0.377
[11,     3] loss: 0.366
[11,     4] loss: 0.374
[11,     5] loss: 0.371
[11,     6] loss: 0.368
[11,     7] loss: 0.417
[11,     8] loss: 0.386
[11,     9] loss: 0.395
[11,    10] loss: 0.359
[11,    11] loss: 0.351
[11,    12] loss: 0.357
[11,    13] loss: 0.377
[11,    14] loss: 0.384
[11,    15] loss: 0.375
[11,    16] loss: 0.359
Accuracy of the network: 83 %
[12,     1] loss: 0.378
[12,     2] loss: 0.376
[12,     3] loss: 0.364
[12,     4] loss: 0.373
[12,     5] loss: 0.369
[12,     6] loss: 0.367
[12,     7] loss: 0.415
[12,     8] loss: 0.384
[12,     9] loss: 0.393
[12,    10] loss: 0.358
[12,    11] loss: 0.350
[12,    12] loss: 0.356
[12,    13] loss: 0.376
[12,    14] loss: 0.383
[12,    15] loss: 0.373
[12,    16] loss: 0.357
Accuracy of the network: 82 %
[13,     1] loss: 0.376
[13,     2] loss: 0.374
[13,     3] loss: 0.363
[13,     4] loss: 0.371
[13,     5] loss: 0.368
[13,     6] loss: 0.365
[13,     7] loss: 0.414
[13,     8] loss: 0.381
[13,     9] loss: 0.390
[13,    10] loss: 0.357
[13,    11] loss: 0.349
[13,    12] loss: 0.355
[13,    13] loss: 0.374
[13,    14] loss: 0.382
[13,    15] loss: 0.372
[13,    16] loss: 0.356
Accuracy of the network: 82 %
[14,     1] loss: 0.376
[14,     2] loss: 0.373
[14,     3] loss: 0.362
[14,     4] loss: 0.371
[14,     5] loss: 0.367
[14,     6] loss: 0.364
[14,     7] loss: 0.414
[14,     8] loss: 0.378
[14,     9] loss: 0.385
[14,    10] loss: 0.356
[14,    11] loss: 0.348
[14,    12] loss: 0.354
[14,    13] loss: 0.373
[14,    14] loss: 0.381
[14,    15] loss: 0.371
[14,    16] loss: 0.355
Accuracy of the network: 82 %
[15,     1] loss: 0.375
[15,     2] loss: 0.373
[15,     3] loss: 0.361
[15,     4] loss: 0.370
[15,     5] loss: 0.365
[15,     6] loss: 0.363
[15,     7] loss: 0.413
[15,     8] loss: 0.375
[15,     9] loss: 0.381
[15,    10] loss: 0.355
[15,    11] loss: 0.347
[15,    12] loss: 0.354
[15,    13] loss: 0.372
[15,    14] loss: 0.380
[15,    15] loss: 0.369
[15,    16] loss: 0.354
Accuracy of the network: 82 %
[16,     1] loss: 0.375
[16,     2] loss: 0.372
[16,     3] loss: 0.361
[16,     4] loss: 0.369
[16,     5] loss: 0.365
[16,     6] loss: 0.362
[16,     7] loss: 0.412
[16,     8] loss: 0.373
[16,     9] loss: 0.379
[16,    10] loss: 0.354
[16,    11] loss: 0.346
[16,    12] loss: 0.353
[16,    13] loss: 0.371
[16,    14] loss: 0.380
[16,    15] loss: 0.368
[16,    16] loss: 0.354
Accuracy of the network: 82 %
[17,     1] loss: 0.374
[17,     2] loss: 0.371
[17,     3] loss: 0.360
[17,     4] loss: 0.368
[17,     5] loss: 0.364
[17,     6] loss: 0.361
[17,     7] loss: 0.411
[17,     8] loss: 0.371
[17,     9] loss: 0.378
[17,    10] loss: 0.353
[17,    11] loss: 0.346
[17,    12] loss: 0.352
[17,    13] loss: 0.371
[17,    14] loss: 0.379
[17,    15] loss: 0.368
[17,    16] loss: 0.353
Accuracy of the network: 82 %
[18,     1] loss: 0.373
[18,     2] loss: 0.370
[18,     3] loss: 0.359
[18,     4] loss: 0.368
[18,     5] loss: 0.363
[18,     6] loss: 0.360
[18,     7] loss: 0.410
[18,     8] loss: 0.370
[18,     9] loss: 0.377
[18,    10] loss: 0.352
[18,    11] loss: 0.345
[18,    12] loss: 0.352
[18,    13] loss: 0.370
[18,    14] loss: 0.378
[18,    15] loss: 0.367
[18,    16] loss: 0.352
Accuracy of the network: 82 %
[19,     1] loss: 0.372
[19,     2] loss: 0.369
[19,     3] loss: 0.358
[19,     4] loss: 0.367
[19,     5] loss: 0.362
[19,     6] loss: 0.359
[19,     7] loss: 0.409
[19,     8] loss: 0.369
[19,     9] loss: 0.376
[19,    10] loss: 0.352
[19,    11] loss: 0.345
[19,    12] loss: 0.351
[19,    13] loss: 0.369
[19,    14] loss: 0.377
[19,    15] loss: 0.366
[19,    16] loss: 0.352
Accuracy of the network: 82 %
[20,     1] loss: 0.372
[20,     2] loss: 0.369
[20,     3] loss: 0.358
[20,     4] loss: 0.366
[20,     5] loss: 0.361
[20,     6] loss: 0.359
[20,     7] loss: 0.409
[20,     8] loss: 0.369
[20,     9] loss: 0.376
[20,    10] loss: 0.351
[20,    11] loss: 0.344
[20,    12] loss: 0.350
[20,    13] loss: 0.368
[20,    14] loss: 0.377
[20,    15] loss: 0.366
[20,    16] loss: 0.351
Accuracy of the network: 82 %
[21,     1] loss: 0.371
[21,     2] loss: 0.368
[21,     3] loss: 0.357
[21,     4] loss: 0.366
[21,     5] loss: 0.361
[21,     6] loss: 0.358
[21,     7] loss: 0.408
[21,     8] loss: 0.368
[21,     9] loss: 0.375
[21,    10] loss: 0.351
[21,    11] loss: 0.344
[21,    12] loss: 0.350
[21,    13] loss: 0.368
[21,    14] loss: 0.376
[21,    15] loss: 0.365
[21,    16] loss: 0.350
Accuracy of the network: 82 %
[22,     1] loss: 0.370
[22,     2] loss: 0.368
[22,     3] loss: 0.356
[22,     4] loss: 0.365
[22,     5] loss: 0.360
[22,     6] loss: 0.357
[22,     7] loss: 0.407
[22,     8] loss: 0.367
[22,     9] loss: 0.375
[22,    10] loss: 0.350
[22,    11] loss: 0.343
[22,    12] loss: 0.349
[22,    13] loss: 0.367
[22,    14] loss: 0.376
[22,    15] loss: 0.365
[22,    16] loss: 0.350
Accuracy of the network: 82 %
[23,     1] loss: 0.369
[23,     2] loss: 0.367
[23,     3] loss: 0.356
[23,     4] loss: 0.365
[23,     5] loss: 0.359
[23,     6] loss: 0.357
[23,     7] loss: 0.406
[23,     8] loss: 0.367
[23,     9] loss: 0.375
[23,    10] loss: 0.350
[23,    11] loss: 0.343
[23,    12] loss: 0.349
[23,    13] loss: 0.366
[23,    14] loss: 0.375
[23,    15] loss: 0.364
[23,    16] loss: 0.349
Accuracy of the network: 82 %
[24,     1] loss: 0.369
[24,     2] loss: 0.367
[24,     3] loss: 0.355
[24,     4] loss: 0.364
[24,     5] loss: 0.359
[24,     6] loss: 0.356
[24,     7] loss: 0.405
[24,     8] loss: 0.366
[24,     9] loss: 0.374
[24,    10] loss: 0.349
[24,    11] loss: 0.342
[24,    12] loss: 0.349
[24,    13] loss: 0.366
[24,    14] loss: 0.375
[24,    15] loss: 0.364
[24,    16] loss: 0.349
Accuracy of the network: 81 %
[25,     1] loss: 0.368
[25,     2] loss: 0.366
[25,     3] loss: 0.355
[25,     4] loss: 0.364
[25,     5] loss: 0.358
[25,     6] loss: 0.355
[25,     7] loss: 0.403
[25,     8] loss: 0.366
[25,     9] loss: 0.374
[25,    10] loss: 0.349
[25,    11] loss: 0.342
[25,    12] loss: 0.348
[25,    13] loss: 0.365
[25,    14] loss: 0.374
[25,    15] loss: 0.363
[25,    16] loss: 0.348
Accuracy of the network: 82 %
[26,     1] loss: 0.368
[26,     2] loss: 0.366
[26,     3] loss: 0.354
[26,     4] loss: 0.364
[26,     5] loss: 0.358
[26,     6] loss: 0.355
[26,     7] loss: 0.401
[26,     8] loss: 0.366
[26,     9] loss: 0.374
[26,    10] loss: 0.348
[26,    11] loss: 0.341
[26,    12] loss: 0.348
[26,    13] loss: 0.364
[26,    14] loss: 0.373
[26,    15] loss: 0.363
[26,    16] loss: 0.348
Accuracy of the network: 82 %
[27,     1] loss: 0.367
[27,     2] loss: 0.365
[27,     3] loss: 0.354
[27,     4] loss: 0.363
[27,     5] loss: 0.357
[27,     6] loss: 0.354
[27,     7] loss: 0.399
[27,     8] loss: 0.365
[27,     9] loss: 0.374
[27,    10] loss: 0.348
[27,    11] loss: 0.341
[27,    12] loss: 0.347
[27,    13] loss: 0.364
[27,    14] loss: 0.373
[27,    15] loss: 0.363
[27,    16] loss: 0.348
Accuracy of the network: 82 %
[28,     1] loss: 0.366
[28,     2] loss: 0.365
[28,     3] loss: 0.354
[28,     4] loss: 0.363
[28,     5] loss: 0.357
[28,     6] loss: 0.354
[28,     7] loss: 0.396
[28,     8] loss: 0.365
[28,     9] loss: 0.374
[28,    10] loss: 0.347
[28,    11] loss: 0.341
[28,    12] loss: 0.347
[28,    13] loss: 0.363
[28,    14] loss: 0.373
[28,    15] loss: 0.362
[28,    16] loss: 0.347
Accuracy of the network: 82 %
[29,     1] loss: 0.366
[29,     2] loss: 0.364
[29,     3] loss: 0.353
[29,     4] loss: 0.362
[29,     5] loss: 0.357
[29,     6] loss: 0.353
[29,     7] loss: 0.394
[29,     8] loss: 0.365
[29,     9] loss: 0.374
[29,    10] loss: 0.347
[29,    11] loss: 0.340
[29,    12] loss: 0.347
[29,    13] loss: 0.363
[29,    14] loss: 0.372
[29,    15] loss: 0.362
[29,    16] loss: 0.347
Accuracy of the network: 82 %
[30,     1] loss: 0.365
[30,     2] loss: 0.364
[30,     3] loss: 0.353
[30,     4] loss: 0.362
[30,     5] loss: 0.356
[30,     6] loss: 0.353
[30,     7] loss: 0.393
[30,     8] loss: 0.364
[30,     9] loss: 0.374
[30,    10] loss: 0.347
[30,    11] loss: 0.340
[30,    12] loss: 0.346
[30,    13] loss: 0.362
[30,    14] loss: 0.372
[30,    15] loss: 0.361
[30,    16] loss: 0.346
Accuracy of the network: 82 %
[31,     1] loss: 0.365
[31,     2] loss: 0.364
[31,     3] loss: 0.352
[31,     4] loss: 0.362
[31,     5] loss: 0.356
[31,     6] loss: 0.353
[31,     7] loss: 0.392
[31,     8] loss: 0.364
[31,     9] loss: 0.373
[31,    10] loss: 0.346
[31,    11] loss: 0.340
[31,    12] loss: 0.346
[31,    13] loss: 0.362
[31,    14] loss: 0.371
[31,    15] loss: 0.361
[31,    16] loss: 0.346
Accuracy of the network: 82 %
[32,     1] loss: 0.365
[32,     2] loss: 0.363
[32,     3] loss: 0.352
[32,     4] loss: 0.361
[32,     5] loss: 0.356
[32,     6] loss: 0.352
[32,     7] loss: 0.391
[32,     8] loss: 0.364
[32,     9] loss: 0.373
[32,    10] loss: 0.346
[32,    11] loss: 0.340
[32,    12] loss: 0.345
[32,    13] loss: 0.361
[32,    14] loss: 0.371
[32,    15] loss: 0.361
[32,    16] loss: 0.346
Accuracy of the network: 82 %
[33,     1] loss: 0.364
[33,     2] loss: 0.363
[33,     3] loss: 0.351
[33,     4] loss: 0.361
[33,     5] loss: 0.355
[33,     6] loss: 0.352
[33,     7] loss: 0.391
[33,     8] loss: 0.363
[33,     9] loss: 0.372
[33,    10] loss: 0.346
[33,    11] loss: 0.339
[33,    12] loss: 0.345
[33,    13] loss: 0.361
[33,    14] loss: 0.370
[33,    15] loss: 0.360
[33,    16] loss: 0.345
Accuracy of the network: 82 %
[34,     1] loss: 0.364
[34,     2] loss: 0.363
[34,     3] loss: 0.351
[34,     4] loss: 0.361
[34,     5] loss: 0.355
[34,     6] loss: 0.351
[34,     7] loss: 0.390
[34,     8] loss: 0.363
[34,     9] loss: 0.372
[34,    10] loss: 0.345
[34,    11] loss: 0.339
[34,    12] loss: 0.345
[34,    13] loss: 0.361
[34,    14] loss: 0.370
[34,    15] loss: 0.360
[34,    16] loss: 0.345
Accuracy of the network: 82 %
[35,     1] loss: 0.363
[35,     2] loss: 0.362
[35,     3] loss: 0.351
[35,     4] loss: 0.360
[35,     5] loss: 0.355
[35,     6] loss: 0.351
[35,     7] loss: 0.390
[35,     8] loss: 0.363
[35,     9] loss: 0.371
[35,    10] loss: 0.345
[35,    11] loss: 0.339
[35,    12] loss: 0.345
[35,    13] loss: 0.360
[35,    14] loss: 0.370
[35,    15] loss: 0.360
[35,    16] loss: 0.345
Accuracy of the network: 82 %
[36,     1] loss: 0.363
[36,     2] loss: 0.362
[36,     3] loss: 0.350
[36,     4] loss: 0.360
[36,     5] loss: 0.354
[36,     6] loss: 0.351
[36,     7] loss: 0.389
[36,     8] loss: 0.363
[36,     9] loss: 0.371
[36,    10] loss: 0.345
[36,    11] loss: 0.338
[36,    12] loss: 0.344
[36,    13] loss: 0.360
[36,    14] loss: 0.369
[36,    15] loss: 0.360
[36,    16] loss: 0.344
Accuracy of the network: 82 %
[37,     1] loss: 0.363
[37,     2] loss: 0.361
[37,     3] loss: 0.350
[37,     4] loss: 0.360
[37,     5] loss: 0.354
[37,     6] loss: 0.350
[37,     7] loss: 0.389
[37,     8] loss: 0.362
[37,     9] loss: 0.370
[37,    10] loss: 0.344
[37,    11] loss: 0.338
[37,    12] loss: 0.344
[37,    13] loss: 0.359
[37,    14] loss: 0.369
[37,    15] loss: 0.359
[37,    16] loss: 0.344
Accuracy of the network: 82 %
[38,     1] loss: 0.362
[38,     2] loss: 0.361
[38,     3] loss: 0.350
[38,     4] loss: 0.359
[38,     5] loss: 0.354
[38,     6] loss: 0.350
[38,     7] loss: 0.388
[38,     8] loss: 0.362
[38,     9] loss: 0.370
[38,    10] loss: 0.344
[38,    11] loss: 0.338
[38,    12] loss: 0.344
[38,    13] loss: 0.359
[38,    14] loss: 0.369
[38,    15] loss: 0.359
[38,    16] loss: 0.344
Accuracy of the network: 82 %
[39,     1] loss: 0.362
[39,     2] loss: 0.361
[39,     3] loss: 0.349
[39,     4] loss: 0.359
[39,     5] loss: 0.354
[39,     6] loss: 0.349
[39,     7] loss: 0.388
[39,     8] loss: 0.362
[39,     9] loss: 0.370
[39,    10] loss: 0.344
[39,    11] loss: 0.338
[39,    12] loss: 0.343
[39,    13] loss: 0.358
[39,    14] loss: 0.368
[39,    15] loss: 0.359
[39,    16] loss: 0.344
Accuracy of the network: 82 %
[40,     1] loss: 0.362
[40,     2] loss: 0.361
[40,     3] loss: 0.349
[40,     4] loss: 0.359
[40,     5] loss: 0.353
[40,     6] loss: 0.349
[40,     7] loss: 0.387
[40,     8] loss: 0.362
[40,     9] loss: 0.369
[40,    10] loss: 0.343
[40,    11] loss: 0.337
[40,    12] loss: 0.343
[40,    13] loss: 0.358
[40,    14] loss: 0.368
[40,    15] loss: 0.358
[40,    16] loss: 0.343
Accuracy of the network: 82 %
[41,     1] loss: 0.361
[41,     2] loss: 0.360
[41,     3] loss: 0.349
[41,     4] loss: 0.359
[41,     5] loss: 0.353
[41,     6] loss: 0.349
[41,     7] loss: 0.387
[41,     8] loss: 0.361
[41,     9] loss: 0.369
[41,    10] loss: 0.343
[41,    11] loss: 0.337
[41,    12] loss: 0.343
[41,    13] loss: 0.358
[41,    14] loss: 0.367
[41,    15] loss: 0.358
[41,    16] loss: 0.343
Accuracy of the network: 82 %
[42,     1] loss: 0.361
[42,     2] loss: 0.360
[42,     3] loss: 0.348
[42,     4] loss: 0.358
[42,     5] loss: 0.353
[42,     6] loss: 0.348
[42,     7] loss: 0.387
[42,     8] loss: 0.361
[42,     9] loss: 0.369
[42,    10] loss: 0.343
[42,    11] loss: 0.337
[42,    12] loss: 0.343
[42,    13] loss: 0.357
[42,    14] loss: 0.367
[42,    15] loss: 0.358
[42,    16] loss: 0.343
Accuracy of the network: 82 %
[43,     1] loss: 0.361
[43,     2] loss: 0.360
[43,     3] loss: 0.348
[43,     4] loss: 0.358
[43,     5] loss: 0.353
[43,     6] loss: 0.348
[43,     7] loss: 0.386
[43,     8] loss: 0.361
[43,     9] loss: 0.368
[43,    10] loss: 0.343
[43,    11] loss: 0.337
[43,    12] loss: 0.342
[43,    13] loss: 0.357
[43,    14] loss: 0.367
[43,    15] loss: 0.358
[43,    16] loss: 0.342
Accuracy of the network: 82 %
[44,     1] loss: 0.360
[44,     2] loss: 0.359
[44,     3] loss: 0.348
[44,     4] loss: 0.358
[44,     5] loss: 0.352
[44,     6] loss: 0.348
[44,     7] loss: 0.386
[44,     8] loss: 0.361
[44,     9] loss: 0.368
[44,    10] loss: 0.342
[44,    11] loss: 0.337
[44,    12] loss: 0.342
[44,    13] loss: 0.357
[44,    14] loss: 0.367
[44,    15] loss: 0.357
[44,    16] loss: 0.342
Accuracy of the network: 82 %
[45,     1] loss: 0.360
[45,     2] loss: 0.359
[45,     3] loss: 0.347
[45,     4] loss: 0.357
[45,     5] loss: 0.352
[45,     6] loss: 0.348
[45,     7] loss: 0.386
[45,     8] loss: 0.361
[45,     9] loss: 0.368
[45,    10] loss: 0.342
[45,    11] loss: 0.336
[45,    12] loss: 0.342
[45,    13] loss: 0.356
[45,    14] loss: 0.366
[45,    15] loss: 0.357
[45,    16] loss: 0.342
Accuracy of the network: 82 %
[46,     1] loss: 0.360
[46,     2] loss: 0.359
[46,     3] loss: 0.347
[46,     4] loss: 0.357
[46,     5] loss: 0.352
[46,     6] loss: 0.347
[46,     7] loss: 0.385
[46,     8] loss: 0.361
[46,     9] loss: 0.368
[46,    10] loss: 0.342
[46,    11] loss: 0.336
[46,    12] loss: 0.342
[46,    13] loss: 0.356
[46,    14] loss: 0.366
[46,    15] loss: 0.357
[46,    16] loss: 0.342
Accuracy of the network: 82 %
[47,     1] loss: 0.359
[47,     2] loss: 0.359
[47,     3] loss: 0.347
[47,     4] loss: 0.357
[47,     5] loss: 0.352
[47,     6] loss: 0.347
[47,     7] loss: 0.385
[47,     8] loss: 0.360
[47,     9] loss: 0.368
[47,    10] loss: 0.342
[47,    11] loss: 0.336
[47,    12] loss: 0.341
[47,    13] loss: 0.355
[47,    14] loss: 0.366
[47,    15] loss: 0.357
[47,    16] loss: 0.341
Accuracy of the network: 82 %
[48,     1] loss: 0.359
[48,     2] loss: 0.358
[48,     3] loss: 0.347
[48,     4] loss: 0.357
[48,     5] loss: 0.352
[48,     6] loss: 0.347
[48,     7] loss: 0.384
[48,     8] loss: 0.360
[48,     9] loss: 0.367
[48,    10] loss: 0.341
[48,    11] loss: 0.336
[48,    12] loss: 0.341
[48,    13] loss: 0.355
[48,    14] loss: 0.365
[48,    15] loss: 0.356
[48,    16] loss: 0.341
Accuracy of the network: 82 %
[49,     1] loss: 0.359
[49,     2] loss: 0.358
[49,     3] loss: 0.346
[49,     4] loss: 0.357
[49,     5] loss: 0.351
[49,     6] loss: 0.346
[49,     7] loss: 0.384
[49,     8] loss: 0.360
[49,     9] loss: 0.367
[49,    10] loss: 0.341
[49,    11] loss: 0.336
[49,    12] loss: 0.341
[49,    13] loss: 0.355
[49,    14] loss: 0.365
[49,    15] loss: 0.356
[49,    16] loss: 0.341
Accuracy of the network: 82 %
[50,     1] loss: 0.359
[50,     2] loss: 0.358
[50,     3] loss: 0.346
[50,     4] loss: 0.356
[50,     5] loss: 0.351
[50,     6] loss: 0.346
[50,     7] loss: 0.384
[50,     8] loss: 0.360
[50,     9] loss: 0.367
[50,    10] loss: 0.341
[50,    11] loss: 0.335
[50,    12] loss: 0.341
[50,    13] loss: 0.354
[50,    14] loss: 0.365
[50,    15] loss: 0.356
[50,    16] loss: 0.341
Accuracy of the network: 82 %
[51,     1] loss: 0.358
[51,     2] loss: 0.358
[51,     3] loss: 0.346
[51,     4] loss: 0.356
[51,     5] loss: 0.351
[51,     6] loss: 0.346
[51,     7] loss: 0.384
[51,     8] loss: 0.360
[51,     9] loss: 0.367
[51,    10] loss: 0.341
[51,    11] loss: 0.335
[51,    12] loss: 0.340
[51,    13] loss: 0.354
[51,    14] loss: 0.364
[51,    15] loss: 0.356
[51,    16] loss: 0.340
Accuracy of the network: 82 %
[52,     1] loss: 0.358
[52,     2] loss: 0.357
[52,     3] loss: 0.345
[52,     4] loss: 0.356
[52,     5] loss: 0.351
[52,     6] loss: 0.346
[52,     7] loss: 0.383
[52,     8] loss: 0.360
[52,     9] loss: 0.366
[52,    10] loss: 0.340
[52,    11] loss: 0.335
[52,    12] loss: 0.340
[52,    13] loss: 0.354
[52,    14] loss: 0.364
[52,    15] loss: 0.356
[52,    16] loss: 0.340
Accuracy of the network: 82 %
[53,     1] loss: 0.358
[53,     2] loss: 0.357
[53,     3] loss: 0.345
[53,     4] loss: 0.356
[53,     5] loss: 0.351
[53,     6] loss: 0.345
[53,     7] loss: 0.383
[53,     8] loss: 0.359
[53,     9] loss: 0.366
[53,    10] loss: 0.340
[53,    11] loss: 0.335
[53,    12] loss: 0.340
[53,    13] loss: 0.353
[53,    14] loss: 0.364
[53,    15] loss: 0.355
[53,    16] loss: 0.340
Accuracy of the network: 82 %
[54,     1] loss: 0.358
[54,     2] loss: 0.357
[54,     3] loss: 0.345
[54,     4] loss: 0.355
[54,     5] loss: 0.350
[54,     6] loss: 0.345
[54,     7] loss: 0.383
[54,     8] loss: 0.359
[54,     9] loss: 0.366
[54,    10] loss: 0.340
[54,    11] loss: 0.335
[54,    12] loss: 0.340
[54,    13] loss: 0.353
[54,    14] loss: 0.364
[54,    15] loss: 0.355
[54,    16] loss: 0.340
Accuracy of the network: 82 %
[55,     1] loss: 0.357
[55,     2] loss: 0.357
[55,     3] loss: 0.345
[55,     4] loss: 0.355
[55,     5] loss: 0.350
[55,     6] loss: 0.345
[55,     7] loss: 0.382
[55,     8] loss: 0.359
[55,     9] loss: 0.366
[55,    10] loss: 0.340
[55,    11] loss: 0.334
[55,    12] loss: 0.339
[55,    13] loss: 0.353
[55,    14] loss: 0.363
[55,    15] loss: 0.355
[55,    16] loss: 0.340
Accuracy of the network: 82 %
[56,     1] loss: 0.357
[56,     2] loss: 0.356
[56,     3] loss: 0.344
[56,     4] loss: 0.355
[56,     5] loss: 0.350
[56,     6] loss: 0.345
[56,     7] loss: 0.382
[56,     8] loss: 0.359
[56,     9] loss: 0.366
[56,    10] loss: 0.340
[56,    11] loss: 0.334
[56,    12] loss: 0.339
[56,    13] loss: 0.353
[56,    14] loss: 0.363
[56,    15] loss: 0.355
[56,    16] loss: 0.339
Accuracy of the network: 82 %
[57,     1] loss: 0.357
[57,     2] loss: 0.356
[57,     3] loss: 0.344
[57,     4] loss: 0.355
[57,     5] loss: 0.350
[57,     6] loss: 0.344
[57,     7] loss: 0.382
[57,     8] loss: 0.359
[57,     9] loss: 0.365
[57,    10] loss: 0.339
[57,    11] loss: 0.334
[57,    12] loss: 0.339
[57,    13] loss: 0.352
[57,    14] loss: 0.363
[57,    15] loss: 0.355
[57,    16] loss: 0.339
Accuracy of the network: 82 %
[58,     1] loss: 0.357
[58,     2] loss: 0.356
[58,     3] loss: 0.344
[58,     4] loss: 0.355
[58,     5] loss: 0.350
[58,     6] loss: 0.344
[58,     7] loss: 0.381
[58,     8] loss: 0.359
[58,     9] loss: 0.365
[58,    10] loss: 0.339
[58,    11] loss: 0.334
[58,    12] loss: 0.339
[58,    13] loss: 0.352
[58,    14] loss: 0.363
[58,    15] loss: 0.354
[58,    16] loss: 0.339
Accuracy of the network: 82 %
[59,     1] loss: 0.356
[59,     2] loss: 0.356
[59,     3] loss: 0.344
[59,     4] loss: 0.354
[59,     5] loss: 0.349
[59,     6] loss: 0.344
[59,     7] loss: 0.381
[59,     8] loss: 0.359
[59,     9] loss: 0.365
[59,    10] loss: 0.339
[59,    11] loss: 0.334
[59,    12] loss: 0.339
[59,    13] loss: 0.352
[59,    14] loss: 0.362
[59,    15] loss: 0.354
[59,    16] loss: 0.339
Accuracy of the network: 82 %
[60,     1] loss: 0.356
[60,     2] loss: 0.356
[60,     3] loss: 0.344
[60,     4] loss: 0.354
[60,     5] loss: 0.349
[60,     6] loss: 0.344
[60,     7] loss: 0.381
[60,     8] loss: 0.358
[60,     9] loss: 0.365
[60,    10] loss: 0.339
[60,    11] loss: 0.334
[60,    12] loss: 0.338
[60,    13] loss: 0.351
[60,    14] loss: 0.362
[60,    15] loss: 0.354
[60,    16] loss: 0.339
Accuracy of the network: 82 %
[61,     1] loss: 0.356
[61,     2] loss: 0.355
[61,     3] loss: 0.343
[61,     4] loss: 0.354
[61,     5] loss: 0.349
[61,     6] loss: 0.343
[61,     7] loss: 0.381
[61,     8] loss: 0.358
[61,     9] loss: 0.365
[61,    10] loss: 0.339
[61,    11] loss: 0.333
[61,    12] loss: 0.338
[61,    13] loss: 0.351
[61,    14] loss: 0.362
[61,    15] loss: 0.354
[61,    16] loss: 0.338
Accuracy of the network: 82 %
[62,     1] loss: 0.356
[62,     2] loss: 0.355
[62,     3] loss: 0.343
[62,     4] loss: 0.354
[62,     5] loss: 0.349
[62,     6] loss: 0.343
[62,     7] loss: 0.380
[62,     8] loss: 0.358
[62,     9] loss: 0.365
[62,    10] loss: 0.338
[62,    11] loss: 0.333
[62,    12] loss: 0.338
[62,    13] loss: 0.351
[62,    14] loss: 0.362
[62,    15] loss: 0.354
[62,    16] loss: 0.338
Accuracy of the network: 82 %
[63,     1] loss: 0.356
[63,     2] loss: 0.355
[63,     3] loss: 0.343
[63,     4] loss: 0.354
[63,     5] loss: 0.349
[63,     6] loss: 0.343
[63,     7] loss: 0.380
[63,     8] loss: 0.358
[63,     9] loss: 0.364
[63,    10] loss: 0.338
[63,    11] loss: 0.333
[63,    12] loss: 0.338
[63,    13] loss: 0.351
[63,    14] loss: 0.361
[63,    15] loss: 0.353
[63,    16] loss: 0.338
Accuracy of the network: 82 %
[64,     1] loss: 0.355
[64,     2] loss: 0.355
[64,     3] loss: 0.343
[64,     4] loss: 0.353
[64,     5] loss: 0.349
[64,     6] loss: 0.343
[64,     7] loss: 0.380
[64,     8] loss: 0.358
[64,     9] loss: 0.364
[64,    10] loss: 0.338
[64,    11] loss: 0.333
[64,    12] loss: 0.338
[64,    13] loss: 0.350
[64,    14] loss: 0.361
[64,    15] loss: 0.353
[64,    16] loss: 0.338
Accuracy of the network: 82 %
[65,     1] loss: 0.355
[65,     2] loss: 0.355
[65,     3] loss: 0.342
[65,     4] loss: 0.353
[65,     5] loss: 0.348
[65,     6] loss: 0.342
[65,     7] loss: 0.380
[65,     8] loss: 0.358
[65,     9] loss: 0.364
[65,    10] loss: 0.338
[65,    11] loss: 0.333
[65,    12] loss: 0.338
[65,    13] loss: 0.350
[65,    14] loss: 0.361
[65,    15] loss: 0.353
[65,    16] loss: 0.338
Accuracy of the network: 82 %
[66,     1] loss: 0.355
[66,     2] loss: 0.354
[66,     3] loss: 0.342
[66,     4] loss: 0.353
[66,     5] loss: 0.348
[66,     6] loss: 0.342
[66,     7] loss: 0.379
[66,     8] loss: 0.358
[66,     9] loss: 0.364
[66,    10] loss: 0.338
[66,    11] loss: 0.333
[66,    12] loss: 0.337
[66,    13] loss: 0.350
[66,    14] loss: 0.361
[66,    15] loss: 0.353
[66,    16] loss: 0.337
Accuracy of the network: 82 %
[67,     1] loss: 0.355
[67,     2] loss: 0.354
[67,     3] loss: 0.342
[67,     4] loss: 0.353
[67,     5] loss: 0.348
[67,     6] loss: 0.342
[67,     7] loss: 0.379
[67,     8] loss: 0.358
[67,     9] loss: 0.364
[67,    10] loss: 0.337
[67,    11] loss: 0.333
[67,    12] loss: 0.337
[67,    13] loss: 0.350
[67,    14] loss: 0.360
[67,    15] loss: 0.353
[67,    16] loss: 0.337
Accuracy of the network: 82 %
[68,     1] loss: 0.355
[68,     2] loss: 0.354
[68,     3] loss: 0.342
[68,     4] loss: 0.353
[68,     5] loss: 0.348
[68,     6] loss: 0.342
[68,     7] loss: 0.379
[68,     8] loss: 0.358
[68,     9] loss: 0.364
[68,    10] loss: 0.337
[68,    11] loss: 0.332
[68,    12] loss: 0.337
[68,    13] loss: 0.349
[68,    14] loss: 0.360
[68,    15] loss: 0.353
[68,    16] loss: 0.337
Accuracy of the network: 82 %
[69,     1] loss: 0.354
[69,     2] loss: 0.354
[69,     3] loss: 0.342
[69,     4] loss: 0.353
[69,     5] loss: 0.348
[69,     6] loss: 0.342
[69,     7] loss: 0.379
[69,     8] loss: 0.357
[69,     9] loss: 0.364
[69,    10] loss: 0.337
[69,    11] loss: 0.332
[69,    12] loss: 0.337
[69,    13] loss: 0.349
[69,    14] loss: 0.360
[69,    15] loss: 0.352
[69,    16] loss: 0.337
Accuracy of the network: 82 %
[70,     1] loss: 0.354
[70,     2] loss: 0.354
[70,     3] loss: 0.341
[70,     4] loss: 0.352
[70,     5] loss: 0.348
[70,     6] loss: 0.341
[70,     7] loss: 0.378
[70,     8] loss: 0.357
[70,     9] loss: 0.363
[70,    10] loss: 0.337
[70,    11] loss: 0.332
[70,    12] loss: 0.337
[70,    13] loss: 0.349
[70,    14] loss: 0.360
[70,    15] loss: 0.352
[70,    16] loss: 0.337
Accuracy of the network: 82 %
[71,     1] loss: 0.354
[71,     2] loss: 0.353
[71,     3] loss: 0.341
[71,     4] loss: 0.352
[71,     5] loss: 0.348
[71,     6] loss: 0.341
[71,     7] loss: 0.378
[71,     8] loss: 0.357
[71,     9] loss: 0.363
[71,    10] loss: 0.337
[71,    11] loss: 0.332
[71,    12] loss: 0.337
[71,    13] loss: 0.349
[71,    14] loss: 0.360
[71,    15] loss: 0.352
[71,    16] loss: 0.337
Accuracy of the network: 82 %
[72,     1] loss: 0.354
[72,     2] loss: 0.353
[72,     3] loss: 0.341
[72,     4] loss: 0.352
[72,     5] loss: 0.347
[72,     6] loss: 0.341
[72,     7] loss: 0.378
[72,     8] loss: 0.357
[72,     9] loss: 0.363
[72,    10] loss: 0.337
[72,    11] loss: 0.332
[72,    12] loss: 0.336
[72,    13] loss: 0.348
[72,    14] loss: 0.359
[72,    15] loss: 0.352
[72,    16] loss: 0.336
Accuracy of the network: 82 %
[73,     1] loss: 0.354
[73,     2] loss: 0.353
[73,     3] loss: 0.341
[73,     4] loss: 0.352
[73,     5] loss: 0.347
[73,     6] loss: 0.341
[73,     7] loss: 0.378
[73,     8] loss: 0.357
[73,     9] loss: 0.363
[73,    10] loss: 0.336
[73,    11] loss: 0.332
[73,    12] loss: 0.336
[73,    13] loss: 0.348
[73,    14] loss: 0.359
[73,    15] loss: 0.352
[73,    16] loss: 0.336
Accuracy of the network: 82 %
[74,     1] loss: 0.354
[74,     2] loss: 0.353
[74,     3] loss: 0.341
[74,     4] loss: 0.352
[74,     5] loss: 0.347
[74,     6] loss: 0.341
[74,     7] loss: 0.378
[74,     8] loss: 0.357
[74,     9] loss: 0.363
[74,    10] loss: 0.336
[74,    11] loss: 0.332
[74,    12] loss: 0.336
[74,    13] loss: 0.348
[74,    14] loss: 0.359
[74,    15] loss: 0.352
[74,    16] loss: 0.336
Accuracy of the network: 82 %
[75,     1] loss: 0.353
[75,     2] loss: 0.353
[75,     3] loss: 0.340
[75,     4] loss: 0.352
[75,     5] loss: 0.347
[75,     6] loss: 0.340
[75,     7] loss: 0.377
[75,     8] loss: 0.357
[75,     9] loss: 0.363
[75,    10] loss: 0.336
[75,    11] loss: 0.332
[75,    12] loss: 0.336
[75,    13] loss: 0.348
[75,    14] loss: 0.359
[75,    15] loss: 0.351
[75,    16] loss: 0.336
Accuracy of the network: 82 %
[76,     1] loss: 0.353
[76,     2] loss: 0.353
[76,     3] loss: 0.340
[76,     4] loss: 0.351
[76,     5] loss: 0.347
[76,     6] loss: 0.340
[76,     7] loss: 0.377
[76,     8] loss: 0.357
[76,     9] loss: 0.362
[76,    10] loss: 0.336
[76,    11] loss: 0.331
[76,    12] loss: 0.336
[76,    13] loss: 0.347
[76,    14] loss: 0.359
[76,    15] loss: 0.351
[76,    16] loss: 0.336
Accuracy of the network: 82 %
[77,     1] loss: 0.353
[77,     2] loss: 0.352
[77,     3] loss: 0.340
[77,     4] loss: 0.351
[77,     5] loss: 0.347
[77,     6] loss: 0.340
[77,     7] loss: 0.377
[77,     8] loss: 0.357
[77,     9] loss: 0.362
[77,    10] loss: 0.336
[77,    11] loss: 0.331
[77,    12] loss: 0.336
[77,    13] loss: 0.347
[77,    14] loss: 0.358
[77,    15] loss: 0.351
[77,    16] loss: 0.336
Accuracy of the network: 82 %
[78,     1] loss: 0.353
[78,     2] loss: 0.352
[78,     3] loss: 0.340
[78,     4] loss: 0.351
[78,     5] loss: 0.347
[78,     6] loss: 0.340
[78,     7] loss: 0.377
[78,     8] loss: 0.357
[78,     9] loss: 0.362
[78,    10] loss: 0.336
[78,    11] loss: 0.331
[78,    12] loss: 0.335
[78,    13] loss: 0.347
[78,    14] loss: 0.358
[78,    15] loss: 0.351
[78,    16] loss: 0.336
Accuracy of the network: 82 %
[79,     1] loss: 0.353
[79,     2] loss: 0.352
[79,     3] loss: 0.340
[79,     4] loss: 0.351
[79,     5] loss: 0.347
[79,     6] loss: 0.340
[79,     7] loss: 0.376
[79,     8] loss: 0.356
[79,     9] loss: 0.362
[79,    10] loss: 0.335
[79,    11] loss: 0.331
[79,    12] loss: 0.335
[79,    13] loss: 0.347
[79,    14] loss: 0.358
[79,    15] loss: 0.351
[79,    16] loss: 0.335
Accuracy of the network: 82 %
[80,     1] loss: 0.353
[80,     2] loss: 0.352
[80,     3] loss: 0.340
[80,     4] loss: 0.351
[80,     5] loss: 0.346
[80,     6] loss: 0.340
[80,     7] loss: 0.376
[80,     8] loss: 0.356
[80,     9] loss: 0.362
[80,    10] loss: 0.335
[80,    11] loss: 0.331
[80,    12] loss: 0.335
[80,    13] loss: 0.347
[80,    14] loss: 0.358
[80,    15] loss: 0.351
[80,    16] loss: 0.335
Accuracy of the network: 82 %
[81,     1] loss: 0.352
[81,     2] loss: 0.352
[81,     3] loss: 0.339
[81,     4] loss: 0.351
[81,     5] loss: 0.346
[81,     6] loss: 0.339
[81,     7] loss: 0.376
[81,     8] loss: 0.356
[81,     9] loss: 0.362
[81,    10] loss: 0.335
[81,    11] loss: 0.331
[81,    12] loss: 0.335
[81,    13] loss: 0.346
[81,    14] loss: 0.358
[81,    15] loss: 0.351
[81,    16] loss: 0.335
Accuracy of the network: 82 %
[82,     1] loss: 0.352
[82,     2] loss: 0.352
[82,     3] loss: 0.339
[82,     4] loss: 0.351
[82,     5] loss: 0.346
[82,     6] loss: 0.339
[82,     7] loss: 0.376
[82,     8] loss: 0.356
[82,     9] loss: 0.361
[82,    10] loss: 0.335
[82,    11] loss: 0.331
[82,    12] loss: 0.335
[82,    13] loss: 0.346
[82,    14] loss: 0.357
[82,    15] loss: 0.350
[82,    16] loss: 0.335
Accuracy of the network: 82 %
[83,     1] loss: 0.352
[83,     2] loss: 0.351
[83,     3] loss: 0.339
[83,     4] loss: 0.350
[83,     5] loss: 0.346
[83,     6] loss: 0.339
[83,     7] loss: 0.376
[83,     8] loss: 0.356
[83,     9] loss: 0.361
[83,    10] loss: 0.335
[83,    11] loss: 0.331
[83,    12] loss: 0.335
[83,    13] loss: 0.346
[83,    14] loss: 0.357
[83,    15] loss: 0.350
[83,    16] loss: 0.335
Accuracy of the network: 82 %
[84,     1] loss: 0.352
[84,     2] loss: 0.351
[84,     3] loss: 0.339
[84,     4] loss: 0.350
[84,     5] loss: 0.346
[84,     6] loss: 0.339
[84,     7] loss: 0.375
[84,     8] loss: 0.356
[84,     9] loss: 0.361
[84,    10] loss: 0.335
[84,    11] loss: 0.330
[84,    12] loss: 0.335
[84,    13] loss: 0.346
[84,    14] loss: 0.357
[84,    15] loss: 0.350
[84,    16] loss: 0.335
Accuracy of the network: 82 %
[85,     1] loss: 0.352
[85,     2] loss: 0.351
[85,     3] loss: 0.339
[85,     4] loss: 0.350
[85,     5] loss: 0.346
[85,     6] loss: 0.339
[85,     7] loss: 0.375
[85,     8] loss: 0.356
[85,     9] loss: 0.361
[85,    10] loss: 0.335
[85,    11] loss: 0.330
[85,    12] loss: 0.334
[85,    13] loss: 0.346
[85,    14] loss: 0.357
[85,    15] loss: 0.350
[85,    16] loss: 0.335
Accuracy of the network: 82 %
[86,     1] loss: 0.352
[86,     2] loss: 0.351
[86,     3] loss: 0.339
[86,     4] loss: 0.350
[86,     5] loss: 0.346
[86,     6] loss: 0.339
[86,     7] loss: 0.375
[86,     8] loss: 0.356
[86,     9] loss: 0.361
[86,    10] loss: 0.334
[86,    11] loss: 0.330
[86,    12] loss: 0.334
[86,    13] loss: 0.345
[86,    14] loss: 0.357
[86,    15] loss: 0.350
[86,    16] loss: 0.334
Accuracy of the network: 82 %
[87,     1] loss: 0.351
[87,     2] loss: 0.351
[87,     3] loss: 0.338
[87,     4] loss: 0.350
[87,     5] loss: 0.346
[87,     6] loss: 0.338
[87,     7] loss: 0.375
[87,     8] loss: 0.356
[87,     9] loss: 0.361
[87,    10] loss: 0.334
[87,    11] loss: 0.330
[87,    12] loss: 0.334
[87,    13] loss: 0.345
[87,    14] loss: 0.357
[87,    15] loss: 0.350
[87,    16] loss: 0.334
Accuracy of the network: 82 %
[88,     1] loss: 0.351
[88,     2] loss: 0.351
[88,     3] loss: 0.338
[88,     4] loss: 0.350
[88,     5] loss: 0.345
[88,     6] loss: 0.338
[88,     7] loss: 0.375
[88,     8] loss: 0.356
[88,     9] loss: 0.360
[88,    10] loss: 0.334
[88,    11] loss: 0.330
[88,    12] loss: 0.334
[88,    13] loss: 0.345
[88,    14] loss: 0.356
[88,    15] loss: 0.350
[88,    16] loss: 0.334
Accuracy of the network: 82 %
[89,     1] loss: 0.351
[89,     2] loss: 0.351
[89,     3] loss: 0.338
[89,     4] loss: 0.350
[89,     5] loss: 0.345
[89,     6] loss: 0.338
[89,     7] loss: 0.375
[89,     8] loss: 0.356
[89,     9] loss: 0.360
[89,    10] loss: 0.334
[89,    11] loss: 0.330
[89,    12] loss: 0.334
[89,    13] loss: 0.345
[89,    14] loss: 0.356
[89,    15] loss: 0.349
[89,    16] loss: 0.334
Accuracy of the network: 82 %
[90,     1] loss: 0.351
[90,     2] loss: 0.350
[90,     3] loss: 0.338
[90,     4] loss: 0.350
[90,     5] loss: 0.345
[90,     6] loss: 0.338
[90,     7] loss: 0.374
[90,     8] loss: 0.356
[90,     9] loss: 0.360
[90,    10] loss: 0.334
[90,    11] loss: 0.330
[90,    12] loss: 0.334
[90,    13] loss: 0.344
[90,    14] loss: 0.356
[90,    15] loss: 0.349
[90,    16] loss: 0.334
Accuracy of the network: 82 %
[91,     1] loss: 0.351
[91,     2] loss: 0.350
[91,     3] loss: 0.338
[91,     4] loss: 0.349
[91,     5] loss: 0.345
[91,     6] loss: 0.338
[91,     7] loss: 0.374
[91,     8] loss: 0.356
[91,     9] loss: 0.359
[91,    10] loss: 0.334
[91,    11] loss: 0.330
[91,    12] loss: 0.334
[91,    13] loss: 0.345
[91,    14] loss: 0.356
[91,    15] loss: 0.349
[91,    16] loss: 0.334
Accuracy of the network: 82 %
[92,     1] loss: 0.351
[92,     2] loss: 0.350
[92,     3] loss: 0.338
[92,     4] loss: 0.349
[92,     5] loss: 0.345
[92,     6] loss: 0.338
[92,     7] loss: 0.374
[92,     8] loss: 0.355
[92,     9] loss: 0.359
[92,    10] loss: 0.334
[92,    11] loss: 0.330
[92,    12] loss: 0.334
[92,    13] loss: 0.344
[92,    14] loss: 0.356
[92,    15] loss: 0.349
[92,    16] loss: 0.334
Accuracy of the network: 82 %
[93,     1] loss: 0.351
[93,     2] loss: 0.350
[93,     3] loss: 0.337
[93,     4] loss: 0.349
[93,     5] loss: 0.345
[93,     6] loss: 0.338
[93,     7] loss: 0.374
[93,     8] loss: 0.355
[93,     9] loss: 0.357
[93,    10] loss: 0.334
[93,    11] loss: 0.330
[93,    12] loss: 0.333
[93,    13] loss: 0.345
[93,    14] loss: 0.356
[93,    15] loss: 0.349
[93,    16] loss: 0.334
Accuracy of the network: 82 %
[94,     1] loss: 0.350
[94,     2] loss: 0.350
[94,     3] loss: 0.337
[94,     4] loss: 0.349
[94,     5] loss: 0.345
[94,     6] loss: 0.337
[94,     7] loss: 0.374
[94,     8] loss: 0.355
[94,     9] loss: 0.356
[94,    10] loss: 0.333
[94,    11] loss: 0.329
[94,    12] loss: 0.333
[94,    13] loss: 0.344
[94,    14] loss: 0.355
[94,    15] loss: 0.349
[94,    16] loss: 0.333
Accuracy of the network: 82 %
[95,     1] loss: 0.350
[95,     2] loss: 0.350
[95,     3] loss: 0.337
[95,     4] loss: 0.349
[95,     5] loss: 0.345
[95,     6] loss: 0.337
[95,     7] loss: 0.373
[95,     8] loss: 0.355
[95,     9] loss: 0.354
[95,    10] loss: 0.333
[95,    11] loss: 0.329
[95,    12] loss: 0.333
[95,    13] loss: 0.345
[95,    14] loss: 0.355
[95,    15] loss: 0.349
[95,    16] loss: 0.333
Accuracy of the network: 82 %
[96,     1] loss: 0.350
[96,     2] loss: 0.350
[96,     3] loss: 0.337
[96,     4] loss: 0.349
[96,     5] loss: 0.345
[96,     6] loss: 0.337
[96,     7] loss: 0.373
[96,     8] loss: 0.355
[96,     9] loss: 0.352
[96,    10] loss: 0.333
[96,    11] loss: 0.329
[96,    12] loss: 0.333
[96,    13] loss: 0.344
[96,    14] loss: 0.355
[96,    15] loss: 0.349
[96,    16] loss: 0.333
Accuracy of the network: 82 %
[97,     1] loss: 0.350
[97,     2] loss: 0.350
[97,     3] loss: 0.337
[97,     4] loss: 0.349
[97,     5] loss: 0.345
[97,     6] loss: 0.337
[97,     7] loss: 0.373
[97,     8] loss: 0.355
[97,     9] loss: 0.350
[97,    10] loss: 0.333
[97,    11] loss: 0.329
[97,    12] loss: 0.333
[97,    13] loss: 0.344
[97,    14] loss: 0.355
[97,    15] loss: 0.349
[97,    16] loss: 0.333
Accuracy of the network: 82 %
[98,     1] loss: 0.350
[98,     2] loss: 0.350
[98,     3] loss: 0.337
[98,     4] loss: 0.349
[98,     5] loss: 0.344
[98,     6] loss: 0.337
[98,     7] loss: 0.373
[98,     8] loss: 0.355
[98,     9] loss: 0.349
[98,    10] loss: 0.333
[98,    11] loss: 0.329
[98,    12] loss: 0.333
[98,    13] loss: 0.343
[98,    14] loss: 0.355
[98,    15] loss: 0.348
[98,    16] loss: 0.333
Accuracy of the network: 82 %
[99,     1] loss: 0.350
[99,     2] loss: 0.350
[99,     3] loss: 0.337
[99,     4] loss: 0.348
[99,     5] loss: 0.344
[99,     6] loss: 0.337
[99,     7] loss: 0.373
[99,     8] loss: 0.355
[99,     9] loss: 0.347
[99,    10] loss: 0.333
[99,    11] loss: 0.329
[99,    12] loss: 0.333
[99,    13] loss: 0.343
[99,    14] loss: 0.355
[99,    15] loss: 0.348
[99,    16] loss: 0.333
Accuracy of the network: 82 %
[100,     1] loss: 0.350
[100,     2] loss: 0.350
[100,     3] loss: 0.337
[100,     4] loss: 0.348
[100,     5] loss: 0.344
[100,     6] loss: 0.337
[100,     7] loss: 0.373
[100,     8] loss: 0.355
[100,     9] loss: 0.347
[100,    10] loss: 0.333
[100,    11] loss: 0.329
[100,    12] loss: 0.333
[100,    13] loss: 0.343
[100,    14] loss: 0.354
[100,    15] loss: 0.348
[100,    16] loss: 0.333
Accuracy of the network: 82 %

