

Enter choice:
1. train DCNN new layers
2. train DCNN complete
3. train SDL layers
4. train SDL + DCNN
5. train and finetune DCNN
6. predict
using device cuda
3 selected
/content/soft_computing_project/models.py:89: UserWarning: Implicit dimension choice for softmax has been deprecated. Change the call to include dim=X as an argument.
  x = F.softmax(self.fc(x))
[1,     1] loss: 0.676
[1,     2] loss: 0.698
[1,     3] loss: 0.678
[1,     4] loss: 0.675
[1,     5] loss: 0.678
[1,     6] loss: 0.686
[1,     7] loss: 0.691
[1,     8] loss: 0.671
[1,     9] loss: 0.680
[1,    10] loss: 0.691
[1,    11] loss: 0.684
[1,    12] loss: 0.667
[1,    13] loss: 0.684
[1,    14] loss: 0.650
[1,    15] loss: 0.681
[1,    16] loss: 0.682
[1,    17] loss: 0.669
[1,    18] loss: 0.690
[1,    19] loss: 0.663
[1,    20] loss: 0.675
[1,    21] loss: 0.663
[1,    22] loss: 0.668
[1,    23] loss: 0.663
[1,    24] loss: 0.679
[1,    25] loss: 0.688
[1,    26] loss: 0.678
[1,    27] loss: 0.683
[1,    28] loss: 0.661
[1,    29] loss: 0.665
[1,    30] loss: 0.684
[1,    31] loss: 0.676
[1,    32] loss: 0.674
Accuracy of the network: 51 %
[2,     1] loss: 0.657
[2,     2] loss: 0.679
[2,     3] loss: 0.659
[2,     4] loss: 0.655
[2,     5] loss: 0.657
[2,     6] loss: 0.666
[2,     7] loss: 0.669
[2,     8] loss: 0.654
[2,     9] loss: 0.659
[2,    10] loss: 0.668
[2,    11] loss: 0.661
[2,    12] loss: 0.647
[2,    13] loss: 0.663
[2,    14] loss: 0.633
[2,    15] loss: 0.662
[2,    16] loss: 0.663
[2,    17] loss: 0.647
[2,    18] loss: 0.667
[2,    19] loss: 0.643
[2,    20] loss: 0.654
[2,    21] loss: 0.644
[2,    22] loss: 0.647
[2,    23] loss: 0.643
[2,    24] loss: 0.657
[2,    25] loss: 0.664
[2,    26] loss: 0.655
[2,    27] loss: 0.662
[2,    28] loss: 0.644
[2,    29] loss: 0.645
[2,    30] loss: 0.663
[2,    31] loss: 0.654
[2,    32] loss: 0.651
Accuracy of the network: 58 %
[3,     1] loss: 0.637
[3,     2] loss: 0.659
[3,     3] loss: 0.639
[3,     4] loss: 0.637
[3,     5] loss: 0.637
[3,     6] loss: 0.645
[3,     7] loss: 0.646
[3,     8] loss: 0.638
[3,     9] loss: 0.640
[3,    10] loss: 0.647
[3,    11] loss: 0.640
[3,    12] loss: 0.630
[3,    13] loss: 0.645
[3,    14] loss: 0.618
[3,    15] loss: 0.645
[3,    16] loss: 0.644
[3,    17] loss: 0.627
[3,    18] loss: 0.645
[3,    19] loss: 0.624
[3,    20] loss: 0.636
[3,    21] loss: 0.626
[3,    22] loss: 0.628
[3,    23] loss: 0.623
[3,    24] loss: 0.637
[3,    25] loss: 0.640
[3,    26] loss: 0.633
[3,    27] loss: 0.643
[3,    28] loss: 0.626
[3,    29] loss: 0.624
[3,    30] loss: 0.643
[3,    31] loss: 0.635
[3,    32] loss: 0.628
Accuracy of the network: 67 %
[4,     1] loss: 0.614
[4,     2] loss: 0.641
[4,     3] loss: 0.618
[4,     4] loss: 0.617
[4,     5] loss: 0.612
[4,     6] loss: 0.623
[4,     7] loss: 0.624
[4,     8] loss: 0.618
[4,     9] loss: 0.617
[4,    10] loss: 0.625
[4,    11] loss: 0.617
[4,    12] loss: 0.608
[4,    13] loss: 0.624
[4,    14] loss: 0.595
[4,    15] loss: 0.625
[4,    16] loss: 0.620
[4,    17] loss: 0.600
[4,    18] loss: 0.622
[4,    19] loss: 0.598
[4,    20] loss: 0.612
[4,    21] loss: 0.601
[4,    22] loss: 0.603
[4,    23] loss: 0.596
[4,    24] loss: 0.613
[4,    25] loss: 0.614
[4,    26] loss: 0.606
[4,    27] loss: 0.621
[4,    28] loss: 0.601
[4,    29] loss: 0.596
[4,    30] loss: 0.621
[4,    31] loss: 0.609
[4,    32] loss: 0.601
Accuracy of the network: 75 %
[5,     1] loss: 0.585
[5,     2] loss: 0.618
[5,     3] loss: 0.589
[5,     4] loss: 0.590
[5,     5] loss: 0.582
[5,     6] loss: 0.595
[5,     7] loss: 0.596
[5,     8] loss: 0.590
[5,     9] loss: 0.587
[5,    10] loss: 0.596
[5,    11] loss: 0.586
[5,    12] loss: 0.577
[5,    13] loss: 0.595
[5,    14] loss: 0.559
[5,    15] loss: 0.598
[5,    16] loss: 0.590
[5,    17] loss: 0.565
[5,    18] loss: 0.590
[5,    19] loss: 0.562
[5,    20] loss: 0.578
[5,    21] loss: 0.566
[5,    22] loss: 0.567
[5,    23] loss: 0.558
[5,    24] loss: 0.578
[5,    25] loss: 0.582
[5,    26] loss: 0.569
[5,    27] loss: 0.586
[5,    28] loss: 0.564
[5,    29] loss: 0.559
[5,    30] loss: 0.585
[5,    31] loss: 0.572
[5,    32] loss: 0.563
Accuracy of the network: 77 %
[6,     1] loss: 0.542
[6,     2] loss: 0.580
[6,     3] loss: 0.548
[6,     4] loss: 0.549
[6,     5] loss: 0.543
[6,     6] loss: 0.559
[6,     7] loss: 0.554
[6,     8] loss: 0.550
[6,     9] loss: 0.546
[6,    10] loss: 0.556
[6,    11] loss: 0.543
[6,    12] loss: 0.537
[6,    13] loss: 0.554
[6,    14] loss: 0.514
[6,    15] loss: 0.565
[6,    16] loss: 0.552
[6,    17] loss: 0.523
[6,    18] loss: 0.550
[6,    19] loss: 0.520
[6,    20] loss: 0.534
[6,    21] loss: 0.525
[6,    22] loss: 0.523
[6,    23] loss: 0.515
[6,    24] loss: 0.534
[6,    25] loss: 0.552
[6,    26] loss: 0.530
[6,    27] loss: 0.543
[6,    28] loss: 0.523
[6,    29] loss: 0.523
[6,    30] loss: 0.547
[6,    31] loss: 0.532
[6,    32] loss: 0.526
Accuracy of the network: 78 %
[7,     1] loss: 0.501
[7,     2] loss: 0.538
[7,     3] loss: 0.507
[7,     4] loss: 0.506
[7,     5] loss: 0.510
[7,     6] loss: 0.527
[7,     7] loss: 0.513
[7,     8] loss: 0.510
[7,     9] loss: 0.507
[7,    10] loss: 0.518
[7,    11] loss: 0.502
[7,    12] loss: 0.498
[7,    13] loss: 0.513
[7,    14] loss: 0.469
[7,    15] loss: 0.533
[7,    16] loss: 0.520
[7,    17] loss: 0.486
[7,    18] loss: 0.515
[7,    19] loss: 0.483
[7,    20] loss: 0.493
[7,    21] loss: 0.489
[7,    22] loss: 0.484
[7,    23] loss: 0.479
[7,    24] loss: 0.494
[7,    25] loss: 0.529
[7,    26] loss: 0.498
[7,    27] loss: 0.506
[7,    28] loss: 0.487
[7,    29] loss: 0.494
[7,    30] loss: 0.513
[7,    31] loss: 0.498
[7,    32] loss: 0.494
Accuracy of the network: 78 %
[8,     1] loss: 0.467
[8,     2] loss: 0.502
[8,     3] loss: 0.474
[8,     4] loss: 0.472
[8,     5] loss: 0.483
[8,     6] loss: 0.501
[8,     7] loss: 0.480
[8,     8] loss: 0.477
[8,     9] loss: 0.475
[8,    10] loss: 0.488
[8,    11] loss: 0.470
[8,    12] loss: 0.467
[8,    13] loss: 0.478
[8,    14] loss: 0.434
[8,    15] loss: 0.506
[8,    16] loss: 0.494
[8,    17] loss: 0.458
[8,    18] loss: 0.485
[8,    19] loss: 0.454
[8,    20] loss: 0.461
[8,    21] loss: 0.462
[8,    22] loss: 0.454
[8,    23] loss: 0.450
[8,    24] loss: 0.463
[8,    25] loss: 0.509
[8,    26] loss: 0.472
[8,    27] loss: 0.476
[8,    28] loss: 0.460
[8,    29] loss: 0.471
[8,    30] loss: 0.487
[8,    31] loss: 0.472
[8,    32] loss: 0.470
Accuracy of the network: 78 %
[9,     1] loss: 0.442
[9,     2] loss: 0.474
[9,     3] loss: 0.449
[9,     4] loss: 0.446
[9,     5] loss: 0.462
[9,     6] loss: 0.480
[9,     7] loss: 0.455
[9,     8] loss: 0.454
[9,     9] loss: 0.452
[9,    10] loss: 0.465
[9,    11] loss: 0.447
[9,    12] loss: 0.444
[9,    13] loss: 0.452
[9,    14] loss: 0.408
[9,    15] loss: 0.484
[9,    16] loss: 0.475
[9,    17] loss: 0.437
[9,    18] loss: 0.463
[9,    19] loss: 0.434
[9,    20] loss: 0.439
[9,    21] loss: 0.443
[9,    22] loss: 0.434
[9,    23] loss: 0.429
[9,    24] loss: 0.440
[9,    25] loss: 0.495
[9,    26] loss: 0.453
[9,    27] loss: 0.454
[9,    28] loss: 0.441
[9,    29] loss: 0.455
[9,    30] loss: 0.468
[9,    31] loss: 0.454
[9,    32] loss: 0.453
Accuracy of the network: 78 %
[10,     1] loss: 0.425
[10,     2] loss: 0.453
[10,     3] loss: 0.431
[10,     4] loss: 0.428
[10,     5] loss: 0.448
[10,     6] loss: 0.463
[10,     7] loss: 0.438
[10,     8] loss: 0.437
[10,     9] loss: 0.435
[10,    10] loss: 0.448
[10,    11] loss: 0.431
[10,    12] loss: 0.429
[10,    13] loss: 0.435
[10,    14] loss: 0.390
[10,    15] loss: 0.468
[10,    16] loss: 0.460
[10,    17] loss: 0.423
[10,    18] loss: 0.448
[10,    19] loss: 0.420
[10,    20] loss: 0.424
[10,    21] loss: 0.429
[10,    22] loss: 0.420
[10,    23] loss: 0.416
[10,    24] loss: 0.425
[10,    25] loss: 0.484
[10,    26] loss: 0.440
[10,    27] loss: 0.439
[10,    28] loss: 0.427
[10,    29] loss: 0.443
[10,    30] loss: 0.455
[10,    31] loss: 0.442
[10,    32] loss: 0.440
Accuracy of the network: 78 %
[11,     1] loss: 0.413
[11,     2] loss: 0.438
[11,     3] loss: 0.419
[11,     4] loss: 0.415
[11,     5] loss: 0.436
[11,     6] loss: 0.449
[11,     7] loss: 0.426
[11,     8] loss: 0.425
[11,     9] loss: 0.424
[11,    10] loss: 0.436
[11,    11] loss: 0.420
[11,    12] loss: 0.418
[11,    13] loss: 0.422
[11,    14] loss: 0.377
[11,    15] loss: 0.455
[11,    16] loss: 0.448
[11,    17] loss: 0.413
[11,    18] loss: 0.437
[11,    19] loss: 0.410
[11,    20] loss: 0.414
[11,    21] loss: 0.420
[11,    22] loss: 0.410
[11,    23] loss: 0.406
[11,    24] loss: 0.414
[11,    25] loss: 0.476
[11,    26] loss: 0.431
[11,    27] loss: 0.427
[11,    28] loss: 0.417
[11,    29] loss: 0.434
[11,    30] loss: 0.445
[11,    31] loss: 0.433
[11,    32] loss: 0.431
Accuracy of the network: 78 %
[12,     1] loss: 0.404
[12,     2] loss: 0.425
[12,     3] loss: 0.411
[12,     4] loss: 0.406
[12,     5] loss: 0.427
[12,     6] loss: 0.437
[12,     7] loss: 0.418
[12,     8] loss: 0.415
[12,     9] loss: 0.416
[12,    10] loss: 0.428
[12,    11] loss: 0.413
[12,    12] loss: 0.410
[12,    13] loss: 0.413
[12,    14] loss: 0.368
[12,    15] loss: 0.445
[12,    16] loss: 0.440
[12,    17] loss: 0.406
[12,    18] loss: 0.429
[12,    19] loss: 0.403
[12,    20] loss: 0.407
[12,    21] loss: 0.413
[12,    22] loss: 0.403
[12,    23] loss: 0.399
[12,    24] loss: 0.406
[12,    25] loss: 0.470
[12,    26] loss: 0.423
[12,    27] loss: 0.419
[12,    28] loss: 0.409
[12,    29] loss: 0.427
[12,    30] loss: 0.438
[12,    31] loss: 0.427
[12,    32] loss: 0.424
Accuracy of the network: 78 %
[13,     1] loss: 0.398
[13,     2] loss: 0.414
[13,     3] loss: 0.405
[13,     4] loss: 0.399
[13,     5] loss: 0.420
[13,     6] loss: 0.429
[13,     7] loss: 0.411
[13,     8] loss: 0.406
[13,     9] loss: 0.410
[13,    10] loss: 0.421
[13,    11] loss: 0.406
[13,    12] loss: 0.404
[13,    13] loss: 0.405
[13,    14] loss: 0.362
[13,    15] loss: 0.436
[13,    16] loss: 0.432
[13,    17] loss: 0.401
[13,    18] loss: 0.422
[13,    19] loss: 0.397
[13,    20] loss: 0.401
[13,    21] loss: 0.408
[13,    22] loss: 0.398
[13,    23] loss: 0.394
[13,    24] loss: 0.400
[13,    25] loss: 0.465
[13,    26] loss: 0.417
[13,    27] loss: 0.412
[13,    28] loss: 0.403
[13,    29] loss: 0.421
[13,    30] loss: 0.432
[13,    31] loss: 0.422
[13,    32] loss: 0.418
Accuracy of the network: 78 %
[14,     1] loss: 0.393
[14,     2] loss: 0.405
[14,     3] loss: 0.400
[14,     4] loss: 0.394
[14,     5] loss: 0.413
[14,     6] loss: 0.421
[14,     7] loss: 0.406
[14,     8] loss: 0.398
[14,     9] loss: 0.406
[14,    10] loss: 0.416
[14,    11] loss: 0.399
[14,    12] loss: 0.398
[14,    13] loss: 0.400
[14,    14] loss: 0.357
[14,    15] loss: 0.428
[14,    16] loss: 0.426
[14,    17] loss: 0.397
[14,    18] loss: 0.417
[14,    19] loss: 0.392
[14,    20] loss: 0.397
[14,    21] loss: 0.404
[14,    22] loss: 0.393
[14,    23] loss: 0.390
[14,    24] loss: 0.395
[14,    25] loss: 0.460
[14,    26] loss: 0.412
[14,    27] loss: 0.407
[14,    28] loss: 0.398
[14,    29] loss: 0.416
[14,    30] loss: 0.428
[14,    31] loss: 0.417
[14,    32] loss: 0.413
Accuracy of the network: 79 %
[15,     1] loss: 0.389
[15,     2] loss: 0.400
[15,     3] loss: 0.396
[15,     4] loss: 0.390
[15,     5] loss: 0.408
[15,     6] loss: 0.415
[15,     7] loss: 0.401
[15,     8] loss: 0.393
[15,     9] loss: 0.402
[15,    10] loss: 0.411
[15,    11] loss: 0.393
[15,    12] loss: 0.392
[15,    13] loss: 0.396
[15,    14] loss: 0.353
[15,    15] loss: 0.421
[15,    16] loss: 0.421
[15,    17] loss: 0.393
[15,    18] loss: 0.412
[15,    19] loss: 0.388
[15,    20] loss: 0.394
[15,    21] loss: 0.401
[15,    22] loss: 0.390
[15,    23] loss: 0.386
[15,    24] loss: 0.391
[15,    25] loss: 0.456
[15,    26] loss: 0.408
[15,    27] loss: 0.403
[15,    28] loss: 0.393
[15,    29] loss: 0.413
[15,    30] loss: 0.424
[15,    31] loss: 0.413
[15,    32] loss: 0.409
Accuracy of the network: 79 %
[16,     1] loss: 0.385
[16,     2] loss: 0.395
[16,     3] loss: 0.393
[16,     4] loss: 0.387
[16,     5] loss: 0.403
[16,     6] loss: 0.411
[16,     7] loss: 0.397
[16,     8] loss: 0.389
[16,     9] loss: 0.399
[16,    10] loss: 0.406
[16,    11] loss: 0.387
[16,    12] loss: 0.386
[16,    13] loss: 0.392
[16,    14] loss: 0.350
[16,    15] loss: 0.415
[16,    16] loss: 0.416
[16,    17] loss: 0.390
[16,    18] loss: 0.408
[16,    19] loss: 0.384
[16,    20] loss: 0.391
[16,    21] loss: 0.398
[16,    22] loss: 0.387
[16,    23] loss: 0.383
[16,    24] loss: 0.388
[16,    25] loss: 0.452
[16,    26] loss: 0.405
[16,    27] loss: 0.399
[16,    28] loss: 0.390
[16,    29] loss: 0.410
[16,    30] loss: 0.421
[16,    31] loss: 0.410
[16,    32] loss: 0.406
Accuracy of the network: 79 %
[17,     1] loss: 0.382
[17,     2] loss: 0.391
[17,     3] loss: 0.390
[17,     4] loss: 0.384
[17,     5] loss: 0.399
[17,     6] loss: 0.407
[17,     7] loss: 0.394
[17,     8] loss: 0.386
[17,     9] loss: 0.396
[17,    10] loss: 0.403
[17,    11] loss: 0.382
[17,    12] loss: 0.381
[17,    13] loss: 0.389
[17,    14] loss: 0.348
[17,    15] loss: 0.410
[17,    16] loss: 0.413
[17,    17] loss: 0.388
[17,    18] loss: 0.405
[17,    19] loss: 0.381
[17,    20] loss: 0.388
[17,    21] loss: 0.396
[17,    22] loss: 0.384
[17,    23] loss: 0.380
[17,    24] loss: 0.385
[17,    25] loss: 0.448
[17,    26] loss: 0.402
[17,    27] loss: 0.396
[17,    28] loss: 0.387
[17,    29] loss: 0.407
[17,    30] loss: 0.418
[17,    31] loss: 0.407
[17,    32] loss: 0.403
Accuracy of the network: 79 %
[18,     1] loss: 0.380
[18,     2] loss: 0.388
[18,     3] loss: 0.387
[18,     4] loss: 0.381
[18,     5] loss: 0.396
[18,     6] loss: 0.404
[18,     7] loss: 0.391
[18,     8] loss: 0.383
[18,     9] loss: 0.394
[18,    10] loss: 0.400
[18,    11] loss: 0.379
[18,    12] loss: 0.378
[18,    13] loss: 0.386
[18,    14] loss: 0.346
[18,    15] loss: 0.406
[18,    16] loss: 0.410
[18,    17] loss: 0.385
[18,    18] loss: 0.402
[18,    19] loss: 0.377
[18,    20] loss: 0.386
[18,    21] loss: 0.394
[18,    22] loss: 0.382
[18,    23] loss: 0.378
[18,    24] loss: 0.382
[18,    25] loss: 0.445
[18,    26] loss: 0.399
[18,    27] loss: 0.393
[18,    28] loss: 0.385
[18,    29] loss: 0.404
[18,    30] loss: 0.416
[18,    31] loss: 0.404
[18,    32] loss: 0.400
Accuracy of the network: 79 %
[19,     1] loss: 0.378
[19,     2] loss: 0.386
[19,     3] loss: 0.385
[19,     4] loss: 0.379
[19,     5] loss: 0.393
[19,     6] loss: 0.401
[19,     7] loss: 0.388
[19,     8] loss: 0.380
[19,     9] loss: 0.392
[19,    10] loss: 0.396
[19,    11] loss: 0.377
[19,    12] loss: 0.375
[19,    13] loss: 0.384
[19,    14] loss: 0.344
[19,    15] loss: 0.403
[19,    16] loss: 0.407
[19,    17] loss: 0.383
[19,    18] loss: 0.399
[19,    19] loss: 0.374
[19,    20] loss: 0.384
[19,    21] loss: 0.392
[19,    22] loss: 0.379
[19,    23] loss: 0.376
[19,    24] loss: 0.380
[19,    25] loss: 0.442
[19,    26] loss: 0.397
[19,    27] loss: 0.390
[19,    28] loss: 0.382
[19,    29] loss: 0.402
[19,    30] loss: 0.414
[19,    31] loss: 0.402
[19,    32] loss: 0.398
Accuracy of the network: 79 %
[20,     1] loss: 0.376
[20,     2] loss: 0.383
[20,     3] loss: 0.383
[20,     4] loss: 0.377
[20,     5] loss: 0.390
[20,     6] loss: 0.398
[20,     7] loss: 0.386
[20,     8] loss: 0.378
[20,     9] loss: 0.390
[20,    10] loss: 0.394
[20,    11] loss: 0.375
[20,    12] loss: 0.373
[20,    13] loss: 0.381
[20,    14] loss: 0.343
[20,    15] loss: 0.401
[20,    16] loss: 0.403
[20,    17] loss: 0.381
[20,    18] loss: 0.396
[20,    19] loss: 0.371
[20,    20] loss: 0.382
[20,    21] loss: 0.391
[20,    22] loss: 0.377
[20,    23] loss: 0.374
[20,    24] loss: 0.378
[20,    25] loss: 0.439
[20,    26] loss: 0.395
[20,    27] loss: 0.388
[20,    28] loss: 0.379
[20,    29] loss: 0.400
[20,    30] loss: 0.411
[20,    31] loss: 0.399
[20,    32] loss: 0.395
Accuracy of the network: 79 %
[21,     1] loss: 0.374
[21,     2] loss: 0.381
[21,     3] loss: 0.382
[21,     4] loss: 0.376
[21,     5] loss: 0.388
[21,     6] loss: 0.395
[21,     7] loss: 0.384
[21,     8] loss: 0.376
[21,     9] loss: 0.388
[21,    10] loss: 0.391
[21,    11] loss: 0.373
[21,    12] loss: 0.372
[21,    13] loss: 0.378
[21,    14] loss: 0.342
[21,    15] loss: 0.400
[21,    16] loss: 0.399
[21,    17] loss: 0.379
[21,    18] loss: 0.394
[21,    19] loss: 0.369
[21,    20] loss: 0.381
[21,    21] loss: 0.389
[21,    22] loss: 0.375
[21,    23] loss: 0.372
[21,    24] loss: 0.376
[21,    25] loss: 0.436
[21,    26] loss: 0.392
[21,    27] loss: 0.386
[21,    28] loss: 0.375
[21,    29] loss: 0.398
[21,    30] loss: 0.409
[21,    31] loss: 0.397
[21,    32] loss: 0.393
Accuracy of the network: 79 %
[22,     1] loss: 0.373
[22,     2] loss: 0.379
[22,     3] loss: 0.380
[22,     4] loss: 0.374
[22,     5] loss: 0.386
[22,     6] loss: 0.393
[22,     7] loss: 0.382
[22,     8] loss: 0.374
[22,     9] loss: 0.386
[22,    10] loss: 0.389
[22,    11] loss: 0.371
[22,    12] loss: 0.370
[22,    13] loss: 0.374
[22,    14] loss: 0.341
[22,    15] loss: 0.398
[22,    16] loss: 0.395
[22,    17] loss: 0.377
[22,    18] loss: 0.392
[22,    19] loss: 0.367
[22,    20] loss: 0.379
[22,    21] loss: 0.388
[22,    22] loss: 0.374
[22,    23] loss: 0.370
[22,    24] loss: 0.374
[22,    25] loss: 0.434
[22,    26] loss: 0.390
[22,    27] loss: 0.384
[22,    28] loss: 0.371
[22,    29] loss: 0.396
[22,    30] loss: 0.408
[22,    31] loss: 0.395
[22,    32] loss: 0.391
Accuracy of the network: 79 %
[23,     1] loss: 0.373
[23,     2] loss: 0.377
[23,     3] loss: 0.379
[23,     4] loss: 0.373
[23,     5] loss: 0.384
[23,     6] loss: 0.391
[23,     7] loss: 0.380
[23,     8] loss: 0.372
[23,     9] loss: 0.385
[23,    10] loss: 0.387
[23,    11] loss: 0.369
[23,    12] loss: 0.369
[23,    13] loss: 0.370
[23,    14] loss: 0.340
[23,    15] loss: 0.396
[23,    16] loss: 0.392
[23,    17] loss: 0.375
[23,    18] loss: 0.389
[23,    19] loss: 0.365
[23,    20] loss: 0.378
[23,    21] loss: 0.386
[23,    22] loss: 0.372
[23,    23] loss: 0.369
[23,    24] loss: 0.372
[23,    25] loss: 0.431
[23,    26] loss: 0.388
[23,    27] loss: 0.382
[23,    28] loss: 0.368
[23,    29] loss: 0.394
[23,    30] loss: 0.406
[23,    31] loss: 0.394
[23,    32] loss: 0.389
Accuracy of the network: 79 %
[24,     1] loss: 0.372
[24,     2] loss: 0.376
[24,     3] loss: 0.377
[24,     4] loss: 0.371
[24,     5] loss: 0.382
[24,     6] loss: 0.389
[24,     7] loss: 0.378
[24,     8] loss: 0.371
[24,     9] loss: 0.383
[24,    10] loss: 0.385
[24,    11] loss: 0.368
[24,    12] loss: 0.367
[24,    13] loss: 0.366
[24,    14] loss: 0.339
[24,    15] loss: 0.395
[24,    16] loss: 0.389
[24,    17] loss: 0.374
[24,    18] loss: 0.388
[24,    19] loss: 0.364
[24,    20] loss: 0.376
[24,    21] loss: 0.385
[24,    22] loss: 0.370
[24,    23] loss: 0.367
[24,    24] loss: 0.371
[24,    25] loss: 0.429
[24,    26] loss: 0.386
[24,    27] loss: 0.380
[24,    28] loss: 0.366
[24,    29] loss: 0.392
[24,    30] loss: 0.404
[24,    31] loss: 0.392
[24,    32] loss: 0.387
Accuracy of the network: 79 %
[25,     1] loss: 0.370
[25,     2] loss: 0.374
[25,     3] loss: 0.376
[25,     4] loss: 0.370
[25,     5] loss: 0.380
[25,     6] loss: 0.387
[25,     7] loss: 0.377
[25,     8] loss: 0.369
[25,     9] loss: 0.382
[25,    10] loss: 0.383
[25,    11] loss: 0.366
[25,    12] loss: 0.366
[25,    13] loss: 0.364
[25,    14] loss: 0.338
[25,    15] loss: 0.394
[25,    16] loss: 0.387
[25,    17] loss: 0.372
[25,    18] loss: 0.386
[25,    19] loss: 0.363
[25,    20] loss: 0.375
[25,    21] loss: 0.384
[25,    22] loss: 0.369
[25,    23] loss: 0.366
[25,    24] loss: 0.369
[25,    25] loss: 0.426
[25,    26] loss: 0.385
[25,    27] loss: 0.378
[25,    28] loss: 0.364
[25,    29] loss: 0.391
[25,    30] loss: 0.403
[25,    31] loss: 0.390
[25,    32] loss: 0.385
Accuracy of the network: 79 %
[26,     1] loss: 0.368
[26,     2] loss: 0.372
[26,     3] loss: 0.375
[26,     4] loss: 0.369
[26,     5] loss: 0.378
[26,     6] loss: 0.385
[26,     7] loss: 0.375
[26,     8] loss: 0.367
[26,     9] loss: 0.380
[26,    10] loss: 0.382
[26,    11] loss: 0.365
[26,    12] loss: 0.365
[26,    13] loss: 0.362
[26,    14] loss: 0.337
[26,    15] loss: 0.392
[26,    16] loss: 0.385
[26,    17] loss: 0.371
[26,    18] loss: 0.384
[26,    19] loss: 0.361
[26,    20] loss: 0.374
[26,    21] loss: 0.383
[26,    22] loss: 0.368
[26,    23] loss: 0.364
[26,    24] loss: 0.368
[26,    25] loss: 0.424
[26,    26] loss: 0.383
[26,    27] loss: 0.375
[26,    28] loss: 0.362
[26,    29] loss: 0.389
[26,    30] loss: 0.401
[26,    31] loss: 0.389
[26,    32] loss: 0.383
Accuracy of the network: 79 %
[27,     1] loss: 0.367
[27,     2] loss: 0.371
[27,     3] loss: 0.373
[27,     4] loss: 0.368
[27,     5] loss: 0.377
[27,     6] loss: 0.383
[27,     7] loss: 0.374
[27,     8] loss: 0.366
[27,     9] loss: 0.379
[27,    10] loss: 0.380
[27,    11] loss: 0.364
[27,    12] loss: 0.364
[27,    13] loss: 0.360
[27,    14] loss: 0.336
[27,    15] loss: 0.391
[27,    16] loss: 0.383
[27,    17] loss: 0.369
[27,    18] loss: 0.382
[27,    19] loss: 0.360
[27,    20] loss: 0.373
[27,    21] loss: 0.382
[27,    22] loss: 0.366
[27,    23] loss: 0.363
[27,    24] loss: 0.366
[27,    25] loss: 0.422
[27,    26] loss: 0.381
[27,    27] loss: 0.372
[27,    28] loss: 0.361
[27,    29] loss: 0.388
[27,    30] loss: 0.400
[27,    31] loss: 0.387
[27,    32] loss: 0.381
Accuracy of the network: 79 %
[28,     1] loss: 0.365
[28,     2] loss: 0.369
[28,     3] loss: 0.372
[28,     4] loss: 0.367
[28,     5] loss: 0.375
[28,     6] loss: 0.382
[28,     7] loss: 0.372
[28,     8] loss: 0.365
[28,     9] loss: 0.378
[28,    10] loss: 0.378
[28,    11] loss: 0.362
[28,    12] loss: 0.363
[28,    13] loss: 0.358
[28,    14] loss: 0.335
[28,    15] loss: 0.390
[28,    16] loss: 0.381
[28,    17] loss: 0.368
[28,    18] loss: 0.381
[28,    19] loss: 0.359
[28,    20] loss: 0.372
[28,    21] loss: 0.381
[28,    22] loss: 0.365
[28,    23] loss: 0.362
[28,    24] loss: 0.365
[28,    25] loss: 0.420
[28,    26] loss: 0.380
[28,    27] loss: 0.368
[28,    28] loss: 0.360
[28,    29] loss: 0.386
[28,    30] loss: 0.399
[28,    31] loss: 0.385
[28,    32] loss: 0.380
Accuracy of the network: 79 %
[29,     1] loss: 0.364
[29,     2] loss: 0.368
[29,     3] loss: 0.371
[29,     4] loss: 0.366
[29,     5] loss: 0.374
[29,     6] loss: 0.380
[29,     7] loss: 0.371
[29,     8] loss: 0.363
[29,     9] loss: 0.377
[29,    10] loss: 0.377
[29,    11] loss: 0.361
[29,    12] loss: 0.362
[29,    13] loss: 0.357
[29,    14] loss: 0.335
[29,    15] loss: 0.389
[29,    16] loss: 0.380
[29,    17] loss: 0.367
[29,    18] loss: 0.379
[29,    19] loss: 0.358
[29,    20] loss: 0.371
[29,    21] loss: 0.380
[29,    22] loss: 0.364
[29,    23] loss: 0.361
[29,    24] loss: 0.364
[29,    25] loss: 0.418
[29,    26] loss: 0.378
[29,    27] loss: 0.365
[29,    28] loss: 0.358
[29,    29] loss: 0.385
[29,    30] loss: 0.397
[29,    31] loss: 0.384
[29,    32] loss: 0.378
Accuracy of the network: 79 %
[30,     1] loss: 0.362
[30,     2] loss: 0.367
[30,     3] loss: 0.370
[30,     4] loss: 0.365
[30,     5] loss: 0.372
[30,     6] loss: 0.378
[30,     7] loss: 0.369
[30,     8] loss: 0.362
[30,     9] loss: 0.376
[30,    10] loss: 0.375
[30,    11] loss: 0.360
[30,    12] loss: 0.361
[30,    13] loss: 0.356
[30,    14] loss: 0.334
[30,    15] loss: 0.388
[30,    16] loss: 0.378
[30,    17] loss: 0.365
[30,    18] loss: 0.377
[30,    19] loss: 0.357
[30,    20] loss: 0.370
[30,    21] loss: 0.379
[30,    22] loss: 0.362
[30,    23] loss: 0.360
[30,    24] loss: 0.363
[30,    25] loss: 0.416
[30,    26] loss: 0.377
[30,    27] loss: 0.363
[30,    28] loss: 0.357
[30,    29] loss: 0.384
[30,    30] loss: 0.396
[30,    31] loss: 0.382
[30,    32] loss: 0.377
Accuracy of the network: 79 %
[31,     1] loss: 0.361
[31,     2] loss: 0.365
[31,     3] loss: 0.369
[31,     4] loss: 0.364
[31,     5] loss: 0.371
[31,     6] loss: 0.377
[31,     7] loss: 0.368
[31,     8] loss: 0.361
[31,     9] loss: 0.374
[31,    10] loss: 0.374
[31,    11] loss: 0.359
[31,    12] loss: 0.360
[31,    13] loss: 0.355
[31,    14] loss: 0.334
[31,    15] loss: 0.387
[31,    16] loss: 0.377
[31,    17] loss: 0.364
[31,    18] loss: 0.376
[31,    19] loss: 0.356
[31,    20] loss: 0.369
[31,    21] loss: 0.378
[31,    22] loss: 0.361
[31,    23] loss: 0.359
[31,    24] loss: 0.362
[31,    25] loss: 0.414
[31,    26] loss: 0.375
[31,    27] loss: 0.361
[31,    28] loss: 0.356
[31,    29] loss: 0.382
[31,    30] loss: 0.395
[31,    31] loss: 0.380
[31,    32] loss: 0.375
Accuracy of the network: 79 %
[32,     1] loss: 0.360
[32,     2] loss: 0.364
[32,     3] loss: 0.368
[32,     4] loss: 0.363
[32,     5] loss: 0.370
[32,     6] loss: 0.375
[32,     7] loss: 0.367
[32,     8] loss: 0.360
[32,     9] loss: 0.373
[32,    10] loss: 0.372
[32,    11] loss: 0.358
[32,    12] loss: 0.360
[32,    13] loss: 0.354
[32,    14] loss: 0.333
[32,    15] loss: 0.386
[32,    16] loss: 0.375
[32,    17] loss: 0.363
[32,    18] loss: 0.375
[32,    19] loss: 0.355
[32,    20] loss: 0.368
[32,    21] loss: 0.377
[32,    22] loss: 0.360
[32,    23] loss: 0.358
[32,    24] loss: 0.360
[32,    25] loss: 0.412
[32,    26] loss: 0.374
[32,    27] loss: 0.360
[32,    28] loss: 0.355
[32,    29] loss: 0.381
[32,    30] loss: 0.394
[32,    31] loss: 0.378
[32,    32] loss: 0.374
Accuracy of the network: 79 %
[33,     1] loss: 0.358
[33,     2] loss: 0.363
[33,     3] loss: 0.367
[33,     4] loss: 0.362
[33,     5] loss: 0.368
[33,     6] loss: 0.374
[33,     7] loss: 0.366
[33,     8] loss: 0.359
[33,     9] loss: 0.372
[33,    10] loss: 0.371
[33,    11] loss: 0.357
[33,    12] loss: 0.359
[33,    13] loss: 0.353
[33,    14] loss: 0.333
[33,    15] loss: 0.385
[33,    16] loss: 0.374
[33,    17] loss: 0.362
[33,    18] loss: 0.373
[33,    19] loss: 0.354
[33,    20] loss: 0.367
[33,    21] loss: 0.377
[33,    22] loss: 0.359
[33,    23] loss: 0.357
[33,    24] loss: 0.359
[33,    25] loss: 0.410
[33,    26] loss: 0.373
[33,    27] loss: 0.358
[33,    28] loss: 0.354
[33,    29] loss: 0.380
[33,    30] loss: 0.393
[33,    31] loss: 0.374
[33,    32] loss: 0.373
Accuracy of the network: 79 %
[34,     1] loss: 0.357
[34,     2] loss: 0.362
[34,     3] loss: 0.366
[34,     4] loss: 0.362
[34,     5] loss: 0.367
[34,     6] loss: 0.373
[34,     7] loss: 0.364
[34,     8] loss: 0.358
[34,     9] loss: 0.371
[34,    10] loss: 0.370
[34,    11] loss: 0.356
[34,    12] loss: 0.358
[34,    13] loss: 0.352
[34,    14] loss: 0.332
[34,    15] loss: 0.384
[34,    16] loss: 0.372
[34,    17] loss: 0.361
[34,    18] loss: 0.372
[34,    19] loss: 0.353
[34,    20] loss: 0.366
[34,    21] loss: 0.376
[34,    22] loss: 0.358
[34,    23] loss: 0.356
[34,    24] loss: 0.358
[34,    25] loss: 0.408
[34,    26] loss: 0.371
[34,    27] loss: 0.357
[34,    28] loss: 0.353
[34,    29] loss: 0.379
[34,    30] loss: 0.392
[34,    31] loss: 0.368
[34,    32] loss: 0.371
Accuracy of the network: 79 %
[35,     1] loss: 0.356
[35,     2] loss: 0.361
[35,     3] loss: 0.366
[35,     4] loss: 0.361
[35,     5] loss: 0.366
[35,     6] loss: 0.371
[35,     7] loss: 0.363
[35,     8] loss: 0.357
[35,     9] loss: 0.371
[35,    10] loss: 0.369
[35,    11] loss: 0.355
[35,    12] loss: 0.357
[35,    13] loss: 0.351
[35,    14] loss: 0.332
[35,    15] loss: 0.383
[35,    16] loss: 0.371
[35,    17] loss: 0.360
[35,    18] loss: 0.371
[35,    19] loss: 0.352
[35,    20] loss: 0.365
[35,    21] loss: 0.375
[35,    22] loss: 0.357
[35,    23] loss: 0.355
[35,    24] loss: 0.357
[35,    25] loss: 0.407
[35,    26] loss: 0.370
[35,    27] loss: 0.356
[35,    28] loss: 0.352
[35,    29] loss: 0.378
[35,    30] loss: 0.391
[35,    31] loss: 0.364
[35,    32] loss: 0.370
Accuracy of the network: 79 %
[36,     1] loss: 0.355
[36,     2] loss: 0.360
[36,     3] loss: 0.365
[36,     4] loss: 0.360
[36,     5] loss: 0.365
[36,     6] loss: 0.370
[36,     7] loss: 0.362
[36,     8] loss: 0.357
[36,     9] loss: 0.370
[36,    10] loss: 0.367
[36,    11] loss: 0.354
[36,    12] loss: 0.357
[36,    13] loss: 0.350
[36,    14] loss: 0.331
[36,    15] loss: 0.382
[36,    16] loss: 0.370
[36,    17] loss: 0.359
[36,    18] loss: 0.370
[36,    19] loss: 0.351
[36,    20] loss: 0.364
[36,    21] loss: 0.374
[36,    22] loss: 0.356
[36,    23] loss: 0.354
[36,    24] loss: 0.356
[36,    25] loss: 0.405
[36,    26] loss: 0.369
[36,    27] loss: 0.355
[36,    28] loss: 0.352
[36,    29] loss: 0.377
[36,    30] loss: 0.390
[36,    31] loss: 0.363
[36,    32] loss: 0.369
Accuracy of the network: 79 %
[37,     1] loss: 0.354
[37,     2] loss: 0.359
[37,     3] loss: 0.364
[37,     4] loss: 0.359
[37,     5] loss: 0.364
[37,     6] loss: 0.369
[37,     7] loss: 0.361
[37,     8] loss: 0.356
[37,     9] loss: 0.369
[37,    10] loss: 0.366
[37,    11] loss: 0.353
[37,    12] loss: 0.356
[37,    13] loss: 0.349
[37,    14] loss: 0.331
[37,    15] loss: 0.381
[37,    16] loss: 0.369
[37,    17] loss: 0.358
[37,    18] loss: 0.368
[37,    19] loss: 0.350
[37,    20] loss: 0.364
[37,    21] loss: 0.374
[37,    22] loss: 0.355
[37,    23] loss: 0.353
[37,    24] loss: 0.356
[37,    25] loss: 0.404
[37,    26] loss: 0.368
[37,    27] loss: 0.354
[37,    28] loss: 0.351
[37,    29] loss: 0.376
[37,    30] loss: 0.389
[37,    31] loss: 0.361
[37,    32] loss: 0.368
Accuracy of the network: 79 %
[38,     1] loss: 0.353
[38,     2] loss: 0.358
[38,     3] loss: 0.363
[38,     4] loss: 0.359
[38,     5] loss: 0.363
[38,     6] loss: 0.368
[38,     7] loss: 0.360
[38,     8] loss: 0.355
[38,     9] loss: 0.368
[38,    10] loss: 0.365
[38,    11] loss: 0.352
[38,    12] loss: 0.355
[38,    13] loss: 0.348
[38,    14] loss: 0.330
[38,    15] loss: 0.381
[38,    16] loss: 0.368
[38,    17] loss: 0.357
[38,    18] loss: 0.367
[38,    19] loss: 0.350
[38,    20] loss: 0.363
[38,    21] loss: 0.373
[38,    22] loss: 0.355
[38,    23] loss: 0.352
[38,    24] loss: 0.355
[38,    25] loss: 0.402
[38,    26] loss: 0.367
[38,    27] loss: 0.353
[38,    28] loss: 0.350
[38,    29] loss: 0.375
[38,    30] loss: 0.388
[38,    31] loss: 0.360
[38,    32] loss: 0.367
Accuracy of the network: 79 %
[39,     1] loss: 0.352
[39,     2] loss: 0.357
[39,     3] loss: 0.363
[39,     4] loss: 0.358
[39,     5] loss: 0.362
[39,     6] loss: 0.367
[39,     7] loss: 0.359
[39,     8] loss: 0.355
[39,     9] loss: 0.367
[39,    10] loss: 0.364
[39,    11] loss: 0.352
[39,    12] loss: 0.355
[39,    13] loss: 0.348
[39,    14] loss: 0.330
[39,    15] loss: 0.380
[39,    16] loss: 0.366
[39,    17] loss: 0.356
[39,    18] loss: 0.366
[39,    19] loss: 0.349
[39,    20] loss: 0.362
[39,    21] loss: 0.372
[39,    22] loss: 0.354
[39,    23] loss: 0.351
[39,    24] loss: 0.354
[39,    25] loss: 0.401
[39,    26] loss: 0.366
[39,    27] loss: 0.352
[39,    28] loss: 0.349
[39,    29] loss: 0.374
[39,    30] loss: 0.387
[39,    31] loss: 0.359
[39,    32] loss: 0.366
Accuracy of the network: 79 %
[40,     1] loss: 0.352
[40,     2] loss: 0.356
[40,     3] loss: 0.362
[40,     4] loss: 0.358
[40,     5] loss: 0.361
[40,     6] loss: 0.366
[40,     7] loss: 0.358
[40,     8] loss: 0.354
[40,     9] loss: 0.366
[40,    10] loss: 0.363
[40,    11] loss: 0.351
[40,    12] loss: 0.354
[40,    13] loss: 0.347
[40,    14] loss: 0.330
[40,    15] loss: 0.379
[40,    16] loss: 0.365
[40,    17] loss: 0.355
[40,    18] loss: 0.365
[40,    19] loss: 0.348
[40,    20] loss: 0.362
[40,    21] loss: 0.372
[40,    22] loss: 0.353
[40,    23] loss: 0.351
[40,    24] loss: 0.353
[40,    25] loss: 0.399
[40,    26] loss: 0.365
[40,    27] loss: 0.351
[40,    28] loss: 0.348
[40,    29] loss: 0.373
[40,    30] loss: 0.386
[40,    31] loss: 0.358
[40,    32] loss: 0.365
Accuracy of the network: 79 %
[41,     1] loss: 0.351
[41,     2] loss: 0.355
[41,     3] loss: 0.361
[41,     4] loss: 0.357
[41,     5] loss: 0.360
[41,     6] loss: 0.365
[41,     7] loss: 0.357
[41,     8] loss: 0.354
[41,     9] loss: 0.366
[41,    10] loss: 0.362
[41,    11] loss: 0.350
[41,    12] loss: 0.354
[41,    13] loss: 0.346
[41,    14] loss: 0.329
[41,    15] loss: 0.378
[41,    16] loss: 0.364
[41,    17] loss: 0.355
[41,    18] loss: 0.364
[41,    19] loss: 0.347
[41,    20] loss: 0.361
[41,    21] loss: 0.371
[41,    22] loss: 0.352
[41,    23] loss: 0.350
[41,    24] loss: 0.352
[41,    25] loss: 0.398
[41,    26] loss: 0.364
[41,    27] loss: 0.350
[41,    28] loss: 0.348
[41,    29] loss: 0.372
[41,    30] loss: 0.385
[41,    31] loss: 0.357
[41,    32] loss: 0.364
Accuracy of the network: 79 %
[42,     1] loss: 0.350
[42,     2] loss: 0.354
[42,     3] loss: 0.361
[42,     4] loss: 0.356
[42,     5] loss: 0.359
[42,     6] loss: 0.364
[42,     7] loss: 0.357
[42,     8] loss: 0.353
[42,     9] loss: 0.365
[42,    10] loss: 0.361
[42,    11] loss: 0.349
[42,    12] loss: 0.353
[42,    13] loss: 0.345
[42,    14] loss: 0.329
[42,    15] loss: 0.378
[42,    16] loss: 0.363
[42,    17] loss: 0.354
[42,    18] loss: 0.363
[42,    19] loss: 0.347
[42,    20] loss: 0.360
[42,    21] loss: 0.371
[42,    22] loss: 0.351
[42,    23] loss: 0.349
[42,    24] loss: 0.351
[42,    25] loss: 0.397
[42,    26] loss: 0.363
[42,    27] loss: 0.350
[42,    28] loss: 0.347
[42,    29] loss: 0.371
[42,    30] loss: 0.384
[42,    31] loss: 0.356
[42,    32] loss: 0.363
Accuracy of the network: 79 %
[43,     1] loss: 0.349
[43,     2] loss: 0.354
[43,     3] loss: 0.360
[43,     4] loss: 0.356
[43,     5] loss: 0.358
[43,     6] loss: 0.363
[43,     7] loss: 0.356
[43,     8] loss: 0.353
[43,     9] loss: 0.364
[43,    10] loss: 0.360
[43,    11] loss: 0.349
[43,    12] loss: 0.353
[43,    13] loss: 0.345
[43,    14] loss: 0.329
[43,    15] loss: 0.377
[43,    16] loss: 0.362
[43,    17] loss: 0.353
[43,    18] loss: 0.362
[43,    19] loss: 0.346
[43,    20] loss: 0.360
[43,    21] loss: 0.370
[43,    22] loss: 0.351
[43,    23] loss: 0.348
[43,    24] loss: 0.351
[43,    25] loss: 0.395
[43,    26] loss: 0.362
[43,    27] loss: 0.349
[43,    28] loss: 0.346
[43,    29] loss: 0.371
[43,    30] loss: 0.383
[43,    31] loss: 0.355
[43,    32] loss: 0.362
Accuracy of the network: 79 %
[44,     1] loss: 0.349
[44,     2] loss: 0.353
[44,     3] loss: 0.359
[44,     4] loss: 0.355
[44,     5] loss: 0.357
[44,     6] loss: 0.362
[44,     7] loss: 0.355
[44,     8] loss: 0.352
[44,     9] loss: 0.364
[44,    10] loss: 0.359
[44,    11] loss: 0.348
[44,    12] loss: 0.352
[44,    13] loss: 0.344
[44,    14] loss: 0.328
[44,    15] loss: 0.376
[44,    16] loss: 0.362
[44,    17] loss: 0.352
[44,    18] loss: 0.361
[44,    19] loss: 0.346
[44,    20] loss: 0.359
[44,    21] loss: 0.370
[44,    22] loss: 0.350
[44,    23] loss: 0.348
[44,    24] loss: 0.350
[44,    25] loss: 0.394
[44,    26] loss: 0.361
[44,    27] loss: 0.348
[44,    28] loss: 0.346
[44,    29] loss: 0.370
[44,    30] loss: 0.383
[44,    31] loss: 0.355
[44,    32] loss: 0.361
Accuracy of the network: 79 %
[45,     1] loss: 0.348
[45,     2] loss: 0.352
[45,     3] loss: 0.359
[45,     4] loss: 0.355
[45,     5] loss: 0.356
[45,     6] loss: 0.361
[45,     7] loss: 0.354
[45,     8] loss: 0.352
[45,     9] loss: 0.363
[45,    10] loss: 0.359
[45,    11] loss: 0.347
[45,    12] loss: 0.352
[45,    13] loss: 0.344
[45,    14] loss: 0.328
[45,    15] loss: 0.376
[45,    16] loss: 0.361
[45,    17] loss: 0.351
[45,    18] loss: 0.360
[45,    19] loss: 0.345
[45,    20] loss: 0.359
[45,    21] loss: 0.369
[45,    22] loss: 0.349
[45,    23] loss: 0.347
[45,    24] loss: 0.349
[45,    25] loss: 0.393
[45,    26] loss: 0.360
[45,    27] loss: 0.348
[45,    28] loss: 0.345
[45,    29] loss: 0.369
[45,    30] loss: 0.382
[45,    31] loss: 0.354
[45,    32] loss: 0.360
Accuracy of the network: 79 %
[46,     1] loss: 0.347
[46,     2] loss: 0.351
[46,     3] loss: 0.358
[46,     4] loss: 0.354
[46,     5] loss: 0.356
[46,     6] loss: 0.360
[46,     7] loss: 0.353
[46,     8] loss: 0.351
[46,     9] loss: 0.362
[46,    10] loss: 0.358
[46,    11] loss: 0.347
[46,    12] loss: 0.351
[46,    13] loss: 0.343
[46,    14] loss: 0.328
[46,    15] loss: 0.375
[46,    16] loss: 0.360
[46,    17] loss: 0.351
[46,    18] loss: 0.360
[46,    19] loss: 0.344
[46,    20] loss: 0.358
[46,    21] loss: 0.369
[46,    22] loss: 0.349
[46,    23] loss: 0.346
[46,    24] loss: 0.349
[46,    25] loss: 0.392
[46,    26] loss: 0.359
[46,    27] loss: 0.347
[46,    28] loss: 0.345
[46,    29] loss: 0.368
[46,    30] loss: 0.381
[46,    31] loss: 0.353
[46,    32] loss: 0.359
Accuracy of the network: 79 %
[47,     1] loss: 0.347
[47,     2] loss: 0.351
[47,     3] loss: 0.358
[47,     4] loss: 0.354
[47,     5] loss: 0.355
[47,     6] loss: 0.359
[47,     7] loss: 0.353
[47,     8] loss: 0.351
[47,     9] loss: 0.362
[47,    10] loss: 0.357
[47,    11] loss: 0.346
[47,    12] loss: 0.351
[47,    13] loss: 0.342
[47,    14] loss: 0.327
[47,    15] loss: 0.375
[47,    16] loss: 0.359
[47,    17] loss: 0.350
[47,    18] loss: 0.359
[47,    19] loss: 0.344
[47,    20] loss: 0.357
[47,    21] loss: 0.368
[47,    22] loss: 0.348
[47,    23] loss: 0.346
[47,    24] loss: 0.348
[47,    25] loss: 0.391
[47,    26] loss: 0.358
[47,    27] loss: 0.346
[47,    28] loss: 0.344
[47,    29] loss: 0.368
[47,    30] loss: 0.380
[47,    31] loss: 0.352
[47,    32] loss: 0.358
Accuracy of the network: 79 %
[48,     1] loss: 0.346
[48,     2] loss: 0.350
[48,     3] loss: 0.357
[48,     4] loss: 0.353
[48,     5] loss: 0.354
[48,     6] loss: 0.358
[48,     7] loss: 0.352
[48,     8] loss: 0.350
[48,     9] loss: 0.361
[48,    10] loss: 0.356
[48,    11] loss: 0.346
[48,    12] loss: 0.351
[48,    13] loss: 0.342
[48,    14] loss: 0.327
[48,    15] loss: 0.374
[48,    16] loss: 0.358
[48,    17] loss: 0.349
[48,    18] loss: 0.358
[48,    19] loss: 0.343
[48,    20] loss: 0.357
[48,    21] loss: 0.368
[48,    22] loss: 0.347
[48,    23] loss: 0.345
[48,    24] loss: 0.348
[48,    25] loss: 0.390
[48,    26] loss: 0.358
[48,    27] loss: 0.346
[48,    28] loss: 0.343
[48,    29] loss: 0.367
[48,    30] loss: 0.380
[48,    31] loss: 0.352
[48,    32] loss: 0.358
Accuracy of the network: 79 %
[49,     1] loss: 0.345
[49,     2] loss: 0.349
[49,     3] loss: 0.357
[49,     4] loss: 0.353
[49,     5] loss: 0.353
[49,     6] loss: 0.358
[49,     7] loss: 0.351
[49,     8] loss: 0.350
[49,     9] loss: 0.361
[49,    10] loss: 0.355
[49,    11] loss: 0.345
[49,    12] loss: 0.350
[49,    13] loss: 0.341
[49,    14] loss: 0.327
[49,    15] loss: 0.374
[49,    16] loss: 0.357
[49,    17] loss: 0.349
[49,    18] loss: 0.357
[49,    19] loss: 0.343
[49,    20] loss: 0.356
[49,    21] loss: 0.367
[49,    22] loss: 0.347
[49,    23] loss: 0.345
[49,    24] loss: 0.347
[49,    25] loss: 0.389
[49,    26] loss: 0.357
[49,    27] loss: 0.345
[49,    28] loss: 0.343
[49,    29] loss: 0.366
[49,    30] loss: 0.379
[49,    31] loss: 0.351
[49,    32] loss: 0.357
Accuracy of the network: 79 %
[50,     1] loss: 0.345
[50,     2] loss: 0.349
[50,     3] loss: 0.356
[50,     4] loss: 0.353
[50,     5] loss: 0.353
[50,     6] loss: 0.357
[50,     7] loss: 0.351
[50,     8] loss: 0.350
[50,     9] loss: 0.360
[50,    10] loss: 0.355
[50,    11] loss: 0.344
[50,    12] loss: 0.350
[50,    13] loss: 0.341
[50,    14] loss: 0.327
[50,    15] loss: 0.373
[50,    16] loss: 0.357
[50,    17] loss: 0.348
[50,    18] loss: 0.356
[50,    19] loss: 0.342
[50,    20] loss: 0.356
[50,    21] loss: 0.367
[50,    22] loss: 0.346
[50,    23] loss: 0.344
[50,    24] loss: 0.347
[50,    25] loss: 0.388
[50,    26] loss: 0.356
[50,    27] loss: 0.345
[50,    28] loss: 0.342
[50,    29] loss: 0.366
[50,    30] loss: 0.378
[50,    31] loss: 0.350
[50,    32] loss: 0.356
Accuracy of the network: 79 %
[51,     1] loss: 0.344
[51,     2] loss: 0.348
[51,     3] loss: 0.356
[51,     4] loss: 0.352
[51,     5] loss: 0.352
[51,     6] loss: 0.356
[51,     7] loss: 0.350
[51,     8] loss: 0.349
[51,     9] loss: 0.359
[51,    10] loss: 0.354
[51,    11] loss: 0.344
[51,    12] loss: 0.349
[51,    13] loss: 0.340
[51,    14] loss: 0.326
[51,    15] loss: 0.373
[51,    16] loss: 0.356
[51,    17] loss: 0.348
[51,    18] loss: 0.356
[51,    19] loss: 0.342
[51,    20] loss: 0.355
[51,    21] loss: 0.367
[51,    22] loss: 0.346
[51,    23] loss: 0.344
[51,    24] loss: 0.346
[51,    25] loss: 0.387
[51,    26] loss: 0.355
[51,    27] loss: 0.344
[51,    28] loss: 0.342
[51,    29] loss: 0.365
[51,    30] loss: 0.377
[51,    31] loss: 0.350
[51,    32] loss: 0.355
Accuracy of the network: 79 %
[52,     1] loss: 0.344
[52,     2] loss: 0.348
[52,     3] loss: 0.355
[52,     4] loss: 0.352
[52,     5] loss: 0.351
[52,     6] loss: 0.355
[52,     7] loss: 0.349
[52,     8] loss: 0.349
[52,     9] loss: 0.359
[52,    10] loss: 0.353
[52,    11] loss: 0.343
[52,    12] loss: 0.349
[52,    13] loss: 0.340
[52,    14] loss: 0.326
[52,    15] loss: 0.372
[52,    16] loss: 0.355
[52,    17] loss: 0.347
[52,    18] loss: 0.355
[52,    19] loss: 0.341
[52,    20] loss: 0.355
[52,    21] loss: 0.366
[52,    22] loss: 0.345
[52,    23] loss: 0.343
[52,    24] loss: 0.345
[52,    25] loss: 0.386
[52,    26] loss: 0.355
[52,    27] loss: 0.344
[52,    28] loss: 0.341
[52,    29] loss: 0.365
[52,    30] loss: 0.376
[52,    31] loss: 0.349
[52,    32] loss: 0.355
Accuracy of the network: 79 %
[53,     1] loss: 0.343
[53,     2] loss: 0.347
[53,     3] loss: 0.355
[53,     4] loss: 0.351
[53,     5] loss: 0.351
[53,     6] loss: 0.355
[53,     7] loss: 0.349
[53,     8] loss: 0.349
[53,     9] loss: 0.358
[53,    10] loss: 0.353
[53,    11] loss: 0.343
[53,    12] loss: 0.349
[53,    13] loss: 0.339
[53,    14] loss: 0.326
[53,    15] loss: 0.372
[53,    16] loss: 0.354
[53,    17] loss: 0.346
[53,    18] loss: 0.354
[53,    19] loss: 0.341
[53,    20] loss: 0.355
[53,    21] loss: 0.366
[53,    22] loss: 0.345
[53,    23] loss: 0.343
[53,    24] loss: 0.345
[53,    25] loss: 0.385
[53,    26] loss: 0.354
[53,    27] loss: 0.343
[53,    28] loss: 0.341
[53,    29] loss: 0.364
[53,    30] loss: 0.374
[53,    31] loss: 0.349
[53,    32] loss: 0.354
Accuracy of the network: 79 %
[54,     1] loss: 0.343
[54,     2] loss: 0.346
[54,     3] loss: 0.354
[54,     4] loss: 0.351
[54,     5] loss: 0.350
[54,     6] loss: 0.354
[54,     7] loss: 0.348
[54,     8] loss: 0.348
[54,     9] loss: 0.358
[54,    10] loss: 0.352
[54,    11] loss: 0.342
[54,    12] loss: 0.348
[54,    13] loss: 0.339
[54,    14] loss: 0.326
[54,    15] loss: 0.371
[54,    16] loss: 0.354
[54,    17] loss: 0.346
[54,    18] loss: 0.354
[54,    19] loss: 0.340
[54,    20] loss: 0.354
[54,    21] loss: 0.365
[54,    22] loss: 0.344
[54,    23] loss: 0.342
[54,    24] loss: 0.345
[54,    25] loss: 0.384
[54,    26] loss: 0.353
[54,    27] loss: 0.343
[54,    28] loss: 0.340
[54,    29] loss: 0.363
[54,    30] loss: 0.371
[54,    31] loss: 0.348
[54,    32] loss: 0.353
Accuracy of the network: 79 %
[55,     1] loss: 0.342
[55,     2] loss: 0.346
[55,     3] loss: 0.354
[55,     4] loss: 0.351
[55,     5] loss: 0.349
[55,     6] loss: 0.353
[55,     7] loss: 0.348
[55,     8] loss: 0.348
[55,     9] loss: 0.357
[55,    10] loss: 0.351
[55,    11] loss: 0.342
[55,    12] loss: 0.348
[55,    13] loss: 0.339
[55,    14] loss: 0.326
[55,    15] loss: 0.371
[55,    16] loss: 0.353
[55,    17] loss: 0.345
[55,    18] loss: 0.353
[55,    19] loss: 0.340
[55,    20] loss: 0.354
[55,    21] loss: 0.365
[55,    22] loss: 0.344
[55,    23] loss: 0.342
[55,    24] loss: 0.345
[55,    25] loss: 0.383
[55,    26] loss: 0.353
[55,    27] loss: 0.342
[55,    28] loss: 0.340
[55,    29] loss: 0.363
[55,    30] loss: 0.367
[55,    31] loss: 0.347
[55,    32] loss: 0.353
Accuracy of the network: 80 %
[56,     1] loss: 0.342
[56,     2] loss: 0.345
[56,     3] loss: 0.354
[56,     4] loss: 0.350
[56,     5] loss: 0.349
[56,     6] loss: 0.353
[56,     7] loss: 0.347
[56,     8] loss: 0.348
[56,     9] loss: 0.357
[56,    10] loss: 0.351
[56,    11] loss: 0.341
[56,    12] loss: 0.348
[56,    13] loss: 0.338
[56,    14] loss: 0.325
[56,    15] loss: 0.370
[56,    16] loss: 0.353
[56,    17] loss: 0.345
[56,    18] loss: 0.352
[56,    19] loss: 0.339
[56,    20] loss: 0.353
[56,    21] loss: 0.365
[56,    22] loss: 0.343
[56,    23] loss: 0.341
[56,    24] loss: 0.345
[56,    25] loss: 0.382
[56,    26] loss: 0.352
[56,    27] loss: 0.342
[56,    28] loss: 0.340
[56,    29] loss: 0.362
[56,    30] loss: 0.364
[56,    31] loss: 0.347
[56,    32] loss: 0.352
Accuracy of the network: 80 %
[57,     1] loss: 0.341
[57,     2] loss: 0.345
[57,     3] loss: 0.353
[57,     4] loss: 0.350
[57,     5] loss: 0.348
[57,     6] loss: 0.352
[57,     7] loss: 0.347
[57,     8] loss: 0.347
[57,     9] loss: 0.357
[57,    10] loss: 0.350
[57,    11] loss: 0.341
[57,    12] loss: 0.347
[57,    13] loss: 0.338
[57,    14] loss: 0.325
[57,    15] loss: 0.370
[57,    16] loss: 0.352
[57,    17] loss: 0.344
[57,    18] loss: 0.352
[57,    19] loss: 0.339
[57,    20] loss: 0.353
[57,    21] loss: 0.364
[57,    22] loss: 0.343
[57,    23] loss: 0.341
[57,    24] loss: 0.344
[57,    25] loss: 0.381
[57,    26] loss: 0.351
[57,    27] loss: 0.341
[57,    28] loss: 0.339
[57,    29] loss: 0.362
[57,    30] loss: 0.363
[57,    31] loss: 0.346
[57,    32] loss: 0.351
Accuracy of the network: 80 %
[58,     1] loss: 0.341
[58,     2] loss: 0.344
[58,     3] loss: 0.353
[58,     4] loss: 0.350
[58,     5] loss: 0.348
[58,     6] loss: 0.352
[58,     7] loss: 0.346
[58,     8] loss: 0.347
[58,     9] loss: 0.356
[58,    10] loss: 0.350
[58,    11] loss: 0.341
[58,    12] loss: 0.347
[58,    13] loss: 0.337
[58,    14] loss: 0.325
[58,    15] loss: 0.369
[58,    16] loss: 0.351
[58,    17] loss: 0.344
[58,    18] loss: 0.351
[58,    19] loss: 0.339
[58,    20] loss: 0.353
[58,    21] loss: 0.364
[58,    22] loss: 0.342
[58,    23] loss: 0.340
[58,    24] loss: 0.343
[58,    25] loss: 0.380
[58,    26] loss: 0.351
[58,    27] loss: 0.341
[58,    28] loss: 0.339
[58,    29] loss: 0.361
[58,    30] loss: 0.362
[58,    31] loss: 0.346
[58,    32] loss: 0.351
Accuracy of the network: 80 %
[59,     1] loss: 0.340
[59,     2] loss: 0.344
[59,     3] loss: 0.352
[59,     4] loss: 0.349
[59,     5] loss: 0.347
[59,     6] loss: 0.351
[59,     7] loss: 0.345
[59,     8] loss: 0.347
[59,     9] loss: 0.356
[59,    10] loss: 0.349
[59,    11] loss: 0.340
[59,    12] loss: 0.347
[59,    13] loss: 0.337
[59,    14] loss: 0.325
[59,    15] loss: 0.369
[59,    16] loss: 0.351
[59,    17] loss: 0.343
[59,    18] loss: 0.351
[59,    19] loss: 0.338
[59,    20] loss: 0.352
[59,    21] loss: 0.364
[59,    22] loss: 0.342
[59,    23] loss: 0.340
[59,    24] loss: 0.343
[59,    25] loss: 0.380
[59,    26] loss: 0.350
[59,    27] loss: 0.340
[59,    28] loss: 0.338
[59,    29] loss: 0.361
[59,    30] loss: 0.361
[59,    31] loss: 0.345
[59,    32] loss: 0.350
Accuracy of the network: 79 %
[60,     1] loss: 0.340
[60,     2] loss: 0.343
[60,     3] loss: 0.352
[60,     4] loss: 0.349
[60,     5] loss: 0.347
[60,     6] loss: 0.350
[60,     7] loss: 0.345
[60,     8] loss: 0.346
[60,     9] loss: 0.355
[60,    10] loss: 0.349
[60,    11] loss: 0.340
[60,    12] loss: 0.346
[60,    13] loss: 0.337
[60,    14] loss: 0.325
[60,    15] loss: 0.368
[60,    16] loss: 0.350
[60,    17] loss: 0.343
[60,    18] loss: 0.350
[60,    19] loss: 0.338
[60,    20] loss: 0.352
[60,    21] loss: 0.364
[60,    22] loss: 0.341
[60,    23] loss: 0.340
[60,    24] loss: 0.342
[60,    25] loss: 0.379
[60,    26] loss: 0.350
[60,    27] loss: 0.340
[60,    28] loss: 0.338
[60,    29] loss: 0.360
[60,    30] loss: 0.360
[60,    31] loss: 0.345
[60,    32] loss: 0.350
Accuracy of the network: 79 %
[61,     1] loss: 0.340
[61,     2] loss: 0.343
[61,     3] loss: 0.352
[61,     4] loss: 0.349
[61,     5] loss: 0.346
[61,     6] loss: 0.350
[61,     7] loss: 0.345
[61,     8] loss: 0.346
[61,     9] loss: 0.355
[61,    10] loss: 0.348
[61,    11] loss: 0.339
[61,    12] loss: 0.346
[61,    13] loss: 0.336
[61,    14] loss: 0.324
[61,    15] loss: 0.368
[61,    16] loss: 0.350
[61,    17] loss: 0.343
[61,    18] loss: 0.349
[61,    19] loss: 0.338
[61,    20] loss: 0.352
[61,    21] loss: 0.363
[61,    22] loss: 0.341
[61,    23] loss: 0.339
[61,    24] loss: 0.341
[61,    25] loss: 0.378
[61,    26] loss: 0.349
[61,    27] loss: 0.339
[61,    28] loss: 0.338
[61,    29] loss: 0.360
[61,    30] loss: 0.360
[61,    31] loss: 0.344
[61,    32] loss: 0.349
Accuracy of the network: 79 %
[62,     1] loss: 0.339
[62,     2] loss: 0.342
[62,     3] loss: 0.351
[62,     4] loss: 0.348
[62,     5] loss: 0.346
[62,     6] loss: 0.349
[62,     7] loss: 0.344
[62,     8] loss: 0.346
[62,     9] loss: 0.355
[62,    10] loss: 0.348
[62,    11] loss: 0.339
[62,    12] loss: 0.346
[62,    13] loss: 0.336
[62,    14] loss: 0.324
[62,    15] loss: 0.367
[62,    16] loss: 0.349
[62,    17] loss: 0.342
[62,    18] loss: 0.349
[62,    19] loss: 0.337
[62,    20] loss: 0.351
[62,    21] loss: 0.363
[62,    22] loss: 0.340
[62,    23] loss: 0.339
[62,    24] loss: 0.341
[62,    25] loss: 0.377
[62,    26] loss: 0.349
[62,    27] loss: 0.339
[62,    28] loss: 0.337
[62,    29] loss: 0.359
[62,    30] loss: 0.359
[62,    31] loss: 0.344
[62,    32] loss: 0.349
Accuracy of the network: 79 %
[63,     1] loss: 0.339
[63,     2] loss: 0.342
[63,     3] loss: 0.351
[63,     4] loss: 0.348
[63,     5] loss: 0.345
[63,     6] loss: 0.349
[63,     7] loss: 0.344
[63,     8] loss: 0.346
[63,     9] loss: 0.354
[63,    10] loss: 0.347
[63,    11] loss: 0.339
[63,    12] loss: 0.346
[63,    13] loss: 0.336
[63,    14] loss: 0.324
[63,    15] loss: 0.367
[63,    16] loss: 0.349
[63,    17] loss: 0.342
[63,    18] loss: 0.348
[63,    19] loss: 0.337
[63,    20] loss: 0.351
[63,    21] loss: 0.363
[63,    22] loss: 0.340
[63,    23] loss: 0.338
[63,    24] loss: 0.340
[63,    25] loss: 0.377
[63,    26] loss: 0.348
[63,    27] loss: 0.339
[63,    28] loss: 0.337
[63,    29] loss: 0.359
[63,    30] loss: 0.358
[63,    31] loss: 0.343
[63,    32] loss: 0.348
Accuracy of the network: 79 %
[64,     1] loss: 0.338
[64,     2] loss: 0.342
[64,     3] loss: 0.351
[64,     4] loss: 0.348
[64,     5] loss: 0.345
[64,     6] loss: 0.348
[64,     7] loss: 0.343
[64,     8] loss: 0.345
[64,     9] loss: 0.354
[64,    10] loss: 0.347
[64,    11] loss: 0.338
[64,    12] loss: 0.345
[64,    13] loss: 0.335
[64,    14] loss: 0.324
[64,    15] loss: 0.366
[64,    16] loss: 0.348
[64,    17] loss: 0.341
[64,    18] loss: 0.348
[64,    19] loss: 0.336
[64,    20] loss: 0.351
[64,    21] loss: 0.362
[64,    22] loss: 0.340
[64,    23] loss: 0.338
[64,    24] loss: 0.340
[64,    25] loss: 0.376
[64,    26] loss: 0.348
[64,    27] loss: 0.338
[64,    28] loss: 0.337
[64,    29] loss: 0.358
[64,    30] loss: 0.358
[64,    31] loss: 0.343
[64,    32] loss: 0.348
Accuracy of the network: 79 %
[65,     1] loss: 0.338
[65,     2] loss: 0.341
[65,     3] loss: 0.350
[65,     4] loss: 0.348
[65,     5] loss: 0.344
[65,     6] loss: 0.348
[65,     7] loss: 0.343
[65,     8] loss: 0.345
[65,     9] loss: 0.353
[65,    10] loss: 0.346
[65,    11] loss: 0.338
[65,    12] loss: 0.345
[65,    13] loss: 0.335
[65,    14] loss: 0.324
[65,    15] loss: 0.366
[65,    16] loss: 0.348
[65,    17] loss: 0.341
[65,    18] loss: 0.347
[65,    19] loss: 0.336
[65,    20] loss: 0.350
[65,    21] loss: 0.362
[65,    22] loss: 0.339
[65,    23] loss: 0.338
[65,    24] loss: 0.339
[65,    25] loss: 0.375
[65,    26] loss: 0.347
[65,    27] loss: 0.338
[65,    28] loss: 0.336
[65,    29] loss: 0.358
[65,    30] loss: 0.357
[65,    31] loss: 0.343
[65,    32] loss: 0.347
Accuracy of the network: 80 %
[66,     1] loss: 0.338
[66,     2] loss: 0.341
[66,     3] loss: 0.350
[66,     4] loss: 0.347
[66,     5] loss: 0.344
[66,     6] loss: 0.347
[66,     7] loss: 0.342
[66,     8] loss: 0.345
[66,     9] loss: 0.353
[66,    10] loss: 0.346
[66,    11] loss: 0.337
[66,    12] loss: 0.345
[66,    13] loss: 0.335
[66,    14] loss: 0.324
[66,    15] loss: 0.365
[66,    16] loss: 0.347
[66,    17] loss: 0.340
[66,    18] loss: 0.347
[66,    19] loss: 0.336
[66,    20] loss: 0.350
[66,    21] loss: 0.362
[66,    22] loss: 0.339
[66,    23] loss: 0.337
[66,    24] loss: 0.339
[66,    25] loss: 0.375
[66,    26] loss: 0.347
[66,    27] loss: 0.338
[66,    28] loss: 0.336
[66,    29] loss: 0.358
[66,    30] loss: 0.357
[66,    31] loss: 0.342
[66,    32] loss: 0.347
Accuracy of the network: 79 %
[67,     1] loss: 0.337
[67,     2] loss: 0.340
[67,     3] loss: 0.350
[67,     4] loss: 0.347
[67,     5] loss: 0.343
[67,     6] loss: 0.347
[67,     7] loss: 0.342
[67,     8] loss: 0.345
[67,     9] loss: 0.353
[67,    10] loss: 0.345
[67,    11] loss: 0.337
[67,    12] loss: 0.345
[67,    13] loss: 0.334
[67,    14] loss: 0.323
[67,    15] loss: 0.365
[67,    16] loss: 0.347
[67,    17] loss: 0.340
[67,    18] loss: 0.346
[67,    19] loss: 0.336
[67,    20] loss: 0.350
[67,    21] loss: 0.362
[67,    22] loss: 0.339
[67,    23] loss: 0.337
[67,    24] loss: 0.339
[67,    25] loss: 0.374
[67,    26] loss: 0.346
[67,    27] loss: 0.337
[67,    28] loss: 0.336
[67,    29] loss: 0.357
[67,    30] loss: 0.356
[67,    31] loss: 0.342
[67,    32] loss: 0.346
Accuracy of the network: 80 %
[68,     1] loss: 0.337
[68,     2] loss: 0.340
[68,     3] loss: 0.350
[68,     4] loss: 0.347
[68,     5] loss: 0.343
[68,     6] loss: 0.346
[68,     7] loss: 0.342
[68,     8] loss: 0.344
[68,     9] loss: 0.352
[68,    10] loss: 0.345
[68,    11] loss: 0.337
[68,    12] loss: 0.344
[68,    13] loss: 0.334
[68,    14] loss: 0.323
[68,    15] loss: 0.364
[68,    16] loss: 0.346
[68,    17] loss: 0.340
[68,    18] loss: 0.346
[68,    19] loss: 0.335
[68,    20] loss: 0.349
[68,    21] loss: 0.361
[68,    22] loss: 0.338
[68,    23] loss: 0.337
[68,    24] loss: 0.338
[68,    25] loss: 0.374
[68,    26] loss: 0.346
[68,    27] loss: 0.337
[68,    28] loss: 0.335
[68,    29] loss: 0.357
[68,    30] loss: 0.356
[68,    31] loss: 0.341
[68,    32] loss: 0.346
Accuracy of the network: 80 %
[69,     1] loss: 0.337
[69,     2] loss: 0.340
[69,     3] loss: 0.349
[69,     4] loss: 0.347
[69,     5] loss: 0.343
[69,     6] loss: 0.346
[69,     7] loss: 0.341
[69,     8] loss: 0.344
[69,     9] loss: 0.352
[69,    10] loss: 0.344
[69,    11] loss: 0.336
[69,    12] loss: 0.344
[69,    13] loss: 0.334
[69,    14] loss: 0.323
[69,    15] loss: 0.364
[69,    16] loss: 0.346
[69,    17] loss: 0.339
[69,    18] loss: 0.346
[69,    19] loss: 0.335
[69,    20] loss: 0.349
[69,    21] loss: 0.361
[69,    22] loss: 0.338
[69,    23] loss: 0.336
[69,    24] loss: 0.338
[69,    25] loss: 0.373
[69,    26] loss: 0.345
[69,    27] loss: 0.337
[69,    28] loss: 0.335
[69,    29] loss: 0.357
[69,    30] loss: 0.356
[69,    31] loss: 0.341
[69,    32] loss: 0.345
Accuracy of the network: 80 %
[70,     1] loss: 0.336
[70,     2] loss: 0.339
[70,     3] loss: 0.349
[70,     4] loss: 0.346
[70,     5] loss: 0.342
[70,     6] loss: 0.345
[70,     7] loss: 0.341
[70,     8] loss: 0.344
[70,     9] loss: 0.352
[70,    10] loss: 0.344
[70,    11] loss: 0.336
[70,    12] loss: 0.344
[70,    13] loss: 0.333
[70,    14] loss: 0.323
[70,    15] loss: 0.363
[70,    16] loss: 0.345
[70,    17] loss: 0.339
[70,    18] loss: 0.345
[70,    19] loss: 0.335
[70,    20] loss: 0.349
[70,    21] loss: 0.361
[70,    22] loss: 0.338
[70,    23] loss: 0.336
[70,    24] loss: 0.338
[70,    25] loss: 0.372
[70,    26] loss: 0.345
[70,    27] loss: 0.336
[70,    28] loss: 0.335
[70,    29] loss: 0.356
[70,    30] loss: 0.355
[70,    31] loss: 0.341
[70,    32] loss: 0.345
Accuracy of the network: 80 %
[71,     1] loss: 0.336
[71,     2] loss: 0.339
[71,     3] loss: 0.349
[71,     4] loss: 0.346
[71,     5] loss: 0.342
[71,     6] loss: 0.345
[71,     7] loss: 0.340
[71,     8] loss: 0.344
[71,     9] loss: 0.351
[71,    10] loss: 0.343
[71,    11] loss: 0.336
[71,    12] loss: 0.344
[71,    13] loss: 0.333
[71,    14] loss: 0.323
[71,    15] loss: 0.362
[71,    16] loss: 0.345
[71,    17] loss: 0.339
[71,    18] loss: 0.345
[71,    19] loss: 0.334
[71,    20] loss: 0.349
[71,    21] loss: 0.361
[71,    22] loss: 0.337
[71,    23] loss: 0.336
[71,    24] loss: 0.337
[71,    25] loss: 0.372
[71,    26] loss: 0.344
[71,    27] loss: 0.336
[71,    28] loss: 0.334
[71,    29] loss: 0.356
[71,    30] loss: 0.355
[71,    31] loss: 0.340
[71,    32] loss: 0.344
Accuracy of the network: 80 %
[72,     1] loss: 0.336
[72,     2] loss: 0.339
[72,     3] loss: 0.348
[72,     4] loss: 0.346
[72,     5] loss: 0.341
[72,     6] loss: 0.345
[72,     7] loss: 0.340
[72,     8] loss: 0.344
[72,     9] loss: 0.351
[72,    10] loss: 0.343
[72,    11] loss: 0.336
[72,    12] loss: 0.344
[72,    13] loss: 0.333
[72,    14] loss: 0.323
[72,    15] loss: 0.361
[72,    16] loss: 0.344
[72,    17] loss: 0.338
[72,    18] loss: 0.344
[72,    19] loss: 0.334
[72,    20] loss: 0.348
[72,    21] loss: 0.360
[72,    22] loss: 0.337
[72,    23] loss: 0.335
[72,    24] loss: 0.337
[72,    25] loss: 0.371
[72,    26] loss: 0.344
[72,    27] loss: 0.336
[72,    28] loss: 0.334
[72,    29] loss: 0.355
[72,    30] loss: 0.354
[72,    31] loss: 0.340
[72,    32] loss: 0.344
Accuracy of the network: 80 %
[73,     1] loss: 0.335
[73,     2] loss: 0.338
[73,     3] loss: 0.348
[73,     4] loss: 0.346
[73,     5] loss: 0.341
[73,     6] loss: 0.344
[73,     7] loss: 0.340
[73,     8] loss: 0.343
[73,     9] loss: 0.351
[73,    10] loss: 0.343
[73,    11] loss: 0.335
[73,    12] loss: 0.343
[73,    13] loss: 0.333
[73,    14] loss: 0.323
[73,    15] loss: 0.359
[73,    16] loss: 0.344
[73,    17] loss: 0.338
[73,    18] loss: 0.344
[73,    19] loss: 0.334
[73,    20] loss: 0.348
[73,    21] loss: 0.360
[73,    22] loss: 0.337
[73,    23] loss: 0.335
[73,    24] loss: 0.337
[73,    25] loss: 0.371
[73,    26] loss: 0.344
[73,    27] loss: 0.335
[73,    28] loss: 0.334
[73,    29] loss: 0.355
[73,    30] loss: 0.354
[73,    31] loss: 0.340
[73,    32] loss: 0.344
Accuracy of the network: 80 %
[74,     1] loss: 0.335
[74,     2] loss: 0.338
[74,     3] loss: 0.348
[74,     4] loss: 0.345
[74,     5] loss: 0.341
[74,     6] loss: 0.344
[74,     7] loss: 0.339
[74,     8] loss: 0.343
[74,     9] loss: 0.351
[74,    10] loss: 0.342
[74,    11] loss: 0.335
[74,    12] loss: 0.343
[74,    13] loss: 0.332
[74,    14] loss: 0.322
[74,    15] loss: 0.356
[74,    16] loss: 0.344
[74,    17] loss: 0.338
[74,    18] loss: 0.343
[74,    19] loss: 0.334
[74,    20] loss: 0.348
[74,    21] loss: 0.360
[74,    22] loss: 0.336
[74,    23] loss: 0.335
[74,    24] loss: 0.336
[74,    25] loss: 0.370
[74,    26] loss: 0.343
[74,    27] loss: 0.335
[74,    28] loss: 0.334
[74,    29] loss: 0.355
[74,    30] loss: 0.354
[74,    31] loss: 0.339
[74,    32] loss: 0.343
Accuracy of the network: 80 %
[75,     1] loss: 0.335
[75,     2] loss: 0.338
[75,     3] loss: 0.348
[75,     4] loss: 0.345
[75,     5] loss: 0.340
[75,     6] loss: 0.343
[75,     7] loss: 0.339
[75,     8] loss: 0.343
[75,     9] loss: 0.350
[75,    10] loss: 0.342
[75,    11] loss: 0.335
[75,    12] loss: 0.343
[75,    13] loss: 0.332
[75,    14] loss: 0.322
[75,    15] loss: 0.353
[75,    16] loss: 0.343
[75,    17] loss: 0.337
[75,    18] loss: 0.343
[75,    19] loss: 0.333
[75,    20] loss: 0.348
[75,    21] loss: 0.360
[75,    22] loss: 0.336
[75,    23] loss: 0.335
[75,    24] loss: 0.336
[75,    25] loss: 0.370
[75,    26] loss: 0.343
[75,    27] loss: 0.335
[75,    28] loss: 0.333
[75,    29] loss: 0.354
[75,    30] loss: 0.353
[75,    31] loss: 0.339
[75,    32] loss: 0.343
Accuracy of the network: 80 %
[76,     1] loss: 0.335
[76,     2] loss: 0.337
[76,     3] loss: 0.347
[76,     4] loss: 0.345
[76,     5] loss: 0.340
[76,     6] loss: 0.343
[76,     7] loss: 0.339
[76,     8] loss: 0.343
[76,     9] loss: 0.350
[76,    10] loss: 0.342
[76,    11] loss: 0.334
[76,    12] loss: 0.343
[76,    13] loss: 0.332
[76,    14] loss: 0.322
[76,    15] loss: 0.351
[76,    16] loss: 0.343
[76,    17] loss: 0.337
[76,    18] loss: 0.343
[76,    19] loss: 0.333
[76,    20] loss: 0.347
[76,    21] loss: 0.360
[76,    22] loss: 0.336
[76,    23] loss: 0.334
[76,    24] loss: 0.336
[76,    25] loss: 0.369
[76,    26] loss: 0.343
[76,    27] loss: 0.334
[76,    28] loss: 0.333
[76,    29] loss: 0.354
[76,    30] loss: 0.353
[76,    31] loss: 0.339
[76,    32] loss: 0.343
Accuracy of the network: 80 %
[77,     1] loss: 0.334
[77,     2] loss: 0.337
[77,     3] loss: 0.347
[77,     4] loss: 0.345
[77,     5] loss: 0.340
[77,     6] loss: 0.343
[77,     7] loss: 0.338
[77,     8] loss: 0.343
[77,     9] loss: 0.350
[77,    10] loss: 0.341
[77,    11] loss: 0.334
[77,    12] loss: 0.343
[77,    13] loss: 0.332
[77,    14] loss: 0.322
[77,    15] loss: 0.350
[77,    16] loss: 0.342
[77,    17] loss: 0.337
[77,    18] loss: 0.342
[77,    19] loss: 0.333
[77,    20] loss: 0.347
[77,    21] loss: 0.359
[77,    22] loss: 0.335
[77,    23] loss: 0.334
[77,    24] loss: 0.335
[77,    25] loss: 0.369
[77,    26] loss: 0.342
[77,    27] loss: 0.334
[77,    28] loss: 0.333
[77,    29] loss: 0.354
[77,    30] loss: 0.353
[77,    31] loss: 0.338
[77,    32] loss: 0.342
Accuracy of the network: 80 %
[78,     1] loss: 0.334
[78,     2] loss: 0.337
[78,     3] loss: 0.347
[78,     4] loss: 0.345
[78,     5] loss: 0.339
[78,     6] loss: 0.342
[78,     7] loss: 0.338
[78,     8] loss: 0.342
[78,     9] loss: 0.350
[78,    10] loss: 0.341
[78,    11] loss: 0.334
[78,    12] loss: 0.342
[78,    13] loss: 0.331
[78,    14] loss: 0.322
[78,    15] loss: 0.350
[78,    16] loss: 0.342
[78,    17] loss: 0.337
[78,    18] loss: 0.342
[78,    19] loss: 0.333
[78,    20] loss: 0.347
[78,    21] loss: 0.359
[78,    22] loss: 0.335
[78,    23] loss: 0.334
[78,    24] loss: 0.335
[78,    25] loss: 0.368
[78,    26] loss: 0.342
[78,    27] loss: 0.334
[78,    28] loss: 0.333
[78,    29] loss: 0.353
[78,    30] loss: 0.352
[78,    31] loss: 0.338
[78,    32] loss: 0.342
Accuracy of the network: 80 %
[79,     1] loss: 0.334
[79,     2] loss: 0.336
[79,     3] loss: 0.347
[79,     4] loss: 0.344
[79,     5] loss: 0.339
[79,     6] loss: 0.342
[79,     7] loss: 0.338
[79,     8] loss: 0.342
[79,     9] loss: 0.349
[79,    10] loss: 0.341
[79,    11] loss: 0.334
[79,    12] loss: 0.342
[79,    13] loss: 0.331
[79,    14] loss: 0.322
[79,    15] loss: 0.349
[79,    16] loss: 0.342
[79,    17] loss: 0.336
[79,    18] loss: 0.342
[79,    19] loss: 0.332
[79,    20] loss: 0.347
[79,    21] loss: 0.359
[79,    22] loss: 0.335
[79,    23] loss: 0.334
[79,    24] loss: 0.335
[79,    25] loss: 0.368
[79,    26] loss: 0.341
[79,    27] loss: 0.334
[79,    28] loss: 0.332
[79,    29] loss: 0.353
[79,    30] loss: 0.352
[79,    31] loss: 0.338
[79,    32] loss: 0.341
Accuracy of the network: 80 %
[80,     1] loss: 0.334
[80,     2] loss: 0.336
[80,     3] loss: 0.347
[80,     4] loss: 0.344
[80,     5] loss: 0.339
[80,     6] loss: 0.342
[80,     7] loss: 0.337
[80,     8] loss: 0.342
[80,     9] loss: 0.349
[80,    10] loss: 0.340
[80,    11] loss: 0.333
[80,    12] loss: 0.342
[80,    13] loss: 0.331
[80,    14] loss: 0.322
[80,    15] loss: 0.349
[80,    16] loss: 0.341
[80,    17] loss: 0.336
[80,    18] loss: 0.341
[80,    19] loss: 0.332
[80,    20] loss: 0.346
[80,    21] loss: 0.359
[80,    22] loss: 0.335
[80,    23] loss: 0.333
[80,    24] loss: 0.335
[80,    25] loss: 0.367
[80,    26] loss: 0.341
[80,    27] loss: 0.333
[80,    28] loss: 0.332
[80,    29] loss: 0.353
[80,    30] loss: 0.352
[80,    31] loss: 0.337
[80,    32] loss: 0.341
Accuracy of the network: 80 %
[81,     1] loss: 0.333
[81,     2] loss: 0.336
[81,     3] loss: 0.346
[81,     4] loss: 0.344
[81,     5] loss: 0.338
[81,     6] loss: 0.341
[81,     7] loss: 0.337
[81,     8] loss: 0.342
[81,     9] loss: 0.349
[81,    10] loss: 0.340
[81,    11] loss: 0.333
[81,    12] loss: 0.342
[81,    13] loss: 0.331
[81,    14] loss: 0.322
[81,    15] loss: 0.348
[81,    16] loss: 0.341
[81,    17] loss: 0.336
[81,    18] loss: 0.341
[81,    19] loss: 0.332
[81,    20] loss: 0.346
[81,    21] loss: 0.359
[81,    22] loss: 0.334
[81,    23] loss: 0.333
[81,    24] loss: 0.334
[81,    25] loss: 0.367
[81,    26] loss: 0.341
[81,    27] loss: 0.333
[81,    28] loss: 0.332
[81,    29] loss: 0.353
[81,    30] loss: 0.352
[81,    31] loss: 0.337
[81,    32] loss: 0.341
Accuracy of the network: 80 %
[82,     1] loss: 0.333
[82,     2] loss: 0.336
[82,     3] loss: 0.346
[82,     4] loss: 0.344
[82,     5] loss: 0.338
[82,     6] loss: 0.341
[82,     7] loss: 0.337
[82,     8] loss: 0.342
[82,     9] loss: 0.349
[82,    10] loss: 0.340
[82,    11] loss: 0.333
[82,    12] loss: 0.342
[82,    13] loss: 0.331
[82,    14] loss: 0.322
[82,    15] loss: 0.348
[82,    16] loss: 0.341
[82,    17] loss: 0.335
[82,    18] loss: 0.341
[82,    19] loss: 0.332
[82,    20] loss: 0.346
[82,    21] loss: 0.359
[82,    22] loss: 0.334
[82,    23] loss: 0.333
[82,    24] loss: 0.334
[82,    25] loss: 0.366
[82,    26] loss: 0.340
[82,    27] loss: 0.333
[82,    28] loss: 0.332
[82,    29] loss: 0.352
[82,    30] loss: 0.351
[82,    31] loss: 0.337
[82,    32] loss: 0.340
Accuracy of the network: 80 %
[83,     1] loss: 0.333
[83,     2] loss: 0.335
[83,     3] loss: 0.346
[83,     4] loss: 0.344
[83,     5] loss: 0.338
[83,     6] loss: 0.341
[83,     7] loss: 0.337
[83,     8] loss: 0.342
[83,     9] loss: 0.348
[83,    10] loss: 0.339
[83,    11] loss: 0.333
[83,    12] loss: 0.342
[83,    13] loss: 0.330
[83,    14] loss: 0.321
[83,    15] loss: 0.348
[83,    16] loss: 0.340
[83,    17] loss: 0.335
[83,    18] loss: 0.340
[83,    19] loss: 0.331
[83,    20] loss: 0.346
[83,    21] loss: 0.358
[83,    22] loss: 0.334
[83,    23] loss: 0.333
[83,    24] loss: 0.334
[83,    25] loss: 0.366
[83,    26] loss: 0.340
[83,    27] loss: 0.333
[83,    28] loss: 0.331
[83,    29] loss: 0.352
[83,    30] loss: 0.351
[83,    31] loss: 0.336
[83,    32] loss: 0.340
Accuracy of the network: 80 %
[84,     1] loss: 0.333
[84,     2] loss: 0.335
[84,     3] loss: 0.346
[84,     4] loss: 0.343
[84,     5] loss: 0.338
[84,     6] loss: 0.340
[84,     7] loss: 0.336
[84,     8] loss: 0.341
[84,     9] loss: 0.348
[84,    10] loss: 0.339
[84,    11] loss: 0.332
[84,    12] loss: 0.341
[84,    13] loss: 0.330
[84,    14] loss: 0.321
[84,    15] loss: 0.347
[84,    16] loss: 0.340
[84,    17] loss: 0.335
[84,    18] loss: 0.340
[84,    19] loss: 0.331
[84,    20] loss: 0.346
[84,    21] loss: 0.358
[84,    22] loss: 0.334
[84,    23] loss: 0.332
[84,    24] loss: 0.334
[84,    25] loss: 0.365
[84,    26] loss: 0.340
[84,    27] loss: 0.332
[84,    28] loss: 0.331
[84,    29] loss: 0.352
[84,    30] loss: 0.351
[84,    31] loss: 0.336
[84,    32] loss: 0.340
Accuracy of the network: 80 %
[85,     1] loss: 0.332
[85,     2] loss: 0.335
[85,     3] loss: 0.346
[85,     4] loss: 0.343
[85,     5] loss: 0.337
[85,     6] loss: 0.340
[85,     7] loss: 0.336
[85,     8] loss: 0.341
[85,     9] loss: 0.348
[85,    10] loss: 0.339
[85,    11] loss: 0.332
[85,    12] loss: 0.341
[85,    13] loss: 0.330
[85,    14] loss: 0.321
[85,    15] loss: 0.347
[85,    16] loss: 0.340
[85,    17] loss: 0.335
[85,    18] loss: 0.340
[85,    19] loss: 0.331
[85,    20] loss: 0.345
[85,    21] loss: 0.358
[85,    22] loss: 0.333
[85,    23] loss: 0.332
[85,    24] loss: 0.333
[85,    25] loss: 0.365
[85,    26] loss: 0.340
[85,    27] loss: 0.332
[85,    28] loss: 0.331
[85,    29] loss: 0.352
[85,    30] loss: 0.351
[85,    31] loss: 0.336
[85,    32] loss: 0.340
Accuracy of the network: 80 %
[86,     1] loss: 0.332
[86,     2] loss: 0.335
[86,     3] loss: 0.345
[86,     4] loss: 0.343
[86,     5] loss: 0.337
[86,     6] loss: 0.340
[86,     7] loss: 0.336
[86,     8] loss: 0.341
[86,     9] loss: 0.348
[86,    10] loss: 0.338
[86,    11] loss: 0.332
[86,    12] loss: 0.341
[86,    13] loss: 0.330
[86,    14] loss: 0.321
[86,    15] loss: 0.347
[86,    16] loss: 0.339
[86,    17] loss: 0.334
[86,    18] loss: 0.339
[86,    19] loss: 0.331
[86,    20] loss: 0.345
[86,    21] loss: 0.358
[86,    22] loss: 0.333
[86,    23] loss: 0.332
[86,    24] loss: 0.333
[86,    25] loss: 0.365
[86,    26] loss: 0.339
[86,    27] loss: 0.332
[86,    28] loss: 0.331
[86,    29] loss: 0.351
[86,    30] loss: 0.350
[86,    31] loss: 0.336
[86,    32] loss: 0.339
Accuracy of the network: 80 %
[87,     1] loss: 0.332
[87,     2] loss: 0.334
[87,     3] loss: 0.345
[87,     4] loss: 0.343
[87,     5] loss: 0.337
[87,     6] loss: 0.339
[87,     7] loss: 0.336
[87,     8] loss: 0.341
[87,     9] loss: 0.347
[87,    10] loss: 0.338
[87,    11] loss: 0.332
[87,    12] loss: 0.341
[87,    13] loss: 0.330
[87,    14] loss: 0.321
[87,    15] loss: 0.347
[87,    16] loss: 0.339
[87,    17] loss: 0.334
[87,    18] loss: 0.339
[87,    19] loss: 0.331
[87,    20] loss: 0.345
[87,    21] loss: 0.358
[87,    22] loss: 0.333
[87,    23] loss: 0.332
[87,    24] loss: 0.333
[87,    25] loss: 0.364
[87,    26] loss: 0.339
[87,    27] loss: 0.332
[87,    28] loss: 0.331
[87,    29] loss: 0.351
[87,    30] loss: 0.350
[87,    31] loss: 0.335
[87,    32] loss: 0.339
Accuracy of the network: 80 %
[88,     1] loss: 0.332
[88,     2] loss: 0.334
[88,     3] loss: 0.345
[88,     4] loss: 0.343
[88,     5] loss: 0.336
[88,     6] loss: 0.339
[88,     7] loss: 0.335
[88,     8] loss: 0.341
[88,     9] loss: 0.347
[88,    10] loss: 0.338
[88,    11] loss: 0.332
[88,    12] loss: 0.341
[88,    13] loss: 0.329
[88,    14] loss: 0.321
[88,    15] loss: 0.347
[88,    16] loss: 0.339
[88,    17] loss: 0.334
[88,    18] loss: 0.339
[88,    19] loss: 0.330
[88,    20] loss: 0.345
[88,    21] loss: 0.358
[88,    22] loss: 0.333
[88,    23] loss: 0.332
[88,    24] loss: 0.333
[88,    25] loss: 0.364
[88,    26] loss: 0.339
[88,    27] loss: 0.332
[88,    28] loss: 0.330
[88,    29] loss: 0.351
[88,    30] loss: 0.350
[88,    31] loss: 0.335
[88,    32] loss: 0.339
Accuracy of the network: 80 %
[89,     1] loss: 0.332
[89,     2] loss: 0.334
[89,     3] loss: 0.345
[89,     4] loss: 0.343
[89,     5] loss: 0.336
[89,     6] loss: 0.339
[89,     7] loss: 0.335
[89,     8] loss: 0.341
[89,     9] loss: 0.347
[89,    10] loss: 0.338
[89,    11] loss: 0.331
[89,    12] loss: 0.341
[89,    13] loss: 0.329
[89,    14] loss: 0.321
[89,    15] loss: 0.346
[89,    16] loss: 0.339
[89,    17] loss: 0.334
[89,    18] loss: 0.338
[89,    19] loss: 0.330
[89,    20] loss: 0.345
[89,    21] loss: 0.357
[89,    22] loss: 0.333
[89,    23] loss: 0.331
[89,    24] loss: 0.333
[89,    25] loss: 0.363
[89,    26] loss: 0.338
[89,    27] loss: 0.331
[89,    28] loss: 0.330
[89,    29] loss: 0.351
[89,    30] loss: 0.350
[89,    31] loss: 0.335
[89,    32] loss: 0.338
Accuracy of the network: 80 %
[90,     1] loss: 0.331
[90,     2] loss: 0.334
[90,     3] loss: 0.345
[90,     4] loss: 0.342
[90,     5] loss: 0.336
[90,     6] loss: 0.338
[90,     7] loss: 0.335
[90,     8] loss: 0.341
[90,     9] loss: 0.347
[90,    10] loss: 0.337
[90,    11] loss: 0.331
[90,    12] loss: 0.341
[90,    13] loss: 0.329
[90,    14] loss: 0.321
[90,    15] loss: 0.346
[90,    16] loss: 0.338
[90,    17] loss: 0.333
[90,    18] loss: 0.338
[90,    19] loss: 0.330
[90,    20] loss: 0.344
[90,    21] loss: 0.357
[90,    22] loss: 0.332
[90,    23] loss: 0.331
[90,    24] loss: 0.332
[90,    25] loss: 0.363
[90,    26] loss: 0.338
[90,    27] loss: 0.331
[90,    28] loss: 0.330
[90,    29] loss: 0.350
[90,    30] loss: 0.349
[90,    31] loss: 0.335
[90,    32] loss: 0.338
Accuracy of the network: 80 %
[91,     1] loss: 0.331
[91,     2] loss: 0.333
[91,     3] loss: 0.344
[91,     4] loss: 0.342
[91,     5] loss: 0.336
[91,     6] loss: 0.338
[91,     7] loss: 0.335
[91,     8] loss: 0.340
[91,     9] loss: 0.347
[91,    10] loss: 0.337
[91,    11] loss: 0.331
[91,    12] loss: 0.340
[91,    13] loss: 0.329
[91,    14] loss: 0.321
[91,    15] loss: 0.346
[91,    16] loss: 0.338
[91,    17] loss: 0.333
[91,    18] loss: 0.338
[91,    19] loss: 0.330
[91,    20] loss: 0.344
[91,    21] loss: 0.357
[91,    22] loss: 0.332
[91,    23] loss: 0.331
[91,    24] loss: 0.332
[91,    25] loss: 0.363
[91,    26] loss: 0.338
[91,    27] loss: 0.331
[91,    28] loss: 0.330
[91,    29] loss: 0.350
[91,    30] loss: 0.349
[91,    31] loss: 0.334
[91,    32] loss: 0.338
Accuracy of the network: 80 %
[92,     1] loss: 0.331
[92,     2] loss: 0.333
[92,     3] loss: 0.344
[92,     4] loss: 0.342
[92,     5] loss: 0.335
[92,     6] loss: 0.338
[92,     7] loss: 0.334
[92,     8] loss: 0.340
[92,     9] loss: 0.346
[92,    10] loss: 0.337
[92,    11] loss: 0.331
[92,    12] loss: 0.340
[92,    13] loss: 0.329
[92,    14] loss: 0.321
[92,    15] loss: 0.346
[92,    16] loss: 0.338
[92,    17] loss: 0.333
[92,    18] loss: 0.338
[92,    19] loss: 0.330
[92,    20] loss: 0.344
[92,    21] loss: 0.357
[92,    22] loss: 0.332
[92,    23] loss: 0.331
[92,    24] loss: 0.332
[92,    25] loss: 0.362
[92,    26] loss: 0.338
[92,    27] loss: 0.331
[92,    28] loss: 0.330
[92,    29] loss: 0.350
[92,    30] loss: 0.349
[92,    31] loss: 0.334
[92,    32] loss: 0.338
Accuracy of the network: 80 %
[93,     1] loss: 0.331
[93,     2] loss: 0.333
[93,     3] loss: 0.344
[93,     4] loss: 0.342
[93,     5] loss: 0.335
[93,     6] loss: 0.338
[93,     7] loss: 0.334
[93,     8] loss: 0.340
[93,     9] loss: 0.346
[93,    10] loss: 0.336
[93,    11] loss: 0.331
[93,    12] loss: 0.340
[93,    13] loss: 0.329
[93,    14] loss: 0.321
[93,    15] loss: 0.345
[93,    16] loss: 0.338
[93,    17] loss: 0.333
[93,    18] loss: 0.337
[93,    19] loss: 0.329
[93,    20] loss: 0.344
[93,    21] loss: 0.357
[93,    22] loss: 0.332
[93,    23] loss: 0.331
[93,    24] loss: 0.332
[93,    25] loss: 0.362
[93,    26] loss: 0.337
[93,    27] loss: 0.331
[93,    28] loss: 0.330
[93,    29] loss: 0.350
[93,    30] loss: 0.349
[93,    31] loss: 0.334
[93,    32] loss: 0.337
Accuracy of the network: 80 %
[94,     1] loss: 0.331
[94,     2] loss: 0.333
[94,     3] loss: 0.344
[94,     4] loss: 0.342
[94,     5] loss: 0.335
[94,     6] loss: 0.337
[94,     7] loss: 0.334
[94,     8] loss: 0.340
[94,     9] loss: 0.346
[94,    10] loss: 0.336
[94,    11] loss: 0.330
[94,    12] loss: 0.340
[94,    13] loss: 0.328
[94,    14] loss: 0.321
[94,    15] loss: 0.345
[94,    16] loss: 0.337
[94,    17] loss: 0.333
[94,    18] loss: 0.337
[94,    19] loss: 0.329
[94,    20] loss: 0.344
[94,    21] loss: 0.357
[94,    22] loss: 0.332
[94,    23] loss: 0.330
[94,    24] loss: 0.332
[94,    25] loss: 0.362
[94,    26] loss: 0.337
[94,    27] loss: 0.330
[94,    28] loss: 0.329
[94,    29] loss: 0.349
[94,    30] loss: 0.348
[94,    31] loss: 0.334
[94,    32] loss: 0.337
Accuracy of the network: 80 %
[95,     1] loss: 0.330
[95,     2] loss: 0.333
[95,     3] loss: 0.344
[95,     4] loss: 0.342
[95,     5] loss: 0.335
[95,     6] loss: 0.337
[95,     7] loss: 0.334
[95,     8] loss: 0.340
[95,     9] loss: 0.346
[95,    10] loss: 0.336
[95,    11] loss: 0.330
[95,    12] loss: 0.340
[95,    13] loss: 0.328
[95,    14] loss: 0.320
[95,    15] loss: 0.345
[95,    16] loss: 0.337
[95,    17] loss: 0.332
[95,    18] loss: 0.337
[95,    19] loss: 0.329
[95,    20] loss: 0.344
[95,    21] loss: 0.357
[95,    22] loss: 0.331
[95,    23] loss: 0.330
[95,    24] loss: 0.331
[95,    25] loss: 0.361
[95,    26] loss: 0.337
[95,    27] loss: 0.330
[95,    28] loss: 0.329
[95,    29] loss: 0.349
[95,    30] loss: 0.348
[95,    31] loss: 0.334
[95,    32] loss: 0.337
Accuracy of the network: 80 %
[96,     1] loss: 0.330
[96,     2] loss: 0.332
[96,     3] loss: 0.344
[96,     4] loss: 0.342
[96,     5] loss: 0.335
[96,     6] loss: 0.337
[96,     7] loss: 0.333
[96,     8] loss: 0.340
[96,     9] loss: 0.346
[96,    10] loss: 0.336
[96,    11] loss: 0.330
[96,    12] loss: 0.340
[96,    13] loss: 0.328
[96,    14] loss: 0.320
[96,    15] loss: 0.345
[96,    16] loss: 0.337
[96,    17] loss: 0.332
[96,    18] loss: 0.337
[96,    19] loss: 0.329
[96,    20] loss: 0.344
[96,    21] loss: 0.356
[96,    22] loss: 0.331
[96,    23] loss: 0.330
[96,    24] loss: 0.331
[96,    25] loss: 0.361
[96,    26] loss: 0.337
[96,    27] loss: 0.330
[96,    28] loss: 0.329
[96,    29] loss: 0.349
[96,    30] loss: 0.348
[96,    31] loss: 0.333
[96,    32] loss: 0.337
Accuracy of the network: 80 %
[97,     1] loss: 0.330
[97,     2] loss: 0.332
[97,     3] loss: 0.343
[97,     4] loss: 0.341
[97,     5] loss: 0.334
[97,     6] loss: 0.337
[97,     7] loss: 0.333
[97,     8] loss: 0.340
[97,     9] loss: 0.346
[97,    10] loss: 0.336
[97,    11] loss: 0.330
[97,    12] loss: 0.340
[97,    13] loss: 0.328
[97,    14] loss: 0.320
[97,    15] loss: 0.345
[97,    16] loss: 0.337
[97,    17] loss: 0.332
[97,    18] loss: 0.336
[97,    19] loss: 0.329
[97,    20] loss: 0.343
[97,    21] loss: 0.356
[97,    22] loss: 0.331
[97,    23] loss: 0.330
[97,    24] loss: 0.331
[97,    25] loss: 0.361
[97,    26] loss: 0.336
[97,    27] loss: 0.330
[97,    28] loss: 0.329
[97,    29] loss: 0.349
[97,    30] loss: 0.348
[97,    31] loss: 0.333
[97,    32] loss: 0.336
Accuracy of the network: 80 %
[98,     1] loss: 0.330
[98,     2] loss: 0.332
[98,     3] loss: 0.343
[98,     4] loss: 0.341
[98,     5] loss: 0.334
[98,     6] loss: 0.336
[98,     7] loss: 0.333
[98,     8] loss: 0.340
[98,     9] loss: 0.345
[98,    10] loss: 0.335
[98,    11] loss: 0.330
[98,    12] loss: 0.340
[98,    13] loss: 0.328
[98,    14] loss: 0.320
[98,    15] loss: 0.345
[98,    16] loss: 0.336
[98,    17] loss: 0.332
[98,    18] loss: 0.336
[98,    19] loss: 0.329
[98,    20] loss: 0.343
[98,    21] loss: 0.356
[98,    22] loss: 0.331
[98,    23] loss: 0.330
[98,    24] loss: 0.331
[98,    25] loss: 0.360
[98,    26] loss: 0.336
[98,    27] loss: 0.330
[98,    28] loss: 0.329
[98,    29] loss: 0.349
[98,    30] loss: 0.348
[98,    31] loss: 0.333
[98,    32] loss: 0.336
Accuracy of the network: 80 %
[99,     1] loss: 0.330
[99,     2] loss: 0.332
[99,     3] loss: 0.343
[99,     4] loss: 0.341
[99,     5] loss: 0.334
[99,     6] loss: 0.336
[99,     7] loss: 0.333
[99,     8] loss: 0.339
[99,     9] loss: 0.345
[99,    10] loss: 0.335
[99,    11] loss: 0.330
[99,    12] loss: 0.339
[99,    13] loss: 0.328
[99,    14] loss: 0.320
[99,    15] loss: 0.344
[99,    16] loss: 0.336
[99,    17] loss: 0.332
[99,    18] loss: 0.336
[99,    19] loss: 0.329
[99,    20] loss: 0.343
[99,    21] loss: 0.356
[99,    22] loss: 0.331
[99,    23] loss: 0.330
[99,    24] loss: 0.331
[99,    25] loss: 0.360
[99,    26] loss: 0.336
[99,    27] loss: 0.330
[99,    28] loss: 0.329
[99,    29] loss: 0.348
[99,    30] loss: 0.347
[99,    31] loss: 0.333
[99,    32] loss: 0.336
Accuracy of the network: 80 %
[100,     1] loss: 0.330
[100,     2] loss: 0.332
[100,     3] loss: 0.343
[100,     4] loss: 0.341
[100,     5] loss: 0.334
[100,     6] loss: 0.336
[100,     7] loss: 0.333
[100,     8] loss: 0.339
[100,     9] loss: 0.345
[100,    10] loss: 0.335
[100,    11] loss: 0.329
[100,    12] loss: 0.339
[100,    13] loss: 0.327
[100,    14] loss: 0.320
[100,    15] loss: 0.344
[100,    16] loss: 0.336
[100,    17] loss: 0.331
[100,    18] loss: 0.336
[100,    19] loss: 0.328
[100,    20] loss: 0.343
[100,    21] loss: 0.356
[100,    22] loss: 0.330
[100,    23] loss: 0.329
[100,    24] loss: 0.330
[100,    25] loss: 0.360
[100,    26] loss: 0.336
[100,    27] loss: 0.329
[100,    28] loss: 0.328
[100,    29] loss: 0.348
[100,    30] loss: 0.347
[100,    31] loss: 0.333
[100,    32] loss: 0.336
Accuracy of the network: 80 %
training complete

